Log file open, 09/14/18 01:35:14
LogWindows: Failed to load 'aqProf.dll' (GetLastError=126)
LogWindows: File 'aqProf.dll' does not exist
LogWindows: Failed to load 'VtuneApi.dll' (GetLastError=126)
LogWindows: File 'VtuneApi.dll' does not exist
LogWindows: Failed to load 'VtuneApi32e.dll' (GetLastError=126)
LogWindows: File 'VtuneApi32e.dll' does not exist
LogInit: Display: Running engine for game: Warhammer
LogPlatformFile: Not using cached read wrapper
LogTaskGraph: Started task graph with 5 named threads and 11 total threads with 3 sets of task threads.
LogStats: Stats thread started at 3.873036
LogD3D11RHI: Loaded GFSDK_Aftermath_Lib.x64.dll
LogICUInternationalization: Display: ICU TimeZone Detection - Raw Offset: +6:00, Platform Override: ''
LogPluginManager: Mounting plugin Paper2D
LogPluginManager: Mounting plugin AISupport
LogPluginManager: Mounting plugin LightPropagationVolume
LogPluginManager: Mounting plugin CLionSourceCodeAccess
LogPluginManager: Mounting plugin CodeLiteSourceCodeAccess
LogPluginManager: Mounting plugin GitSourceControl
LogPluginManager: Mounting plugin KDevelopSourceCodeAccess
LogPluginManager: Mounting plugin NullSourceCodeAccess
LogPluginManager: Mounting plugin PerforceSourceControl
LogPluginManager: Mounting plugin SubversionSourceControl
LogPluginManager: Mounting plugin UObjectPlugin
LogPluginManager: Mounting plugin VisualStudioCodeSourceCodeAccess
LogPluginManager: Mounting plugin VisualStudioSourceCodeAccess
LogPluginManager: Mounting plugin XCodeSourceCodeAccess
LogPluginManager: Mounting plugin AssetManagerEditor
LogPluginManager: Mounting plugin CryptoKeys
LogPluginManager: Mounting plugin DataValidation
LogPluginManager: Mounting plugin FacialAnimation
LogPluginManager: Mounting plugin GameplayTagsEditor
LogPluginManager: Mounting plugin MacGraphicsSwitching
LogPluginManager: Mounting plugin MeshEditor
LogPluginManager: Mounting plugin MobileLauncherProfileWizard
LogPluginManager: Mounting plugin PluginBrowser
LogPluginManager: Mounting plugin SpeedTreeImporter
LogPluginManager: Mounting plugin DatasmithContent
LogPluginManager: Mounting plugin AlembicImporter
LogPluginManager: Mounting plugin AppleImageUtils
LogPluginManager: Mounting plugin AppleVision
LogPluginManager: Mounting plugin BackChannel
LogPluginManager: Mounting plugin CharacterAI
LogPluginManager: Mounting plugin GeometryCache
LogPluginManager: Mounting plugin HTML5Networking
LogPluginManager: Mounting plugin ProxyLODPlugin
LogPluginManager: Mounting plugin MagicLeap
LogPluginManager: Mounting plugin MagicLeapEmulator
LogPluginManager: Mounting plugin MagicLeapMedia
LogPluginManager: Mounting plugin AndroidMedia
LogPluginManager: Mounting plugin AvfMedia
LogPluginManager: Mounting plugin ImgMedia
LogPluginManager: Mounting plugin LinearTimecode
LogPluginManager: Mounting plugin MediaCompositing
LogPluginManager: Mounting plugin MediaPlayerEditor
LogPluginManager: Mounting plugin WmfMedia
LogPluginManager: Mounting plugin TcpMessaging
LogPluginManager: Mounting plugin UdpMessaging
LogPluginManager: Mounting plugin ActorSequence
LogPluginManager: Mounting plugin LevelSequenceEditor
LogPluginManager: Mounting plugin MatineeToLevelSequence
LogPluginManager: Mounting plugin NetcodeUnitTest
LogPluginManager: Mounting plugin NUTUnrealEngine4
LogPluginManager: Mounting plugin OnlineSubsystemGooglePlay
LogPluginManager: Mounting plugin OnlineSubsystemIOS
LogPluginManager: Mounting plugin OnlineSubsystem
LogPluginManager: Mounting plugin OnlineSubsystemNull
LogPluginManager: Mounting plugin OnlineSubsystemUtils
LogPluginManager: Mounting plugin LauncherChunkInstaller
LogPluginManager: Mounting plugin AndroidDeviceProfileSelector
LogPluginManager: Mounting plugin AndroidMoviePlayer
LogPluginManager: Mounting plugin AndroidPermission
LogPluginManager: Mounting plugin AppleMoviePlayer
LogPluginManager: Mounting plugin ArchVisCharacter
LogPluginManager: Mounting plugin AudioCapture
LogPluginManager: Mounting plugin CableComponent
LogPluginManager: Mounting plugin CustomMeshComponent
LogPluginManager: Mounting plugin EditableMesh
LogPluginManager: Mounting plugin ExampleDeviceProfileSelector
LogPluginManager: Mounting plugin GoogleCloudMessaging
LogPluginManager: Mounting plugin ImmediatePhysics
LogPluginManager: Mounting plugin IOSDeviceProfileSelector
LogPluginManager: Mounting plugin LinuxDeviceProfileSelector
LogPluginManager: Mounting plugin LocationServicesBPLibrary
LogPluginManager: Mounting plugin MobilePatchingUtils
LogPluginManager: Mounting plugin OculusVR
LogPluginManager: Plugin shader directory ../../../Engine/Plugins/Runtime/Oculus/OculusVR/Shaders found
LogPluginManager: Mapping shader source directory ../../../Engine/Plugins/Runtime/Oculus/OculusVR/Shaders to virtual directory /Plugin/OculusVR
LogPluginManager: Mounting plugin PhysXVehicles
LogPluginManager: Mounting plugin ProceduralMeshComponent
LogPluginManager: Mounting plugin RuntimePhysXCooking
LogPluginManager: Mounting plugin SteamVR
LogPluginManager: Mounting plugin WindowsMoviePlayer
LogStreaming: Display: Took  0.511s to configure plugins.
LogInit: Using libcurl 7.55.1-DEV
LogInit:  - built for x86_64-pc-win32
LogInit:  - supports SSL with OpenSSL/1.0.2h
LogInit:  - supports HTTP deflate (compression) using libz 1.2.8
LogInit:  - other features:
LogInit:      CURL_VERSION_SSL
LogInit:      CURL_VERSION_LIBZ
LogInit:      CURL_VERSION_IPV6
LogInit:      CURL_VERSION_ASYNCHDNS
LogInit:      CURL_VERSION_LARGEFILE
LogInit:      CURL_VERSION_IDN
LogInit:  CurlRequestOptions (configurable via config and command line):
LogInit:  - bVerifyPeer = false  - Libcurl will NOT verify peer certificate
LogInit:  - bUseHttpProxy = false  - Libcurl will NOT use HTTP proxy
LogInit:  - bDontReuseConnections = false  - Libcurl will reuse connections
LogInit:  - CertBundlePath = nullptr  - Libcurl will use whatever was configured at build time.
LogInit:  - MaxHostConnections = 16  - Libcurl will limit the number of connections to a host
LogInit:  - LocalHostAddr = Default
LogInit:  - BufferSize = 65536
LogInit: WinSock: version 1.1 (2.2), MaxSocks=32767, MaxUdp=65467
LogInit: Build: ++UE4+Release-4.20-CL-4302132
LogInit: Engine Version: 4.20.2-4302132+++UE4+Release-4.20
LogInit: Compatible Engine Version: 4.20.0-4212847+++UE4+Release-4.20
LogInit: Net CL: 4212847
LogInit: OS: Windows 10 (), CPU:        Intel(R) Core(TM) i5-3230M CPU @ 2.60GHz, GPU: Intel(R) HD Graphics 4000
LogInit: Compiled (64-bit): Aug 21 2018 02:06:06
LogInit: Compiled with Visual C++: 19.13.26129.00
LogInit: Build Configuration: Development
LogInit: Branch Name: ++UE4+Release-4.20
LogInit: Command Line:  
LogInit: Base Directory: C:/Program Files/Epic Games/UE_4.20/Engine/Binaries/Win64/
LogInit: Installed Engine Build: 1
LogDevObjectVersion: Number of dev versions registered: 20
LogDevObjectVersion:   Dev-Blueprints (B0D832E4-1F89-4F0D-ACCF-7EB736FD4AA2): 10
LogDevObjectVersion:   Dev-Build (E1C64328-A22C-4D53-A36C-8E866417BD8C): 0
LogDevObjectVersion:   Dev-Core (375EC13C-06E4-48FB-B500-84F0262A717E): 2
LogDevObjectVersion:   Dev-Editor (E4B068ED-F494-42E9-A231-DA0B2E46BB41): 24
LogDevObjectVersion:   Dev-Framework (CFFC743F-43B0-4480-9391-14DF171D2073): 34
LogDevObjectVersion:   Dev-Mobile (B02B49B5-BB20-44E9-A304-32B752E40360): 2
LogDevObjectVersion:   Dev-Networking (A4E4105C-59A1-49B5-A7C5-40C4547EDFEE): 0
LogDevObjectVersion:   Dev-Online (39C831C9-5AE6-47DC-9A44-9C173E1C8E7C): 0
LogDevObjectVersion:   Dev-Physics (78F01B33-EBEA-4F98-B9B4-84EACCB95AA2): 0
LogDevObjectVersion:   Dev-Platform (6631380F-2D4D-43E0-8009-CF276956A95A): 0
LogDevObjectVersion:   Dev-Rendering (12F88B9F-8875-4AFC-A67C-D90C383ABD29): 26
LogDevObjectVersion:   Dev-Sequencer (7B5AE74C-D270-4C10-A958-57980B212A5A): 9
LogDevObjectVersion:   Dev-VR (D7296918-1DD6-4BDD-9DE2-64A83CC13884): 2
LogDevObjectVersion:   Dev-LoadTimes (C2A15278-BFE7-4AFE-6C17-90FF531DF755): 1
LogDevObjectVersion:   Private-Geometry (6EACA3D4-40EC-4CC1-B786-8BED09428FC5): 3
LogDevObjectVersion:   Dev-AnimPhys (29E575DD-E0A3-4627-9D10-D276232CDCEA): 17
LogDevObjectVersion:   Dev-ReflectionCapture (6B266CEC-1EC7-4B8F-A30B-E4D90942FC07): 1
LogDevObjectVersion:   Dev-Automation (0DF73D61-A23F-47EA-B727-89E90C41499A): 1
LogDevObjectVersion:   FortniteMain (601D1886-AC64-4F84-AA16-D3DE0DEAC7D6): 12
LogDevObjectVersion:   Dev-Enterprise (9DFFBCD6-494F-0158-E221-12823C92A888): 1
LogStreaming: Display: Took  0.001s to delete old logs.
LogInit: Presizing for max 8388607 objects, including 0 objects not considered by GC, pre-allocating 0 bytes for permanent pool.
LogInit: Object subsystem initialized
[2018.09.13-20.35.17:778][  0]LogInit: Selected Device Profile: [Windows]
[2018.09.13-20.35.17:787][  0]LogInit: Applying CVar settings loaded from the selected device profile: [Windows]
[2018.09.13-20.35.17:897][  0]LogHAL: Display: Platform has ~ 8 GB [8473120768 / 8589934592 / 8], which maps to Default [LargestMinGB=32, LargerMinGB=12, DefaultMinGB=8, SmallerMinGB=6, SmallestMinGB=0)
[2018.09.13-20.35.17:914][  0]LogInit: Setting Device Profile CVar: [[r.Vulkan.UseRealUBs:1]]
[2018.09.13-20.35.17:914][  0]LogInit: Going up to parent DeviceProfile []
[2018.09.13-20.35.17:981][  0]LogInit: Computer: MSI
[2018.09.13-20.35.17:981][  0]LogInit: User: Андрей
[2018.09.13-20.35.17:981][  0]LogInit: CPU Page size=4096, Cores=2
[2018.09.13-20.35.17:981][  0]LogInit: High frequency timer resolution =2.533321 MHz
[2018.09.13-20.35.17:982][  0]LogMemory: Memory total: Physical=7.9GB (8GB approx)
[2018.09.13-20.35.17:984][  0]LogMemory: Platform Memory Stats for Windows
[2018.09.13-20.35.17:984][  0]LogMemory: Process Physical Memory: 101.96 MB used, 101.96 MB peak
[2018.09.13-20.35.17:984][  0]LogMemory: Process Virtual Memory: 100.30 MB used, 100.30 MB peak
[2018.09.13-20.35.17:984][  0]LogMemory: Physical Memory: 5284.37 MB used,  2796.23 MB free, 8080.60 MB total
[2018.09.13-20.35.17:984][  0]LogMemory: Virtual Memory: 4637.36 MB used,  2796.23 MB free, 134217728.00 MB total
[2018.09.13-20.35.19:463][  0]LogInit: Using OS detected language (ru-RU).
[2018.09.13-20.35.19:463][  0]LogInit: Using OS detected locale (ru-RU).
[2018.09.13-20.35.19:483][  0]LogTextLocalizationManager: No specific localization for 'ru-RU' exists, so the 'ru' localization will be used.
[2018.09.13-20.35.19:724][  0]LogStreaming: Display: Took  0.262s to InitEngineTextLocalization.
[2018.09.13-20.35.19:725][  0]LogInit: Setting process to per monitor DPI aware
[2018.09.13-20.35.20:729][  0]LogSlate: New Slate User Created.  User Index 0, Is Virtual User: 0
[2018.09.13-20.35.20:729][  0]LogSlate: Slate User Registered.  User Index 0, Is Virtual User: 0
[2018.09.13-20.35.31:207][  0]LogHMD: Failed to initialize OpenVR with code 110
[2018.09.13-20.35.31:219][  0]LogD3D11RHI: D3D11 adapters:
[2018.09.13-20.35.31:764][  0]LogD3D11RHI:    0. 'NVIDIA GeForce GTX 660M' (Feature Level 11_0)
[2018.09.13-20.35.31:764][  0]LogD3D11RHI:       2007/0/4040 MB DedicatedVideo/DedicatedSystem/SharedSystem, Outputs:1, VendorId:0x10de
[2018.09.13-20.35.31:769][  0]LogD3D11RHI:    1. 'Intel(R) HD Graphics 4000' (Feature Level 11_0)
[2018.09.13-20.35.31:769][  0]LogD3D11RHI:       32/0/1760 MB DedicatedVideo/DedicatedSystem/SharedSystem, Outputs:0, VendorId:0x8086
[2018.09.13-20.35.31:789][  0]LogD3D11RHI:    2. 'Microsoft Basic Render Driver' (Feature Level 11_0)
[2018.09.13-20.35.31:789][  0]LogD3D11RHI:       0/0/4040 MB DedicatedVideo/DedicatedSystem/SharedSystem, Outputs:0, VendorId:0x1414
[2018.09.13-20.35.31:789][  0]LogD3D11RHI: Chosen D3D11 Adapter: 0
[2018.09.13-20.35.31:822][  0]LogD3D11RHI: Creating new Direct3DDevice
[2018.09.13-20.35.31:822][  0]LogD3D11RHI:     GPU DeviceId: 0xfd4 (for the marketing name, search the web for "GPU Device Id")
[2018.09.13-20.35.31:833][  0]LogWindows: EnumDisplayDevices:
[2018.09.13-20.35.31:834][  0]LogWindows:    0. 'Intel(R) HD Graphics 4000' (P:1 D:1)
[2018.09.13-20.35.31:834][  0]LogWindows:    1. 'Intel(R) HD Graphics 4000' (P:0 D:0)
[2018.09.13-20.35.31:834][  0]LogWindows:    2. 'Intel(R) HD Graphics 4000' (P:0 D:0)
[2018.09.13-20.35.31:834][  0]LogWindows: DebugString: PrimaryIsNotTheChoosenAdapter PrimaryIsNotTheChoosenAdapter PrimaryIsNotTheChoosenAdapter FoundDriverCount:0 
[2018.09.13-20.35.31:834][  0]LogD3D11RHI:     Adapter Name: NVIDIA GeForce GTX 660M
[2018.09.13-20.35.31:835][  0]LogD3D11RHI:   Driver Version: Unknown (internal:Unknown, unified:Unknown)
[2018.09.13-20.35.31:835][  0]LogD3D11RHI:      Driver Date: Unknown
[2018.09.13-20.35.31:835][  0]LogRHI: Texture pool is 1405 MB (70% of 2007 MB)
[2018.09.13-20.35.31:947][  0]LogD3D11RHI: Async texture creation enabled
[2018.09.13-20.35.32:183][  0]LogD3D11RHI: GPU Timing Frequency: 1000.000000 (Debug: 2 4)
[2018.09.13-20.35.32:311][  0]LogShaderCompilers: Guid format shader working directory is 13 characters bigger than the processId version (D:/Unreal/UnrealProject/Warhammer/Intermediate/Shaders/WorkingDirectory/13360/).
[2018.09.13-20.35.32:311][  0]LogShaderCompilers: Cleaned the shader compiler working directory 'C:/Users/Андрей/AppData/Local/Temp/UnrealShaderWorkingDir/2E4D7DDB4583CF51F75551820DFFCD1C/'.
[2018.09.13-20.35.34:596][  0]LogTemp: Display: Loaded TP AllDesktopTargetPlatform
[2018.09.13-20.35.34:646][  0]LogTemp: Display: Loaded TP MacClientTargetPlatform
[2018.09.13-20.35.34:695][  0]LogTemp: Display: Loaded TP MacNoEditorTargetPlatform
[2018.09.13-20.35.34:754][  0]LogTemp: Display: Loaded TP MacServerTargetPlatform
[2018.09.13-20.35.34:847][  0]LogTemp: Display: Loaded TP MacTargetPlatform
[2018.09.13-20.35.34:944][  0]LogTemp: Display: Loaded TP WindowsClientTargetPlatform
[2018.09.13-20.35.34:981][  0]LogTemp: Display: Loaded TP WindowsNoEditorTargetPlatform
[2018.09.13-20.35.35:084][  0]LogTemp: Display: Loaded TP WindowsServerTargetPlatform
[2018.09.13-20.35.35:155][  0]LogTemp: Display: Loaded TP WindowsTargetPlatform
[2018.09.13-20.35.35:348][  0]LogTemp: Display: Loaded TP AndroidTargetPlatform
[2018.09.13-20.35.35:348][  0]LogTemp: Display: Loaded TP AndroidTargetPlatform
[2018.09.13-20.35.35:348][  0]LogTemp: Display: Loaded TP AndroidTargetPlatform
[2018.09.13-20.35.35:348][  0]LogTemp: Display: Loaded TP AndroidTargetPlatform
[2018.09.13-20.35.35:348][  0]LogTemp: Display: Loaded TP AndroidTargetPlatform
[2018.09.13-20.35.35:348][  0]LogTemp: Display: Loaded TP AndroidTargetPlatform
[2018.09.13-20.35.35:348][  0]LogTemp: Display: Loaded TP AndroidTargetPlatform
[2018.09.13-20.35.35:348][  0]LogTemp: Display: Loaded TP AndroidTargetPlatform
[2018.09.13-20.35.35:348][  0]LogTemp: Display: Loaded TP AndroidTargetPlatform
[2018.09.13-20.35.35:348][  0]LogTemp: Display: Loaded TP AndroidTargetPlatform
[2018.09.13-20.35.35:348][  0]LogTemp: Display: Loaded TP AndroidTargetPlatform
[2018.09.13-20.35.35:348][  0]LogTemp: Display: Loaded TP AndroidTargetPlatform
[2018.09.13-20.35.35:348][  0]LogTemp: Display: Loaded TP AndroidTargetPlatform
[2018.09.13-20.35.35:348][  0]LogTemp: Display: Loaded TP AndroidTargetPlatform
[2018.09.13-20.35.35:348][  0]LogTemp: Display: Loaded TP AndroidTargetPlatform
[2018.09.13-20.35.35:348][  0]LogTemp: Display: Loaded TP AndroidTargetPlatform
[2018.09.13-20.35.35:348][  0]LogTemp: Display: Loaded TP AndroidTargetPlatform
[2018.09.13-20.35.35:348][  0]LogTemp: Display: Loaded TP AndroidTargetPlatform
[2018.09.13-20.35.35:379][  0]LogTemp: Display: Loaded TP HTML5TargetPlatform
[2018.09.13-20.35.35:611][  0]LogTemp: Display: Loaded TP IOSTargetPlatform
[2018.09.13-20.35.35:611][  0]LogTemp: Display: Loaded TP IOSTargetPlatform
[2018.09.13-20.35.35:701][  0]LogTemp: Display: Loaded TP TVOSTargetPlatform
[2018.09.13-20.35.35:701][  0]LogTemp: Display: Loaded TP TVOSTargetPlatform
[2018.09.13-20.35.35:937][  0]LogTemp: Display: Loaded TP LinuxClientTargetPlatform
[2018.09.13-20.35.36:000][  0]LogTemp: Display: Loaded TP LinuxNoEditorTargetPlatform
[2018.09.13-20.35.36:067][  0]LogTemp: Display: Loaded TP LinuxServerTargetPlatform
[2018.09.13-20.35.36:139][  0]LogTemp: Display: Loaded TP LinuxTargetPlatform
[2018.09.13-20.35.36:198][  0]LogTemp: Display: Loaded TP LuminTargetPlatform
[2018.09.13-20.35.36:198][  0]LogTargetPlatformManager: Display: Building Assets For Windows
[2018.09.13-20.35.37:570][  0]LogXGEController: Cleaning working directory: C:/Users/Андрей/AppData/Local/Temp/UnrealXGEWorkingDir/
[2018.09.13-20.35.37:570][  0]LogXGEController: Cannot use XGE Controller as Incredibuild is not installed on this machine.
[2018.09.13-20.35.37:570][  0]LogShaderCompilers: Cannot use XGE Shader Compiler as Incredibuild is not installed on this machine.
[2018.09.13-20.35.37:570][  0]LogShaderCompilers: Display: Using Local Shader Compiler.
[2018.09.13-20.35.47:263][  0]LogDerivedDataCache: Display: Max Cache Size: 512 MB
[2018.09.13-20.35.48:269][  0]LogDerivedDataCache: Loaded boot cache 1.01s 71MB C:/Users/Андрей/AppData/Local/UnrealEngine/4.20/DerivedDataCache/Boot.ddc.
[2018.09.13-20.35.48:270][  0]LogDerivedDataCache: Display: Loaded Boot cache: C:/Users/Андрей/AppData/Local/UnrealEngine/4.20/DerivedDataCache/Boot.ddc
[2018.09.13-20.35.48:270][  0]LogDerivedDataCache: FDerivedDataBackendGraph:  Pak pak cache file D:/Unreal/UnrealProject/Warhammer/DerivedDataCache/DDC.ddp not found, will not use a pak cache.
[2018.09.13-20.35.48:270][  0]LogDerivedDataCache: Unable to find inner node Pak for hierarchical cache Hierarchy.
[2018.09.13-20.35.48:270][  0]LogDerivedDataCache: FDerivedDataBackendGraph:  CompressedPak pak cache file D:/Unreal/UnrealProject/Warhammer/DerivedDataCache/Compressed.ddp not found, will not use a pak cache.
[2018.09.13-20.35.48:270][  0]LogDerivedDataCache: Unable to find inner node CompressedPak for hierarchical cache Hierarchy.
[2018.09.13-20.35.48:373][  0]LogDerivedDataCache: Display: Pak cache opened for reading ../../../Engine/DerivedDataCache/Compressed.ddp.
[2018.09.13-20.35.48:389][  0]LogDerivedDataCache: Using Local data cache path C:/Users/Андрей/AppData/Local/UnrealEngine/Common/DerivedDataCache: Writable
[2018.09.13-20.35.48:389][  0]LogDerivedDataCache: Shared data cache path not found in *engine.ini, will not use an Shared cache.
[2018.09.13-20.35.48:389][  0]LogDerivedDataCache: Unable to find inner node Shared for hierarchical cache Hierarchy.
[2018.09.13-20.35.48:499][  0]LogMaterial: Verifying Global Shaders for PCD3D_SM5
[2018.09.13-20.35.48:570][  0]LogSlate: Using FreeType 2.6.0
[2018.09.13-20.35.48:634][  0]LogSlate: SlateFontServices - WITH_FREETYPE: 1, WITH_HARFBUZZ: 1
[2018.09.13-20.35.51:494][  0]LogAssetRegistry: FAssetRegistry took 0.0297 seconds to start up
[2018.09.13-20.35.57:062][  0]LogInit: Selected Device Profile: [Windows]
[2018.09.13-20.35.59:576][  0]LogSimplygon: Simplygon DLL not present - disabling.
[2018.09.13-20.35.59:827][  0]LogMeshReduction: Using SimplygonSwarm for distributed automatic mesh merging
[2018.09.13-20.35.59:828][  0]LogMeshReduction: Using ProxyLODMeshReduction for automatic mesh merging
[2018.09.13-20.35.59:846][  0]LogMeshReduction: Using QuadricMeshReduction for automatic static mesh reduction
[2018.09.13-20.35.59:846][  0]LogMeshReduction: No automatic skeletal mesh reduction module available
[2018.09.13-20.36.00:608][  0]LogNetVersion: Warhammer 1.0.0, NetCL: 4212847, EngineNetVer: 5, GameNetVer: 0 (Checksum: 587221285)
[2018.09.13-20.36.10:192][  0]LogPackageLocalizationCache: Processed 11 localized package path(s) for 2 prioritized culture(s) in 0.305181 seconds
[2018.09.13-20.36.10:272][  0]LogUObjectArray: 38425 objects as part of root set at end of initial load.
[2018.09.13-20.36.10:272][  0]LogUObjectAllocator: 6690872 out of 0 bytes used by permanent object pool.
[2018.09.13-20.36.10:284][  0]LogUObjectArray: CloseDisregardForGC: 0/0 objects in disregard for GC pool
[2018.09.13-20.36.47:045][  0]LogTcpMessaging: Initializing TcpMessaging bridge
[2018.09.13-20.36.47:105][  0]LogUdpMessaging: Initializing bridge on interface 0.0.0.0:0 to multicast group 230.0.0.1:6666.
[2018.09.13-20.36.49:778][  0]SourceControl: Source control is disabled
[2018.09.13-20.36.49:779][  0]SourceControl: Source control is disabled
[2018.09.13-20.36.49:912][  0]SourceControl: Source control is disabled
[2018.09.13-20.36.50:037][  0]SourceControl: Source control is disabled
[2018.09.13-20.36.53:292][  0]LogAndroidPermission: UAndroidPermissionCallbackProxy::GetInstance
[2018.09.13-20.36.53:722][  0]LogOcInput: OculusInput pre-init called
[2018.09.13-20.36.55:113][  0]LogEngine: Initializing Engine...
[2018.09.13-20.36.55:193][  0]LogHMD: Failed to initialize OpenVR with code 110
[2018.09.13-20.36.55:271][  0]LogStats: UGameplayTagsManager::ConstructGameplayTagTree: ImportINI prefixes -  0.002 s
[2018.09.13-20.36.55:271][  0]LogStats: UGameplayTagsManager::ConstructGameplayTagTree: Construct from data asset -  0.000 s
[2018.09.13-20.36.55:272][  0]LogStats: UGameplayTagsManager::ConstructGameplayTagTree: ImportINI -  0.000 s
[2018.09.13-20.36.55:272][  0]LogStats: UGameplayTagsManager::ConstructGameplayTagTree: GameplayTagTreeChangedEvent.Broadcast -  0.000 s
[2018.09.13-20.36.56:923][  0]LogInit: Initializing FReadOnlyCVARCache
[2018.09.13-20.36.57:507][  0]LogAIModule: Creating AISystem for world Untitled
[2018.09.13-20.36.58:023][  0]LogInit: XAudio2 using 'Динамики (Realtek High Definition Audio)' : 2 channels at 48 kHz using 32 bits per sample (channel mask 0x3)
[2018.09.13-20.36.58:095][  0]LogInit: FAudioDevice initialized.
[2018.09.13-20.36.58:112][  0]LogNetVersion: Set ProjectVersion to 1.0.0.0. Version Checksum will be recalculated on next use.
[2018.09.13-20.36.58:569][  0]LogDerivedDataCache: Saved boot cache 0.46s 71MB C:/Users/Андрей/AppData/Local/UnrealEngine/4.20/DerivedDataCache/Boot.ddc.
[2018.09.13-20.36.58:576][  0]LogInit: Texture streaming: Enabled
[2018.09.13-20.36.59:024][  0]LogEngineSessionManager: EngineSessionManager initialized
[2018.09.13-20.36.59:823][  0]LogInit: Transaction tracking system initialized
[2018.09.13-20.37.00:465][  0]BlueprintLog: New page: Editor Load
[2018.09.13-20.37.02:883][  0]LocalizationService: Localization service is disabled
[2018.09.13-20.37.07:578][  0]LogFileCache: Scanning file cache for directory 'D:/Unreal/UnrealProject/Warhammer/Content/' took 0.03s
[2018.09.13-20.37.07:578][  0]LogCook: Display: Max memory allowance for cook 16384mb min free memory 0mb
[2018.09.13-20.37.07:578][  0]LogCook: Display: Mobile HDR setting 1
[2018.09.13-20.37.07:590][  0]LogGameplayTags: Display: UGameplayTagsManager::DoneAddingNativeTags. DelegateIsBound: 0
[2018.09.13-20.37.07:590][  0]LogStats: UGameplayTagsManager::ConstructGameplayTagTree: ImportINI prefixes -  0.000 s
[2018.09.13-20.37.07:590][  0]LogStats: UGameplayTagsManager::ConstructGameplayTagTree: Construct from data asset -  0.000 s
[2018.09.13-20.37.07:590][  0]LogStats: UGameplayTagsManager::ConstructGameplayTagTree: ImportINI -  0.000 s
[2018.09.13-20.37.07:590][  0]LogStats: UGameplayTagsManager::ConstructGameplayTagTree: GameplayTagTreeChangedEvent.Broadcast -  0.000 s
[2018.09.13-20.37.11:859][  0]SourceControl: Source control is disabled
[2018.09.13-20.37.11:903][  0]Cmd: MAP LOAD FILE="D:/Unreal/UnrealProject/Warhammer/Content/warhammer.umap" TEMPLATE=0 SHOWPROGRESS=1 FEATURELEVEL=3
[2018.09.13-20.37.11:932][  0]LightingResults: New page: Lighting Build
[2018.09.13-20.37.12:033][  0]MapCheck: New page: Map Check
[2018.09.13-20.37.12:034][  0]LightingResults: New page: Lighting Build
[2018.09.13-20.37.13:648][  0]LogAIModule: Creating AISystem for world warhammer
[2018.09.13-20.37.14:391][  0]LogEditorServer: Finished looking for orphan Actors (0.000 secs)
[2018.09.13-20.37.14:671][  0]Cmd: MAP CHECKDEP NOCLEARLOG
[2018.09.13-20.37.14:848][  0]MapCheck: Map check complete: 0 Error(s), 0 Warning(s), took 176,702ms to complete.
[2018.09.13-20.37.14:849][  0]LogFileHelpers: Loading map 'warhammer' took 2.967
[2018.09.13-20.37.16:758][  0]LogSlate: Updating window title bar state: overlay mode, drag disabled, window buttons hidden, title bar hidden
[2018.09.13-20.37.16:795][  0]LogSlate: Updating window title bar state: overlay mode, drag disabled, window buttons hidden, title bar hidden
[2018.09.13-20.37.16:808][  0]LogSlate: Updating window title bar state: overlay mode, drag disabled, window buttons hidden, title bar hidden
[2018.09.13-20.37.16:823][  0]LogSlate: Updating window title bar state: overlay mode, drag disabled, window buttons hidden, title bar hidden
[2018.09.13-20.37.16:993][  0]LogCollectionManager: Loaded 0 collections in 0.002350 seconds
[2018.09.13-20.37.17:239][  0]LogFileCache: Scanning file cache for directory 'D:/Unreal/UnrealProject/Warhammer/Saved/Collections/' took 0.01s
[2018.09.13-20.37.17:239][  0]LogFileCache: Scanning file cache for directory 'D:/Unreal/UnrealProject/Warhammer/Content/Developers/Андрей/Collections/' took 0.01s
[2018.09.13-20.37.17:239][  0]LogFileCache: Scanning file cache for directory 'D:/Unreal/UnrealProject/Warhammer/Content/Collections/' took 0.01s
[2018.09.13-20.37.17:239][  0]LogCollectionManager: Rebuilt the GUID cache for 0 collections in 0.000000 seconds
[2018.09.13-20.37.17:277][  0]LogContentBrowser: Native class hierarchy populated in 0.0234 seconds. Added 2572 classes and 603 folders.
[2018.09.13-20.37.17:472][  0]LogContentBrowser: Native class hierarchy updated for 'WidgetCarousel' in 0.0012 seconds. Added 0 classes and 0 folders.
[2018.09.13-20.37.19:602][  0]LogContentBrowser: Native class hierarchy updated for 'AddContentDialog' in 0.0008 seconds. Added 0 classes and 0 folders.
[2018.09.13-20.37.19:649][  0]LogContentBrowser: Native class hierarchy updated for 'SceneOutliner' in 0.0004 seconds. Added 1 classes and 2 folders.
[2018.09.13-20.37.26:531][  0]LogSlate: Only BGRA pngs, bmps or icos are supported in by External Image Picker
[2018.09.13-20.37.27:162][  0]LogSlate: Took 0.153711 seconds to synchronously load lazily loaded font '../../../Engine/Content/Slate/Fonts/Roboto-Regular.ttf' (155K)
[2018.09.13-20.37.27:196][  0]LogSlate: Took 0.030345 seconds to synchronously load lazily loaded font '../../../Engine/Content/Slate/Fonts/Roboto-Bold.ttf' (160K)
[2018.09.13-20.37.27:248][  0]LogTemp: Executing iPhonePackager certificates Engine -bundlename com.YourCompany.Warhammer
[2018.09.13-20.37.27:248][  0]LogTemp: CWD: C:\Program Files\Epic Games\UE_4.20\Engine\Binaries\DotNET\IOS
[2018.09.13-20.37.27:249][  0]LogTemp: Initial Dir: C:\Program Files\Epic Games\UE_4.20
[2018.09.13-20.37.27:249][  0]LogTemp: Env CWD: C:\Program Files\Epic Games\UE_4.20\Engine\Binaries\DotNET\IOS
[2018.09.13-20.37.27:249][  0]LogTemp: BranchPath = MSI/C/Program Files/Epic Games/UE_4.20/Engine/Binaries --- GameBranchPath = MSI/C/Program Files/Epic Games/UE_4.20/Engine/Binaries
[2018.09.13-20.37.27:249][  0]LogSlate: Took 0.027829 seconds to synchronously load lazily loaded font '../../../Engine/Content/Editor/Slate/Fonts/FontAwesome.ttf' (139K)
[2018.09.13-20.37.27:931][  0]LogTemp: IPP ERROR: Could not find provision directory 'C:\Users\???३\AppData\Local/Apple Computer/MobileDevice/Provisioning Profiles/'.
[2018.09.13-20.37.27:931][  0]LogRenderer: Reallocating scene render targets to support 1208x576 Format 10 NumSamples 1 (Frame:1).
[2018.09.13-20.37.28:797][  0]LogSlate: Took 0.038958 seconds to synchronously load lazily loaded font '../../../Engine/Content/Slate/Fonts/Roboto-Light.ttf' (167K)
[2018.09.13-20.37.29:332][  0]LogContentBrowser: Native class hierarchy updated for 'HierarchicalLODOutliner' in 0.0003 seconds. Added 0 classes and 0 folders.
[2018.09.13-20.37.29:332][  0]LogLoad: (Engine Initialization) Total time: 151.39 seconds
[2018.09.13-20.37.29:332][  0]LogLoad: (Engine Initialization) Total Blueprint compile time: 0.00 seconds
[2018.09.13-20.37.29:895][  0]LogContentStreaming: Texture pool size now 1000 MB
[2018.09.13-20.37.31:277][  2]LogSlate: Took 0.000360 seconds to synchronously load lazily loaded font '../../../Engine/Content/Slate/Fonts/Roboto-Light.ttf' (167K)
[2018.09.13-20.37.31:431][  4]LogAssetRegistry: Asset discovery search completed in 99.9601 seconds
[2018.09.13-20.37.31:486][  4]LogCollectionManager: Rebuilt the object cache for 0 collections in 0.000001 seconds (found 0 objects)
[2018.09.13-20.37.31:487][  4]LogCollectionManager: Fixed up redirectors for 0 collections in 0.041055 seconds (updated 0 objects)
[2018.09.13-20.37.40:578][ 32]LogSlate: FSceneViewport::OnFocusLost() reason 0
[2018.09.13-20.37.42:037][ 34]LogAssetEditorManager: Opening Asset editor for Blueprint /Game/Code/Characters/Astartes/Astartes_Stats.Astartes_Stats
[2018.09.13-20.37.44:930][ 34]LogContentBrowser: Native class hierarchy updated for 'BlueprintGraph' in 0.0008 seconds. Added 116 classes and 0 folders.
[2018.09.13-20.37.48:035][ 34]LogAssetEditorManager: Opening Asset editor for AnimSequence /Game/3D/Models/Characters/Astartes/Animation/Astartes_Anim_Jump_End.Astartes_Anim_Jump_End
[2018.09.13-20.37.48:518][ 34]LogContentBrowser: Native class hierarchy updated for 'SkeletonEditor' in 0.0005 seconds. Added 1 classes and 2 folders.
[2018.09.13-20.37.49:921][ 34]LogActorComponent: RegisterComponentWithWorld: (/Engine/Transient.World_2:PersistentLevel.AnimationEditorPreviewActor_0.DebugSkelMeshComponent_0) Already registered. Aborting.
[2018.09.13-20.37.50:002][ 34]LogContentBrowser: Native class hierarchy updated for 'PinnedCommandList' in 0.0005 seconds. Added 1 classes and 0 folders.
[2018.09.13-20.37.50:554][ 34]LogSkeletalMesh: USkeletalMeshComponent::InitArticulated : Bodies already created (/Engine/Transient.World_2:PersistentLevel.AnimationEditorPreviewActor_0.DebugSkelMeshComponent_0) - call TermArticulated first.
[2018.09.13-20.37.52:041][ 34]LogAssetEditorManager: Opening Asset editor for AnimBlueprint /Game/Code/Characters/Character_Anim.Character_Anim
[2018.09.13-20.37.52:132][ 34]LogActorComponent: RegisterComponentWithWorld: (/Engine/Transient.World_5:PersistentLevel.AnimationEditorPreviewActor_0.DebugSkelMeshComponent_0) Already registered. Aborting.
[2018.09.13-20.37.52:900][ 34]LogSkeletalMesh: USkeletalMeshComponent::InitArticulated : Bodies already created (/Engine/Transient.World_5:PersistentLevel.AnimationEditorPreviewActor_0.DebugSkelMeshComponent_0) - call TermArticulated first.
[2018.09.13-20.37.54:854][ 34]LogSlate: Took 0.021864 seconds to synchronously load lazily loaded font '../../../Engine/Content/Slate/Fonts/Roboto-BoldCondensed.ttf' (158K)
[2018.09.13-20.37.55:137][ 34]LogContentBrowser: Native class hierarchy updated for 'ClothingSystemEditorInterface' in 0.0004 seconds. Added 1 classes and 0 folders.
[2018.09.13-20.39.31:563][396]LogSlate: Window 'Character_Anim' being destroyed
[2018.09.13-20.39.31:567][396]LogSlate: Window 'Character_Anim' being destroyed
[2018.09.13-20.39.33:120][396]LogSlate: FSceneViewport::OnFocusLost() reason 0
[2018.09.13-20.39.40:201][737]LogSlate: Window 'Project Settings' being destroyed
[2018.09.13-20.39.40:211][737]LogSlate: Window 'Project Settings' being destroyed
[2018.09.13-20.39.46:205][927]LogSlate: Window 'Warhammer - Unreal Editor' being destroyed
[2018.09.13-20.39.46:206][927]LogWindowsTextInputMethodSystem: Display: IME system now deactivated.
[2018.09.13-20.39.46:640][928]Cmd: QUIT_EDITOR
[2018.09.13-20.39.47:184][928]LogExit: Preparing to exit.
[2018.09.13-20.39.49:245][928]LogExit: Editor shut down
[2018.09.13-20.39.49:247][928]LogExit: Transaction tracking system shut down
[2018.09.13-20.39.51:628][928]LogExit: Object subsystem successfully closed.
[2018.09.13-20.39.51:841][928]LogShaderCompilers: Display: Shaders left to compile 0
[2018.09.13-20.39.51:863][928]LogD3D11RHI: Shutdown
[2018.09.13-20.39.51:863][928]LogD3D11RHI: CleanupD3DDevice
[2018.09.13-20.39.51:913][928]LogD3D11RHI: ~FD3D11DynamicRHI
[2018.09.13-20.39.53:233][928]LogModuleManager: Shutting down and abandoning module ClothingSystemEditorInterface (624)
[2018.09.13-20.39.53:233][928]LogModuleManager: Shutting down and abandoning module AnimationBlueprintEditor (622)
[2018.09.13-20.39.53:264][928]LogModuleManager: Shutting down and abandoning module PinnedCommandList (620)
[2018.09.13-20.39.53:264][928]LogModuleManager: Shutting down and abandoning module SkeletonEditor (618)
[2018.09.13-20.39.53:295][928]LogModuleManager: Shutting down and abandoning module AnimationEditor (616)
[2018.09.13-20.39.53:295][928]LogModuleManager: Shutting down and abandoning module BlueprintGraph (614)
[2018.09.13-20.39.53:295][928]LogModuleManager: Shutting down and abandoning module HierarchicalLODOutliner (612)
[2018.09.13-20.39.53:295][928]LogModuleManager: Shutting down and abandoning module ExternalImagePicker (610)
[2018.09.13-20.39.53:295][928]LogModuleManager: Shutting down and abandoning module SceneOutliner (608)
[2018.09.13-20.39.53:332][928]LogModuleManager: Shutting down and abandoning module AddContentDialog (606)
[2018.09.13-20.39.53:396][928]LogModuleManager: Shutting down and abandoning module WidgetCarousel (605)
[2018.09.13-20.39.53:396][928]LogModuleManager: Shutting down and abandoning module EditorWidgets (602)
[2018.09.13-20.39.53:396][928]LogModuleManager: Shutting down and abandoning module CollectionManager (600)
[2018.09.13-20.39.53:506][928]LogModuleManager: Shutting down and abandoning module StatsViewer (598)
[2018.09.13-20.39.53:520][928]LogModuleManager: Shutting down and abandoning module FoliageEdit (596)
[2018.09.13-20.39.53:553][928]LogModuleManager: Shutting down and abandoning module LandscapeEditor (594)
[2018.09.13-20.39.53:632][928]LogModuleManager: Shutting down and abandoning module MeshPaintMode (592)
[2018.09.13-20.39.53:660][928]LogModuleManager: Shutting down and abandoning module SceneDepthPickerMode (590)
[2018.09.13-20.39.53:660][928]LogModuleManager: Shutting down and abandoning module ActorPickerMode (588)
[2018.09.13-20.39.53:660][928]LogModuleManager: Shutting down and abandoning module GeometryMode (586)
[2018.09.13-20.39.53:660][928]LogModuleManager: Shutting down and abandoning module TextureAlignMode (584)
[2018.09.13-20.39.53:660][928]LogModuleManager: Shutting down and abandoning module BspMode (582)
[2018.09.13-20.39.53:660][928]LogModuleManager: Shutting down and abandoning module PIEPreviewDeviceProfileSelector (580)
[2018.09.13-20.39.53:672][928]LogModuleManager: Shutting down and abandoning module SequenceRecorderSections (578)
[2018.09.13-20.39.53:686][928]LogModuleManager: Shutting down and abandoning module AutomationWorker (576)
[2018.09.13-20.39.53:686][928]LogModuleManager: Shutting down and abandoning module AudioCaptureEditor (574)
[2018.09.13-20.39.53:686][928]LogModuleManager: Shutting down and abandoning module SequenceRecorder (573)
[2018.09.13-20.39.53:690][928]LogModuleManager: Shutting down and abandoning module MatineeToLevelSequence (570)
[2018.09.13-20.39.53:702][928]LogModuleManager: Shutting down and abandoning module LevelSequenceEditor (568)
[2018.09.13-20.39.53:718][928]LogModuleManager: Shutting down and abandoning module PlacementMode (567)
[2018.09.13-20.39.53:718][928]LogModuleManager: Shutting down and abandoning module MaterialEditor (566)
[2018.09.13-20.39.53:779][928]LogModuleManager: Shutting down and abandoning module WmfMediaFactory (562)
[2018.09.13-20.39.53:779][928]LogModuleManager: Shutting down and abandoning module WmfMediaEditor (560)
[2018.09.13-20.39.53:779][928]LogModuleManager: Shutting down and abandoning module MediaPlayerEditor (558)
[2018.09.13-20.39.53:796][928]LogModuleManager: Shutting down and abandoning module OpenExrWrapper (556)
[2018.09.13-20.39.53:796][928]LogModuleManager: Shutting down and abandoning module ImgMediaFactory (554)
[2018.09.13-20.39.53:796][928]LogModuleManager: Shutting down and abandoning module ImgMediaEditor (552)
[2018.09.13-20.39.53:796][928]LogModuleManager: Shutting down and abandoning module AvfMediaFactory (550)
[2018.09.13-20.39.53:796][928]LogModuleManager: Shutting down and abandoning module AvfMediaEditor (548)
[2018.09.13-20.39.53:796][928]LogModuleManager: Shutting down and abandoning module AndroidMediaFactory (546)
[2018.09.13-20.39.53:796][928]LogModuleManager: Shutting down and abandoning module AndroidMediaEditor (544)
[2018.09.13-20.39.53:796][928]LogModuleManager: Shutting down and abandoning module MagicLeapCameraPreviewFactory (542)
[2018.09.13-20.39.53:796][928]LogModuleManager: Shutting down and abandoning module MagicLeapMediaFactory (540)
[2018.09.13-20.39.53:796][928]LogModuleManager: Shutting down and abandoning module MagicLeapMediaEditor (538)
[2018.09.13-20.39.53:796][928]LogModuleManager: Shutting down and abandoning module CharacterAI (536)
[2018.09.13-20.39.53:796][928]LogModuleManager: Shutting down and abandoning module SmartSnapping (534)
[2018.09.13-20.39.53:797][928]LogModuleManager: Shutting down and abandoning module SessionServices (532)
[2018.09.13-20.39.53:797][928]LogModuleManager: Shutting down and abandoning module ViewportSnapping (530)
[2018.09.13-20.39.53:797][928]LogModuleManager: Shutting down and abandoning module ViewportInteraction (528)
[2018.09.13-20.39.53:797][928]LogModuleManager: Shutting down and abandoning module ClothPainter (526)
[2018.09.13-20.39.53:810][928]LogModuleManager: Shutting down and abandoning module SkeletalMeshEditor (525)
[2018.09.13-20.39.53:847][928]LogModuleManager: Shutting down and abandoning module LogVisualizer (522)
[2018.09.13-20.39.53:863][928]LogModuleManager: Shutting down and abandoning module IntroTutorials (520)
[2018.09.13-20.39.53:888][928]LogModuleManager: Shutting down and abandoning module GameProjectGeneration (519)
[2018.09.13-20.39.53:914][928]LogModuleManager: Shutting down and abandoning module LuminPlatformEditor (516)
[2018.09.13-20.39.53:914][928]LogModuleManager: Shutting down and abandoning module IOSPlatformEditor (514)
[2018.09.13-20.39.53:914][928]LogModuleManager: Shutting down and abandoning module HTML5PlatformEditor (512)
[2018.09.13-20.39.53:914][928]LogModuleManager: Shutting down and abandoning module AndroidPlatformEditor (510)
[2018.09.13-20.39.53:914][928]LogModuleManager: Shutting down and abandoning module AndroidDeviceDetection (509)
[2018.09.13-20.39.54:783][928]LogModuleManager: Shutting down and abandoning module WindowsPlatformEditor (506)
[2018.09.13-20.39.54:783][928]LogModuleManager: Shutting down and abandoning module LuminRuntimeSettings (504)
[2018.09.13-20.39.54:783][928]LogModuleManager: Shutting down and abandoning module IOSRuntimeSettings (502)
[2018.09.13-20.39.54:783][928]LogModuleManager: Shutting down and abandoning module AndroidRuntimeSettings (500)
[2018.09.13-20.39.54:783][928]LogModuleManager: Shutting down and abandoning module InputBindingEditor (498)
[2018.09.13-20.39.54:822][928]LogModuleManager: Shutting down and abandoning module MergeActors (496)
[2018.09.13-20.39.54:827][928]LogModuleManager: Shutting down and abandoning module LocalizationDashboard (494)
[2018.09.13-20.39.54:840][928]LogModuleManager: Shutting down and abandoning module LocalizationService (493)
[2018.09.13-20.39.54:846][928]LogModuleManager: Shutting down and abandoning module HardwareTargeting (490)
[2018.09.13-20.39.54:846][928]LogModuleManager: Shutting down and abandoning module DeviceProfileEditor (488)
[2018.09.13-20.39.54:846][928]LogModuleManager: Shutting down and abandoning module UndoHistory (486)
[2018.09.13-20.39.54:859][928]LogModuleManager: Shutting down and abandoning module XmlParser (484)
[2018.09.13-20.39.54:859][928]LogModuleManager: Shutting down and abandoning module Blutility (482)
[2018.09.13-20.39.54:870][928]LogModuleManager: Shutting down and abandoning module ProjectSettingsViewer (480)
[2018.09.13-20.39.54:871][928]LogModuleManager: Shutting down and abandoning module ProjectTargetPlatformEditor (479)
[2018.09.13-20.39.54:871][928]LogModuleManager: Shutting down and abandoning module EditorSettingsViewer (476)
[2018.09.13-20.39.54:871][928]LogModuleManager: Shutting down and abandoning module SettingsEditor (474)
[2018.09.13-20.39.54:888][928]LogModuleManager: Shutting down and abandoning module ProjectLauncher (472)
[2018.09.13-20.39.54:912][928]LogModuleManager: Shutting down and abandoning module SessionFrontend (470)
[2018.09.13-20.39.54:922][928]LogModuleManager: Shutting down and abandoning module ProfilerClient (468)
[2018.09.13-20.39.54:934][928]LogModuleManager: Shutting down and abandoning module DeviceManager (466)
[2018.09.13-20.39.54:949][928]LogModuleManager: Shutting down and abandoning module TargetDeviceServices (465)
[2018.09.13-20.39.55:004][928]LogModuleManager: Shutting down and abandoning module AutomationController (462)
[2018.09.13-20.39.55:008][928]LogModuleManager: Shutting down and abandoning module AutomationWindow (460)
[2018.09.13-20.39.55:016][928]LogModuleManager: Shutting down and abandoning module Layers (458)
[2018.09.13-20.39.55:052][928]LogModuleManager: Shutting down and abandoning module ComponentVisualizers (456)
[2018.09.13-20.39.55:052][928]LogModuleManager: Shutting down and abandoning module DetailCustomizations (454)
[2018.09.13-20.39.55:057][928]LogModuleManager: Shutting down and abandoning module PackagesDialog (452)
[2018.09.13-20.39.55:065][928]LogModuleManager: Shutting down and abandoning module Persona (450)
[2018.09.13-20.39.55:065][928]LogModuleManager: Shutting down and abandoning module AdvancedPreviewScene (449)
[2018.09.13-20.39.55:065][928]LogModuleManager: Shutting down and abandoning module AnimGraph (447)
[2018.09.13-20.39.55:065][928]LogModuleManager: Shutting down and abandoning module Kismet (444)
[2018.09.13-20.39.55:086][928]LogModuleManager: Shutting down and abandoning module GraphEditor (442)
[2018.09.13-20.39.55:086][928]LogModuleManager: Shutting down and abandoning module ClassViewer (440)
[2018.09.13-20.39.55:086][928]LogModuleManager: Shutting down and abandoning module Toolbox (438)
[2018.09.13-20.39.55:086][928]LogModuleManager: Shutting down and abandoning module ModuleUI (436)
[2018.09.13-20.39.55:089][928]LogModuleManager: Shutting down and abandoning module MovieSceneTools (434)
[2018.09.13-20.39.55:097][928]LogModuleManager: Shutting down and abandoning module OutputLog (432)
[2018.09.13-20.39.55:097][928]LogModuleManager: Shutting down and abandoning module GammaUI (430)
[2018.09.13-20.39.55:102][928]LogModuleManager: Shutting down and abandoning module Documentation (428)
[2018.09.13-20.39.55:102][928]LogModuleManager: Shutting down and abandoning module MovieSceneTracks (426)
[2018.09.13-20.39.55:102][928]LogModuleManager: Shutting down and abandoning module MovieScene (424)
[2018.09.13-20.39.55:114][928]LogModuleManager: Shutting down and abandoning module StreamingPauseRendering (422)
[2018.09.13-20.39.55:125][928]LogModuleManager: Shutting down and abandoning module LauncherPlatform (420)
[2018.09.13-20.39.55:125][928]LogModuleManager: Shutting down and abandoning module AnalyticsET (418)
[2018.09.13-20.39.55:126][928]LogModuleManager: Shutting down and abandoning module PortalServices (416)
[2018.09.13-20.39.55:126][928]LogModuleManager: Shutting down and abandoning module PortalRpc (414)
[2018.09.13-20.39.55:126][928]LogModuleManager: Shutting down and abandoning module MessagingRpc (412)
[2018.09.13-20.39.55:126][928]LogModuleManager: Shutting down and abandoning module AIModule (410)
[2018.09.13-20.39.55:132][928]LogModuleManager: Shutting down and abandoning module GameplayDebugger (409)
[2018.09.13-20.39.55:143][928]LogModuleManager: Shutting down and abandoning module AITestSuite (407)
[2018.09.13-20.39.55:156][928]LogModuleManager: Shutting down and abandoning module NavigationSystem (405)
[2018.09.13-20.39.55:156][928]LogModuleManager: Shutting down and abandoning module DesktopPlatform (402)
[2018.09.13-20.39.55:156][928]LogModuleManager: Shutting down and abandoning module ProfilerService (400)
[2018.09.13-20.39.55:177][928]LogModuleManager: Shutting down and abandoning module TaskGraph (398)
[2018.09.13-20.39.55:215][928]LogModuleManager: Shutting down and abandoning module SteamVRController (396)
[2018.09.13-20.39.55:215][928]LogModuleManager: Shutting down and abandoning module ProceduralMeshComponentEditor (394)
[2018.09.13-20.39.55:215][928]LogModuleManager: Shutting down and abandoning module ProceduralMeshComponent (392)
[2018.09.13-20.39.55:218][928]LogModuleManager: Shutting down and abandoning module OculusInput (390)
[2018.09.13-20.39.55:218][928]LogModuleManager: Shutting down and abandoning module MobilePatchingUtils (388)
[2018.09.13-20.39.55:218][928]LogModuleManager: Shutting down and abandoning module EditableMesh (386)
[2018.09.13-20.39.55:222][928]LogModuleManager: Shutting down and abandoning module CustomMeshComponent (384)
[2018.09.13-20.39.55:222][928]LogModuleManager: Shutting down and abandoning module CableComponent (382)
[2018.09.13-20.39.55:222][928]LogModuleManager: Shutting down and abandoning module AudioCapture (380)
[2018.09.13-20.39.55:222][928]LogModuleManager: Shutting down and abandoning module ArchVisCharacter (378)
[2018.09.13-20.39.55:222][928]LogModuleManager: Shutting down and abandoning module AndroidPermission (376)
[2018.09.13-20.39.55:222][928]LogModuleManager: Shutting down and abandoning module NUTUnrealEngine4 (374)
[2018.09.13-20.39.55:222][928]LogModuleManager: Shutting down and abandoning module NetcodeUnitTest (372)
[2018.09.13-20.39.55:244][928]LogModuleManager: Shutting down and abandoning module MediaCompositingEditor (370)
[2018.09.13-20.39.55:244][928]LogModuleManager: Shutting down and abandoning module MediaCompositing (368)
[2018.09.13-20.39.55:244][928]LogModuleManager: Shutting down and abandoning module LinearTimecode (366)
[2018.09.13-20.39.55:244][928]LogModuleManager: Shutting down and abandoning module ImgMedia (364)
[2018.09.13-20.39.55:259][928]LogModuleManager: Shutting down and abandoning module HTML5Networking (362)
[2018.09.13-20.39.55:259][928]LogModuleManager: Shutting down and abandoning module GeometryCacheTracks (360)
[2018.09.13-20.39.55:259][928]LogModuleManager: Shutting down and abandoning module GeometryCacheSequencer (358)
[2018.09.13-20.39.55:259][928]LogModuleManager: Shutting down and abandoning module BackChannel (356)
[2018.09.13-20.39.55:266][928]LogModuleManager: Shutting down and abandoning module AppleVision (354)
[2018.09.13-20.39.55:266][928]LogModuleManager: Shutting down and abandoning module AppleImageUtils (352)
[2018.09.13-20.39.55:266][928]LogModuleManager: Shutting down and abandoning module AlembicImporter (350)
[2018.09.13-20.39.55:267][928]LogModuleManager: Shutting down and abandoning module AlembicLibrary (349)
[2018.09.13-20.39.55:267][928]LogModuleManager: Shutting down and abandoning module GeometryCache (348)
[2018.09.13-20.39.55:267][928]LogModuleManager: Shutting down and abandoning module GeometryCacheEd (347)
[2018.09.13-20.39.55:267][928]LogModuleManager: Shutting down and abandoning module DatasmithContentEditor (342)
[2018.09.13-20.39.55:270][928]LogModuleManager: Shutting down and abandoning module DatasmithContent (340)
[2018.09.13-20.39.55:272][928]LogModuleManager: Shutting down and abandoning module SpeedTreeImporter (338)
[2018.09.13-20.39.55:272][928]LogModuleManager: Shutting down and abandoning module PluginBrowser (336)
[2018.09.13-20.39.55:319][928]LogModuleManager: Shutting down and abandoning module MobileLauncherProfileWizard (334)
[2018.09.13-20.39.55:331][928]LogModuleManager: Shutting down and abandoning module PolygonModeling (332)
[2018.09.13-20.39.55:331][928]LogModuleManager: Shutting down and abandoning module MeshEditor (330)
[2018.09.13-20.39.55:342][928]LogModuleManager: Shutting down and abandoning module CryptoKeysOpenSSL (328)
[2018.09.13-20.39.55:345][928]LogModuleManager: Shutting down and abandoning module CryptoKeys (326)
[2018.09.13-20.39.55:346][928]LogModuleManager: Shutting down and abandoning module VisualStudioSourceCodeAccess (324)
[2018.09.13-20.39.55:346][928]LogModuleManager: Shutting down and abandoning module VisualStudioCodeSourceCodeAccess (322)
[2018.09.13-20.39.55:347][928]LogModuleManager: Shutting down and abandoning module UObjectPlugin (320)
[2018.09.13-20.39.55:347][928]LogModuleManager: Shutting down and abandoning module SubversionSourceControl (318)
[2018.09.13-20.39.55:352][928]LogModuleManager: Shutting down and abandoning module PerforceSourceControl (316)
[2018.09.13-20.39.55:361][928]LogModuleManager: Shutting down and abandoning module GitSourceControl (314)
[2018.09.13-20.39.55:385][928]LogModuleManager: Shutting down and abandoning module SourceControl (313)
[2018.09.13-20.39.55:405][928]LogModuleManager: Shutting down and abandoning module CLionSourceCodeAccess (310)
[2018.09.13-20.39.55:405][928]LogModuleManager: Shutting down and abandoning module LightPropagationVolumeEditor (308)
[2018.09.13-20.39.55:405][928]LogModuleManager: Shutting down and abandoning module PaperTiledImporter (306)
[2018.09.13-20.39.55:405][928]LogModuleManager: Shutting down and abandoning module PaperSpriteSheetImporter (304)
[2018.09.13-20.39.55:405][928]LogModuleManager: Shutting down and abandoning module Paper2DEditor (302)
[2018.09.13-20.39.55:423][928]LogModuleManager: Shutting down and abandoning module MeshPaint (301)
[2018.09.13-20.39.55:435][928]LogModuleManager: Shutting down and abandoning module RuntimePhysXCooking (298)
[2018.09.13-20.39.55:435][928]LogModuleManager: Shutting down and abandoning module PhysXVehiclesEditor (296)
[2018.09.13-20.39.55:435][928]LogModuleManager: Shutting down and abandoning module PhysXVehicles (294)
[2018.09.13-20.39.55:435][928]LogModuleManager: Shutting down and abandoning module OculusEditor (292)
[2018.09.13-20.39.55:448][928]LogModuleManager: Shutting down and abandoning module LocationServicesBPLibrary (290)
[2018.09.13-20.39.55:448][928]LogModuleManager: Shutting down and abandoning module ImmediatePhysicsEditor (288)
[2018.09.13-20.39.55:448][928]LogModuleManager: Shutting down and abandoning module ImmediatePhysics (286)
[2018.09.13-20.39.55:477][928]LogModuleManager: Shutting down and abandoning module ActorSequence (284)
[2018.09.13-20.39.55:477][928]LogModuleManager: Shutting down and abandoning module UdpMessaging (282)
[2018.09.13-20.39.55:578][928]LogModuleManager: Shutting down and abandoning module TcpMessaging (280)
[2018.09.13-20.39.55:720][928]LogModuleManager: Shutting down and abandoning module MagicLeapAudio (278)
[2018.09.13-20.39.55:720][928]LogModuleManager: Shutting down and abandoning module GameplayTagsEditor (276)
[2018.09.13-20.39.55:741][928]LogModuleManager: Shutting down and abandoning module FacialAnimationEditor (274)
[2018.09.13-20.39.55:741][928]LogModuleManager: Shutting down and abandoning module FacialAnimation (272)
[2018.09.13-20.39.55:741][928]LogModuleManager: Shutting down and abandoning module DataValidation (270)
[2018.09.13-20.39.55:741][928]LogModuleManager: Shutting down and abandoning module AssetManagerEditor (268)
[2018.09.13-20.39.55:860][928]LogModuleManager: Shutting down and abandoning module LevelEditor (267)
[2018.09.13-20.39.55:925][928]LogModuleManager: Shutting down and abandoning module PixelInspectorModule (266)
[2018.09.13-20.39.55:928][928]LogModuleManager: Shutting down and abandoning module CommonMenuExtensions (264)
[2018.09.13-20.39.55:928][928]LogModuleManager: Shutting down and abandoning module MainFrame (262)
[2018.09.13-20.39.55:940][928]LogModuleManager: Shutting down and abandoning module HotReload (261)
[2018.09.13-20.39.55:952][928]LogModuleManager: Shutting down and abandoning module ContentBrowser (257)
[2018.09.13-20.39.55:954][928]LogModuleManager: Shutting down and abandoning module TreeMap (255)
[2018.09.13-20.39.55:989][928]LogModuleManager: Shutting down and abandoning module LightPropagationVolumeRuntime (252)
[2018.09.13-20.39.55:989][928]LogModuleManager: Shutting down and abandoning module AISupportModule (250)
[2018.09.13-20.39.55:990][928]LogModuleManager: Shutting down and abandoning module Paper2D (248)
[2018.09.13-20.39.56:000][928]LogModuleManager: Shutting down and abandoning module WindowsMoviePlayer (246)
[2018.09.13-20.39.56:014][928]LogModuleManager: Shutting down and abandoning module WmfMedia (244)
[2018.09.13-20.39.56:027][928]LogModuleManager: Shutting down and abandoning module Media (243)
[2018.09.13-20.39.56:034][928]LogModuleManager: Shutting down and abandoning module PacketHandler (240)
[2018.09.13-20.39.56:034][928]LogModuleManager: Shutting down and abandoning module ClothingSystemEditor (238)
[2018.09.13-20.39.56:035][928]LogModuleManager: Shutting down and abandoning module ClothingSystemRuntime (236)
[2018.09.13-20.39.56:041][928]LogModuleManager: Shutting down and abandoning module MediaAssets (234)
[2018.09.13-20.39.56:041][928]LogModuleManager: Shutting down and abandoning module Overlay (232)
[2018.09.13-20.39.56:041][928]LogModuleManager: Shutting down and abandoning module OverlayEditor (231)
[2018.09.13-20.39.56:041][928]LogModuleManager: Shutting down and abandoning module VREditor (228)
[2018.09.13-20.39.56:049][928]LogModuleManager: Shutting down and abandoning module StringTableEditor (226)
[2018.09.13-20.39.56:065][928]LogModuleManager: Shutting down and abandoning module GameplayTasksEditor (224)
[2018.09.13-20.39.56:065][928]LogModuleManager: Shutting down and abandoning module BehaviorTreeEditor (222)
[2018.09.13-20.39.56:151][928]LogModuleManager: Shutting down and abandoning module FunctionalTesting (220)
[2018.09.13-20.39.56:174][928]LogModuleManager: Shutting down and abandoning module CollisionAnalyzer (218)
[2018.09.13-20.39.56:257][928]LogModuleManager: Shutting down and abandoning module WorkspaceMenuStructure (217)
[2018.09.13-20.39.56:257][928]LogModuleManager: Shutting down and abandoning module UMG (214)
[2018.09.13-20.39.56:273][928]LogModuleManager: Shutting down and abandoning module UMGEditor (213)
[2018.09.13-20.39.56:383][928]LogModuleManager: Shutting down and abandoning module Sequencer (212)
[2018.09.13-20.39.56:504][928]LogModuleManager: Shutting down and abandoning module MessageLog (209)
[2018.09.13-20.39.56:504][928]LogModuleManager: Shutting down and abandoning module SlateReflector (204)
[2018.09.13-20.39.56:619][928]LogModuleManager: Shutting down and abandoning module Slate (202)
[2018.09.13-20.39.56:619][928]LogModuleManager: Shutting down and abandoning module EditorStyle (200)
[2018.09.13-20.39.56:622][928]LogModuleManager: Shutting down and abandoning module MRMesh (198)
[2018.09.13-20.39.56:637][928]LogModuleManager: Shutting down and abandoning module SourceCodeAccess (196)
[2018.09.13-20.39.56:637][928]LogModuleManager: Shutting down and abandoning module HeadMountedDisplay (194)
[2018.09.13-20.39.56:637][928]LogModuleManager: Shutting down and abandoning module XAudio2 (192)
[2018.09.13-20.39.56:637][928]LogModuleManager: Shutting down and abandoning module Networking (190)
[2018.09.13-20.39.56:637][928]LogModuleManager: Shutting down and abandoning module Core (188)
[2018.09.13-20.39.56:637][928]LogModuleManager: Shutting down and abandoning module LevelSequence (186)
[2018.09.13-20.39.56:638][928]LogModuleManager: Shutting down and abandoning module KismetCompiler (184)
[2018.09.13-20.39.56:638][928]LogModuleManager: Shutting down and abandoning module MeshUtilities (182)
[2018.09.13-20.39.56:691][928]LogModuleManager: Shutting down and abandoning module MeshMergeUtilities (181)
[2018.09.13-20.39.56:714][928]LogModuleManager: Shutting down and abandoning module MeshReductionInterface (180)
[2018.09.13-20.39.56:714][928]LogModuleManager: Shutting down and abandoning module SimplygonSwarm (179)
[2018.09.13-20.39.56:741][928]LogModuleManager: Shutting down and abandoning module ProxyLODMeshReduction (177)
[2018.09.13-20.39.56:787][928]LogModuleManager: Shutting down and abandoning module SimplygonMeshReduction (175)
[2018.09.13-20.39.56:787][928]LogModuleManager: Shutting down and abandoning module QuadricMeshReduction (173)
[2018.09.13-20.39.56:806][928]LogModuleManager: Shutting down and abandoning module MaterialBaking (169)
[2018.09.13-20.39.56:818][928]LogModuleManager: Shutting down and abandoning module DirectoryWatcher (165)
[2018.09.13-20.39.56:819][928]LogModuleManager: Shutting down and abandoning module DerivedDataCache (162)
[2018.09.13-20.39.56:844][928]LogDerivedDataCache: Shutdown
[2018.09.13-20.39.56:844][928]LogModuleManager: Shutting down and abandoning module XGEController (160)
[2018.09.13-20.39.56:844][928]LogXGEController: Cleaning working directory: C:/Users/Андрей/AppData/Local/Temp/UnrealXGEWorkingDir/
[2018.09.13-20.39.56:860][928]LogModuleManager: Shutting down and abandoning module TargetPlatform (158)
[2018.09.13-20.39.56:860][928]LogModuleManager: Shutting down and abandoning module VulkanShaderFormat (157)
[2018.09.13-20.39.56:876][928]LogModuleManager: Shutting down and abandoning module ShaderFormatVectorVM (155)
[2018.09.13-20.39.56:897][928]LogModuleManager: Shutting down and abandoning module ShaderFormatOpenGL (153)
[2018.09.13-20.39.56:919][928]LogModuleManager: Shutting down and abandoning module ShaderFormatD3D (151)
[2018.09.13-20.39.56:919][928]LogModuleManager: Shutting down and abandoning module MetalShaderFormat (149)
[2018.09.13-20.39.56:956][928]LogModuleManager: Shutting down and abandoning module TextureFormatUncompressed (147)
[2018.09.13-20.39.56:956][928]LogModuleManager: Shutting down and abandoning module TextureFormatPVR (145)
[2018.09.13-20.39.56:957][928]LogModuleManager: Shutting down and abandoning module TextureFormatDXT (143)
[2018.09.13-20.39.56:975][928]LogModuleManager: Shutting down and abandoning module TextureFormatIntelISPCTexComp (141)
[2018.09.13-20.39.56:987][928]LogModuleManager: Shutting down and abandoning module TextureFormatASTC (139)
[2018.09.13-20.39.56:988][928]LogModuleManager: Shutting down and abandoning module ImageWrapper (138)
[2018.09.13-20.39.56:988][928]LogModuleManager: Shutting down and abandoning module TextureFormatAndroid (135)
[2018.09.13-20.39.56:988][928]LogModuleManager: Shutting down and abandoning module AudioFormatOpus (133)
[2018.09.13-20.39.56:988][928]LogModuleManager: Shutting down and abandoning module AudioFormatOgg (131)
[2018.09.13-20.39.56:988][928]LogModuleManager: Shutting down and abandoning module AudioFormatADPCM (129)
[2018.09.13-20.39.56:988][928]LogModuleManager: Shutting down and abandoning module LuminTargetPlatform (127)
[2018.09.13-20.39.56:988][928]LogModuleManager: Shutting down and abandoning module LinuxTargetPlatform (125)
[2018.09.13-20.39.56:988][928]LogModuleManager: Shutting down and abandoning module LinuxServerTargetPlatform (123)
[2018.09.13-20.39.56:988][928]LogModuleManager: Shutting down and abandoning module LinuxNoEditorTargetPlatform (121)
[2018.09.13-20.39.57:013][928]LogModuleManager: Shutting down and abandoning module LinuxClientTargetPlatform (119)
[2018.09.13-20.39.57:033][928]LogModuleManager: Shutting down and abandoning module TVOSTargetPlatform (117)
[2018.09.13-20.39.57:034][928]LogModuleManager: Shutting down and abandoning module Messaging (115)
[2018.09.13-20.39.57:034][928]LogModuleManager: Shutting down and abandoning module IOSTargetPlatform (113)
[2018.09.13-20.39.57:035][928]LogModuleManager: Shutting down and abandoning module HTML5TargetPlatform (111)
[2018.09.13-20.39.57:035][928]LogModuleManager: Shutting down and abandoning module AndroidTargetPlatform (109)
[2018.09.13-20.39.57:054][928]LogModuleManager: Shutting down and abandoning module WindowsTargetPlatform (107)
[2018.09.13-20.39.57:054][928]LogModuleManager: Shutting down and abandoning module WindowsServerTargetPlatform (105)
[2018.09.13-20.39.57:054][928]LogModuleManager: Shutting down and abandoning module WindowsNoEditorTargetPlatform (103)
[2018.09.13-20.39.57:054][928]LogModuleManager: Shutting down and abandoning module WindowsClientTargetPlatform (101)
[2018.09.13-20.39.57:054][928]LogModuleManager: Shutting down and abandoning module MacTargetPlatform (99)
[2018.09.13-20.39.57:054][928]LogModuleManager: Shutting down and abandoning module MacServerTargetPlatform (97)
[2018.09.13-20.39.57:054][928]LogModuleManager: Shutting down and abandoning module MacNoEditorTargetPlatform (95)
[2018.09.13-20.39.57:054][928]LogModuleManager: Shutting down and abandoning module MacClientTargetPlatform (93)
[2018.09.13-20.39.57:054][928]LogModuleManager: Shutting down and abandoning module AllDesktopTargetPlatform (91)
[2018.09.13-20.39.57:054][928]LogModuleManager: Shutting down and abandoning module InputCore (88)
[2018.09.13-20.39.57:054][928]LogModuleManager: Shutting down and abandoning module Settings (86)
[2018.09.13-20.39.57:055][928]LogModuleManager: Shutting down and abandoning module PhysXCooking (84)
[2018.09.13-20.39.57:055][928]LogModuleManager: Shutting down and abandoning module SteamVR (82)
[2018.09.13-20.39.57:055][928]LogModuleManager: Shutting down and abandoning module OculusHMD (80)
[2018.09.13-20.39.57:064][928]LogModuleManager: Shutting down and abandoning module ExampleDeviceProfileSelector (78)
[2018.09.13-20.39.57:064][928]LogModuleManager: Shutting down and abandoning module LauncherChunkInstaller (76)
[2018.09.13-20.39.57:064][928]LogModuleManager: Shutting down and abandoning module OnlineBlueprintSupport (74)
[2018.09.13-20.39.57:064][928]LogModuleManager: Shutting down and abandoning module OnlineSubsystem (70)
[2018.09.13-20.39.57:215][928]LogModuleManager: Shutting down and abandoning module XMPP (65)
[2018.09.13-20.39.57:245][928]LogModuleManager: Shutting down and abandoning module WebSockets (64)
[2018.09.13-20.39.57:422][928]LogModuleManager: Shutting down and abandoning module HTTP (61)
[2018.09.13-20.39.57:429][928]LogHttp: Display: Http module shutting down, but needs to wait on 1 outstanding Http requests:
[2018.09.13-20.39.57:429][928]LogHttp: Display: 	verb=[POST] url=[https://datarouter.ol.epicgames.com/datarouter/api/v1/public/data?SessionID=%7BA4C9FC85-4EC8-AB6C-18CC-2FA0163645D0%7D&AppID=UEEditor.Rocket.Release&AppVersion=4.20.2-4302132%2B%2B%2BUE4%2BRelease-4.20&UserID=f4ac65e044630a98ec620b9606adfa3a%7Ccec6d2080c8b49f3b7d752523df8e451%7C15d354fd-8471-443b-ab78-eb750ff49c48&AppEnvironment=datacollector-binary&UploadType=eteventstream] status=Processing
[2018.09.13-20.39.57:461][928]LogModuleManager: Shutting down and abandoning module SSL (60)
[2018.09.13-20.39.57:475][928]LogModuleManager: Shutting down and abandoning module MagicLeapEmulator (56)
[2018.09.13-20.39.57:475][928]LogModuleManager: Shutting down and abandoning module MagicLeapPrivileges (54)
[2018.09.13-20.39.57:475][928]LogModuleManager: Shutting down and abandoning module MagicLeapIdentity (52)
[2018.09.13-20.39.57:475][928]LogModuleManager: Shutting down and abandoning module MagicLeapHelperVulkan (50)
[2018.09.13-20.39.57:475][928]LogModuleManager: Shutting down and abandoning module MagicLeapHelperOpenGL (48)
[2018.09.13-20.39.57:475][928]LogModuleManager: Shutting down and abandoning module MagicLeapSecureStorage (46)
[2018.09.13-20.39.57:475][928]LogModuleManager: Shutting down and abandoning module MagicLeapGestures (44)
[2018.09.13-20.39.57:475][928]LogModuleManager: Shutting down and abandoning module MagicLeapEyeTracker (42)
[2018.09.13-20.39.57:475][928]LogModuleManager: Shutting down and abandoning module MagicLeapController (40)
[2018.09.13-20.39.57:475][928]LogSlate: Slate User Destroyed.  User Index 0, Is Virtual User: 0
[2018.09.13-20.39.57:475][928]LogModuleManager: Shutting down and abandoning module MagicLeap (38)
[2018.09.13-20.39.57:490][928]LogModuleManager: Shutting down and abandoning module AnimationModifiers (36)
[2018.09.13-20.39.57:528][928]LogModuleManager: Shutting down and abandoning module PropertyEditor (35)
[2018.09.13-20.39.57:550][928]LogModuleManager: Shutting down and abandoning module AudioEditor (32)
[2018.09.13-20.39.57:609][928]LogModuleManager: Shutting down and abandoning module TextureCompressor (30)
[2018.09.13-20.39.57:725][928]LogModuleManager: Shutting down and abandoning module ShaderCore (28)
[2018.09.13-20.39.57:725][928]LogModuleManager: Shutting down and abandoning module Landscape (26)
[2018.09.13-20.39.57:725][928]LogModuleManager: Shutting down and abandoning module SlateRHIRenderer (24)
[2018.09.13-20.39.57:775][928]LogModuleManager: Shutting down and abandoning module OpenGLDrv (22)
[2018.09.13-20.39.57:790][928]LogModuleManager: Shutting down and abandoning module D3D11RHI (20)
[2018.09.13-20.39.57:791][928]LogModuleManager: Shutting down and abandoning module AnimGraphRuntime (18)
[2018.09.13-20.39.57:818][928]LogModuleManager: Shutting down and abandoning module Renderer (16)
[2018.09.13-20.39.57:818][928]LogModuleManager: Shutting down and abandoning module Engine (14)
[2018.09.13-20.39.57:818][928]LogModuleManager: Shutting down and abandoning module CoreUObject (12)
[2018.09.13-20.39.57:819][928]LogModuleManager: Shutting down and abandoning module NetworkFile (10)
[2018.09.13-20.39.57:850][928]LogModuleManager: Shutting down and abandoning module CookedIterativeFile (8)
[2018.09.13-20.39.57:850][928]LogModuleManager: Shutting down and abandoning module StreamingFile (6)
[2018.09.13-20.39.57:877][928]LogModuleManager: Shutting down and abandoning module SandboxFile (4)
[2018.09.13-20.39.57:877][928]LogModuleManager: Shutting down and abandoning module PakFile (2)
[2018.09.13-20.39.57:917][928]LogExit: Exiting.
[2018.09.13-20.39.57:939][928]Log file closed, 09/14/18 01:39:57
