Log file open, 09/06/18 14:47:24
LogWindows: Failed to load 'aqProf.dll' (GetLastError=126)
LogWindows: File 'aqProf.dll' does not exist
LogWindows: Failed to load 'VtuneApi.dll' (GetLastError=126)
LogWindows: File 'VtuneApi.dll' does not exist
LogWindows: Failed to load 'VtuneApi32e.dll' (GetLastError=126)
LogWindows: File 'VtuneApi32e.dll' does not exist
LogInit: Display: Running engine for game: Warhammer
LogPlatformFile: Not using cached read wrapper
LogTaskGraph: Started task graph with 5 named threads and 11 total threads with 3 sets of task threads.
LogStats: Stats thread started at 5.886491
LogD3D11RHI: Loaded GFSDK_Aftermath_Lib.x64.dll
LogICUInternationalization: Display: ICU TimeZone Detection - Raw Offset: +6:00, Platform Override: ''
LogPluginManager: Mounting plugin Paper2D
LogPluginManager: Mounting plugin AISupport
LogPluginManager: Mounting plugin LightPropagationVolume
LogPluginManager: Mounting plugin CLionSourceCodeAccess
LogPluginManager: Mounting plugin CodeLiteSourceCodeAccess
LogPluginManager: Mounting plugin GitSourceControl
LogPluginManager: Mounting plugin KDevelopSourceCodeAccess
LogPluginManager: Mounting plugin NullSourceCodeAccess
LogPluginManager: Mounting plugin PerforceSourceControl
LogPluginManager: Mounting plugin SubversionSourceControl
LogPluginManager: Mounting plugin UObjectPlugin
LogPluginManager: Mounting plugin VisualStudioCodeSourceCodeAccess
LogPluginManager: Mounting plugin VisualStudioSourceCodeAccess
LogPluginManager: Mounting plugin XCodeSourceCodeAccess
LogPluginManager: Mounting plugin AssetManagerEditor
LogPluginManager: Mounting plugin CryptoKeys
LogPluginManager: Mounting plugin DataValidation
LogPluginManager: Mounting plugin FacialAnimation
LogPluginManager: Mounting plugin GameplayTagsEditor
LogPluginManager: Mounting plugin MacGraphicsSwitching
LogPluginManager: Mounting plugin MeshEditor
LogPluginManager: Mounting plugin MobileLauncherProfileWizard
LogPluginManager: Mounting plugin PluginBrowser
LogPluginManager: Mounting plugin SpeedTreeImporter
LogPluginManager: Mounting plugin DatasmithContent
LogPluginManager: Mounting plugin AlembicImporter
LogPluginManager: Mounting plugin AppleImageUtils
LogPluginManager: Mounting plugin AppleVision
LogPluginManager: Mounting plugin BackChannel
LogPluginManager: Mounting plugin CharacterAI
LogPluginManager: Mounting plugin GeometryCache
LogPluginManager: Mounting plugin HTML5Networking
LogPluginManager: Mounting plugin ProxyLODPlugin
LogPluginManager: Mounting plugin MagicLeap
LogPluginManager: Mounting plugin MagicLeapEmulator
LogPluginManager: Mounting plugin MagicLeapMedia
LogPluginManager: Mounting plugin AndroidMedia
LogPluginManager: Mounting plugin AvfMedia
LogPluginManager: Mounting plugin ImgMedia
LogPluginManager: Mounting plugin LinearTimecode
LogPluginManager: Mounting plugin MediaCompositing
LogPluginManager: Mounting plugin MediaPlayerEditor
LogPluginManager: Mounting plugin WmfMedia
LogPluginManager: Mounting plugin TcpMessaging
LogPluginManager: Mounting plugin UdpMessaging
LogPluginManager: Mounting plugin ActorSequence
LogPluginManager: Mounting plugin LevelSequenceEditor
LogPluginManager: Mounting plugin MatineeToLevelSequence
LogPluginManager: Mounting plugin NetcodeUnitTest
LogPluginManager: Mounting plugin NUTUnrealEngine4
LogPluginManager: Mounting plugin OnlineSubsystemGooglePlay
LogPluginManager: Mounting plugin OnlineSubsystemIOS
LogPluginManager: Mounting plugin OnlineSubsystem
LogPluginManager: Mounting plugin OnlineSubsystemNull
LogPluginManager: Mounting plugin OnlineSubsystemUtils
LogPluginManager: Mounting plugin LauncherChunkInstaller
LogPluginManager: Mounting plugin AndroidDeviceProfileSelector
LogPluginManager: Mounting plugin AndroidMoviePlayer
LogPluginManager: Mounting plugin AndroidPermission
LogPluginManager: Mounting plugin AppleMoviePlayer
LogPluginManager: Mounting plugin ArchVisCharacter
LogPluginManager: Mounting plugin AudioCapture
LogPluginManager: Mounting plugin CableComponent
LogPluginManager: Mounting plugin CustomMeshComponent
LogPluginManager: Mounting plugin EditableMesh
LogPluginManager: Mounting plugin ExampleDeviceProfileSelector
LogPluginManager: Mounting plugin GoogleCloudMessaging
LogPluginManager: Mounting plugin ImmediatePhysics
LogPluginManager: Mounting plugin IOSDeviceProfileSelector
LogPluginManager: Mounting plugin LinuxDeviceProfileSelector
LogPluginManager: Mounting plugin LocationServicesBPLibrary
LogPluginManager: Mounting plugin MobilePatchingUtils
LogPluginManager: Mounting plugin OculusVR
LogPluginManager: Plugin shader directory ../../../Engine/Plugins/Runtime/Oculus/OculusVR/Shaders found
LogPluginManager: Mapping shader source directory ../../../Engine/Plugins/Runtime/Oculus/OculusVR/Shaders to virtual directory /Plugin/OculusVR
LogPluginManager: Mounting plugin PhysXVehicles
LogPluginManager: Mounting plugin ProceduralMeshComponent
LogPluginManager: Mounting plugin RuntimePhysXCooking
LogPluginManager: Mounting plugin SteamVR
LogPluginManager: Mounting plugin WindowsMoviePlayer
LogStreaming: Display: Took  0.337s to configure plugins.
LogInit: Using libcurl 7.55.1-DEV
LogInit:  - built for x86_64-pc-win32
LogInit:  - supports SSL with OpenSSL/1.0.2h
LogInit:  - supports HTTP deflate (compression) using libz 1.2.8
LogInit:  - other features:
LogInit:      CURL_VERSION_SSL
LogInit:      CURL_VERSION_LIBZ
LogInit:      CURL_VERSION_IPV6
LogInit:      CURL_VERSION_ASYNCHDNS
LogInit:      CURL_VERSION_LARGEFILE
LogInit:      CURL_VERSION_IDN
LogInit:  CurlRequestOptions (configurable via config and command line):
LogInit:  - bVerifyPeer = false  - Libcurl will NOT verify peer certificate
LogInit:  - bUseHttpProxy = false  - Libcurl will NOT use HTTP proxy
LogInit:  - bDontReuseConnections = false  - Libcurl will reuse connections
LogInit:  - CertBundlePath = nullptr  - Libcurl will use whatever was configured at build time.
LogInit:  - MaxHostConnections = 16  - Libcurl will limit the number of connections to a host
LogInit:  - LocalHostAddr = Default
LogInit:  - BufferSize = 65536
LogInit: WinSock: version 1.1 (2.2), MaxSocks=32767, MaxUdp=65467
LogInit: Build: ++UE4+Release-4.20-CL-4302132
LogInit: Engine Version: 4.20.2-4302132+++UE4+Release-4.20
LogInit: Compatible Engine Version: 4.20.0-4212847+++UE4+Release-4.20
LogInit: Net CL: 4212847
LogInit: OS: Windows 10 (), CPU:        Intel(R) Core(TM) i5-3230M CPU @ 2.60GHz, GPU: Intel(R) HD Graphics 4000
LogInit: Compiled (64-bit): Aug 21 2018 02:06:06
LogInit: Compiled with Visual C++: 19.13.26129.00
LogInit: Build Configuration: Development
LogInit: Branch Name: ++UE4+Release-4.20
LogInit: Command Line:  
LogInit: Base Directory: C:/Program Files/Epic Games/UE_4.20/Engine/Binaries/Win64/
LogInit: Installed Engine Build: 1
LogDevObjectVersion: Number of dev versions registered: 20
LogDevObjectVersion:   Dev-Blueprints (B0D832E4-1F89-4F0D-ACCF-7EB736FD4AA2): 10
LogDevObjectVersion:   Dev-Build (E1C64328-A22C-4D53-A36C-8E866417BD8C): 0
LogDevObjectVersion:   Dev-Core (375EC13C-06E4-48FB-B500-84F0262A717E): 2
LogDevObjectVersion:   Dev-Editor (E4B068ED-F494-42E9-A231-DA0B2E46BB41): 24
LogDevObjectVersion:   Dev-Framework (CFFC743F-43B0-4480-9391-14DF171D2073): 34
LogDevObjectVersion:   Dev-Mobile (B02B49B5-BB20-44E9-A304-32B752E40360): 2
LogDevObjectVersion:   Dev-Networking (A4E4105C-59A1-49B5-A7C5-40C4547EDFEE): 0
LogDevObjectVersion:   Dev-Online (39C831C9-5AE6-47DC-9A44-9C173E1C8E7C): 0
LogDevObjectVersion:   Dev-Physics (78F01B33-EBEA-4F98-B9B4-84EACCB95AA2): 0
LogDevObjectVersion:   Dev-Platform (6631380F-2D4D-43E0-8009-CF276956A95A): 0
LogDevObjectVersion:   Dev-Rendering (12F88B9F-8875-4AFC-A67C-D90C383ABD29): 26
LogDevObjectVersion:   Dev-Sequencer (7B5AE74C-D270-4C10-A958-57980B212A5A): 9
LogDevObjectVersion:   Dev-VR (D7296918-1DD6-4BDD-9DE2-64A83CC13884): 2
LogDevObjectVersion:   Dev-LoadTimes (C2A15278-BFE7-4AFE-6C17-90FF531DF755): 1
LogDevObjectVersion:   Private-Geometry (6EACA3D4-40EC-4CC1-B786-8BED09428FC5): 3
LogDevObjectVersion:   Dev-AnimPhys (29E575DD-E0A3-4627-9D10-D276232CDCEA): 17
LogDevObjectVersion:   Dev-ReflectionCapture (6B266CEC-1EC7-4B8F-A30B-E4D90942FC07): 1
LogDevObjectVersion:   Dev-Automation (0DF73D61-A23F-47EA-B727-89E90C41499A): 1
LogDevObjectVersion:   FortniteMain (601D1886-AC64-4F84-AA16-D3DE0DEAC7D6): 12
LogDevObjectVersion:   Dev-Enterprise (9DFFBCD6-494F-0158-E221-12823C92A888): 1
LogStreaming: Display: Took  0.000s to delete old logs.
LogInit: Presizing for max 8388607 objects, including 0 objects not considered by GC, pre-allocating 0 bytes for permanent pool.
LogInit: Object subsystem initialized
[2018.09.06-09.47.27:471][  0]LogInit: Selected Device Profile: [Windows]
[2018.09.06-09.47.27:481][  0]LogInit: Applying CVar settings loaded from the selected device profile: [Windows]
[2018.09.06-09.47.27:602][  0]LogHAL: Display: Platform has ~ 8 GB [8473120768 / 8589934592 / 8], which maps to Default [LargestMinGB=32, LargerMinGB=12, DefaultMinGB=8, SmallerMinGB=6, SmallestMinGB=0)
[2018.09.06-09.47.27:606][  0]LogInit: Setting Device Profile CVar: [[r.Vulkan.UseRealUBs:1]]
[2018.09.06-09.47.27:610][  0]LogInit: Going up to parent DeviceProfile []
[2018.09.06-09.47.27:677][  0]LogInit: Computer: MSI
[2018.09.06-09.47.27:677][  0]LogInit: User: Андрей
[2018.09.06-09.47.27:677][  0]LogInit: CPU Page size=4096, Cores=2
[2018.09.06-09.47.27:677][  0]LogInit: High frequency timer resolution =2.533320 MHz
[2018.09.06-09.47.27:677][  0]LogMemory: Memory total: Physical=7.9GB (8GB approx)
[2018.09.06-09.47.27:677][  0]LogMemory: Platform Memory Stats for Windows
[2018.09.06-09.47.27:677][  0]LogMemory: Process Physical Memory: 100.14 MB used, 100.14 MB peak
[2018.09.06-09.47.27:677][  0]LogMemory: Process Virtual Memory: 90.15 MB used, 90.15 MB peak
[2018.09.06-09.47.27:677][  0]LogMemory: Physical Memory: 5086.41 MB used,  2994.19 MB free, 8080.60 MB total
[2018.09.06-09.47.27:677][  0]LogMemory: Virtual Memory: 4627.29 MB used,  2994.19 MB free, 134217728.00 MB total
[2018.09.06-09.47.29:104][  0]LogInit: Using OS detected language (ru-RU).
[2018.09.06-09.47.29:104][  0]LogInit: Using OS detected locale (ru-RU).
[2018.09.06-09.47.29:144][  0]LogTextLocalizationManager: No specific localization for 'ru-RU' exists, so the 'ru' localization will be used.
[2018.09.06-09.47.29:340][  0]LogStreaming: Display: Took  0.217s to InitEngineTextLocalization.
[2018.09.06-09.47.29:353][  0]LogInit: Setting process to per monitor DPI aware
[2018.09.06-09.47.30:203][  0]LogSlate: New Slate User Created.  User Index 0, Is Virtual User: 0
[2018.09.06-09.47.30:203][  0]LogSlate: Slate User Registered.  User Index 0, Is Virtual User: 0
[2018.09.06-09.47.37:544][  0]LogHMD: Failed to initialize OpenVR with code 110
[2018.09.06-09.47.37:544][  0]LogD3D11RHI: D3D11 adapters:
[2018.09.06-09.47.39:463][  0]LogD3D11RHI:    0. 'NVIDIA GeForce GTX 660M' (Feature Level 11_0)
[2018.09.06-09.47.39:463][  0]LogD3D11RHI:       2007/0/4040 MB DedicatedVideo/DedicatedSystem/SharedSystem, Outputs:1, VendorId:0x10de
[2018.09.06-09.47.39:470][  0]LogD3D11RHI:    1. 'Intel(R) HD Graphics 4000' (Feature Level 11_0)
[2018.09.06-09.47.39:470][  0]LogD3D11RHI:       32/0/1760 MB DedicatedVideo/DedicatedSystem/SharedSystem, Outputs:0, VendorId:0x8086
[2018.09.06-09.47.39:511][  0]LogD3D11RHI:    2. 'Microsoft Basic Render Driver' (Feature Level 11_0)
[2018.09.06-09.47.39:511][  0]LogD3D11RHI:       0/0/4040 MB DedicatedVideo/DedicatedSystem/SharedSystem, Outputs:0, VendorId:0x1414
[2018.09.06-09.47.39:511][  0]LogD3D11RHI: Chosen D3D11 Adapter: 0
[2018.09.06-09.47.39:582][  0]LogD3D11RHI: Creating new Direct3DDevice
[2018.09.06-09.47.39:582][  0]LogD3D11RHI:     GPU DeviceId: 0xfd4 (for the marketing name, search the web for "GPU Device Id")
[2018.09.06-09.47.39:590][  0]LogWindows: EnumDisplayDevices:
[2018.09.06-09.47.39:590][  0]LogWindows:    0. 'Intel(R) HD Graphics 4000' (P:1 D:1)
[2018.09.06-09.47.39:591][  0]LogWindows:    1. 'Intel(R) HD Graphics 4000' (P:0 D:0)
[2018.09.06-09.47.39:591][  0]LogWindows:    2. 'Intel(R) HD Graphics 4000' (P:0 D:0)
[2018.09.06-09.47.39:591][  0]LogWindows: DebugString: PrimaryIsNotTheChoosenAdapter PrimaryIsNotTheChoosenAdapter PrimaryIsNotTheChoosenAdapter FoundDriverCount:0 
[2018.09.06-09.47.39:592][  0]LogD3D11RHI:     Adapter Name: NVIDIA GeForce GTX 660M
[2018.09.06-09.47.39:592][  0]LogD3D11RHI:   Driver Version: Unknown (internal:Unknown, unified:Unknown)
[2018.09.06-09.47.39:592][  0]LogD3D11RHI:      Driver Date: Unknown
[2018.09.06-09.47.39:592][  0]LogRHI: Texture pool is 1405 MB (70% of 2007 MB)
[2018.09.06-09.47.39:748][  0]LogD3D11RHI: Async texture creation enabled
[2018.09.06-09.47.40:166][  0]LogD3D11RHI: GPU Timing Frequency: 1000.000000 (Debug: 2 3)
[2018.09.06-09.47.40:267][  0]LogShaderCompilers: Guid format shader working directory is 13 characters bigger than the processId version (D:/Unreal/UnrealProject/Warhammer/Intermediate/Shaders/WorkingDirectory/20132/).
[2018.09.06-09.47.40:267][  0]LogShaderCompilers: Cleaned the shader compiler working directory 'C:/Users/Андрей/AppData/Local/Temp/UnrealShaderWorkingDir/E5734CA549CC8397EE042D9DE7FA5D14/'.
[2018.09.06-09.47.42:575][  0]LogTemp: Display: Loaded TP AllDesktopTargetPlatform
[2018.09.06-09.47.42:641][  0]LogTemp: Display: Loaded TP MacClientTargetPlatform
[2018.09.06-09.47.42:699][  0]LogTemp: Display: Loaded TP MacNoEditorTargetPlatform
[2018.09.06-09.47.42:804][  0]LogTemp: Display: Loaded TP MacServerTargetPlatform
[2018.09.06-09.47.42:881][  0]LogTemp: Display: Loaded TP MacTargetPlatform
[2018.09.06-09.47.42:967][  0]LogTemp: Display: Loaded TP WindowsClientTargetPlatform
[2018.09.06-09.47.43:006][  0]LogTemp: Display: Loaded TP WindowsNoEditorTargetPlatform
[2018.09.06-09.47.43:052][  0]LogTemp: Display: Loaded TP WindowsServerTargetPlatform
[2018.09.06-09.47.43:103][  0]LogTemp: Display: Loaded TP WindowsTargetPlatform
[2018.09.06-09.47.43:385][  0]LogTemp: Display: Loaded TP AndroidTargetPlatform
[2018.09.06-09.47.43:386][  0]LogTemp: Display: Loaded TP AndroidTargetPlatform
[2018.09.06-09.47.43:386][  0]LogTemp: Display: Loaded TP AndroidTargetPlatform
[2018.09.06-09.47.43:386][  0]LogTemp: Display: Loaded TP AndroidTargetPlatform
[2018.09.06-09.47.43:386][  0]LogTemp: Display: Loaded TP AndroidTargetPlatform
[2018.09.06-09.47.43:386][  0]LogTemp: Display: Loaded TP AndroidTargetPlatform
[2018.09.06-09.47.43:386][  0]LogTemp: Display: Loaded TP AndroidTargetPlatform
[2018.09.06-09.47.43:386][  0]LogTemp: Display: Loaded TP AndroidTargetPlatform
[2018.09.06-09.47.43:386][  0]LogTemp: Display: Loaded TP AndroidTargetPlatform
[2018.09.06-09.47.43:386][  0]LogTemp: Display: Loaded TP AndroidTargetPlatform
[2018.09.06-09.47.43:386][  0]LogTemp: Display: Loaded TP AndroidTargetPlatform
[2018.09.06-09.47.43:386][  0]LogTemp: Display: Loaded TP AndroidTargetPlatform
[2018.09.06-09.47.43:386][  0]LogTemp: Display: Loaded TP AndroidTargetPlatform
[2018.09.06-09.47.43:386][  0]LogTemp: Display: Loaded TP AndroidTargetPlatform
[2018.09.06-09.47.43:386][  0]LogTemp: Display: Loaded TP AndroidTargetPlatform
[2018.09.06-09.47.43:386][  0]LogTemp: Display: Loaded TP AndroidTargetPlatform
[2018.09.06-09.47.43:386][  0]LogTemp: Display: Loaded TP AndroidTargetPlatform
[2018.09.06-09.47.43:386][  0]LogTemp: Display: Loaded TP AndroidTargetPlatform
[2018.09.06-09.47.43:443][  0]LogTemp: Display: Loaded TP HTML5TargetPlatform
[2018.09.06-09.47.43:764][  0]LogTemp: Display: Loaded TP IOSTargetPlatform
[2018.09.06-09.47.43:764][  0]LogTemp: Display: Loaded TP IOSTargetPlatform
[2018.09.06-09.47.43:880][  0]LogTemp: Display: Loaded TP TVOSTargetPlatform
[2018.09.06-09.47.43:880][  0]LogTemp: Display: Loaded TP TVOSTargetPlatform
[2018.09.06-09.47.43:917][  0]LogTemp: Display: Loaded TP LinuxClientTargetPlatform
[2018.09.06-09.47.43:961][  0]LogTemp: Display: Loaded TP LinuxNoEditorTargetPlatform
[2018.09.06-09.47.43:998][  0]LogTemp: Display: Loaded TP LinuxServerTargetPlatform
[2018.09.06-09.47.44:102][  0]LogTemp: Display: Loaded TP LinuxTargetPlatform
[2018.09.06-09.47.44:156][  0]LogTemp: Display: Loaded TP LuminTargetPlatform
[2018.09.06-09.47.44:156][  0]LogTargetPlatformManager: Display: Building Assets For Windows
[2018.09.06-09.47.45:260][  0]LogXGEController: Cleaning working directory: C:/Users/Андрей/AppData/Local/Temp/UnrealXGEWorkingDir/
[2018.09.06-09.47.45:260][  0]LogXGEController: Cannot use XGE Controller as Incredibuild is not installed on this machine.
[2018.09.06-09.47.45:260][  0]LogShaderCompilers: Cannot use XGE Shader Compiler as Incredibuild is not installed on this machine.
[2018.09.06-09.47.45:260][  0]LogShaderCompilers: Display: Using Local Shader Compiler.
[2018.09.06-09.47.54:334][  0]LogDerivedDataCache: Display: Max Cache Size: 512 MB
[2018.09.06-09.47.55:886][  0]LogDerivedDataCache: Loaded boot cache 1.55s 71MB C:/Users/Андрей/AppData/Local/UnrealEngine/4.20/DerivedDataCache/Boot.ddc.
[2018.09.06-09.47.55:886][  0]LogDerivedDataCache: Display: Loaded Boot cache: C:/Users/Андрей/AppData/Local/UnrealEngine/4.20/DerivedDataCache/Boot.ddc
[2018.09.06-09.47.55:886][  0]LogDerivedDataCache: FDerivedDataBackendGraph:  Pak pak cache file D:/Unreal/UnrealProject/Warhammer/DerivedDataCache/DDC.ddp not found, will not use a pak cache.
[2018.09.06-09.47.55:887][  0]LogDerivedDataCache: Unable to find inner node Pak for hierarchical cache Hierarchy.
[2018.09.06-09.47.55:887][  0]LogDerivedDataCache: FDerivedDataBackendGraph:  CompressedPak pak cache file D:/Unreal/UnrealProject/Warhammer/DerivedDataCache/Compressed.ddp not found, will not use a pak cache.
[2018.09.06-09.47.55:887][  0]LogDerivedDataCache: Unable to find inner node CompressedPak for hierarchical cache Hierarchy.
[2018.09.06-09.47.55:964][  0]LogDerivedDataCache: Display: Pak cache opened for reading ../../../Engine/DerivedDataCache/Compressed.ddp.
[2018.09.06-09.47.55:977][  0]LogDerivedDataCache: Using Local data cache path C:/Users/Андрей/AppData/Local/UnrealEngine/Common/DerivedDataCache: Writable
[2018.09.06-09.47.55:977][  0]LogDerivedDataCache: Shared data cache path not found in *engine.ini, will not use an Shared cache.
[2018.09.06-09.47.55:977][  0]LogDerivedDataCache: Unable to find inner node Shared for hierarchical cache Hierarchy.
[2018.09.06-09.47.56:068][  0]LogMaterial: Verifying Global Shaders for PCD3D_SM5
[2018.09.06-09.47.56:137][  0]LogSlate: Using FreeType 2.6.0
[2018.09.06-09.47.56:222][  0]LogSlate: SlateFontServices - WITH_FREETYPE: 1, WITH_HARFBUZZ: 1
[2018.09.06-09.47.58:842][  0]LogAssetRegistry: FAssetRegistry took 0.0374 seconds to start up
[2018.09.06-09.48.07:469][  0]LogInit: Selected Device Profile: [Windows]
[2018.09.06-09.48.09:931][  0]LogSimplygon: Simplygon DLL not present - disabling.
[2018.09.06-09.48.10:139][  0]LogMeshReduction: Using SimplygonSwarm for distributed automatic mesh merging
[2018.09.06-09.48.10:140][  0]LogMeshReduction: Using ProxyLODMeshReduction for automatic mesh merging
[2018.09.06-09.48.10:160][  0]LogMeshReduction: Using QuadricMeshReduction for automatic static mesh reduction
[2018.09.06-09.48.10:160][  0]LogMeshReduction: No automatic skeletal mesh reduction module available
[2018.09.06-09.48.10:708][  0]LogNetVersion: Warhammer 1.0.0, NetCL: 4212847, EngineNetVer: 5, GameNetVer: 0 (Checksum: 587221285)
[2018.09.06-09.48.17:414][  0]LogPackageLocalizationCache: Processed 11 localized package path(s) for 2 prioritized culture(s) in 0.184065 seconds
[2018.09.06-09.48.17:461][  0]LogUObjectArray: 38425 objects as part of root set at end of initial load.
[2018.09.06-09.48.17:461][  0]LogUObjectAllocator: 6690872 out of 0 bytes used by permanent object pool.
[2018.09.06-09.48.17:461][  0]LogUObjectArray: CloseDisregardForGC: 0/0 objects in disregard for GC pool
[2018.09.06-09.48.57:312][  0]LogTcpMessaging: Initializing TcpMessaging bridge
[2018.09.06-09.48.57:389][  0]LogUdpMessaging: Initializing bridge on interface 0.0.0.0:0 to multicast group 230.0.0.1:6666.
[2018.09.06-09.48.59:330][  0]SourceControl: Source control is disabled
[2018.09.06-09.48.59:341][  0]SourceControl: Source control is disabled
[2018.09.06-09.48.59:439][  0]SourceControl: Source control is disabled
[2018.09.06-09.48.59:475][  0]SourceControl: Source control is disabled
[2018.09.06-09.49.01:683][  0]LogAndroidPermission: UAndroidPermissionCallbackProxy::GetInstance
[2018.09.06-09.49.02:161][  0]LogOcInput: OculusInput pre-init called
[2018.09.06-09.49.03:052][  0]LogEngine: Initializing Engine...
[2018.09.06-09.49.03:092][  0]LogHMD: Failed to initialize OpenVR with code 110
[2018.09.06-09.49.03:125][  0]LogStats: UGameplayTagsManager::ConstructGameplayTagTree: ImportINI prefixes -  0.000 s
[2018.09.06-09.49.03:125][  0]LogStats: UGameplayTagsManager::ConstructGameplayTagTree: Construct from data asset -  0.000 s
[2018.09.06-09.49.03:125][  0]LogStats: UGameplayTagsManager::ConstructGameplayTagTree: ImportINI -  0.000 s
[2018.09.06-09.49.03:125][  0]LogStats: UGameplayTagsManager::ConstructGameplayTagTree: GameplayTagTreeChangedEvent.Broadcast -  0.000 s
[2018.09.06-09.49.04:420][  0]LogInit: Initializing FReadOnlyCVARCache
[2018.09.06-09.49.04:951][  0]LogAIModule: Creating AISystem for world Untitled
[2018.09.06-09.49.05:388][  0]LogInit: XAudio2 using 'Динамики (Realtek High Definition Audio)' : 2 channels at 48 kHz using 32 bits per sample (channel mask 0x3)
[2018.09.06-09.49.05:511][  0]LogInit: FAudioDevice initialized.
[2018.09.06-09.49.05:511][  0]LogNetVersion: Set ProjectVersion to 1.0.0.0. Version Checksum will be recalculated on next use.
[2018.09.06-09.49.06:270][  0]LogDerivedDataCache: Saved boot cache 0.76s 71MB C:/Users/Андрей/AppData/Local/UnrealEngine/4.20/DerivedDataCache/Boot.ddc.
[2018.09.06-09.49.06:275][  0]LogInit: Texture streaming: Enabled
[2018.09.06-09.49.06:573][  0]LogEngineSessionManager: EngineSessionManager initialized
[2018.09.06-09.49.06:758][  0]LogInit: Transaction tracking system initialized
[2018.09.06-09.49.07:622][  0]BlueprintLog: New page: Editor Load
[2018.09.06-09.49.10:351][  0]LocalizationService: Localization service is disabled
[2018.09.06-09.49.16:510][  0]LogFileCache: Scanning file cache for directory 'D:/Unreal/UnrealProject/Warhammer/Content/' took 0.02s
[2018.09.06-09.49.16:510][  0]LogCook: Display: Max memory allowance for cook 16384mb min free memory 0mb
[2018.09.06-09.49.16:531][  0]LogCook: Display: Mobile HDR setting 1
[2018.09.06-09.49.16:551][  0]LogGameplayTags: Display: UGameplayTagsManager::DoneAddingNativeTags. DelegateIsBound: 0
[2018.09.06-09.49.16:552][  0]LogStats: UGameplayTagsManager::ConstructGameplayTagTree: ImportINI prefixes -  0.000 s
[2018.09.06-09.49.16:552][  0]LogStats: UGameplayTagsManager::ConstructGameplayTagTree: Construct from data asset -  0.000 s
[2018.09.06-09.49.16:552][  0]LogStats: UGameplayTagsManager::ConstructGameplayTagTree: ImportINI -  0.000 s
[2018.09.06-09.49.16:552][  0]LogStats: UGameplayTagsManager::ConstructGameplayTagTree: GameplayTagTreeChangedEvent.Broadcast -  0.000 s
[2018.09.06-09.49.22:628][  0]SourceControl: Source control is disabled
[2018.09.06-09.49.22:652][  0]Cmd: MAP LOAD FILE="../../../Engine/Content/Maps/Templates/Template_Default.umap" TEMPLATE=1 SHOWPROGRESS=1 FEATURELEVEL=3
[2018.09.06-09.49.22:689][  0]LightingResults: New page: Lighting Build
[2018.09.06-09.49.22:821][  0]MapCheck: New page: Map Check
[2018.09.06-09.49.22:821][  0]LightingResults: New page: Lighting Build
[2018.09.06-09.49.24:996][  0]LogAIModule: Creating AISystem for world Untitled_1
[2018.09.06-09.49.26:325][  0]LogEditorServer: Finished looking for orphan Actors (0.000 secs)
[2018.09.06-09.49.26:509][  0]Cmd: MAP CHECKDEP NOCLEARLOG
[2018.09.06-09.49.26:622][  0]MapCheck: Map check complete: 0 Error(s), 0 Warning(s), took 113,495ms to complete.
[2018.09.06-09.49.26:623][  0]LogFileHelpers: Loading map 'Template_Default' took 3.986
[2018.09.06-09.49.28:610][  0]LogSlate: Updating window title bar state: overlay mode, drag disabled, window buttons hidden, title bar hidden
[2018.09.06-09.49.28:636][  0]LogSlate: Updating window title bar state: overlay mode, drag disabled, window buttons hidden, title bar hidden
[2018.09.06-09.49.28:648][  0]LogSlate: Updating window title bar state: overlay mode, drag disabled, window buttons hidden, title bar hidden
[2018.09.06-09.49.28:660][  0]LogSlate: Updating window title bar state: overlay mode, drag disabled, window buttons hidden, title bar hidden
[2018.09.06-09.49.28:835][  0]LogCollectionManager: Loaded 0 collections in 0.002306 seconds
[2018.09.06-09.49.28:932][  0]LogFileCache: Scanning file cache for directory 'D:/Unreal/UnrealProject/Warhammer/Saved/Collections/' took 0.01s
[2018.09.06-09.49.28:932][  0]LogFileCache: Scanning file cache for directory 'D:/Unreal/UnrealProject/Warhammer/Content/Developers/Андрей/Collections/' took 0.01s
[2018.09.06-09.49.28:932][  0]LogFileCache: Scanning file cache for directory 'D:/Unreal/UnrealProject/Warhammer/Content/Collections/' took 0.01s
[2018.09.06-09.49.28:932][  0]LogCollectionManager: Rebuilt the GUID cache for 0 collections in 0.000001 seconds
[2018.09.06-09.49.28:949][  0]LogContentBrowser: Native class hierarchy populated in 0.0168 seconds. Added 2572 classes and 603 folders.
[2018.09.06-09.49.29:019][  0]LogContentBrowser: Native class hierarchy updated for 'WidgetCarousel' in 0.0004 seconds. Added 0 classes and 0 folders.
[2018.09.06-09.49.31:783][  0]LogContentBrowser: Native class hierarchy updated for 'AddContentDialog' in 0.0003 seconds. Added 0 classes and 0 folders.
[2018.09.06-09.49.31:838][  0]LogContentBrowser: Native class hierarchy updated for 'SceneOutliner' in 0.0005 seconds. Added 1 classes and 2 folders.
[2018.09.06-09.49.32:685][  0]LogSlate: Took 0.066110 seconds to synchronously load lazily loaded font '../../../Engine/Content/Slate/Fonts/Roboto-Regular.ttf' (155K)
[2018.09.06-09.49.32:754][  0]LogSlate: Took 0.047720 seconds to synchronously load lazily loaded font '../../../Engine/Content/Slate/Fonts/Roboto-Bold.ttf' (160K)
[2018.09.06-09.49.32:964][  0]LogSlate: Took 0.020631 seconds to synchronously load lazily loaded font '../../../Engine/Content/Editor/Slate/Fonts/FontAwesome.ttf' (139K)
[2018.09.06-09.49.33:562][  0]LogRenderer: Reallocating scene render targets to support 1208x576 Format 10 NumSamples 1 (Frame:1).
[2018.09.06-09.49.35:269][  0]LogContentBrowser: Native class hierarchy updated for 'HierarchicalLODOutliner' in 0.0016 seconds. Added 0 classes and 0 folders.
[2018.09.06-09.49.35:269][  0]LogLoad: (Engine Initialization) Total time: 158.71 seconds
[2018.09.06-09.49.35:269][  0]LogLoad: (Engine Initialization) Total Blueprint compile time: 0.00 seconds
[2018.09.06-09.49.35:462][  0]LogContentStreaming: Texture pool size now 1000 MB
[2018.09.06-09.49.36:114][  2]LogD3D11RHI: Timed out while waiting for GPU to catch up. (0.5 s)
[2018.09.06-09.49.36:309][  3]LogAssetRegistry: Asset discovery search completed in 97.4913 seconds
[2018.09.06-09.49.36:311][  3]LogCollectionManager: Rebuilt the object cache for 0 collections in 0.000000 seconds (found 0 objects)
[2018.09.06-09.49.36:311][  3]LogCollectionManager: Fixed up redirectors for 0 collections in 0.000113 seconds (updated 0 objects)
[2018.09.06-09.49.40:044][ 13]LogSlate: Took 0.338357 seconds to synchronously load lazily loaded font '../../../Engine/Content/Slate/Fonts/Roboto-Light.ttf' (167K)
[2018.09.06-09.49.59:037][183]LogSlate: FSceneViewport::OnFocusLost() reason 2
[2018.09.06-09.49.59:724][216]LogSlate: FSceneViewport::OnFocusLost() reason 2
[2018.09.06-09.50.03:502][434]LogSlate: FSceneViewport::OnFocusLost() reason 2
[2018.09.06-09.50.04:218][475]LogSlate: FSceneViewport::OnFocusLost() reason 2
[2018.09.06-09.50.04:776][506]LogSlate: FSceneViewport::OnFocusLost() reason 2
[2018.09.06-09.50.04:816][507]LogSlate: FSceneViewport::OnFocusLost() reason 2
[2018.09.06-09.50.05:219][529]LogSlate: FSceneViewport::OnFocusLost() reason 2
[2018.09.06-09.50.09:517][762]LogSlate: FSceneViewport::OnFocusLost() reason 2
[2018.09.06-09.50.13:554][869]Cmd: MAP LOAD FILE="D:/Unreal/UnrealProject/Warhammer/Content/warhammer.umap" TEMPLATE=0 SHOWPROGRESS=1 FEATURELEVEL=3
[2018.09.06-09.50.13:560][869]LogSlate: Took 0.000287 seconds to synchronously load lazily loaded font '../../../Engine/Content/Slate/Fonts/Roboto-Light.ttf' (167K)
[2018.09.06-09.50.13:579][869]LightingResults: New page: Lighting Build
[2018.09.06-09.50.13:582][869]LoadErrors: New page: Loading map: warhammer.umap
[2018.09.06-09.50.13:584][869]MapCheck: New page: Map Check
[2018.09.06-09.50.13:584][869]LightingResults: New page: Lighting Build
[2018.09.06-09.50.14:924][869]LogAIModule: Creating AISystem for world warhammer
[2018.09.06-09.50.15:172][869]LogEditorServer: Finished looking for orphan Actors (0.000 secs)
[2018.09.06-09.50.15:296][869]Cmd: MAP CHECKDEP NOCLEARLOG
[2018.09.06-09.50.15:398][869]MapCheck: Map check complete: 0 Error(s), 0 Warning(s), took 101,553ms to complete.
[2018.09.06-09.50.15:398][869]LogFileHelpers: Loading map 'warhammer' took 1.850
[2018.09.06-09.50.15:400][869]LogSlate: Window 'Open Level' being destroyed
[2018.09.06-09.50.20:485][991]LogSlate: FSceneViewport::OnFocusLost() reason 0
[2018.09.06-09.50.20:683][  0]LogTemp: Repeating last play command: Selected Viewport
[2018.09.06-09.50.20:739][  0]LogPlayLevel: PlayLevel: No blueprints needed recompiling
[2018.09.06-09.50.20:923][  0]PIE: New page: PIE session: warhammer (6 сент. 2018 г., 20:50:20)
[2018.09.06-09.50.20:923][  0]LogPlayLevel: Creating play world package: /Game/UEDPIE_0_warhammer
[2018.09.06-09.50.21:015][  0]LogPlayLevel: PIE: StaticDuplicateObject took: (0.091592s)
[2018.09.06-09.50.21:016][  0]LogAIModule: Creating AISystem for world warhammer
[2018.09.06-09.50.21:017][  0]LogPlayLevel: PIE: World Init took: (0.001602s)
[2018.09.06-09.50.21:017][  0]LogPlayLevel: PIE: Created PIE world by copying editor world from /Game/warhammer.warhammer to /Game/UEDPIE_0_warhammer.warhammer (0.093625s)
[2018.09.06-09.50.21:046][  0]LogInit: XAudio2 using 'Динамики (Realtek High Definition Audio)' : 2 channels at 48 kHz using 32 bits per sample (channel mask 0x3)
[2018.09.06-09.50.21:059][  0]LogInit: FAudioDevice initialized.
[2018.09.06-09.50.21:212][  0]LogLoad: Game class is 'GameModeBase'
[2018.09.06-09.50.21:339][  0]LogWorld: Bringing World /Game/UEDPIE_0_warhammer.warhammer up for play (max tick rate 60) at 2018.09.06-14.50.21
[2018.09.06-09.50.21:355][  0]LogWorld: Bringing up level for play took: 0.018717
[2018.09.06-09.50.21:799][  0]LogContentBrowser: Native class hierarchy updated for 'MovieSceneCapture' in 0.0017 seconds. Added 10 classes and 0 folders.
[2018.09.06-09.50.21:830][  0]PIE: Play in editor start time for /Game/UEDPIE_0_warhammer 0,566
[2018.09.06-09.50.54:233][853]LogSlate: Updating window title bar state: overlay mode, drag disabled, window buttons hidden, title bar hidden
[2018.09.06-09.50.54:526][853]LogPlayLevel: Display: Shutting down PIE online subsystems
[2018.09.06-09.50.54:565][853]LogSlate: Updating window title bar state: overlay mode, drag disabled, window buttons hidden, title bar hidden
[2018.09.06-09.50.54:676][854]LogPlayLevel: Display: Destroying online subsystem :Context_4
[2018.09.06-09.50.57:400][899]LogSlate: FSceneViewport::OnFocusLost() reason 0
[2018.09.06-09.51.20:695][333]LogWindowsTextInputMethodSystem: Display: IME system now deactivated.
[2018.09.06-09.51.20:695][333]LogWindowsTextInputMethodSystem: Display: IME system now deactivated.
[2018.09.06-09.51.31:104][526]LogTemp: Repeating last play command: Selected Viewport
[2018.09.06-09.51.31:188][526]LogPlayLevel: PlayLevel: No blueprints needed recompiling
[2018.09.06-09.51.31:188][526]PIE: New page: PIE session: warhammer (6 сент. 2018 г., 20:51:31)
[2018.09.06-09.51.31:189][526]LogPlayLevel: Creating play world package: /Game/UEDPIE_0_warhammer
[2018.09.06-09.51.31:201][526]LogPlayLevel: PIE: StaticDuplicateObject took: (0.012193s)
[2018.09.06-09.51.31:206][526]LogAIModule: Creating AISystem for world warhammer
[2018.09.06-09.51.31:207][526]LogPlayLevel: PIE: World Init took: (0.005539s)
[2018.09.06-09.51.31:207][526]LogPlayLevel: PIE: Created PIE world by copying editor world from /Game/warhammer.warhammer to /Game/UEDPIE_0_warhammer.warhammer (0.018317s)
[2018.09.06-09.51.31:348][526]LogInit: XAudio2 using 'Динамики (Realtek High Definition Audio)' : 2 channels at 48 kHz using 32 bits per sample (channel mask 0x3)
[2018.09.06-09.51.31:448][526]LogInit: FAudioDevice initialized.
[2018.09.06-09.51.31:498][526]LogLoad: Game class is 'GameModeBase'
[2018.09.06-09.51.31:502][526]LogWorld: Bringing World /Game/UEDPIE_0_warhammer.warhammer up for play (max tick rate 60) at 2018.09.06-14.51.31
[2018.09.06-09.51.31:503][526]LogWorld: Bringing up level for play took: 0.003660
[2018.09.06-09.51.31:520][526]PIE: Play in editor start time for /Game/UEDPIE_0_warhammer 0,256
[2018.09.06-09.52.12:276][625]LogSlate: Updating window title bar state: overlay mode, drag disabled, window buttons hidden, title bar hidden
[2018.09.06-09.52.12:351][625]LogPlayLevel: Display: Shutting down PIE online subsystems
[2018.09.06-09.52.12:380][625]LogSlate: Updating window title bar state: overlay mode, drag disabled, window buttons hidden, title bar hidden
[2018.09.06-09.52.12:438][626]LogPlayLevel: Display: Destroying online subsystem :Context_8
[2018.09.06-09.52.16:431][691]LogSlate: FSceneViewport::OnFocusLost() reason 0
[2018.09.06-09.52.30:595][888]LogAssetEditorManager: Opening Asset editor for AnimSequence /Game/3D/Models/Characters/Astartes_Anim_Jump_End.Astartes_Anim_Jump_End
[2018.09.06-09.52.30:859][888]LogContentBrowser: Native class hierarchy updated for 'SkeletonEditor' in 0.0004 seconds. Added 1 classes and 2 folders.
[2018.09.06-09.52.31:525][888]LogActorComponent: RegisterComponentWithWorld: (/Engine/Transient.World_6:PersistentLevel.AnimationEditorPreviewActor_0.DebugSkelMeshComponent_0) Already registered. Aborting.
[2018.09.06-09.52.31:547][888]LogContentBrowser: Native class hierarchy updated for 'PinnedCommandList' in 0.0007 seconds. Added 1 classes and 0 folders.
[2018.09.06-09.52.32:408][888]LogSkeletalMesh: USkeletalMeshComponent::InitArticulated : Bodies already created (/Engine/Transient.World_6:PersistentLevel.AnimationEditorPreviewActor_0.DebugSkelMeshComponent_0) - call TermArticulated first.
[2018.09.06-09.52.34:357][888]LogContentBrowser: Native class hierarchy updated for 'ClothingSystemEditorInterface' in 0.0005 seconds. Added 1 classes and 0 folders.
[2018.09.06-09.52.34:553][889]LogContentBrowser: Verbose: The majority of assets in the view are of type: AnimSequence
[2018.09.06-09.52.55:863][277]LogSlate: FSceneViewport::OnFocusLost() reason 0
[2018.09.06-09.52.56:113][282]LogSlate: Window 'Astartes_Anim_Jump_End' being destroyed
[2018.09.06-09.52.56:172][282]LogSlate: Window 'Astartes_Anim_Jump_End' being destroyed
[2018.09.06-09.53.00:116][327]LogSlate: FSceneViewport::OnFocusLost() reason 0
[2018.09.06-09.53.02:902][363]LogAssetEditorManager: Opening Asset editor for AnimSequence /Game/3D/Models/Characters/Astartes_Anim_Jump_start.Astartes_Anim_Jump_start
[2018.09.06-09.53.02:972][363]LogActorComponent: RegisterComponentWithWorld: (/Engine/Transient.World_9:PersistentLevel.AnimationEditorPreviewActor_0.DebugSkelMeshComponent_0) Already registered. Aborting.
[2018.09.06-09.53.03:043][363]LogSkeletalMesh: USkeletalMeshComponent::InitArticulated : Bodies already created (/Engine/Transient.World_9:PersistentLevel.AnimationEditorPreviewActor_0.DebugSkelMeshComponent_0) - call TermArticulated first.
[2018.09.06-09.53.03:691][363]LogContentBrowser: Verbose: The majority of assets in the view are of type: AnimSequence
[2018.09.06-09.53.12:054][511]LogSlate: FSceneViewport::OnFocusLost() reason 0
[2018.09.06-09.53.12:262][515]LogSlate: Window 'Astartes_Anim_Jump_start' being destroyed
[2018.09.06-09.53.12:297][515]LogSlate: Window 'Astartes_Anim_Jump_start' being destroyed
[2018.09.06-09.53.14:314][533]LogSlate: FSceneViewport::OnFocusLost() reason 0
[2018.09.06-09.53.14:568][535]LogAssetEditorManager: Opening Asset editor for AnimSequence /Game/3D/Models/Characters/Astartes_Anim_Jump_Fly.Astartes_Anim_Jump_Fly
[2018.09.06-09.53.14:634][535]LogActorComponent: RegisterComponentWithWorld: (/Engine/Transient.World_12:PersistentLevel.AnimationEditorPreviewActor_0.DebugSkelMeshComponent_0) Already registered. Aborting.
[2018.09.06-09.53.14:799][535]LogSkeletalMesh: USkeletalMeshComponent::InitArticulated : Bodies already created (/Engine/Transient.World_12:PersistentLevel.AnimationEditorPreviewActor_0.DebugSkelMeshComponent_0) - call TermArticulated first.
[2018.09.06-09.53.16:195][535]LogContentBrowser: Verbose: The majority of assets in the view are of type: AnimSequence
[2018.09.06-09.53.27:862][754]LogSlate: FSceneViewport::OnFocusLost() reason 0
[2018.09.06-09.53.28:071][758]LogSlate: Window 'Astartes_Anim_Jump_Fly' being destroyed
[2018.09.06-09.53.28:128][758]LogSlate: Window 'Astartes_Anim_Jump_Fly' being destroyed
[2018.09.06-09.53.29:592][769]LogSlate: FSceneViewport::OnFocusLost() reason 0
[2018.09.06-09.53.29:843][771]LogAssetEditorManager: Opening Asset editor for AnimSequence /Game/3D/Models/Characters/Astartes_Anim_Jump_End.Astartes_Anim_Jump_End
[2018.09.06-09.53.29:892][771]LogActorComponent: RegisterComponentWithWorld: (/Engine/Transient.World_15:PersistentLevel.AnimationEditorPreviewActor_0.DebugSkelMeshComponent_0) Already registered. Aborting.
[2018.09.06-09.53.30:076][771]LogSkeletalMesh: USkeletalMeshComponent::InitArticulated : Bodies already created (/Engine/Transient.World_15:PersistentLevel.AnimationEditorPreviewActor_0.DebugSkelMeshComponent_0) - call TermArticulated first.
[2018.09.06-09.53.30:732][771]LogContentBrowser: Verbose: The majority of assets in the view are of type: AnimSequence
[2018.09.06-09.53.48:885][109]LogSlate: FSceneViewport::OnFocusLost() reason 0
[2018.09.06-09.53.49:094][113]LogSlate: Window 'Astartes_Anim_Jump_End' being destroyed
[2018.09.06-09.53.49:153][113]LogSlate: Window 'Astartes_Anim_Jump_End' being destroyed
[2018.09.06-09.55.14:140][ 53]LogEditorViewport: Clicking on Actor (LMB): StaticMeshActor (Floor)
[2018.09.06-09.55.22:955][222]LogSlate: FSceneViewport::OnFocusLost() reason 0
[2018.09.06-09.55.29:382][316]LogAssetEditorManager: Opening Asset editor for BlendSpace /Game/Code/Characters/Movement.Movement
[2018.09.06-09.55.29:461][316]LogActorComponent: RegisterComponentWithWorld: (/Engine/Transient.World_20:PersistentLevel.AnimationEditorPreviewActor_0.DebugSkelMeshComponent_0) Already registered. Aborting.
[2018.09.06-09.55.29:539][316]LogSkeletalMesh: USkeletalMeshComponent::InitArticulated : Bodies already created (/Engine/Transient.World_20:PersistentLevel.AnimationEditorPreviewActor_0.DebugSkelMeshComponent_0) - call TermArticulated first.
[2018.09.06-09.55.30:131][316]LogContentBrowser: Verbose: The majority of assets in the view are of type: AnimSequence
[2018.09.06-09.55.34:625][393]LogSlate: Window 'Movement' being destroyed
[2018.09.06-09.55.34:688][393]LogSlate: Window 'Movement' being destroyed
[2018.09.06-09.55.36:354][415]LogSlate: FSceneViewport::OnFocusLost() reason 0
[2018.09.06-09.55.36:566][417]LogAssetEditorManager: Opening Asset editor for Blueprint /Game/Code/Characters/NewBlueprint.NewBlueprint
[2018.09.06-09.55.37:713][417]LogContentBrowser: Native class hierarchy updated for 'BlueprintGraph' in 0.0010 seconds. Added 116 classes and 0 folders.
[2018.09.06-09.55.39:149][417]LogSlate: Took 0.006070 seconds to synchronously load lazily loaded font '../../../Engine/Content/Slate/Fonts/Roboto-BoldCondensed.ttf' (158K)
[2018.09.06-09.55.39:396][418]LogSlate: Took 0.008783 seconds to synchronously load lazily loaded font '../../../Engine/Content/Slate/Fonts/Roboto-Italic.ttf' (157K)
[2018.09.06-09.55.42:116][480]LogSlate: Window 'NewBlueprint' being destroyed
[2018.09.06-09.55.42:162][480]LogSlate: Window 'NewBlueprint' being destroyed
[2018.09.06-09.55.43:721][503]LogSlate: FSceneViewport::OnFocusLost() reason 0
[2018.09.06-09.55.43:988][505]LogAssetEditorManager: Opening Asset editor for AnimBlueprint /Game/Code/Characters/Character_Anim.Character_Anim
[2018.09.06-09.55.44:115][505]LogActorComponent: RegisterComponentWithWorld: (/Engine/Transient.World_24:PersistentLevel.AnimationEditorPreviewActor_0.DebugSkelMeshComponent_0) Already registered. Aborting.
[2018.09.06-09.55.44:585][505]LogSkeletalMesh: USkeletalMeshComponent::InitArticulated : Bodies already created (/Engine/Transient.World_24:PersistentLevel.AnimationEditorPreviewActor_0.DebugSkelMeshComponent_0) - call TermArticulated first.
[2018.09.06-09.55.45:222][505]LogContentBrowser: Verbose: The majority of assets in the view are of type: AnimSequence
[2018.09.06-09.56.43:835][554]LogSlate: Window 'Character_Anim' being destroyed
[2018.09.06-09.56.43:890][554]LogSlate: Window 'Character_Anim' being destroyed
[2018.09.06-09.57.05:495][825]LogSlate: FSceneViewport::OnFocusLost() reason 0
[2018.09.06-09.57.17:006][  4]LogAssetEditorManager: Opening Asset editor for BlendSpace /Game/Code/Characters/Movement.Movement
[2018.09.06-09.57.17:094][  4]LogActorComponent: RegisterComponentWithWorld: (/Engine/Transient.World_26:PersistentLevel.AnimationEditorPreviewActor_0.DebugSkelMeshComponent_0) Already registered. Aborting.
[2018.09.06-09.57.17:170][  4]LogSkeletalMesh: USkeletalMeshComponent::InitArticulated : Bodies already created (/Engine/Transient.World_26:PersistentLevel.AnimationEditorPreviewActor_0.DebugSkelMeshComponent_0) - call TermArticulated first.
[2018.09.06-09.57.17:762][  4]LogContentBrowser: Verbose: The majority of assets in the view are of type: AnimSequence
[2018.09.06-09.57.21:254][ 62]LogAssetEditorManager: Opening Asset editor for AnimBlueprint /Game/Code/Characters/Character_Anim.Character_Anim
[2018.09.06-09.57.21:327][ 62]LogActorComponent: RegisterComponentWithWorld: (/Engine/Transient.World_29:PersistentLevel.AnimationEditorPreviewActor_0.DebugSkelMeshComponent_0) Already registered. Aborting.
[2018.09.06-09.57.21:751][ 62]LogSkeletalMesh: USkeletalMeshComponent::InitArticulated : Bodies already created (/Engine/Transient.World_29:PersistentLevel.AnimationEditorPreviewActor_0.DebugSkelMeshComponent_0) - call TermArticulated first.
[2018.09.06-09.57.22:353][ 62]LogContentBrowser: Verbose: The majority of assets in the view are of type: AnimSequence
[2018.09.06-09.59.35:164][350]LogSlate: FSceneViewport::OnFocusLost() reason 0
[2018.09.06-10.00.41:472][458]LogSlate: FSceneViewport::OnFocusLost() reason 0
[2018.09.06-10.01.26:245][194]LogSlate: FSceneViewport::OnFocusLost() reason 0
[2018.09.06-10.02.09:982][980]LogSlate: Window 'Character_Anim' being destroyed
[2018.09.06-10.02.10:035][980]LogSlate: Window 'Character_Anim' being destroyed
[2018.09.06-10.02.16:715][ 94]LogSlate: FSceneViewport::OnFocusLost() reason 2
[2018.09.06-10.03.00:056][165]Cmd: OBJ SAVEPACKAGE PACKAGE="/Game/warhammer" FILE="D:/Unreal/UnrealProject/Warhammer/Saved/Autosaves/Game/warhammer_Auto1.umap" SILENT=true AUTOSAVING=true KEEPDIRTY=false
[2018.09.06-10.03.00:127][165]LogSavePackage: Moving 'D:/Unreal/UnrealProject/Warhammer/Saved/warhammer_Auto14CBB76A04D8B8321BD04B3B76275AA83.tmp' to 'D:/Unreal/UnrealProject/Warhammer/Saved/Autosaves/Game/warhammer_Auto1.umap'
[2018.09.06-10.03.00:130][165]LogFileHelpers: Editor autosave (incl. sublevels) for '/Game/warhammer' took 0.177
[2018.09.06-10.03.00:130][165]LogFileHelpers: Editor autosave (incl. sublevels) for all levels took 0.177
[2018.09.06-10.03.04:839][226]LogAssetEditorManager: Opening Asset editor for Blueprint /Game/Code/Characters/Main_Character.Main_Character
[2018.09.06-10.03.08:050][278]LogSlate: Window 'Main_Character' being destroyed
[2018.09.06-10.03.08:102][278]LogSlate: Window 'Main_Character' being destroyed
[2018.09.06-10.03.11:258][326]LogAssetEditorManager: Opening Asset editor for Blueprint /Game/Code/Characters/NewBlueprint.NewBlueprint
[2018.09.06-10.04.55:181][916]LogSlate: FSceneViewport::OnFocusLost() reason 0
[2018.09.06-10.04.55:435][920]LogSlate: Window 'NewBlueprint' being destroyed
[2018.09.06-10.04.55:508][920]LogSlate: Window 'NewBlueprint' being destroyed
[2018.09.06-10.05.00:819][967]LogSlate: Window 'Save Content' being destroyed
[2018.09.06-10.05.00:979][967]Cmd: OBJ SAVEPACKAGE PACKAGE="/Game/warhammer" FILE="D:/Unreal/UnrealProject/Warhammer/Content/warhammer.umap" SILENT=true AUTOSAVING=false KEEPDIRTY=false
[2018.09.06-10.05.01:078][967]LogSavePackage: Moving 'D:/Unreal/UnrealProject/Warhammer/Saved/warhammerB9BA64A649F75D0649C638A2AD37D9F8.tmp' to 'D:/Unreal/UnrealProject/Warhammer/Content/warhammer.umap'
[2018.09.06-10.05.01:125][967]LogFileHelpers: Saving map 'warhammer' took 0.268
[2018.09.06-10.05.01:264][967]LogSlate: Window 'Warhammer - Unreal Editor' being destroyed
[2018.09.06-10.05.01:510][968]Cmd: QUIT_EDITOR
[2018.09.06-10.05.01:775][968]LogWindowsTextInputMethodSystem: Display: IME system now deactivated.
[2018.09.06-10.05.01:786][968]LogExit: Preparing to exit.
