Log file open, 09/16/18 20:03:38
LogWindows: Failed to load 'aqProf.dll' (GetLastError=126)
LogWindows: File 'aqProf.dll' does not exist
LogWindows: Failed to load 'VtuneApi.dll' (GetLastError=126)
LogWindows: File 'VtuneApi.dll' does not exist
LogWindows: Failed to load 'VtuneApi32e.dll' (GetLastError=126)
LogWindows: File 'VtuneApi32e.dll' does not exist
LogInit: Display: Running engine for game: Warhammer
LogPlatformFile: Not using cached read wrapper
LogTaskGraph: Started task graph with 5 named threads and 11 total threads with 3 sets of task threads.
LogStats: Stats thread started at 0.351688
LogD3D11RHI: Loaded GFSDK_Aftermath_Lib.x64.dll
LogICUInternationalization: Display: ICU TimeZone Detection - Raw Offset: +6:00, Platform Override: ''
LogPluginManager: Mounting plugin Paper2D
LogPluginManager: Mounting plugin AISupport
LogPluginManager: Mounting plugin LightPropagationVolume
LogPluginManager: Mounting plugin CLionSourceCodeAccess
LogPluginManager: Mounting plugin CodeLiteSourceCodeAccess
LogPluginManager: Mounting plugin GitSourceControl
LogPluginManager: Mounting plugin KDevelopSourceCodeAccess
LogPluginManager: Mounting plugin NullSourceCodeAccess
LogPluginManager: Mounting plugin PerforceSourceControl
LogPluginManager: Mounting plugin SubversionSourceControl
LogPluginManager: Mounting plugin UObjectPlugin
LogPluginManager: Mounting plugin VisualStudioCodeSourceCodeAccess
LogPluginManager: Mounting plugin VisualStudioSourceCodeAccess
LogPluginManager: Mounting plugin XCodeSourceCodeAccess
LogPluginManager: Mounting plugin AssetManagerEditor
LogPluginManager: Mounting plugin CryptoKeys
LogPluginManager: Mounting plugin DataValidation
LogPluginManager: Mounting plugin FacialAnimation
LogPluginManager: Mounting plugin GameplayTagsEditor
LogPluginManager: Mounting plugin MacGraphicsSwitching
LogPluginManager: Mounting plugin MeshEditor
LogPluginManager: Mounting plugin MobileLauncherProfileWizard
LogPluginManager: Mounting plugin PluginBrowser
LogPluginManager: Mounting plugin SpeedTreeImporter
LogPluginManager: Mounting plugin DatasmithContent
LogPluginManager: Mounting plugin AlembicImporter
LogPluginManager: Mounting plugin AppleImageUtils
LogPluginManager: Mounting plugin AppleVision
LogPluginManager: Mounting plugin BackChannel
LogPluginManager: Mounting plugin CharacterAI
LogPluginManager: Mounting plugin GeometryCache
LogPluginManager: Mounting plugin HTML5Networking
LogPluginManager: Mounting plugin ProxyLODPlugin
LogPluginManager: Mounting plugin MagicLeap
LogPluginManager: Mounting plugin MagicLeapEmulator
LogPluginManager: Mounting plugin MagicLeapMedia
LogPluginManager: Mounting plugin AndroidMedia
LogPluginManager: Mounting plugin AvfMedia
LogPluginManager: Mounting plugin ImgMedia
LogPluginManager: Mounting plugin LinearTimecode
LogPluginManager: Mounting plugin MediaCompositing
LogPluginManager: Mounting plugin MediaPlayerEditor
LogPluginManager: Mounting plugin WmfMedia
LogPluginManager: Mounting plugin TcpMessaging
LogPluginManager: Mounting plugin UdpMessaging
LogPluginManager: Mounting plugin ActorSequence
LogPluginManager: Mounting plugin LevelSequenceEditor
LogPluginManager: Mounting plugin MatineeToLevelSequence
LogPluginManager: Mounting plugin NetcodeUnitTest
LogPluginManager: Mounting plugin NUTUnrealEngine4
LogPluginManager: Mounting plugin OnlineSubsystemGooglePlay
LogPluginManager: Mounting plugin OnlineSubsystemIOS
LogPluginManager: Mounting plugin OnlineSubsystem
LogPluginManager: Mounting plugin OnlineSubsystemNull
LogPluginManager: Mounting plugin OnlineSubsystemUtils
LogPluginManager: Mounting plugin LauncherChunkInstaller
LogPluginManager: Mounting plugin AndroidDeviceProfileSelector
LogPluginManager: Mounting plugin AndroidMoviePlayer
LogPluginManager: Mounting plugin AndroidPermission
LogPluginManager: Mounting plugin AppleMoviePlayer
LogPluginManager: Mounting plugin ArchVisCharacter
LogPluginManager: Mounting plugin AudioCapture
LogPluginManager: Mounting plugin CableComponent
LogPluginManager: Mounting plugin CustomMeshComponent
LogPluginManager: Mounting plugin EditableMesh
LogPluginManager: Mounting plugin ExampleDeviceProfileSelector
LogPluginManager: Mounting plugin GoogleCloudMessaging
LogPluginManager: Mounting plugin ImmediatePhysics
LogPluginManager: Mounting plugin IOSDeviceProfileSelector
LogPluginManager: Mounting plugin LinuxDeviceProfileSelector
LogPluginManager: Mounting plugin LocationServicesBPLibrary
LogPluginManager: Mounting plugin MobilePatchingUtils
LogPluginManager: Mounting plugin OculusVR
LogPluginManager: Plugin shader directory ../../../Engine/Plugins/Runtime/Oculus/OculusVR/Shaders found
LogPluginManager: Mapping shader source directory ../../../Engine/Plugins/Runtime/Oculus/OculusVR/Shaders to virtual directory /Plugin/OculusVR
LogPluginManager: Mounting plugin PhysXVehicles
LogPluginManager: Mounting plugin ProceduralMeshComponent
LogPluginManager: Mounting plugin RuntimePhysXCooking
LogPluginManager: Mounting plugin SteamVR
LogPluginManager: Mounting plugin WindowsMoviePlayer
LogStreaming: Display: Took  1.404s to configure plugins.
LogInit: Using libcurl 7.55.1-DEV
LogInit:  - built for x86_64-pc-win32
LogInit:  - supports SSL with OpenSSL/1.0.2h
LogInit:  - supports HTTP deflate (compression) using libz 1.2.8
LogInit:  - other features:
LogInit:      CURL_VERSION_SSL
LogInit:      CURL_VERSION_LIBZ
LogInit:      CURL_VERSION_IPV6
LogInit:      CURL_VERSION_ASYNCHDNS
LogInit:      CURL_VERSION_LARGEFILE
LogInit:      CURL_VERSION_IDN
LogInit:  CurlRequestOptions (configurable via config and command line):
LogInit:  - bVerifyPeer = false  - Libcurl will NOT verify peer certificate
LogInit:  - bUseHttpProxy = false  - Libcurl will NOT use HTTP proxy
LogInit:  - bDontReuseConnections = false  - Libcurl will reuse connections
LogInit:  - CertBundlePath = nullptr  - Libcurl will use whatever was configured at build time.
LogInit:  - MaxHostConnections = 16  - Libcurl will limit the number of connections to a host
LogInit:  - LocalHostAddr = Default
LogInit:  - BufferSize = 65536
LogInit: WinSock: version 1.1 (2.2), MaxSocks=32767, MaxUdp=65467
LogInit: Build: ++UE4+Release-4.20-CL-4302132
LogInit: Engine Version: 4.20.2-4302132+++UE4+Release-4.20
LogInit: Compatible Engine Version: 4.20.0-4212847+++UE4+Release-4.20
LogInit: Net CL: 4212847
LogInit: OS: Windows 10 (), CPU:        Intel(R) Core(TM) i5-3230M CPU @ 2.60GHz, GPU: Intel(R) HD Graphics 4000
LogInit: Compiled (64-bit): Aug 21 2018 02:06:06
LogInit: Compiled with Visual C++: 19.13.26129.00
LogInit: Build Configuration: Development
LogInit: Branch Name: ++UE4+Release-4.20
LogInit: Command Line:  
LogInit: Base Directory: C:/Program Files/Epic Games/UE_4.20/Engine/Binaries/Win64/
LogInit: Installed Engine Build: 1
LogDevObjectVersion: Number of dev versions registered: 20
LogDevObjectVersion:   Dev-Blueprints (B0D832E4-1F89-4F0D-ACCF-7EB736FD4AA2): 10
LogDevObjectVersion:   Dev-Build (E1C64328-A22C-4D53-A36C-8E866417BD8C): 0
LogDevObjectVersion:   Dev-Core (375EC13C-06E4-48FB-B500-84F0262A717E): 2
LogDevObjectVersion:   Dev-Editor (E4B068ED-F494-42E9-A231-DA0B2E46BB41): 24
LogDevObjectVersion:   Dev-Framework (CFFC743F-43B0-4480-9391-14DF171D2073): 34
LogDevObjectVersion:   Dev-Mobile (B02B49B5-BB20-44E9-A304-32B752E40360): 2
LogDevObjectVersion:   Dev-Networking (A4E4105C-59A1-49B5-A7C5-40C4547EDFEE): 0
LogDevObjectVersion:   Dev-Online (39C831C9-5AE6-47DC-9A44-9C173E1C8E7C): 0
LogDevObjectVersion:   Dev-Physics (78F01B33-EBEA-4F98-B9B4-84EACCB95AA2): 0
LogDevObjectVersion:   Dev-Platform (6631380F-2D4D-43E0-8009-CF276956A95A): 0
LogDevObjectVersion:   Dev-Rendering (12F88B9F-8875-4AFC-A67C-D90C383ABD29): 26
LogDevObjectVersion:   Dev-Sequencer (7B5AE74C-D270-4C10-A958-57980B212A5A): 9
LogDevObjectVersion:   Dev-VR (D7296918-1DD6-4BDD-9DE2-64A83CC13884): 2
LogDevObjectVersion:   Dev-LoadTimes (C2A15278-BFE7-4AFE-6C17-90FF531DF755): 1
LogDevObjectVersion:   Private-Geometry (6EACA3D4-40EC-4CC1-B786-8BED09428FC5): 3
LogDevObjectVersion:   Dev-AnimPhys (29E575DD-E0A3-4627-9D10-D276232CDCEA): 17
LogDevObjectVersion:   Dev-ReflectionCapture (6B266CEC-1EC7-4B8F-A30B-E4D90942FC07): 1
LogDevObjectVersion:   Dev-Automation (0DF73D61-A23F-47EA-B727-89E90C41499A): 1
LogDevObjectVersion:   FortniteMain (601D1886-AC64-4F84-AA16-D3DE0DEAC7D6): 12
LogDevObjectVersion:   Dev-Enterprise (9DFFBCD6-494F-0158-E221-12823C92A888): 1
LogStreaming: Display: Took  0.022s to delete old logs.
LogInit: Presizing for max 8388607 objects, including 0 objects not considered by GC, pre-allocating 0 bytes for permanent pool.
LogInit: Object subsystem initialized
[2018.09.16-15.03.40:596][  0]LogInit: Selected Device Profile: [Windows]
[2018.09.16-15.03.40:596][  0]LogInit: Applying CVar settings loaded from the selected device profile: [Windows]
[2018.09.16-15.03.40:680][  0]LogHAL: Display: Platform has ~ 8 GB [8473120768 / 8589934592 / 8], which maps to Default [LargestMinGB=32, LargerMinGB=12, DefaultMinGB=8, SmallerMinGB=6, SmallestMinGB=0)
[2018.09.16-15.03.40:680][  0]LogInit: Setting Device Profile CVar: [[r.Vulkan.UseRealUBs:1]]
[2018.09.16-15.03.40:680][  0]LogInit: Going up to parent DeviceProfile []
[2018.09.16-15.03.40:704][  0]LogInit: Computer: MSI
[2018.09.16-15.03.40:704][  0]LogInit: User: Андрей
[2018.09.16-15.03.40:704][  0]LogInit: CPU Page size=4096, Cores=2
[2018.09.16-15.03.40:704][  0]LogInit: High frequency timer resolution =2.533317 MHz
[2018.09.16-15.03.40:705][  0]LogMemory: Memory total: Physical=7.9GB (8GB approx)
[2018.09.16-15.03.40:705][  0]LogMemory: Platform Memory Stats for Windows
[2018.09.16-15.03.40:705][  0]LogMemory: Process Physical Memory: 101.47 MB used, 101.47 MB peak
[2018.09.16-15.03.40:705][  0]LogMemory: Process Virtual Memory: 92.34 MB used, 92.34 MB peak
[2018.09.16-15.03.40:705][  0]LogMemory: Physical Memory: 5178.98 MB used,  2901.62 MB free, 8080.60 MB total
[2018.09.16-15.03.40:705][  0]LogMemory: Virtual Memory: 4629.36 MB used,  2901.62 MB free, 134217728.00 MB total
[2018.09.16-15.03.41:392][  0]LogInit: Using OS detected language (ru-RU).
[2018.09.16-15.03.41:392][  0]LogInit: Using OS detected locale (ru-RU).
[2018.09.16-15.03.41:393][  0]LogTextLocalizationManager: No specific localization for 'ru-RU' exists, so the 'ru' localization will be used.
[2018.09.16-15.03.41:469][  0]LogStreaming: Display: Took  0.077s to InitEngineTextLocalization.
[2018.09.16-15.03.41:469][  0]LogInit: Setting process to per monitor DPI aware
[2018.09.16-15.03.41:663][  0]LogSlate: New Slate User Created.  User Index 0, Is Virtual User: 0
[2018.09.16-15.03.41:663][  0]LogSlate: Slate User Registered.  User Index 0, Is Virtual User: 0
[2018.09.16-15.03.49:335][  0]LogHMD: Failed to initialize OpenVR with code 110
[2018.09.16-15.03.49:335][  0]LogD3D11RHI: D3D11 adapters:
[2018.09.16-15.03.49:430][  0]LogD3D11RHI:    0. 'NVIDIA GeForce GTX 660M' (Feature Level 11_0)
[2018.09.16-15.03.49:430][  0]LogD3D11RHI:       2007/0/4040 MB DedicatedVideo/DedicatedSystem/SharedSystem, Outputs:1, VendorId:0x10de
[2018.09.16-15.03.49:437][  0]LogD3D11RHI:    1. 'Intel(R) HD Graphics 4000' (Feature Level 11_0)
[2018.09.16-15.03.49:437][  0]LogD3D11RHI:       32/0/1760 MB DedicatedVideo/DedicatedSystem/SharedSystem, Outputs:0, VendorId:0x8086
[2018.09.16-15.03.49:439][  0]LogD3D11RHI:    2. 'Microsoft Basic Render Driver' (Feature Level 11_0)
[2018.09.16-15.03.49:439][  0]LogD3D11RHI:       0/0/4040 MB DedicatedVideo/DedicatedSystem/SharedSystem, Outputs:0, VendorId:0x1414
[2018.09.16-15.03.49:439][  0]LogD3D11RHI: Chosen D3D11 Adapter: 0
[2018.09.16-15.03.49:471][  0]LogD3D11RHI: Creating new Direct3DDevice
[2018.09.16-15.03.49:471][  0]LogD3D11RHI:     GPU DeviceId: 0xfd4 (for the marketing name, search the web for "GPU Device Id")
[2018.09.16-15.03.49:471][  0]LogWindows: EnumDisplayDevices:
[2018.09.16-15.03.49:471][  0]LogWindows:    0. 'Intel(R) HD Graphics 4000' (P:1 D:1)
[2018.09.16-15.03.49:472][  0]LogWindows:    1. 'Intel(R) HD Graphics 4000' (P:0 D:0)
[2018.09.16-15.03.49:472][  0]LogWindows:    2. 'Intel(R) HD Graphics 4000' (P:0 D:0)
[2018.09.16-15.03.49:473][  0]LogWindows: DebugString: PrimaryIsNotTheChoosenAdapter PrimaryIsNotTheChoosenAdapter PrimaryIsNotTheChoosenAdapter FoundDriverCount:0 
[2018.09.16-15.03.49:473][  0]LogD3D11RHI:     Adapter Name: NVIDIA GeForce GTX 660M
[2018.09.16-15.03.49:473][  0]LogD3D11RHI:   Driver Version: Unknown (internal:Unknown, unified:Unknown)
[2018.09.16-15.03.49:473][  0]LogD3D11RHI:      Driver Date: Unknown
[2018.09.16-15.03.49:473][  0]LogRHI: Texture pool is 1405 MB (70% of 2007 MB)
[2018.09.16-15.03.49:534][  0]LogD3D11RHI: Async texture creation enabled
[2018.09.16-15.03.49:552][  0]LogD3D11RHI: GPU Timing Frequency: 1000.000000 (Debug: 2 2)
[2018.09.16-15.03.49:555][  0]LogShaderCompilers: Guid format shader working directory is 14 characters bigger than the processId version (D:/Unreal/UnrealProject/Warhammer/Intermediate/Shaders/WorkingDirectory/3292/).
[2018.09.16-15.03.49:555][  0]LogShaderCompilers: Cleaned the shader compiler working directory 'C:/Users/Андрей/AppData/Local/Temp/UnrealShaderWorkingDir/1AD12B124A9108713243C88AFF909CC9/'.
[2018.09.16-15.03.50:558][  0]LogTemp: Display: Loaded TP AllDesktopTargetPlatform
[2018.09.16-15.03.50:604][  0]LogTemp: Display: Loaded TP MacClientTargetPlatform
[2018.09.16-15.03.50:645][  0]LogTemp: Display: Loaded TP MacNoEditorTargetPlatform
[2018.09.16-15.03.50:710][  0]LogTemp: Display: Loaded TP MacServerTargetPlatform
[2018.09.16-15.03.50:805][  0]LogTemp: Display: Loaded TP MacTargetPlatform
[2018.09.16-15.03.50:868][  0]LogTemp: Display: Loaded TP WindowsClientTargetPlatform
[2018.09.16-15.03.50:906][  0]LogTemp: Display: Loaded TP WindowsNoEditorTargetPlatform
[2018.09.16-15.03.50:944][  0]LogTemp: Display: Loaded TP WindowsServerTargetPlatform
[2018.09.16-15.03.50:971][  0]LogTemp: Display: Loaded TP WindowsTargetPlatform
[2018.09.16-15.03.51:174][  0]LogTemp: Display: Loaded TP AndroidTargetPlatform
[2018.09.16-15.03.51:174][  0]LogTemp: Display: Loaded TP AndroidTargetPlatform
[2018.09.16-15.03.51:174][  0]LogTemp: Display: Loaded TP AndroidTargetPlatform
[2018.09.16-15.03.51:174][  0]LogTemp: Display: Loaded TP AndroidTargetPlatform
[2018.09.16-15.03.51:174][  0]LogTemp: Display: Loaded TP AndroidTargetPlatform
[2018.09.16-15.03.51:174][  0]LogTemp: Display: Loaded TP AndroidTargetPlatform
[2018.09.16-15.03.51:174][  0]LogTemp: Display: Loaded TP AndroidTargetPlatform
[2018.09.16-15.03.51:174][  0]LogTemp: Display: Loaded TP AndroidTargetPlatform
[2018.09.16-15.03.51:174][  0]LogTemp: Display: Loaded TP AndroidTargetPlatform
[2018.09.16-15.03.51:174][  0]LogTemp: Display: Loaded TP AndroidTargetPlatform
[2018.09.16-15.03.51:174][  0]LogTemp: Display: Loaded TP AndroidTargetPlatform
[2018.09.16-15.03.51:174][  0]LogTemp: Display: Loaded TP AndroidTargetPlatform
[2018.09.16-15.03.51:174][  0]LogTemp: Display: Loaded TP AndroidTargetPlatform
[2018.09.16-15.03.51:174][  0]LogTemp: Display: Loaded TP AndroidTargetPlatform
[2018.09.16-15.03.51:174][  0]LogTemp: Display: Loaded TP AndroidTargetPlatform
[2018.09.16-15.03.51:174][  0]LogTemp: Display: Loaded TP AndroidTargetPlatform
[2018.09.16-15.03.51:174][  0]LogTemp: Display: Loaded TP AndroidTargetPlatform
[2018.09.16-15.03.51:174][  0]LogTemp: Display: Loaded TP AndroidTargetPlatform
[2018.09.16-15.03.51:190][  0]LogTemp: Display: Loaded TP HTML5TargetPlatform
[2018.09.16-15.03.51:395][  0]LogTemp: Display: Loaded TP IOSTargetPlatform
[2018.09.16-15.03.51:395][  0]LogTemp: Display: Loaded TP IOSTargetPlatform
[2018.09.16-15.03.51:463][  0]LogTemp: Display: Loaded TP TVOSTargetPlatform
[2018.09.16-15.03.51:463][  0]LogTemp: Display: Loaded TP TVOSTargetPlatform
[2018.09.16-15.03.51:519][  0]LogTemp: Display: Loaded TP LinuxClientTargetPlatform
[2018.09.16-15.03.51:570][  0]LogTemp: Display: Loaded TP LinuxNoEditorTargetPlatform
[2018.09.16-15.03.51:617][  0]LogTemp: Display: Loaded TP LinuxServerTargetPlatform
[2018.09.16-15.03.51:708][  0]LogTemp: Display: Loaded TP LinuxTargetPlatform
[2018.09.16-15.03.51:769][  0]LogTemp: Display: Loaded TP LuminTargetPlatform
[2018.09.16-15.03.51:769][  0]LogTargetPlatformManager: Display: Building Assets For Windows
[2018.09.16-15.03.52:977][  0]LogXGEController: Cleaning working directory: C:/Users/Андрей/AppData/Local/Temp/UnrealXGEWorkingDir/
[2018.09.16-15.03.52:978][  0]LogXGEController: Cannot use XGE Controller as Incredibuild is not installed on this machine.
[2018.09.16-15.03.52:978][  0]LogShaderCompilers: Cannot use XGE Shader Compiler as Incredibuild is not installed on this machine.
[2018.09.16-15.03.52:978][  0]LogShaderCompilers: Display: Using Local Shader Compiler.
[2018.09.16-15.03.59:073][  0]LogDerivedDataCache: Display: Max Cache Size: 512 MB
[2018.09.16-15.03.59:961][  0]LogDerivedDataCache: Loaded boot cache 0.89s 71MB C:/Users/Андрей/AppData/Local/UnrealEngine/4.20/DerivedDataCache/Boot.ddc.
[2018.09.16-15.03.59:962][  0]LogDerivedDataCache: Display: Loaded Boot cache: C:/Users/Андрей/AppData/Local/UnrealEngine/4.20/DerivedDataCache/Boot.ddc
[2018.09.16-15.03.59:962][  0]LogDerivedDataCache: FDerivedDataBackendGraph:  Pak pak cache file D:/Unreal/UnrealProject/Warhammer/DerivedDataCache/DDC.ddp not found, will not use a pak cache.
[2018.09.16-15.03.59:962][  0]LogDerivedDataCache: Unable to find inner node Pak for hierarchical cache Hierarchy.
[2018.09.16-15.03.59:962][  0]LogDerivedDataCache: FDerivedDataBackendGraph:  CompressedPak pak cache file D:/Unreal/UnrealProject/Warhammer/DerivedDataCache/Compressed.ddp not found, will not use a pak cache.
[2018.09.16-15.03.59:962][  0]LogDerivedDataCache: Unable to find inner node CompressedPak for hierarchical cache Hierarchy.
[2018.09.16-15.04.00:028][  0]LogDerivedDataCache: Display: Pak cache opened for reading ../../../Engine/DerivedDataCache/Compressed.ddp.
[2018.09.16-15.04.00:042][  0]LogDerivedDataCache: Using Local data cache path C:/Users/Андрей/AppData/Local/UnrealEngine/Common/DerivedDataCache: Writable
[2018.09.16-15.04.00:042][  0]LogDerivedDataCache: Shared data cache path not found in *engine.ini, will not use an Shared cache.
[2018.09.16-15.04.00:042][  0]LogDerivedDataCache: Unable to find inner node Shared for hierarchical cache Hierarchy.
[2018.09.16-15.04.00:076][  0]LogMaterial: Verifying Global Shaders for PCD3D_SM5
[2018.09.16-15.04.00:078][  0]LogSlate: Using FreeType 2.6.0
[2018.09.16-15.04.00:110][  0]LogSlate: SlateFontServices - WITH_FREETYPE: 1, WITH_HARFBUZZ: 1
[2018.09.16-15.04.01:915][  0]LogAssetRegistry: FAssetRegistry took 0.0276 seconds to start up
[2018.09.16-15.04.02:620][  0]LogInit: Selected Device Profile: [Windows]
[2018.09.16-15.04.03:870][  0]LogSimplygon: Simplygon DLL not present - disabling.
[2018.09.16-15.04.03:998][  0]LogMeshReduction: Using SimplygonSwarm for distributed automatic mesh merging
[2018.09.16-15.04.03:998][  0]LogMeshReduction: Using ProxyLODMeshReduction for automatic mesh merging
[2018.09.16-15.04.03:998][  0]LogMeshReduction: Using QuadricMeshReduction for automatic static mesh reduction
[2018.09.16-15.04.03:998][  0]LogMeshReduction: No automatic skeletal mesh reduction module available
[2018.09.16-15.04.04:091][  0]LogNetVersion: Warhammer 1.0.0, NetCL: 4212847, EngineNetVer: 5, GameNetVer: 0 (Checksum: 587221285)
[2018.09.16-15.04.06:635][  0]LogPackageLocalizationCache: Processed 11 localized package path(s) for 2 prioritized culture(s) in 0.146848 seconds
[2018.09.16-15.04.06:643][  0]LogUObjectArray: 38425 objects as part of root set at end of initial load.
[2018.09.16-15.04.06:643][  0]LogUObjectAllocator: 6690864 out of 0 bytes used by permanent object pool.
[2018.09.16-15.04.06:643][  0]LogUObjectArray: CloseDisregardForGC: 0/0 objects in disregard for GC pool
[2018.09.16-15.04.38:201][  0]LogTcpMessaging: Initializing TcpMessaging bridge
[2018.09.16-15.04.38:239][  0]LogUdpMessaging: Initializing bridge on interface 0.0.0.0:0 to multicast group 230.0.0.1:6666.
[2018.09.16-15.04.40:111][  0]SourceControl: Source control is disabled
[2018.09.16-15.04.40:111][  0]SourceControl: Source control is disabled
[2018.09.16-15.04.40:211][  0]SourceControl: Source control is disabled
[2018.09.16-15.04.40:294][  0]SourceControl: Source control is disabled
[2018.09.16-15.04.42:447][  0]LogAndroidPermission: UAndroidPermissionCallbackProxy::GetInstance
[2018.09.16-15.04.42:828][  0]LogOcInput: OculusInput pre-init called
[2018.09.16-15.04.43:258][  0]LogEngine: Initializing Engine...
[2018.09.16-15.04.43:259][  0]LogHMD: Failed to initialize OpenVR with code 110
[2018.09.16-15.04.43:263][  0]LogStats: UGameplayTagsManager::ConstructGameplayTagTree: ImportINI prefixes -  0.000 s
[2018.09.16-15.04.43:263][  0]LogStats: UGameplayTagsManager::ConstructGameplayTagTree: Construct from data asset -  0.000 s
[2018.09.16-15.04.43:263][  0]LogStats: UGameplayTagsManager::ConstructGameplayTagTree: ImportINI -  0.000 s
[2018.09.16-15.04.43:263][  0]LogStats: UGameplayTagsManager::ConstructGameplayTagTree: GameplayTagTreeChangedEvent.Broadcast -  0.000 s
[2018.09.16-15.04.44:432][  0]LogInit: Initializing FReadOnlyCVARCache
[2018.09.16-15.04.44:513][  0]LogAIModule: Creating AISystem for world Untitled
[2018.09.16-15.04.44:539][  0]LogInit: XAudio2 using 'Динамики (Realtek High Definition Audio)' : 2 channels at 48 kHz using 32 bits per sample (channel mask 0x3)
[2018.09.16-15.04.44:572][  0]LogInit: FAudioDevice initialized.
[2018.09.16-15.04.44:573][  0]LogNetVersion: Set ProjectVersion to 1.0.0.0. Version Checksum will be recalculated on next use.
[2018.09.16-15.04.45:116][  0]LogDerivedDataCache: Saved boot cache 0.54s 71MB C:/Users/Андрей/AppData/Local/UnrealEngine/4.20/DerivedDataCache/Boot.ddc.
[2018.09.16-15.04.45:125][  0]LogInit: Texture streaming: Enabled
[2018.09.16-15.04.45:367][  0]LogEngineSessionManager: EngineSessionManager initialized
[2018.09.16-15.04.45:447][  0]LogInit: Transaction tracking system initialized
[2018.09.16-15.04.45:703][  0]BlueprintLog: New page: Editor Load
[2018.09.16-15.04.47:415][  0]LocalizationService: Localization service is disabled
[2018.09.16-15.04.50:802][  0]LogCook: Display: Max memory allowance for cook 16384mb min free memory 0mb
[2018.09.16-15.04.50:802][  0]LogCook: Display: Mobile HDR setting 1
[2018.09.16-15.04.50:802][  0]LogGameplayTags: Display: UGameplayTagsManager::DoneAddingNativeTags. DelegateIsBound: 0
[2018.09.16-15.04.50:802][  0]LogStats: UGameplayTagsManager::ConstructGameplayTagTree: ImportINI prefixes -  0.000 s
[2018.09.16-15.04.50:802][  0]LogStats: UGameplayTagsManager::ConstructGameplayTagTree: Construct from data asset -  0.000 s
[2018.09.16-15.04.50:802][  0]LogStats: UGameplayTagsManager::ConstructGameplayTagTree: ImportINI -  0.000 s
[2018.09.16-15.04.50:803][  0]LogStats: UGameplayTagsManager::ConstructGameplayTagTree: GameplayTagTreeChangedEvent.Broadcast -  0.000 s
[2018.09.16-15.04.51:106][  0]LogFileCache: Scanning file cache for directory 'D:/Unreal/UnrealProject/Warhammer/Content/' took 0.02s
[2018.09.16-15.04.53:313][  0]SourceControl: Source control is disabled
[2018.09.16-15.04.53:313][  0]Cmd: MAP LOAD FILE="D:/Unreal/UnrealProject/Warhammer/Content/warhammer.umap" TEMPLATE=0 SHOWPROGRESS=1 FEATURELEVEL=3
[2018.09.16-15.04.53:314][  0]LightingResults: New page: Lighting Build
[2018.09.16-15.04.53:321][  0]MapCheck: New page: Map Check
[2018.09.16-15.04.53:321][  0]LightingResults: New page: Lighting Build
[2018.09.16-15.04.53:903][  0]LogAIModule: Creating AISystem for world warhammer
[2018.09.16-15.04.53:958][  0]LogEditorServer: Finished looking for orphan Actors (0.000 secs)
[2018.09.16-15.04.54:000][  0]Cmd: MAP CHECKDEP NOCLEARLOG
[2018.09.16-15.04.54:144][  0]MapCheck: Map check complete: 0 Error(s), 0 Warning(s), took 143,543ms to complete.
[2018.09.16-15.04.54:144][  0]LogFileHelpers: Loading map 'warhammer' took 0.831
[2018.09.16-15.04.54:477][  0]LogSlate: Updating window title bar state: overlay mode, drag disabled, window buttons hidden, title bar hidden
[2018.09.16-15.04.54:496][  0]LogSlate: Updating window title bar state: overlay mode, drag disabled, window buttons hidden, title bar hidden
[2018.09.16-15.04.54:510][  0]LogSlate: Updating window title bar state: overlay mode, drag disabled, window buttons hidden, title bar hidden
[2018.09.16-15.04.54:526][  0]LogSlate: Updating window title bar state: overlay mode, drag disabled, window buttons hidden, title bar hidden
[2018.09.16-15.04.54:580][  0]LogCollectionManager: Loaded 0 collections in 0.003563 seconds
[2018.09.16-15.04.54:626][  0]LogFileCache: Scanning file cache for directory 'D:/Unreal/UnrealProject/Warhammer/Saved/Collections/' took 0.01s
[2018.09.16-15.04.54:626][  0]LogFileCache: Scanning file cache for directory 'D:/Unreal/UnrealProject/Warhammer/Content/Developers/Андрей/Collections/' took 0.01s
[2018.09.16-15.04.54:626][  0]LogFileCache: Scanning file cache for directory 'D:/Unreal/UnrealProject/Warhammer/Content/Collections/' took 0.01s
[2018.09.16-15.04.54:626][  0]LogCollectionManager: Rebuilt the GUID cache for 0 collections in 0.000000 seconds
[2018.09.16-15.04.54:644][  0]LogContentBrowser: Native class hierarchy populated in 0.0174 seconds. Added 2572 classes and 603 folders.
[2018.09.16-15.04.54:658][  0]LogContentBrowser: Native class hierarchy updated for 'WidgetCarousel' in 0.0003 seconds. Added 0 classes and 0 folders.
[2018.09.16-15.04.56:319][  0]LogContentBrowser: Native class hierarchy updated for 'AddContentDialog' in 0.0003 seconds. Added 0 classes and 0 folders.
[2018.09.16-15.04.56:402][  0]LogContentBrowser: Native class hierarchy updated for 'SceneOutliner' in 0.0005 seconds. Added 1 classes and 2 folders.
[2018.09.16-15.04.56:481][  0]LogSlate: Took 0.045084 seconds to synchronously load lazily loaded font '../../../Engine/Content/Slate/Fonts/Roboto-Regular.ttf' (155K)
[2018.09.16-15.04.56:506][  0]LogSlate: Took 0.022270 seconds to synchronously load lazily loaded font '../../../Engine/Content/Slate/Fonts/Roboto-Bold.ttf' (160K)
[2018.09.16-15.04.56:538][  0]LogSlate: Took 0.023876 seconds to synchronously load lazily loaded font '../../../Engine/Content/Editor/Slate/Fonts/FontAwesome.ttf' (139K)
[2018.09.16-15.04.56:915][  0]LogRenderer: Reallocating scene render targets to support 1208x576 Format 10 NumSamples 1 (Frame:1).
[2018.09.16-15.04.57:160][  0]LogSlate: Took 0.149707 seconds to synchronously load lazily loaded font '../../../Engine/Content/Slate/Fonts/Roboto-Light.ttf' (167K)
[2018.09.16-15.04.57:370][  0]LogContentBrowser: Native class hierarchy updated for 'HierarchicalLODOutliner' in 0.0005 seconds. Added 0 classes and 0 folders.
[2018.09.16-15.04.57:370][  0]LogLoad: (Engine Initialization) Total time: 95.12 seconds
[2018.09.16-15.04.57:370][  0]LogLoad: (Engine Initialization) Total Blueprint compile time: 0.00 seconds
[2018.09.16-15.04.57:426][  0]LogContentStreaming: Texture pool size now 1000 MB
[2018.09.16-15.04.57:810][  4]LogAssetRegistry: Asset discovery search completed in 55.9175 seconds
[2018.09.16-15.04.57:818][  4]LogCollectionManager: Rebuilt the object cache for 0 collections in 0.000001 seconds (found 0 objects)
[2018.09.16-15.04.57:818][  4]LogCollectionManager: Fixed up redirectors for 0 collections in 0.000135 seconds (updated 0 objects)
[2018.09.16-15.21.02:355][  2]LogSlate: FSceneViewport::OnFocusLost() reason 0
[2018.09.16-15.21.13:390][598]LogSlate: Took 0.000294 seconds to synchronously load lazily loaded font '../../../Engine/Content/Slate/Fonts/Roboto-Light.ttf' (167K)
[2018.09.16-15.21.16:402][598]LogSlate: Window 'Pick Parent Class' being destroyed
[2018.09.16-15.21.23:574][ 13]LogWindowsTextInputMethodSystem: Display: IME system now deactivated.
[2018.09.16-15.21.23:575][ 13]LogWindowsTextInputMethodSystem: Display: IME system now deactivated.
[2018.09.16-15.21.33:463][587]LogAssetEditorManager: Opening Asset editor for Blueprint /Game/Code/Weapons/Weapons.Weapons
[2018.09.16-15.21.34:972][587]LogContentBrowser: Native class hierarchy updated for 'BlueprintGraph' in 0.0017 seconds. Added 116 classes and 0 folders.
[2018.09.16-15.21.40:950][749]LogSlate: Window 'Weapons*' being destroyed
[2018.09.16-15.21.40:960][749]LogSlate: Window 'Weapons*' being destroyed
[2018.09.16-15.21.44:589][937]LogMetaData: Removing '/Game/Code/Weapons/Weapon.Weapon:UserConstructionScript.K2Node_FunctionEntry_0' ref from Metadata '/Game/Code/Weapons/Weapons.PackageMetaData'
[2018.09.16-15.21.44:589][937]LogMetaData: Removing '/Game/Code/Weapons/Weapon.SKEL_Weapon_C' ref from Metadata '/Game/Code/Weapons/Weapons.PackageMetaData'
[2018.09.16-15.21.44:589][937]LogMetaData: Removing '/Game/Code/Weapons/Weapon.Weapon_C' ref from Metadata '/Game/Code/Weapons/Weapons.PackageMetaData'
[2018.09.16-15.21.44:589][937]LogMetaData: Removing '/Game/Code/Weapons/Weapon.Weapon:EventGraph.K2Node_Event_0' ref from Metadata '/Game/Code/Weapons/Weapons.PackageMetaData'
[2018.09.16-15.21.44:589][937]LogMetaData: Removing '/Game/Code/Weapons/Weapon.Weapon:EventGraph.K2Node_Event_1' ref from Metadata '/Game/Code/Weapons/Weapons.PackageMetaData'
[2018.09.16-15.21.44:589][937]LogMetaData: Removing '/Game/Code/Weapons/Weapon.Weapon:EventGraph.K2Node_Event_2' ref from Metadata '/Game/Code/Weapons/Weapons.PackageMetaData'
[2018.09.16-15.21.44:621][937]Cmd: OBJ SAVEPACKAGE PACKAGE="/Game/Code/Weapons/Weapon" FILE="D:/Unreal/UnrealProject/Warhammer/Content/Code/Weapons/Weapon.uasset" SILENT=true
[2018.09.16-15.21.44:640][937]LogSavePackage: Moving 'D:/Unreal/UnrealProject/Warhammer/Saved/WeaponF981003040B6872390DB6C912FF25416.tmp' to 'D:/Unreal/UnrealProject/Warhammer/Content/Code/Weapons/Weapon.uasset'
[2018.09.16-15.23.22:381][901]LogWindowsTextInputMethodSystem: Display: IME system now deactivated.
[2018.09.16-15.23.22:381][901]LogWindowsTextInputMethodSystem: Display: IME system now deactivated.
[2018.09.16-15.23.26:931][ 27]LogSlate: Window 'Pick Parent Class' being destroyed
[2018.09.16-15.23.32:652][361]LogWindowsTextInputMethodSystem: Display: IME system now deactivated.
[2018.09.16-15.23.32:652][361]LogWindowsTextInputMethodSystem: Display: IME system now deactivated.
[2018.09.16-15.23.35:213][510]LogMetaData: Removing '/Game/Code/Weapons/Shell.Shell:UserConstructionScript.K2Node_FunctionEntry_0' ref from Metadata '/Game/Code/Weapons/Ыhell.PackageMetaData'
[2018.09.16-15.23.35:213][510]LogMetaData: Removing '/Game/Code/Weapons/Shell.SKEL_Shell_C' ref from Metadata '/Game/Code/Weapons/Ыhell.PackageMetaData'
[2018.09.16-15.23.35:213][510]LogMetaData: Removing '/Game/Code/Weapons/Shell.Shell_C' ref from Metadata '/Game/Code/Weapons/Ыhell.PackageMetaData'
[2018.09.16-15.23.35:213][510]LogMetaData: Removing '/Game/Code/Weapons/Shell.Shell:EventGraph.K2Node_Event_0' ref from Metadata '/Game/Code/Weapons/Ыhell.PackageMetaData'
[2018.09.16-15.23.35:213][510]LogMetaData: Removing '/Game/Code/Weapons/Shell.Shell:EventGraph.K2Node_Event_1' ref from Metadata '/Game/Code/Weapons/Ыhell.PackageMetaData'
[2018.09.16-15.23.35:213][510]LogMetaData: Removing '/Game/Code/Weapons/Shell.Shell:EventGraph.K2Node_Event_2' ref from Metadata '/Game/Code/Weapons/Ыhell.PackageMetaData'
[2018.09.16-15.23.35:236][510]Cmd: OBJ SAVEPACKAGE PACKAGE="/Game/Code/Weapons/Shell" FILE="D:/Unreal/UnrealProject/Warhammer/Content/Code/Weapons/Shell.uasset" SILENT=true
[2018.09.16-15.23.35:256][510]LogSavePackage: Moving 'D:/Unreal/UnrealProject/Warhammer/Saved/Shell736114434A023CF48EABDA9ACD970B1F.tmp' to 'D:/Unreal/UnrealProject/Warhammer/Content/Code/Weapons/Shell.uasset'
[2018.09.16-15.27.53:443][789]LogWindowsTextInputMethodSystem: Display: IME system now deactivated.
[2018.09.16-15.27.53:443][789]LogWindowsTextInputMethodSystem: Display: IME system now deactivated.
[2018.09.16-15.27.59:538][977]LogSlate: Window 'Pick Parent Class' being destroyed
[2018.09.16-15.28.04:586][276]LogWindowsTextInputMethodSystem: Display: IME system now deactivated.
[2018.09.16-15.28.04:586][276]LogWindowsTextInputMethodSystem: Display: IME system now deactivated.
[2018.09.16-15.28.05:124][308]LogWindowsTextInputMethodSystem: Display: IME system now deactivated.
[2018.09.16-15.28.05:124][308]LogWindowsTextInputMethodSystem: Display: IME system now deactivated.
[2018.09.16-15.28.10:163][608]LogWindowsTextInputMethodSystem: Display: IME system now deactivated.
[2018.09.16-15.28.10:163][608]LogWindowsTextInputMethodSystem: Display: IME system now deactivated.
[2018.09.16-15.28.20:509][222]LogMetaData: Removing '/Game/Code/Weapons/Collar_Main.Collar_Main:UserConstructionScript.K2Node_FunctionEntry_0' ref from Metadata '/Game/Code/Weapons/Сollar_ЬФшт.PackageMetaData'
[2018.09.16-15.28.20:509][222]LogMetaData: Removing '/Game/Code/Weapons/Collar_Main.SKEL_Collar_Main_C' ref from Metadata '/Game/Code/Weapons/Сollar_ЬФшт.PackageMetaData'
[2018.09.16-15.28.20:509][222]LogMetaData: Removing '/Game/Code/Weapons/Collar_Main.Collar_Main_C' ref from Metadata '/Game/Code/Weapons/Сollar_ЬФшт.PackageMetaData'
[2018.09.16-15.28.20:510][222]LogMetaData: Removing '/Game/Code/Weapons/Collar_Main.Collar_Main:EventGraph.K2Node_Event_0' ref from Metadata '/Game/Code/Weapons/Сollar_ЬФшт.PackageMetaData'
[2018.09.16-15.28.20:510][222]LogMetaData: Removing '/Game/Code/Weapons/Collar_Main.Collar_Main:EventGraph.K2Node_Event_1' ref from Metadata '/Game/Code/Weapons/Сollar_ЬФшт.PackageMetaData'
[2018.09.16-15.28.20:510][222]LogMetaData: Removing '/Game/Code/Weapons/Collar_Main.Collar_Main:EventGraph.K2Node_Event_2' ref from Metadata '/Game/Code/Weapons/Сollar_ЬФшт.PackageMetaData'
[2018.09.16-15.28.20:538][222]Cmd: OBJ SAVEPACKAGE PACKAGE="/Game/Code/Weapons/Collar_Main" FILE="D:/Unreal/UnrealProject/Warhammer/Content/Code/Weapons/Collar_Main.uasset" SILENT=true
[2018.09.16-15.28.20:559][222]LogSavePackage: Moving 'D:/Unreal/UnrealProject/Warhammer/Saved/Collar_MainB5C49A684E3A3077D0C49AAE6F15E3F4.tmp' to 'D:/Unreal/UnrealProject/Warhammer/Content/Code/Weapons/Collar_Main.uasset'
[2018.09.16-15.28.27:237][599]LogMetaData: Removing '/Game/Code/Weapons/Shell_MAin.Shell_MAin_C' ref from Metadata '/Game/Code/Weapons/Shell.PackageMetaData'
[2018.09.16-15.28.27:237][599]LogMetaData: Removing '/Game/Code/Weapons/Shell_MAin.SKEL_Shell_MAin_C' ref from Metadata '/Game/Code/Weapons/Shell.PackageMetaData'
[2018.09.16-15.28.27:237][599]LogMetaData: Removing '/Game/Code/Weapons/Shell_MAin.Shell_MAin:UserConstructionScript.K2Node_FunctionEntry_0' ref from Metadata '/Game/Code/Weapons/Shell.PackageMetaData'
[2018.09.16-15.28.27:237][599]LogMetaData: Removing '/Game/Code/Weapons/Shell_MAin.Shell_MAin:EventGraph.K2Node_Event_0' ref from Metadata '/Game/Code/Weapons/Shell.PackageMetaData'
[2018.09.16-15.28.27:237][599]LogMetaData: Removing '/Game/Code/Weapons/Shell_MAin.Shell_MAin:EventGraph.K2Node_Event_1' ref from Metadata '/Game/Code/Weapons/Shell.PackageMetaData'
[2018.09.16-15.28.27:237][599]LogMetaData: Removing '/Game/Code/Weapons/Shell_MAin.Shell_MAin:EventGraph.K2Node_Event_2' ref from Metadata '/Game/Code/Weapons/Shell.PackageMetaData'
[2018.09.16-15.28.27:259][599]Cmd: OBJ SAVEPACKAGE PACKAGE="/Game/Code/Weapons/Shell_MAin" FILE="D:/Unreal/UnrealProject/Warhammer/Content/Code/Weapons/Shell_MAin.uasset" SILENT=true
[2018.09.16-15.28.27:276][599]LogSavePackage: Moving 'D:/Unreal/UnrealProject/Warhammer/Saved/Shell_MAinC4D08451487B071AD57F1B8D28475CFE.tmp' to 'D:/Unreal/UnrealProject/Warhammer/Content/Code/Weapons/Shell_MAin.uasset'
[2018.09.16-15.28.32:021][861]Cmd: OBJ SAVEPACKAGE PACKAGE="/Game/Code/Weapons/Shell_MAin" FILE="D:/Unreal/UnrealProject/Warhammer/Content/Code/Weapons/Shell_MAin.uasset" SILENT=true
[2018.09.16-15.28.32:054][861]LogSavePackage: Moving 'D:/Unreal/UnrealProject/Warhammer/Saved/Shell_MAinAB4CF85D41B211E7372D5F9782F69A05.tmp' to 'D:/Unreal/UnrealProject/Warhammer/Content/Code/Weapons/Shell_MAin.uasset'
[2018.09.16-15.28.38:220][211]LogMetaData: Removing '/Game/Code/Weapons/Weapon_Main.Weapon_Main_C' ref from Metadata '/Game/Code/Weapons/Weapon.PackageMetaData'
[2018.09.16-15.28.38:220][211]LogMetaData: Removing '/Game/Code/Weapons/Weapon_Main.SKEL_Weapon_Main_C' ref from Metadata '/Game/Code/Weapons/Weapon.PackageMetaData'
[2018.09.16-15.28.38:220][211]LogMetaData: Removing '/Game/Code/Weapons/Weapon_Main.Weapon_Main:UserConstructionScript.K2Node_FunctionEntry_0' ref from Metadata '/Game/Code/Weapons/Weapon.PackageMetaData'
[2018.09.16-15.28.38:220][211]LogMetaData: Removing '/Game/Code/Weapons/Weapon_Main.Weapon_Main:EventGraph.K2Node_Event_0' ref from Metadata '/Game/Code/Weapons/Weapon.PackageMetaData'
[2018.09.16-15.28.38:220][211]LogMetaData: Removing '/Game/Code/Weapons/Weapon_Main.Weapon_Main:EventGraph.K2Node_Event_1' ref from Metadata '/Game/Code/Weapons/Weapon.PackageMetaData'
[2018.09.16-15.28.38:220][211]LogMetaData: Removing '/Game/Code/Weapons/Weapon_Main.Weapon_Main:EventGraph.K2Node_Event_2' ref from Metadata '/Game/Code/Weapons/Weapon.PackageMetaData'
[2018.09.16-15.28.38:241][211]Cmd: OBJ SAVEPACKAGE PACKAGE="/Game/Code/Weapons/Weapon_Main" FILE="D:/Unreal/UnrealProject/Warhammer/Content/Code/Weapons/Weapon_Main.uasset" SILENT=true
[2018.09.16-15.28.38:259][211]LogSavePackage: Moving 'D:/Unreal/UnrealProject/Warhammer/Saved/Weapon_MainDAFD57FC4C5209A603B5EA9DDD622D4A.tmp' to 'D:/Unreal/UnrealProject/Warhammer/Content/Code/Weapons/Weapon_Main.uasset'
[2018.09.16-15.36.54:107][926]LogWindowsTextInputMethodSystem: Display: IME system now deactivated.
[2018.09.16-15.36.54:107][926]LogWindowsTextInputMethodSystem: Display: IME system now deactivated.
[2018.09.16-15.48.13:075][256]Cmd: OBJ SAVEPACKAGE PACKAGE="/Game/warhammer" FILE="D:/Unreal/UnrealProject/Warhammer/Content/warhammer.umap" SILENT=true AUTOSAVING=false KEEPDIRTY=false
[2018.09.16-15.48.13:209][256]LogSavePackage: Moving 'D:/Unreal/UnrealProject/Warhammer/Saved/warhammer80E390F44E9E6BE42F56EAAEF27B0B26.tmp' to 'D:/Unreal/UnrealProject/Warhammer/Content/warhammer.umap'
[2018.09.16-15.48.13:314][256]Cmd: OBJ SAVEPACKAGE PACKAGE="/Game/warhammer_BuiltData" FILE="D:/Unreal/UnrealProject/Warhammer/Content/warhammer_BuiltData.uasset" SILENT=true
[2018.09.16-15.48.13:440][256]LogSavePackage: Moving 'D:/Unreal/UnrealProject/Warhammer/Saved/warhammer_BuiltData786D8E8D486B2D1DDB5E6CA2467ADEF7.tmp' to 'D:/Unreal/UnrealProject/Warhammer/Content/warhammer_BuiltData.uasset'
[2018.09.16-15.48.14:951][329]LogSlate: Window 'Warhammer - Unreal Editor' being destroyed
[2018.09.16-15.48.15:445][330]Cmd: QUIT_EDITOR
[2018.09.16-15.48.15:937][330]LogWindowsTextInputMethodSystem: Display: IME system now deactivated.
[2018.09.16-15.48.15:976][330]LogExit: Preparing to exit.
[2018.09.16-15.48.17:480][330]LogExit: Editor shut down
[2018.09.16-15.48.17:484][330]LogExit: Transaction tracking system shut down
[2018.09.16-15.48.19:537][330]LogExit: Object subsystem successfully closed.
[2018.09.16-15.48.19:685][330]LogShaderCompilers: Display: Shaders left to compile 0
[2018.09.16-15.48.19:720][330]LogD3D11RHI: Shutdown
[2018.09.16-15.48.19:720][330]LogD3D11RHI: CleanupD3DDevice
[2018.09.16-15.48.19:771][330]LogD3D11RHI: ~FD3D11DynamicRHI
[2018.09.16-15.48.20:702][330]LogModuleManager: Shutting down and abandoning module BlueprintGraph (612)
[2018.09.16-15.48.20:703][330]LogModuleManager: Shutting down and abandoning module HierarchicalLODOutliner (610)
[2018.09.16-15.48.20:703][330]LogModuleManager: Shutting down and abandoning module SceneOutliner (608)
[2018.09.16-15.48.20:703][330]LogModuleManager: Shutting down and abandoning module AddContentDialog (606)
[2018.09.16-15.48.20:713][330]LogModuleManager: Shutting down and abandoning module WidgetCarousel (605)
[2018.09.16-15.48.20:713][330]LogModuleManager: Shutting down and abandoning module EditorWidgets (602)
[2018.09.16-15.48.20:713][330]LogModuleManager: Shutting down and abandoning module CollectionManager (600)
[2018.09.16-15.48.20:722][330]LogModuleManager: Shutting down and abandoning module StatsViewer (598)
[2018.09.16-15.48.20:735][330]LogModuleManager: Shutting down and abandoning module FoliageEdit (596)
[2018.09.16-15.48.20:746][330]LogModuleManager: Shutting down and abandoning module LandscapeEditor (594)
[2018.09.16-15.48.20:774][330]LogModuleManager: Shutting down and abandoning module MeshPaintMode (592)
[2018.09.16-15.48.20:787][330]LogModuleManager: Shutting down and abandoning module SceneDepthPickerMode (590)
[2018.09.16-15.48.20:787][330]LogModuleManager: Shutting down and abandoning module ActorPickerMode (588)
[2018.09.16-15.48.20:787][330]LogModuleManager: Shutting down and abandoning module GeometryMode (586)
[2018.09.16-15.48.20:787][330]LogModuleManager: Shutting down and abandoning module TextureAlignMode (584)
[2018.09.16-15.48.20:788][330]LogModuleManager: Shutting down and abandoning module BspMode (582)
[2018.09.16-15.48.20:788][330]LogModuleManager: Shutting down and abandoning module PIEPreviewDeviceProfileSelector (580)
[2018.09.16-15.48.20:799][330]LogModuleManager: Shutting down and abandoning module SequenceRecorderSections (578)
[2018.09.16-15.48.20:813][330]LogModuleManager: Shutting down and abandoning module AutomationWorker (576)
[2018.09.16-15.48.20:813][330]LogModuleManager: Shutting down and abandoning module AudioCaptureEditor (574)
[2018.09.16-15.48.20:813][330]LogModuleManager: Shutting down and abandoning module SequenceRecorder (573)
[2018.09.16-15.48.20:817][330]LogModuleManager: Shutting down and abandoning module MatineeToLevelSequence (570)
[2018.09.16-15.48.20:829][330]LogModuleManager: Shutting down and abandoning module LevelSequenceEditor (568)
[2018.09.16-15.48.20:845][330]LogModuleManager: Shutting down and abandoning module PlacementMode (567)
[2018.09.16-15.48.20:845][330]LogModuleManager: Shutting down and abandoning module MaterialEditor (566)
[2018.09.16-15.48.20:877][330]LogModuleManager: Shutting down and abandoning module WmfMediaFactory (562)
[2018.09.16-15.48.20:877][330]LogModuleManager: Shutting down and abandoning module WmfMediaEditor (560)
[2018.09.16-15.48.20:877][330]LogModuleManager: Shutting down and abandoning module MediaPlayerEditor (558)
[2018.09.16-15.48.20:890][330]LogModuleManager: Shutting down and abandoning module OpenExrWrapper (556)
[2018.09.16-15.48.20:890][330]LogModuleManager: Shutting down and abandoning module ImgMediaFactory (554)
[2018.09.16-15.48.20:890][330]LogModuleManager: Shutting down and abandoning module ImgMediaEditor (552)
[2018.09.16-15.48.20:890][330]LogModuleManager: Shutting down and abandoning module AvfMediaFactory (550)
[2018.09.16-15.48.20:890][330]LogModuleManager: Shutting down and abandoning module AvfMediaEditor (548)
[2018.09.16-15.48.20:890][330]LogModuleManager: Shutting down and abandoning module AndroidMediaFactory (546)
[2018.09.16-15.48.20:890][330]LogModuleManager: Shutting down and abandoning module AndroidMediaEditor (544)
[2018.09.16-15.48.20:890][330]LogModuleManager: Shutting down and abandoning module MagicLeapCameraPreviewFactory (542)
[2018.09.16-15.48.20:890][330]LogModuleManager: Shutting down and abandoning module MagicLeapMediaFactory (540)
[2018.09.16-15.48.20:890][330]LogModuleManager: Shutting down and abandoning module MagicLeapMediaEditor (538)
[2018.09.16-15.48.20:890][330]LogModuleManager: Shutting down and abandoning module CharacterAI (536)
[2018.09.16-15.48.20:890][330]LogModuleManager: Shutting down and abandoning module SmartSnapping (534)
[2018.09.16-15.48.20:890][330]LogModuleManager: Shutting down and abandoning module SessionServices (532)
[2018.09.16-15.48.20:890][330]LogModuleManager: Shutting down and abandoning module ViewportSnapping (530)
[2018.09.16-15.48.20:891][330]LogModuleManager: Shutting down and abandoning module ViewportInteraction (528)
[2018.09.16-15.48.20:891][330]LogModuleManager: Shutting down and abandoning module ClothPainter (526)
[2018.09.16-15.48.20:903][330]LogModuleManager: Shutting down and abandoning module SkeletalMeshEditor (525)
[2018.09.16-15.48.20:941][330]LogModuleManager: Shutting down and abandoning module LogVisualizer (522)
[2018.09.16-15.48.20:957][330]LogModuleManager: Shutting down and abandoning module IntroTutorials (520)
[2018.09.16-15.48.20:982][330]LogModuleManager: Shutting down and abandoning module GameProjectGeneration (519)
[2018.09.16-15.48.21:007][330]LogModuleManager: Shutting down and abandoning module LuminPlatformEditor (516)
[2018.09.16-15.48.21:007][330]LogModuleManager: Shutting down and abandoning module IOSPlatformEditor (514)
[2018.09.16-15.48.21:007][330]LogModuleManager: Shutting down and abandoning module HTML5PlatformEditor (512)
[2018.09.16-15.48.21:007][330]LogModuleManager: Shutting down and abandoning module AndroidPlatformEditor (510)
[2018.09.16-15.48.21:007][330]LogModuleManager: Shutting down and abandoning module AndroidDeviceDetection (509)
[2018.09.16-15.48.22:579][330]LogModuleManager: Shutting down and abandoning module WindowsPlatformEditor (506)
[2018.09.16-15.48.22:580][330]LogModuleManager: Shutting down and abandoning module LuminRuntimeSettings (504)
[2018.09.16-15.48.22:580][330]LogModuleManager: Shutting down and abandoning module IOSRuntimeSettings (502)
[2018.09.16-15.48.22:580][330]LogModuleManager: Shutting down and abandoning module AndroidRuntimeSettings (500)
[2018.09.16-15.48.22:580][330]LogModuleManager: Shutting down and abandoning module InputBindingEditor (498)
[2018.09.16-15.48.22:624][330]LogModuleManager: Shutting down and abandoning module MergeActors (496)
[2018.09.16-15.48.22:628][330]LogModuleManager: Shutting down and abandoning module LocalizationDashboard (494)
[2018.09.16-15.48.22:642][330]LogModuleManager: Shutting down and abandoning module LocalizationService (493)
[2018.09.16-15.48.22:647][330]LogModuleManager: Shutting down and abandoning module HardwareTargeting (490)
[2018.09.16-15.48.22:647][330]LogModuleManager: Shutting down and abandoning module DeviceProfileEditor (488)
[2018.09.16-15.48.22:647][330]LogModuleManager: Shutting down and abandoning module UndoHistory (486)
[2018.09.16-15.48.22:661][330]LogModuleManager: Shutting down and abandoning module XmlParser (484)
[2018.09.16-15.48.22:661][330]LogModuleManager: Shutting down and abandoning module Blutility (482)
[2018.09.16-15.48.22:672][330]LogModuleManager: Shutting down and abandoning module ProjectSettingsViewer (480)
[2018.09.16-15.48.22:672][330]LogModuleManager: Shutting down and abandoning module ProjectTargetPlatformEditor (479)
[2018.09.16-15.48.22:672][330]LogModuleManager: Shutting down and abandoning module EditorSettingsViewer (476)
[2018.09.16-15.48.22:672][330]LogModuleManager: Shutting down and abandoning module SettingsEditor (474)
[2018.09.16-15.48.22:701][330]LogModuleManager: Shutting down and abandoning module ProjectLauncher (472)
[2018.09.16-15.48.22:725][330]LogModuleManager: Shutting down and abandoning module SessionFrontend (470)
[2018.09.16-15.48.22:735][330]LogModuleManager: Shutting down and abandoning module ProfilerClient (468)
[2018.09.16-15.48.22:747][330]LogModuleManager: Shutting down and abandoning module DeviceManager (466)
[2018.09.16-15.48.22:761][330]LogModuleManager: Shutting down and abandoning module TargetDeviceServices (465)
[2018.09.16-15.48.22:822][330]LogModuleManager: Shutting down and abandoning module AutomationController (462)
[2018.09.16-15.48.22:831][330]LogModuleManager: Shutting down and abandoning module AutomationWindow (460)
[2018.09.16-15.48.22:840][330]LogModuleManager: Shutting down and abandoning module Layers (458)
[2018.09.16-15.48.22:875][330]LogModuleManager: Shutting down and abandoning module ComponentVisualizers (456)
[2018.09.16-15.48.22:875][330]LogModuleManager: Shutting down and abandoning module DetailCustomizations (454)
[2018.09.16-15.48.22:880][330]LogModuleManager: Shutting down and abandoning module PackagesDialog (452)
[2018.09.16-15.48.22:881][330]LogModuleManager: Shutting down and abandoning module Persona (450)
[2018.09.16-15.48.22:902][330]LogModuleManager: Shutting down and abandoning module AdvancedPreviewScene (449)
[2018.09.16-15.48.22:902][330]LogModuleManager: Shutting down and abandoning module AnimGraph (447)
[2018.09.16-15.48.22:911][330]LogModuleManager: Shutting down and abandoning module Kismet (444)
[2018.09.16-15.48.22:916][330]LogModuleManager: Shutting down and abandoning module GraphEditor (442)
[2018.09.16-15.48.22:916][330]LogModuleManager: Shutting down and abandoning module ClassViewer (440)
[2018.09.16-15.48.22:918][330]LogModuleManager: Shutting down and abandoning module Toolbox (438)
[2018.09.16-15.48.22:918][330]LogModuleManager: Shutting down and abandoning module ModuleUI (436)
[2018.09.16-15.48.22:924][330]LogModuleManager: Shutting down and abandoning module MovieSceneTools (434)
[2018.09.16-15.48.22:932][330]LogModuleManager: Shutting down and abandoning module OutputLog (432)
[2018.09.16-15.48.22:932][330]LogModuleManager: Shutting down and abandoning module GammaUI (430)
[2018.09.16-15.48.22:936][330]LogModuleManager: Shutting down and abandoning module Documentation (428)
[2018.09.16-15.48.22:936][330]LogModuleManager: Shutting down and abandoning module MovieSceneTracks (426)
[2018.09.16-15.48.22:936][330]LogModuleManager: Shutting down and abandoning module MovieScene (424)
[2018.09.16-15.48.22:948][330]LogModuleManager: Shutting down and abandoning module StreamingPauseRendering (422)
[2018.09.16-15.48.22:960][330]LogModuleManager: Shutting down and abandoning module LauncherPlatform (420)
[2018.09.16-15.48.22:960][330]LogModuleManager: Shutting down and abandoning module AnalyticsET (418)
[2018.09.16-15.48.22:960][330]LogModuleManager: Shutting down and abandoning module PortalServices (416)
[2018.09.16-15.48.22:960][330]LogModuleManager: Shutting down and abandoning module PortalRpc (414)
[2018.09.16-15.48.22:960][330]LogModuleManager: Shutting down and abandoning module MessagingRpc (412)
[2018.09.16-15.48.22:960][330]LogModuleManager: Shutting down and abandoning module AIModule (410)
[2018.09.16-15.48.22:978][330]LogModuleManager: Shutting down and abandoning module GameplayDebugger (409)
[2018.09.16-15.48.22:978][330]LogModuleManager: Shutting down and abandoning module AITestSuite (407)
[2018.09.16-15.48.22:991][330]LogModuleManager: Shutting down and abandoning module NavigationSystem (405)
[2018.09.16-15.48.22:991][330]LogModuleManager: Shutting down and abandoning module DesktopPlatform (402)
[2018.09.16-15.48.22:991][330]LogModuleManager: Shutting down and abandoning module ProfilerService (400)
[2018.09.16-15.48.23:212][330]LogModuleManager: Shutting down and abandoning module TaskGraph (398)
[2018.09.16-15.48.23:239][330]LogModuleManager: Shutting down and abandoning module SteamVRController (396)
[2018.09.16-15.48.23:239][330]LogModuleManager: Shutting down and abandoning module ProceduralMeshComponentEditor (394)
[2018.09.16-15.48.23:239][330]LogModuleManager: Shutting down and abandoning module ProceduralMeshComponent (392)
[2018.09.16-15.48.23:242][330]LogModuleManager: Shutting down and abandoning module OculusInput (390)
[2018.09.16-15.48.23:242][330]LogModuleManager: Shutting down and abandoning module MobilePatchingUtils (388)
[2018.09.16-15.48.23:242][330]LogModuleManager: Shutting down and abandoning module EditableMesh (386)
[2018.09.16-15.48.23:246][330]LogModuleManager: Shutting down and abandoning module CustomMeshComponent (384)
[2018.09.16-15.48.23:246][330]LogModuleManager: Shutting down and abandoning module CableComponent (382)
[2018.09.16-15.48.23:246][330]LogModuleManager: Shutting down and abandoning module AudioCapture (380)
[2018.09.16-15.48.23:246][330]LogModuleManager: Shutting down and abandoning module ArchVisCharacter (378)
[2018.09.16-15.48.23:246][330]LogModuleManager: Shutting down and abandoning module AndroidPermission (376)
[2018.09.16-15.48.23:246][330]LogModuleManager: Shutting down and abandoning module NUTUnrealEngine4 (374)
[2018.09.16-15.48.23:246][330]LogModuleManager: Shutting down and abandoning module NetcodeUnitTest (372)
[2018.09.16-15.48.23:267][330]LogModuleManager: Shutting down and abandoning module MediaCompositingEditor (370)
[2018.09.16-15.48.23:267][330]LogModuleManager: Shutting down and abandoning module MediaCompositing (368)
[2018.09.16-15.48.23:267][330]LogModuleManager: Shutting down and abandoning module LinearTimecode (366)
[2018.09.16-15.48.23:268][330]LogModuleManager: Shutting down and abandoning module ImgMedia (364)
[2018.09.16-15.48.23:281][330]LogModuleManager: Shutting down and abandoning module HTML5Networking (362)
[2018.09.16-15.48.23:281][330]LogModuleManager: Shutting down and abandoning module GeometryCacheTracks (360)
[2018.09.16-15.48.23:281][330]LogModuleManager: Shutting down and abandoning module GeometryCacheSequencer (358)
[2018.09.16-15.48.23:281][330]LogModuleManager: Shutting down and abandoning module BackChannel (356)
[2018.09.16-15.48.23:290][330]LogModuleManager: Shutting down and abandoning module AppleVision (354)
[2018.09.16-15.48.23:290][330]LogModuleManager: Shutting down and abandoning module AppleImageUtils (352)
[2018.09.16-15.48.23:290][330]LogModuleManager: Shutting down and abandoning module AlembicImporter (350)
[2018.09.16-15.48.23:290][330]LogModuleManager: Shutting down and abandoning module AlembicLibrary (349)
[2018.09.16-15.48.23:290][330]LogModuleManager: Shutting down and abandoning module GeometryCache (348)
[2018.09.16-15.48.23:290][330]LogModuleManager: Shutting down and abandoning module GeometryCacheEd (347)
[2018.09.16-15.48.23:290][330]LogModuleManager: Shutting down and abandoning module DatasmithContentEditor (342)
[2018.09.16-15.48.23:305][330]LogModuleManager: Shutting down and abandoning module DatasmithContent (340)
[2018.09.16-15.48.23:305][330]LogModuleManager: Shutting down and abandoning module SpeedTreeImporter (338)
[2018.09.16-15.48.23:306][330]LogModuleManager: Shutting down and abandoning module PluginBrowser (336)
[2018.09.16-15.48.23:354][330]LogModuleManager: Shutting down and abandoning module MobileLauncherProfileWizard (334)
[2018.09.16-15.48.23:366][330]LogModuleManager: Shutting down and abandoning module PolygonModeling (332)
[2018.09.16-15.48.23:366][330]LogModuleManager: Shutting down and abandoning module MeshEditor (330)
[2018.09.16-15.48.23:377][330]LogModuleManager: Shutting down and abandoning module CryptoKeysOpenSSL (328)
[2018.09.16-15.48.23:380][330]LogModuleManager: Shutting down and abandoning module CryptoKeys (326)
[2018.09.16-15.48.23:380][330]LogModuleManager: Shutting down and abandoning module VisualStudioSourceCodeAccess (324)
[2018.09.16-15.48.23:380][330]LogModuleManager: Shutting down and abandoning module VisualStudioCodeSourceCodeAccess (322)
[2018.09.16-15.48.23:380][330]LogModuleManager: Shutting down and abandoning module UObjectPlugin (320)
[2018.09.16-15.48.23:380][330]LogModuleManager: Shutting down and abandoning module SubversionSourceControl (318)
[2018.09.16-15.48.23:387][330]LogModuleManager: Shutting down and abandoning module PerforceSourceControl (316)
[2018.09.16-15.48.23:396][330]LogModuleManager: Shutting down and abandoning module GitSourceControl (314)
[2018.09.16-15.48.23:409][330]LogModuleManager: Shutting down and abandoning module SourceControl (313)
[2018.09.16-15.48.23:419][330]LogModuleManager: Shutting down and abandoning module CLionSourceCodeAccess (310)
[2018.09.16-15.48.23:419][330]LogModuleManager: Shutting down and abandoning module LightPropagationVolumeEditor (308)
[2018.09.16-15.48.23:420][330]LogModuleManager: Shutting down and abandoning module PaperTiledImporter (306)
[2018.09.16-15.48.23:420][330]LogModuleManager: Shutting down and abandoning module PaperSpriteSheetImporter (304)
[2018.09.16-15.48.23:420][330]LogModuleManager: Shutting down and abandoning module Paper2DEditor (302)
[2018.09.16-15.48.23:435][330]LogModuleManager: Shutting down and abandoning module MeshPaint (301)
[2018.09.16-15.48.23:448][330]LogModuleManager: Shutting down and abandoning module RuntimePhysXCooking (298)
[2018.09.16-15.48.23:448][330]LogModuleManager: Shutting down and abandoning module PhysXVehiclesEditor (296)
[2018.09.16-15.48.23:448][330]LogModuleManager: Shutting down and abandoning module PhysXVehicles (294)
[2018.09.16-15.48.23:448][330]LogModuleManager: Shutting down and abandoning module OculusEditor (292)
[2018.09.16-15.48.23:460][330]LogModuleManager: Shutting down and abandoning module LocationServicesBPLibrary (290)
[2018.09.16-15.48.23:461][330]LogModuleManager: Shutting down and abandoning module ImmediatePhysicsEditor (288)
[2018.09.16-15.48.23:461][330]LogModuleManager: Shutting down and abandoning module ImmediatePhysics (286)
[2018.09.16-15.48.23:490][330]LogModuleManager: Shutting down and abandoning module ActorSequence (284)
[2018.09.16-15.48.23:490][330]LogModuleManager: Shutting down and abandoning module UdpMessaging (282)
[2018.09.16-15.48.23:591][330]LogModuleManager: Shutting down and abandoning module TcpMessaging (280)
[2018.09.16-15.48.23:733][330]LogModuleManager: Shutting down and abandoning module MagicLeapAudio (278)
[2018.09.16-15.48.23:733][330]LogModuleManager: Shutting down and abandoning module GameplayTagsEditor (276)
[2018.09.16-15.48.23:754][330]LogModuleManager: Shutting down and abandoning module FacialAnimationEditor (274)
[2018.09.16-15.48.23:754][330]LogModuleManager: Shutting down and abandoning module FacialAnimation (272)
[2018.09.16-15.48.23:754][330]LogModuleManager: Shutting down and abandoning module DataValidation (270)
[2018.09.16-15.48.23:754][330]LogModuleManager: Shutting down and abandoning module AssetManagerEditor (268)
[2018.09.16-15.48.23:762][330]LogModuleManager: Shutting down and abandoning module LevelEditor (267)
[2018.09.16-15.48.23:800][330]LogModuleManager: Shutting down and abandoning module PixelInspectorModule (266)
[2018.09.16-15.48.23:808][330]LogModuleManager: Shutting down and abandoning module CommonMenuExtensions (264)
[2018.09.16-15.48.23:808][330]LogModuleManager: Shutting down and abandoning module MainFrame (262)
[2018.09.16-15.48.23:818][330]LogModuleManager: Shutting down and abandoning module HotReload (261)
[2018.09.16-15.48.23:831][330]LogModuleManager: Shutting down and abandoning module ContentBrowser (257)
[2018.09.16-15.48.23:835][330]LogModuleManager: Shutting down and abandoning module TreeMap (255)
[2018.09.16-15.48.23:879][330]LogModuleManager: Shutting down and abandoning module LightPropagationVolumeRuntime (252)
[2018.09.16-15.48.23:879][330]LogModuleManager: Shutting down and abandoning module AISupportModule (250)
[2018.09.16-15.48.23:879][330]LogModuleManager: Shutting down and abandoning module Paper2D (248)
[2018.09.16-15.48.23:890][330]LogModuleManager: Shutting down and abandoning module WindowsMoviePlayer (246)
[2018.09.16-15.48.23:904][330]LogModuleManager: Shutting down and abandoning module WmfMedia (244)
[2018.09.16-15.48.23:928][330]LogModuleManager: Shutting down and abandoning module Media (243)
[2018.09.16-15.48.23:935][330]LogModuleManager: Shutting down and abandoning module PacketHandler (240)
[2018.09.16-15.48.23:935][330]LogModuleManager: Shutting down and abandoning module ClothingSystemEditor (238)
[2018.09.16-15.48.23:935][330]LogModuleManager: Shutting down and abandoning module ClothingSystemRuntime (236)
[2018.09.16-15.48.24:040][330]LogModuleManager: Shutting down and abandoning module MediaAssets (234)
[2018.09.16-15.48.24:040][330]LogModuleManager: Shutting down and abandoning module Overlay (232)
[2018.09.16-15.48.24:041][330]LogModuleManager: Shutting down and abandoning module OverlayEditor (231)
[2018.09.16-15.48.24:041][330]LogModuleManager: Shutting down and abandoning module VREditor (228)
[2018.09.16-15.48.24:083][330]LogModuleManager: Shutting down and abandoning module StringTableEditor (226)
[2018.09.16-15.48.24:101][330]LogModuleManager: Shutting down and abandoning module GameplayTasksEditor (224)
[2018.09.16-15.48.24:101][330]LogModuleManager: Shutting down and abandoning module BehaviorTreeEditor (222)
[2018.09.16-15.48.24:155][330]LogModuleManager: Shutting down and abandoning module FunctionalTesting (220)
[2018.09.16-15.48.24:164][330]LogModuleManager: Shutting down and abandoning module CollisionAnalyzer (218)
[2018.09.16-15.48.24:214][330]LogModuleManager: Shutting down and abandoning module WorkspaceMenuStructure (217)
[2018.09.16-15.48.24:214][330]LogModuleManager: Shutting down and abandoning module UMG (214)
[2018.09.16-15.48.24:218][330]LogModuleManager: Shutting down and abandoning module UMGEditor (213)
[2018.09.16-15.48.24:251][330]LogModuleManager: Shutting down and abandoning module Sequencer (212)
[2018.09.16-15.48.24:283][330]LogModuleManager: Shutting down and abandoning module MessageLog (209)
[2018.09.16-15.48.24:283][330]LogModuleManager: Shutting down and abandoning module SlateReflector (204)
[2018.09.16-15.48.24:331][330]LogModuleManager: Shutting down and abandoning module Slate (202)
[2018.09.16-15.48.24:331][330]LogModuleManager: Shutting down and abandoning module EditorStyle (200)
[2018.09.16-15.48.24:335][330]LogModuleManager: Shutting down and abandoning module MRMesh (198)
[2018.09.16-15.48.24:339][330]LogModuleManager: Shutting down and abandoning module SourceCodeAccess (196)
[2018.09.16-15.48.24:339][330]LogModuleManager: Shutting down and abandoning module HeadMountedDisplay (194)
[2018.09.16-15.48.24:339][330]LogModuleManager: Shutting down and abandoning module XAudio2 (192)
[2018.09.16-15.48.24:339][330]LogModuleManager: Shutting down and abandoning module Networking (190)
[2018.09.16-15.48.24:339][330]LogModuleManager: Shutting down and abandoning module Core (188)
[2018.09.16-15.48.24:340][330]LogModuleManager: Shutting down and abandoning module LevelSequence (186)
[2018.09.16-15.48.24:340][330]LogModuleManager: Shutting down and abandoning module KismetCompiler (184)
[2018.09.16-15.48.24:340][330]LogModuleManager: Shutting down and abandoning module MeshUtilities (182)
[2018.09.16-15.48.24:354][330]LogModuleManager: Shutting down and abandoning module MeshMergeUtilities (181)
[2018.09.16-15.48.24:372][330]LogModuleManager: Shutting down and abandoning module MeshReductionInterface (180)
[2018.09.16-15.48.24:372][330]LogModuleManager: Shutting down and abandoning module SimplygonSwarm (179)
[2018.09.16-15.48.24:376][330]LogModuleManager: Shutting down and abandoning module ProxyLODMeshReduction (177)
[2018.09.16-15.48.24:390][330]LogModuleManager: Shutting down and abandoning module SimplygonMeshReduction (175)
[2018.09.16-15.48.24:390][330]LogModuleManager: Shutting down and abandoning module QuadricMeshReduction (173)
[2018.09.16-15.48.24:398][330]LogModuleManager: Shutting down and abandoning module MaterialBaking (169)
[2018.09.16-15.48.24:410][330]LogModuleManager: Shutting down and abandoning module DirectoryWatcher (165)
[2018.09.16-15.48.24:412][330]LogModuleManager: Shutting down and abandoning module DerivedDataCache (162)
[2018.09.16-15.48.24:472][330]LogDerivedDataCache: Shutdown
[2018.09.16-15.48.24:472][330]LogModuleManager: Shutting down and abandoning module XGEController (160)
[2018.09.16-15.48.24:473][330]LogXGEController: Cleaning working directory: C:/Users/Андрей/AppData/Local/Temp/UnrealXGEWorkingDir/
[2018.09.16-15.48.24:485][330]LogModuleManager: Shutting down and abandoning module TargetPlatform (158)
[2018.09.16-15.48.24:486][330]LogModuleManager: Shutting down and abandoning module VulkanShaderFormat (157)
[2018.09.16-15.48.24:490][330]LogModuleManager: Shutting down and abandoning module ShaderFormatVectorVM (155)
[2018.09.16-15.48.24:500][330]LogModuleManager: Shutting down and abandoning module ShaderFormatOpenGL (153)
[2018.09.16-15.48.24:511][330]LogModuleManager: Shutting down and abandoning module ShaderFormatD3D (151)
[2018.09.16-15.48.24:511][330]LogModuleManager: Shutting down and abandoning module MetalShaderFormat (149)
[2018.09.16-15.48.24:526][330]LogModuleManager: Shutting down and abandoning module TextureFormatUncompressed (147)
[2018.09.16-15.48.24:526][330]LogModuleManager: Shutting down and abandoning module TextureFormatPVR (145)
[2018.09.16-15.48.24:526][330]LogModuleManager: Shutting down and abandoning module TextureFormatDXT (143)
[2018.09.16-15.48.24:534][330]LogModuleManager: Shutting down and abandoning module TextureFormatIntelISPCTexComp (141)
[2018.09.16-15.48.24:535][330]LogModuleManager: Shutting down and abandoning module TextureFormatASTC (139)
[2018.09.16-15.48.24:535][330]LogModuleManager: Shutting down and abandoning module ImageWrapper (138)
[2018.09.16-15.48.24:535][330]LogModuleManager: Shutting down and abandoning module TextureFormatAndroid (135)
[2018.09.16-15.48.24:535][330]LogModuleManager: Shutting down and abandoning module AudioFormatOpus (133)
[2018.09.16-15.48.24:535][330]LogModuleManager: Shutting down and abandoning module AudioFormatOgg (131)
[2018.09.16-15.48.24:535][330]LogModuleManager: Shutting down and abandoning module AudioFormatADPCM (129)
[2018.09.16-15.48.24:535][330]LogModuleManager: Shutting down and abandoning module LuminTargetPlatform (127)
[2018.09.16-15.48.24:535][330]LogModuleManager: Shutting down and abandoning module LinuxTargetPlatform (125)
[2018.09.16-15.48.24:535][330]LogModuleManager: Shutting down and abandoning module LinuxServerTargetPlatform (123)
[2018.09.16-15.48.24:536][330]LogModuleManager: Shutting down and abandoning module LinuxNoEditorTargetPlatform (121)
[2018.09.16-15.48.24:549][330]LogModuleManager: Shutting down and abandoning module LinuxClientTargetPlatform (119)
[2018.09.16-15.48.24:559][330]LogModuleManager: Shutting down and abandoning module TVOSTargetPlatform (117)
[2018.09.16-15.48.24:569][330]LogModuleManager: Shutting down and abandoning module Messaging (115)
[2018.09.16-15.48.24:569][330]LogModuleManager: Shutting down and abandoning module IOSTargetPlatform (113)
[2018.09.16-15.48.24:578][330]LogModuleManager: Shutting down and abandoning module HTML5TargetPlatform (111)
[2018.09.16-15.48.24:578][330]LogModuleManager: Shutting down and abandoning module AndroidTargetPlatform (109)
[2018.09.16-15.48.24:626][330]LogModuleManager: Shutting down and abandoning module WindowsTargetPlatform (107)
[2018.09.16-15.48.24:626][330]LogModuleManager: Shutting down and abandoning module WindowsServerTargetPlatform (105)
[2018.09.16-15.48.24:627][330]LogModuleManager: Shutting down and abandoning module WindowsNoEditorTargetPlatform (103)
[2018.09.16-15.48.24:627][330]LogModuleManager: Shutting down and abandoning module WindowsClientTargetPlatform (101)
[2018.09.16-15.48.24:627][330]LogModuleManager: Shutting down and abandoning module MacTargetPlatform (99)
[2018.09.16-15.48.24:627][330]LogModuleManager: Shutting down and abandoning module MacServerTargetPlatform (97)
[2018.09.16-15.48.24:627][330]LogModuleManager: Shutting down and abandoning module MacNoEditorTargetPlatform (95)
[2018.09.16-15.48.24:627][330]LogModuleManager: Shutting down and abandoning module MacClientTargetPlatform (93)
[2018.09.16-15.48.24:627][330]LogModuleManager: Shutting down and abandoning module AllDesktopTargetPlatform (91)
[2018.09.16-15.48.24:627][330]LogModuleManager: Shutting down and abandoning module InputCore (88)
[2018.09.16-15.48.24:627][330]LogModuleManager: Shutting down and abandoning module Settings (86)
[2018.09.16-15.48.24:627][330]LogModuleManager: Shutting down and abandoning module PhysXCooking (84)
[2018.09.16-15.48.24:627][330]LogModuleManager: Shutting down and abandoning module SteamVR (82)
[2018.09.16-15.48.24:627][330]LogModuleManager: Shutting down and abandoning module OculusHMD (80)
[2018.09.16-15.48.24:634][330]LogModuleManager: Shutting down and abandoning module ExampleDeviceProfileSelector (78)
[2018.09.16-15.48.24:634][330]LogModuleManager: Shutting down and abandoning module LauncherChunkInstaller (76)
[2018.09.16-15.48.24:634][330]LogModuleManager: Shutting down and abandoning module OnlineBlueprintSupport (74)
[2018.09.16-15.48.24:634][330]LogModuleManager: Shutting down and abandoning module OnlineSubsystem (70)
[2018.09.16-15.48.24:644][330]LogModuleManager: Shutting down and abandoning module XMPP (65)
[2018.09.16-15.48.24:693][330]LogModuleManager: Shutting down and abandoning module WebSockets (64)
[2018.09.16-15.48.24:736][330]LogModuleManager: Shutting down and abandoning module HTTP (61)
[2018.09.16-15.48.24:744][330]LogHttp: Display: Http module shutting down, but needs to wait on 1 outstanding Http requests:
[2018.09.16-15.48.24:744][330]LogHttp: Display: 	verb=[POST] url=[https://datarouter.ol.epicgames.com/datarouter/api/v1/public/data?SessionID=%7BA4790C57-4860-6595-3A22-9F96953CC110%7D&AppID=UEEditor.Rocket.Release&AppVersion=4.20.2-4302132%2B%2B%2BUE4%2BRelease-4.20&UserID=f4ac65e044630a98ec620b9606adfa3a%7Ccec6d2080c8b49f3b7d752523df8e451%7C15d354fd-8471-443b-ab78-eb750ff49c48&AppEnvironment=datacollector-binary&UploadType=eteventstream] status=Processing
[2018.09.16-15.48.24:757][330]LogModuleManager: Shutting down and abandoning module SSL (60)
[2018.09.16-15.48.24:767][330]LogModuleManager: Shutting down and abandoning module MagicLeapEmulator (56)
[2018.09.16-15.48.24:767][330]LogModuleManager: Shutting down and abandoning module MagicLeapPrivileges (54)
[2018.09.16-15.48.24:768][330]LogModuleManager: Shutting down and abandoning module MagicLeapIdentity (52)
[2018.09.16-15.48.24:768][330]LogModuleManager: Shutting down and abandoning module MagicLeapHelperVulkan (50)
[2018.09.16-15.48.24:768][330]LogModuleManager: Shutting down and abandoning module MagicLeapHelperOpenGL (48)
[2018.09.16-15.48.24:768][330]LogModuleManager: Shutting down and abandoning module MagicLeapSecureStorage (46)
[2018.09.16-15.48.24:768][330]LogModuleManager: Shutting down and abandoning module MagicLeapGestures (44)
[2018.09.16-15.48.24:768][330]LogModuleManager: Shutting down and abandoning module MagicLeapEyeTracker (42)
[2018.09.16-15.48.24:768][330]LogModuleManager: Shutting down and abandoning module MagicLeapController (40)
[2018.09.16-15.48.24:768][330]LogSlate: Slate User Destroyed.  User Index 0, Is Virtual User: 0
[2018.09.16-15.48.24:768][330]LogModuleManager: Shutting down and abandoning module MagicLeap (38)
[2018.09.16-15.48.24:771][330]LogModuleManager: Shutting down and abandoning module AnimationModifiers (36)
[2018.09.16-15.48.24:788][330]LogModuleManager: Shutting down and abandoning module PropertyEditor (35)
[2018.09.16-15.48.24:798][330]LogModuleManager: Shutting down and abandoning module AudioEditor (32)
[2018.09.16-15.48.24:813][330]LogModuleManager: Shutting down and abandoning module TextureCompressor (30)
[2018.09.16-15.48.24:840][330]LogModuleManager: Shutting down and abandoning module ShaderCore (28)
[2018.09.16-15.48.24:840][330]LogModuleManager: Shutting down and abandoning module Landscape (26)
[2018.09.16-15.48.24:840][330]LogModuleManager: Shutting down and abandoning module SlateRHIRenderer (24)
[2018.09.16-15.48.24:857][330]LogModuleManager: Shutting down and abandoning module OpenGLDrv (22)
[2018.09.16-15.48.24:862][330]LogModuleManager: Shutting down and abandoning module D3D11RHI (20)
[2018.09.16-15.48.24:862][330]LogModuleManager: Shutting down and abandoning module AnimGraphRuntime (18)
[2018.09.16-15.48.24:867][330]LogModuleManager: Shutting down and abandoning module Renderer (16)
[2018.09.16-15.48.24:867][330]LogModuleManager: Shutting down and abandoning module Engine (14)
[2018.09.16-15.48.24:867][330]LogModuleManager: Shutting down and abandoning module CoreUObject (12)
[2018.09.16-15.48.24:867][330]LogModuleManager: Shutting down and abandoning module NetworkFile (10)
[2018.09.16-15.48.24:877][330]LogModuleManager: Shutting down and abandoning module CookedIterativeFile (8)
[2018.09.16-15.48.24:877][330]LogModuleManager: Shutting down and abandoning module StreamingFile (6)
[2018.09.16-15.48.24:881][330]LogModuleManager: Shutting down and abandoning module SandboxFile (4)
[2018.09.16-15.48.24:882][330]LogModuleManager: Shutting down and abandoning module PakFile (2)
[2018.09.16-15.48.24:899][330]LogExit: Exiting.
[2018.09.16-15.48.24:918][330]Log file closed, 09/16/18 20:48:24
