Log file open, 09/15/18 13:26:31
LogWindows: Failed to load 'aqProf.dll' (GetLastError=126)
LogWindows: File 'aqProf.dll' does not exist
LogWindows: Failed to load 'VtuneApi.dll' (GetLastError=126)
LogWindows: File 'VtuneApi.dll' does not exist
LogWindows: Failed to load 'VtuneApi32e.dll' (GetLastError=126)
LogWindows: File 'VtuneApi32e.dll' does not exist
LogInit: Display: Running engine for game: Warhammer
LogPlatformFile: Not using cached read wrapper
LogTaskGraph: Started task graph with 5 named threads and 11 total threads with 3 sets of task threads.
LogStats: Stats thread started at 12.209398
LogD3D11RHI: Loaded GFSDK_Aftermath_Lib.x64.dll
LogICUInternationalization: Display: ICU TimeZone Detection - Raw Offset: +6:00, Platform Override: ''
LogPluginManager: Mounting plugin Paper2D
LogPluginManager: Mounting plugin AISupport
LogPluginManager: Mounting plugin LightPropagationVolume
LogPluginManager: Mounting plugin CLionSourceCodeAccess
LogPluginManager: Mounting plugin CodeLiteSourceCodeAccess
LogPluginManager: Mounting plugin GitSourceControl
LogPluginManager: Mounting plugin KDevelopSourceCodeAccess
LogPluginManager: Mounting plugin NullSourceCodeAccess
LogPluginManager: Mounting plugin PerforceSourceControl
LogPluginManager: Mounting plugin SubversionSourceControl
LogPluginManager: Mounting plugin UObjectPlugin
LogPluginManager: Mounting plugin VisualStudioCodeSourceCodeAccess
LogPluginManager: Mounting plugin VisualStudioSourceCodeAccess
LogPluginManager: Mounting plugin XCodeSourceCodeAccess
LogPluginManager: Mounting plugin AssetManagerEditor
LogPluginManager: Mounting plugin CryptoKeys
LogPluginManager: Mounting plugin DataValidation
LogPluginManager: Mounting plugin FacialAnimation
LogPluginManager: Mounting plugin GameplayTagsEditor
LogPluginManager: Mounting plugin MacGraphicsSwitching
LogPluginManager: Mounting plugin MeshEditor
LogPluginManager: Mounting plugin MobileLauncherProfileWizard
LogPluginManager: Mounting plugin PluginBrowser
LogPluginManager: Mounting plugin SpeedTreeImporter
LogPluginManager: Mounting plugin DatasmithContent
LogPluginManager: Mounting plugin AlembicImporter
LogPluginManager: Mounting plugin AppleImageUtils
LogPluginManager: Mounting plugin AppleVision
LogPluginManager: Mounting plugin BackChannel
LogPluginManager: Mounting plugin CharacterAI
LogPluginManager: Mounting plugin GeometryCache
LogPluginManager: Mounting plugin HTML5Networking
LogPluginManager: Mounting plugin ProxyLODPlugin
LogPluginManager: Mounting plugin MagicLeap
LogPluginManager: Mounting plugin MagicLeapEmulator
LogPluginManager: Mounting plugin MagicLeapMedia
LogPluginManager: Mounting plugin AndroidMedia
LogPluginManager: Mounting plugin AvfMedia
LogPluginManager: Mounting plugin ImgMedia
LogPluginManager: Mounting plugin LinearTimecode
LogPluginManager: Mounting plugin MediaCompositing
LogPluginManager: Mounting plugin MediaPlayerEditor
LogPluginManager: Mounting plugin WmfMedia
LogPluginManager: Mounting plugin TcpMessaging
LogPluginManager: Mounting plugin UdpMessaging
LogPluginManager: Mounting plugin ActorSequence
LogPluginManager: Mounting plugin LevelSequenceEditor
LogPluginManager: Mounting plugin MatineeToLevelSequence
LogPluginManager: Mounting plugin NetcodeUnitTest
LogPluginManager: Mounting plugin NUTUnrealEngine4
LogPluginManager: Mounting plugin OnlineSubsystemGooglePlay
LogPluginManager: Mounting plugin OnlineSubsystemIOS
LogPluginManager: Mounting plugin OnlineSubsystem
LogPluginManager: Mounting plugin OnlineSubsystemNull
LogPluginManager: Mounting plugin OnlineSubsystemUtils
LogPluginManager: Mounting plugin LauncherChunkInstaller
LogPluginManager: Mounting plugin AndroidDeviceProfileSelector
LogPluginManager: Mounting plugin AndroidMoviePlayer
LogPluginManager: Mounting plugin AndroidPermission
LogPluginManager: Mounting plugin AppleMoviePlayer
LogPluginManager: Mounting plugin ArchVisCharacter
LogPluginManager: Mounting plugin AudioCapture
LogPluginManager: Mounting plugin CableComponent
LogPluginManager: Mounting plugin CustomMeshComponent
LogPluginManager: Mounting plugin EditableMesh
LogPluginManager: Mounting plugin ExampleDeviceProfileSelector
LogPluginManager: Mounting plugin GoogleCloudMessaging
LogPluginManager: Mounting plugin ImmediatePhysics
LogPluginManager: Mounting plugin IOSDeviceProfileSelector
LogPluginManager: Mounting plugin LinuxDeviceProfileSelector
LogPluginManager: Mounting plugin LocationServicesBPLibrary
LogPluginManager: Mounting plugin MobilePatchingUtils
LogPluginManager: Mounting plugin OculusVR
LogPluginManager: Plugin shader directory ../../../Engine/Plugins/Runtime/Oculus/OculusVR/Shaders found
LogPluginManager: Mapping shader source directory ../../../Engine/Plugins/Runtime/Oculus/OculusVR/Shaders to virtual directory /Plugin/OculusVR
LogPluginManager: Mounting plugin PhysXVehicles
LogPluginManager: Mounting plugin ProceduralMeshComponent
LogPluginManager: Mounting plugin RuntimePhysXCooking
LogPluginManager: Mounting plugin SteamVR
LogPluginManager: Mounting plugin WindowsMoviePlayer
LogStreaming: Display: Took  0.658s to configure plugins.
LogInit: Using libcurl 7.55.1-DEV
LogInit:  - built for x86_64-pc-win32
LogInit:  - supports SSL with OpenSSL/1.0.2h
LogInit:  - supports HTTP deflate (compression) using libz 1.2.8
LogInit:  - other features:
LogInit:      CURL_VERSION_SSL
LogInit:      CURL_VERSION_LIBZ
LogInit:      CURL_VERSION_IPV6
LogInit:      CURL_VERSION_ASYNCHDNS
LogInit:      CURL_VERSION_LARGEFILE
LogInit:      CURL_VERSION_IDN
LogInit:  CurlRequestOptions (configurable via config and command line):
LogInit:  - bVerifyPeer = false  - Libcurl will NOT verify peer certificate
LogInit:  - bUseHttpProxy = false  - Libcurl will NOT use HTTP proxy
LogInit:  - bDontReuseConnections = false  - Libcurl will reuse connections
LogInit:  - CertBundlePath = nullptr  - Libcurl will use whatever was configured at build time.
LogInit:  - MaxHostConnections = 16  - Libcurl will limit the number of connections to a host
LogInit:  - LocalHostAddr = Default
LogInit:  - BufferSize = 65536
LogInit: WinSock: version 1.1 (2.2), MaxSocks=32767, MaxUdp=65467
LogInit: Build: ++UE4+Release-4.20-CL-4302132
LogInit: Engine Version: 4.20.2-4302132+++UE4+Release-4.20
LogInit: Compatible Engine Version: 4.20.0-4212847+++UE4+Release-4.20
LogInit: Net CL: 4212847
LogInit: OS: Windows 10 (), CPU:        Intel(R) Core(TM) i5-3230M CPU @ 2.60GHz, GPU: Intel(R) HD Graphics 4000
LogInit: Compiled (64-bit): Aug 21 2018 02:06:06
LogInit: Compiled with Visual C++: 19.13.26129.00
LogInit: Build Configuration: Development
LogInit: Branch Name: ++UE4+Release-4.20
LogInit: Command Line:  
LogInit: Base Directory: C:/Program Files/Epic Games/UE_4.20/Engine/Binaries/Win64/
LogInit: Installed Engine Build: 1
LogDevObjectVersion: Number of dev versions registered: 20
LogDevObjectVersion:   Dev-Blueprints (B0D832E4-1F89-4F0D-ACCF-7EB736FD4AA2): 10
LogDevObjectVersion:   Dev-Build (E1C64328-A22C-4D53-A36C-8E866417BD8C): 0
LogDevObjectVersion:   Dev-Core (375EC13C-06E4-48FB-B500-84F0262A717E): 2
LogDevObjectVersion:   Dev-Editor (E4B068ED-F494-42E9-A231-DA0B2E46BB41): 24
LogDevObjectVersion:   Dev-Framework (CFFC743F-43B0-4480-9391-14DF171D2073): 34
LogDevObjectVersion:   Dev-Mobile (B02B49B5-BB20-44E9-A304-32B752E40360): 2
LogDevObjectVersion:   Dev-Networking (A4E4105C-59A1-49B5-A7C5-40C4547EDFEE): 0
LogDevObjectVersion:   Dev-Online (39C831C9-5AE6-47DC-9A44-9C173E1C8E7C): 0
LogDevObjectVersion:   Dev-Physics (78F01B33-EBEA-4F98-B9B4-84EACCB95AA2): 0
LogDevObjectVersion:   Dev-Platform (6631380F-2D4D-43E0-8009-CF276956A95A): 0
LogDevObjectVersion:   Dev-Rendering (12F88B9F-8875-4AFC-A67C-D90C383ABD29): 26
LogDevObjectVersion:   Dev-Sequencer (7B5AE74C-D270-4C10-A958-57980B212A5A): 9
LogDevObjectVersion:   Dev-VR (D7296918-1DD6-4BDD-9DE2-64A83CC13884): 2
LogDevObjectVersion:   Dev-LoadTimes (C2A15278-BFE7-4AFE-6C17-90FF531DF755): 1
LogDevObjectVersion:   Private-Geometry (6EACA3D4-40EC-4CC1-B786-8BED09428FC5): 3
LogDevObjectVersion:   Dev-AnimPhys (29E575DD-E0A3-4627-9D10-D276232CDCEA): 17
LogDevObjectVersion:   Dev-ReflectionCapture (6B266CEC-1EC7-4B8F-A30B-E4D90942FC07): 1
LogDevObjectVersion:   Dev-Automation (0DF73D61-A23F-47EA-B727-89E90C41499A): 1
LogDevObjectVersion:   FortniteMain (601D1886-AC64-4F84-AA16-D3DE0DEAC7D6): 12
LogDevObjectVersion:   Dev-Enterprise (9DFFBCD6-494F-0158-E221-12823C92A888): 1
LogStreaming: Display: Took  0.217s to delete old logs.
LogInit: Presizing for max 8388607 objects, including 0 objects not considered by GC, pre-allocating 0 bytes for permanent pool.
LogInit: Object subsystem initialized
[2018.09.15-08.26.40:227][  0]LogInit: Selected Device Profile: [Windows]
[2018.09.15-08.26.40:236][  0]LogInit: Applying CVar settings loaded from the selected device profile: [Windows]
[2018.09.15-08.26.40:348][  0]LogHAL: Display: Platform has ~ 8 GB [8473120768 / 8589934592 / 8], which maps to Default [LargestMinGB=32, LargerMinGB=12, DefaultMinGB=8, SmallerMinGB=6, SmallestMinGB=0)
[2018.09.15-08.26.40:371][  0]LogInit: Setting Device Profile CVar: [[r.Vulkan.UseRealUBs:1]]
[2018.09.15-08.26.40:376][  0]LogInit: Going up to parent DeviceProfile []
[2018.09.15-08.26.40:476][  0]LogInit: Computer: MSI
[2018.09.15-08.26.40:476][  0]LogInit: User: Андрей
[2018.09.15-08.26.40:476][  0]LogInit: CPU Page size=4096, Cores=2
[2018.09.15-08.26.40:476][  0]LogInit: High frequency timer resolution =2.533317 MHz
[2018.09.15-08.26.40:488][  0]LogMemory: Memory total: Physical=7.9GB (8GB approx)
[2018.09.15-08.26.40:488][  0]LogMemory: Platform Memory Stats for Windows
[2018.09.15-08.26.40:488][  0]LogMemory: Process Physical Memory: 101.45 MB used, 101.45 MB peak
[2018.09.15-08.26.40:488][  0]LogMemory: Process Virtual Memory: 92.31 MB used, 92.31 MB peak
[2018.09.15-08.26.40:488][  0]LogMemory: Physical Memory: 5763.81 MB used,  2316.79 MB free, 8080.60 MB total
[2018.09.15-08.26.40:488][  0]LogMemory: Virtual Memory: 4629.36 MB used,  2316.79 MB free, 134217728.00 MB total
[2018.09.15-08.26.42:812][  0]LogInit: Using OS detected language (ru-RU).
[2018.09.15-08.26.42:812][  0]LogInit: Using OS detected locale (ru-RU).
[2018.09.15-08.26.43:039][  0]LogTextLocalizationManager: No specific localization for 'ru-RU' exists, so the 'ru' localization will be used.
[2018.09.15-08.26.43:525][  0]LogStreaming: Display: Took  0.737s to InitEngineTextLocalization.
[2018.09.15-08.26.43:546][  0]LogInit: Setting process to per monitor DPI aware
[2018.09.15-08.26.45:764][  0]LogSlate: New Slate User Created.  User Index 0, Is Virtual User: 0
[2018.09.15-08.26.45:764][  0]LogSlate: Slate User Registered.  User Index 0, Is Virtual User: 0
[2018.09.15-08.27.00:007][  0]LogHMD: Failed to initialize OpenVR with code 110
[2018.09.15-08.27.00:008][  0]LogD3D11RHI: D3D11 adapters:
[2018.09.15-08.27.01:096][  0]LogD3D11RHI:    0. 'NVIDIA GeForce GTX 660M' (Feature Level 11_0)
[2018.09.15-08.27.01:096][  0]LogD3D11RHI:       2007/0/4040 MB DedicatedVideo/DedicatedSystem/SharedSystem, Outputs:1, VendorId:0x10de
[2018.09.15-08.27.01:101][  0]LogD3D11RHI:    1. 'Intel(R) HD Graphics 4000' (Feature Level 11_0)
[2018.09.15-08.27.01:101][  0]LogD3D11RHI:       32/0/1760 MB DedicatedVideo/DedicatedSystem/SharedSystem, Outputs:0, VendorId:0x8086
[2018.09.15-08.27.01:145][  0]LogD3D11RHI:    2. 'Microsoft Basic Render Driver' (Feature Level 11_0)
[2018.09.15-08.27.01:145][  0]LogD3D11RHI:       0/0/4040 MB DedicatedVideo/DedicatedSystem/SharedSystem, Outputs:0, VendorId:0x1414
[2018.09.15-08.27.01:145][  0]LogD3D11RHI: Chosen D3D11 Adapter: 0
[2018.09.15-08.27.01:241][  0]LogD3D11RHI: Creating new Direct3DDevice
[2018.09.15-08.27.01:241][  0]LogD3D11RHI:     GPU DeviceId: 0xfd4 (for the marketing name, search the web for "GPU Device Id")
[2018.09.15-08.27.01:284][  0]LogWindows: EnumDisplayDevices:
[2018.09.15-08.27.01:284][  0]LogWindows:    0. 'Intel(R) HD Graphics 4000' (P:1 D:1)
[2018.09.15-08.27.01:285][  0]LogWindows:    1. 'Intel(R) HD Graphics 4000' (P:0 D:0)
[2018.09.15-08.27.01:285][  0]LogWindows:    2. 'Intel(R) HD Graphics 4000' (P:0 D:0)
[2018.09.15-08.27.01:285][  0]LogWindows: DebugString: PrimaryIsNotTheChoosenAdapter PrimaryIsNotTheChoosenAdapter PrimaryIsNotTheChoosenAdapter FoundDriverCount:0 
[2018.09.15-08.27.01:285][  0]LogD3D11RHI:     Adapter Name: NVIDIA GeForce GTX 660M
[2018.09.15-08.27.01:285][  0]LogD3D11RHI:   Driver Version: Unknown (internal:Unknown, unified:Unknown)
[2018.09.15-08.27.01:285][  0]LogD3D11RHI:      Driver Date: Unknown
[2018.09.15-08.27.01:285][  0]LogRHI: Texture pool is 1405 MB (70% of 2007 MB)
[2018.09.15-08.27.01:425][  0]LogD3D11RHI: Async texture creation enabled
[2018.09.15-08.27.01:843][  0]LogD3D11RHI: GPU Timing Frequency: 1000.000000 (Debug: 2 6)
[2018.09.15-08.27.02:020][  0]LogShaderCompilers: Guid format shader working directory is 13 characters bigger than the processId version (D:/Unreal/UnrealProject/Warhammer/Intermediate/Shaders/WorkingDirectory/16332/).
[2018.09.15-08.27.02:021][  0]LogShaderCompilers: Cleaned the shader compiler working directory 'C:/Users/Андрей/AppData/Local/Temp/UnrealShaderWorkingDir/4A9EEBBC4DA3822F74E4A2B821143495/'.
[2018.09.15-08.27.12:969][  0]LogTemp: Display: Loaded TP AllDesktopTargetPlatform
[2018.09.15-08.27.13:037][  0]LogTemp: Display: Loaded TP MacClientTargetPlatform
[2018.09.15-08.27.13:091][  0]LogTemp: Display: Loaded TP MacNoEditorTargetPlatform
[2018.09.15-08.27.13:170][  0]LogTemp: Display: Loaded TP MacServerTargetPlatform
[2018.09.15-08.27.13:264][  0]LogTemp: Display: Loaded TP MacTargetPlatform
[2018.09.15-08.27.13:434][  0]LogTemp: Display: Loaded TP WindowsClientTargetPlatform
[2018.09.15-08.27.13:480][  0]LogTemp: Display: Loaded TP WindowsNoEditorTargetPlatform
[2018.09.15-08.27.13:603][  0]LogTemp: Display: Loaded TP WindowsServerTargetPlatform
[2018.09.15-08.27.13:655][  0]LogTemp: Display: Loaded TP WindowsTargetPlatform
[2018.09.15-08.27.13:916][  0]LogTemp: Display: Loaded TP AndroidTargetPlatform
[2018.09.15-08.27.13:916][  0]LogTemp: Display: Loaded TP AndroidTargetPlatform
[2018.09.15-08.27.13:916][  0]LogTemp: Display: Loaded TP AndroidTargetPlatform
[2018.09.15-08.27.13:916][  0]LogTemp: Display: Loaded TP AndroidTargetPlatform
[2018.09.15-08.27.13:916][  0]LogTemp: Display: Loaded TP AndroidTargetPlatform
[2018.09.15-08.27.13:916][  0]LogTemp: Display: Loaded TP AndroidTargetPlatform
[2018.09.15-08.27.13:916][  0]LogTemp: Display: Loaded TP AndroidTargetPlatform
[2018.09.15-08.27.13:916][  0]LogTemp: Display: Loaded TP AndroidTargetPlatform
[2018.09.15-08.27.13:916][  0]LogTemp: Display: Loaded TP AndroidTargetPlatform
[2018.09.15-08.27.13:916][  0]LogTemp: Display: Loaded TP AndroidTargetPlatform
[2018.09.15-08.27.13:916][  0]LogTemp: Display: Loaded TP AndroidTargetPlatform
[2018.09.15-08.27.13:916][  0]LogTemp: Display: Loaded TP AndroidTargetPlatform
[2018.09.15-08.27.13:916][  0]LogTemp: Display: Loaded TP AndroidTargetPlatform
[2018.09.15-08.27.13:916][  0]LogTemp: Display: Loaded TP AndroidTargetPlatform
[2018.09.15-08.27.13:916][  0]LogTemp: Display: Loaded TP AndroidTargetPlatform
[2018.09.15-08.27.13:916][  0]LogTemp: Display: Loaded TP AndroidTargetPlatform
[2018.09.15-08.27.13:917][  0]LogTemp: Display: Loaded TP AndroidTargetPlatform
[2018.09.15-08.27.13:917][  0]LogTemp: Display: Loaded TP AndroidTargetPlatform
[2018.09.15-08.27.14:002][  0]LogTemp: Display: Loaded TP HTML5TargetPlatform
[2018.09.15-08.27.14:316][  0]LogTemp: Display: Loaded TP IOSTargetPlatform
[2018.09.15-08.27.14:316][  0]LogTemp: Display: Loaded TP IOSTargetPlatform
[2018.09.15-08.27.14:434][  0]LogTemp: Display: Loaded TP TVOSTargetPlatform
[2018.09.15-08.27.14:434][  0]LogTemp: Display: Loaded TP TVOSTargetPlatform
[2018.09.15-08.27.14:535][  0]LogTemp: Display: Loaded TP LinuxClientTargetPlatform
[2018.09.15-08.27.14:586][  0]LogTemp: Display: Loaded TP LinuxNoEditorTargetPlatform
[2018.09.15-08.27.14:730][  0]LogTemp: Display: Loaded TP LinuxServerTargetPlatform
[2018.09.15-08.27.14:921][  0]LogTemp: Display: Loaded TP LinuxTargetPlatform
[2018.09.15-08.27.15:003][  0]LogTemp: Display: Loaded TP LuminTargetPlatform
[2018.09.15-08.27.15:003][  0]LogTargetPlatformManager: Display: Building Assets For Windows
[2018.09.15-08.27.21:191][  0]LogXGEController: Cleaning working directory: C:/Users/Андрей/AppData/Local/Temp/UnrealXGEWorkingDir/
[2018.09.15-08.27.21:255][  0]LogXGEController: Cannot use XGE Controller as Incredibuild is not installed on this machine.
[2018.09.15-08.27.21:255][  0]LogShaderCompilers: Cannot use XGE Shader Compiler as Incredibuild is not installed on this machine.
[2018.09.15-08.27.21:276][  0]LogShaderCompilers: Display: Using Local Shader Compiler.
[2018.09.15-08.27.37:646][  0]LogDerivedDataCache: Display: Max Cache Size: 512 MB
[2018.09.15-08.27.39:506][  0]LogDerivedDataCache: Loaded boot cache 1.85s 71MB C:/Users/Андрей/AppData/Local/UnrealEngine/4.20/DerivedDataCache/Boot.ddc.
[2018.09.15-08.27.39:508][  0]LogDerivedDataCache: Display: Loaded Boot cache: C:/Users/Андрей/AppData/Local/UnrealEngine/4.20/DerivedDataCache/Boot.ddc
[2018.09.15-08.27.39:509][  0]LogDerivedDataCache: FDerivedDataBackendGraph:  Pak pak cache file D:/Unreal/UnrealProject/Warhammer/DerivedDataCache/DDC.ddp not found, will not use a pak cache.
[2018.09.15-08.27.39:509][  0]LogDerivedDataCache: Unable to find inner node Pak for hierarchical cache Hierarchy.
[2018.09.15-08.27.39:509][  0]LogDerivedDataCache: FDerivedDataBackendGraph:  CompressedPak pak cache file D:/Unreal/UnrealProject/Warhammer/DerivedDataCache/Compressed.ddp not found, will not use a pak cache.
[2018.09.15-08.27.39:509][  0]LogDerivedDataCache: Unable to find inner node CompressedPak for hierarchical cache Hierarchy.
[2018.09.15-08.27.39:607][  0]LogDerivedDataCache: Display: Pak cache opened for reading ../../../Engine/DerivedDataCache/Compressed.ddp.
[2018.09.15-08.27.39:676][  0]LogDerivedDataCache: Using Local data cache path C:/Users/Андрей/AppData/Local/UnrealEngine/Common/DerivedDataCache: Writable
[2018.09.15-08.27.39:676][  0]LogDerivedDataCache: Shared data cache path not found in *engine.ini, will not use an Shared cache.
[2018.09.15-08.27.39:676][  0]LogDerivedDataCache: Unable to find inner node Shared for hierarchical cache Hierarchy.
[2018.09.15-08.27.39:951][  0]LogMaterial: Verifying Global Shaders for PCD3D_SM5
[2018.09.15-08.27.40:058][  0]LogSlate: Using FreeType 2.6.0
[2018.09.15-08.27.40:519][  0]LogSlate: SlateFontServices - WITH_FREETYPE: 1, WITH_HARFBUZZ: 1
[2018.09.15-08.27.45:938][  0]LogAssetRegistry: FAssetRegistry took 0.3388 seconds to start up
[2018.09.15-08.28.02:623][  0]LogInit: Selected Device Profile: [Windows]
[2018.09.15-08.28.15:807][  0]LogAssetRegistry: Error: Failed to open file for write D:/Unreal/UnrealProject/Warhammer/Intermediate/CachedAssetRegistry.bin
[2018.09.15-08.28.15:807][  0]LogSimplygon: Simplygon DLL not present - disabling.
[2018.09.15-08.28.18:182][  0]LogMeshReduction: Using SimplygonSwarm for distributed automatic mesh merging
[2018.09.15-08.28.18:229][  0]LogMeshReduction: Using ProxyLODMeshReduction for automatic mesh merging
[2018.09.15-08.28.18:289][  0]LogMeshReduction: Using QuadricMeshReduction for automatic static mesh reduction
[2018.09.15-08.28.18:290][  0]LogMeshReduction: No automatic skeletal mesh reduction module available
[2018.09.15-08.28.23:203][  0]LogNetVersion: Warhammer 1.0.0, NetCL: 4212847, EngineNetVer: 5, GameNetVer: 0 (Checksum: 587221285)
[2018.09.15-08.28.39:363][  0]LogAssetRegistry: Error: Failed to open file for write D:/Unreal/UnrealProject/Warhammer/Intermediate/AssetRegistryCache/a0fe0076.bin
[2018.09.15-08.28.39:410][  0]LogAssetRegistry: Error: Failed to open file for write D:/Unreal/UnrealProject/Warhammer/Intermediate/AssetRegistryCache/4b41e26b.bin
[2018.09.15-08.28.39:457][  0]LogAssetRegistry: Error: Failed to open file for write D:/Unreal/UnrealProject/Warhammer/Intermediate/AssetRegistryCache/946c00d2.bin
[2018.09.15-08.28.39:484][  0]LogAssetRegistry: Error: Failed to open file for write D:/Unreal/UnrealProject/Warhammer/Intermediate/AssetRegistryCache/0ea6eb10.bin
[2018.09.15-08.28.39:506][  0]LogAssetRegistry: Error: Failed to open file for write D:/Unreal/UnrealProject/Warhammer/Intermediate/AssetRegistryCache/9b185527.bin
[2018.09.15-08.28.39:522][  0]LogFileManager: Warning: MoveFile was unable to move 'D:/Unreal/UnrealProject/Warhammer/Intermediate/AssetRegistryCache/f7ad48ed.bin.tmp' to 'D:/Unreal/UnrealProject/Warhammer/Intermediate/AssetRegistryCache/f7ad48ed.bin', retrying in .5s...
[2018.09.15-08.28.40:023][  0]LogFileManager: Warning: MoveFile was unable to move 'D:/Unreal/UnrealProject/Warhammer/Intermediate/AssetRegistryCache/f7ad48ed.bin.tmp' to 'D:/Unreal/UnrealProject/Warhammer/Intermediate/AssetRegistryCache/f7ad48ed.bin', retrying in .5s...
[2018.09.15-08.28.40:524][  0]LogFileManager: Warning: MoveFile was unable to move 'D:/Unreal/UnrealProject/Warhammer/Intermediate/AssetRegistryCache/f7ad48ed.bin.tmp' to 'D:/Unreal/UnrealProject/Warhammer/Intermediate/AssetRegistryCache/f7ad48ed.bin', retrying in .5s...
[2018.09.15-08.28.41:025][  0]LogFileManager: Warning: MoveFile was unable to move 'D:/Unreal/UnrealProject/Warhammer/Intermediate/AssetRegistryCache/f7ad48ed.bin.tmp' to 'D:/Unreal/UnrealProject/Warhammer/Intermediate/AssetRegistryCache/f7ad48ed.bin', retrying in .5s...
[2018.09.15-08.28.41:526][  0]LogFileManager: Warning: MoveFile was unable to move 'D:/Unreal/UnrealProject/Warhammer/Intermediate/AssetRegistryCache/f7ad48ed.bin.tmp' to 'D:/Unreal/UnrealProject/Warhammer/Intermediate/AssetRegistryCache/f7ad48ed.bin', retrying in .5s...
[2018.09.15-08.28.42:027][  0]LogFileManager: Warning: MoveFile was unable to move 'D:/Unreal/UnrealProject/Warhammer/Intermediate/AssetRegistryCache/f7ad48ed.bin.tmp' to 'D:/Unreal/UnrealProject/Warhammer/Intermediate/AssetRegistryCache/f7ad48ed.bin', retrying in .5s...
[2018.09.15-08.28.42:529][  0]LogFileManager: Warning: MoveFile was unable to move 'D:/Unreal/UnrealProject/Warhammer/Intermediate/AssetRegistryCache/f7ad48ed.bin.tmp' to 'D:/Unreal/UnrealProject/Warhammer/Intermediate/AssetRegistryCache/f7ad48ed.bin', retrying in .5s...
[2018.09.15-08.28.43:031][  0]LogFileManager: Warning: MoveFile was unable to move 'D:/Unreal/UnrealProject/Warhammer/Intermediate/AssetRegistryCache/f7ad48ed.bin.tmp' to 'D:/Unreal/UnrealProject/Warhammer/Intermediate/AssetRegistryCache/f7ad48ed.bin', retrying in .5s...
[2018.09.15-08.28.43:535][  0]LogFileManager: Warning: MoveFile was unable to move 'D:/Unreal/UnrealProject/Warhammer/Intermediate/AssetRegistryCache/f7ad48ed.bin.tmp' to 'D:/Unreal/UnrealProject/Warhammer/Intermediate/AssetRegistryCache/f7ad48ed.bin', retrying in .5s...
[2018.09.15-08.28.44:036][  0]LogFileManager: Warning: MoveFile was unable to move 'D:/Unreal/UnrealProject/Warhammer/Intermediate/AssetRegistryCache/f7ad48ed.bin.tmp' to 'D:/Unreal/UnrealProject/Warhammer/Intermediate/AssetRegistryCache/f7ad48ed.bin', retrying in .5s...
[2018.09.15-08.28.44:538][  0]LogFileManager: Error: Error moving file 'D:/Unreal/UnrealProject/Warhammer/Intermediate/AssetRegistryCache/f7ad48ed.bin.tmp' to 'D:/Unreal/UnrealProject/Warhammer/Intermediate/AssetRegistryCache/f7ad48ed.bin'.
[2018.09.15-08.28.44:824][  0]LogPackageLocalizationCache: Processed 11 localized package path(s) for 2 prioritized culture(s) in 5.615654 seconds
[2018.09.15-08.28.44:857][  0]LogUObjectArray: 38425 objects as part of root set at end of initial load.
[2018.09.15-08.28.44:857][  0]LogUObjectAllocator: 6690864 out of 0 bytes used by permanent object pool.
[2018.09.15-08.28.44:857][  0]LogUObjectArray: CloseDisregardForGC: 0/0 objects in disregard for GC pool
[2018.09.15-08.29.39:363][  0]LogTcpMessaging: Initializing TcpMessaging bridge
[2018.09.15-08.29.39:570][  0]LogUdpMessaging: Initializing bridge on interface 0.0.0.0:0 to multicast group 230.0.0.1:6666.
[2018.09.15-08.29.43:238][  0]SourceControl: Source control is disabled
[2018.09.15-08.29.43:240][  0]SourceControl: Source control is disabled
[2018.09.15-08.29.43:501][  0]SourceControl: Source control is disabled
[2018.09.15-08.29.43:651][  0]SourceControl: Source control is disabled
[2018.09.15-08.29.53:092][  0]LogConfig: Warning: Failed to saved backup for config[UnitTest]
[2018.09.15-08.29.53:225][  0]LogAndroidPermission: UAndroidPermissionCallbackProxy::GetInstance
[2018.09.15-08.29.54:146][  0]LogOcInput: OculusInput pre-init called
[2018.09.15-08.29.56:452][  0]LogEngine: Initializing Engine...
[2018.09.15-08.29.56:555][  0]LogHMD: Failed to initialize OpenVR with code 110
[2018.09.15-08.29.56:644][  0]LogStats: UGameplayTagsManager::ConstructGameplayTagTree: ImportINI prefixes -  0.002 s
[2018.09.15-08.29.56:644][  0]LogStats: UGameplayTagsManager::ConstructGameplayTagTree: Construct from data asset -  0.000 s
[2018.09.15-08.29.56:645][  0]LogStats: UGameplayTagsManager::ConstructGameplayTagTree: ImportINI -  0.000 s
[2018.09.15-08.29.56:645][  0]LogStats: UGameplayTagsManager::ConstructGameplayTagTree: GameplayTagTreeChangedEvent.Broadcast -  0.000 s
[2018.09.15-08.29.59:580][  0]LogInit: Initializing FReadOnlyCVARCache
[2018.09.15-08.30.00:949][  0]LogAIModule: Creating AISystem for world Untitled
[2018.09.15-08.30.01:602][  0]LogInit: XAudio2 using 'Динамики (Realtek High Definition Audio)' : 2 channels at 48 kHz using 32 bits per sample (channel mask 0x3)
[2018.09.15-08.30.01:683][  0]LogInit: FAudioDevice initialized.
[2018.09.15-08.30.01:700][  0]LogNetVersion: Set ProjectVersion to 1.0.0.0. Version Checksum will be recalculated on next use.
[2018.09.15-08.30.01:809][  0]LogDerivedDataCache: Error: Could not save memory cache C:/Users/Андрей/AppData/Local/UnrealEngine/4.20/DerivedDataCache/Boot.ddc.
[2018.09.15-08.30.01:839][  0]LogInit: Texture streaming: Enabled
[2018.09.15-08.30.03:036][  0]LogEngineSessionManager: EngineSessionManager initialized
[2018.09.15-08.30.03:620][  0]LogInit: Transaction tracking system initialized
[2018.09.15-08.30.05:238][  0]BlueprintLog: New page: Editor Load
[2018.09.15-08.30.11:427][  0]LocalizationService: Localization service is disabled
[2018.09.15-08.30.25:001][  0]LogFileCache: Scanning file cache for directory 'D:/Unreal/UnrealProject/Warhammer/Content/' took 0.11s
[2018.09.15-08.30.25:002][  0]LogCook: Display: Max memory allowance for cook 16384mb min free memory 0mb
[2018.09.15-08.30.25:015][  0]LogCook: Display: Mobile HDR setting 1
[2018.09.15-08.30.25:114][  0]LogGameplayTags: Display: UGameplayTagsManager::DoneAddingNativeTags. DelegateIsBound: 0
[2018.09.15-08.30.25:148][  0]LogStats: UGameplayTagsManager::ConstructGameplayTagTree: ImportINI prefixes -  0.000 s
[2018.09.15-08.30.25:148][  0]LogStats: UGameplayTagsManager::ConstructGameplayTagTree: Construct from data asset -  0.000 s
[2018.09.15-08.30.25:148][  0]LogStats: UGameplayTagsManager::ConstructGameplayTagTree: ImportINI -  0.000 s
[2018.09.15-08.30.25:148][  0]LogStats: UGameplayTagsManager::ConstructGameplayTagTree: GameplayTagTreeChangedEvent.Broadcast -  0.000 s
[2018.09.15-08.30.35:137][  0]SourceControl: Source control is disabled
[2018.09.15-08.30.35:173][  0]Cmd: MAP LOAD FILE="D:/Unreal/UnrealProject/Warhammer/Content/warhammer.umap" TEMPLATE=0 SHOWPROGRESS=1 FEATURELEVEL=3
[2018.09.15-08.30.35:337][  0]LightingResults: New page: Lighting Build
[2018.09.15-08.30.35:940][  0]MapCheck: New page: Map Check
[2018.09.15-08.30.35:940][  0]LightingResults: New page: Lighting Build
[2018.09.15-08.30.39:142][  0]LogAIModule: Creating AISystem for world warhammer
[2018.09.15-08.30.40:727][  0]LogEditorServer: Finished looking for orphan Actors (0.000 secs)
[2018.09.15-08.30.41:037][  0]Cmd: MAP CHECKDEP NOCLEARLOG
[2018.09.15-08.30.41:227][  0]MapCheck: Map check complete: 0 Error(s), 0 Warning(s), took 189,859ms to complete.
[2018.09.15-08.30.41:227][  0]LogFileHelpers: Loading map 'warhammer' took 6.087
[2018.09.15-08.30.44:424][  0]LogSlate: Updating window title bar state: overlay mode, drag disabled, window buttons hidden, title bar hidden
[2018.09.15-08.30.44:497][  0]LogSlate: Updating window title bar state: overlay mode, drag disabled, window buttons hidden, title bar hidden
[2018.09.15-08.30.44:529][  0]LogSlate: Updating window title bar state: overlay mode, drag disabled, window buttons hidden, title bar hidden
[2018.09.15-08.30.44:560][  0]LogSlate: Updating window title bar state: overlay mode, drag disabled, window buttons hidden, title bar hidden
[2018.09.15-08.30.45:089][  0]LogCollectionManager: Loaded 0 collections in 0.003957 seconds
[2018.09.15-08.30.45:654][  0]LogFileCache: Scanning file cache for directory 'D:/Unreal/UnrealProject/Warhammer/Saved/Collections/' took 0.01s
[2018.09.15-08.30.45:654][  0]LogFileCache: Scanning file cache for directory 'D:/Unreal/UnrealProject/Warhammer/Content/Developers/Андрей/Collections/' took 0.00s
[2018.09.15-08.30.45:654][  0]LogFileCache: Scanning file cache for directory 'D:/Unreal/UnrealProject/Warhammer/Content/Collections/' took 0.01s
[2018.09.15-08.30.45:654][  0]LogCollectionManager: Rebuilt the GUID cache for 0 collections in 0.000001 seconds
[2018.09.15-08.30.45:722][  0]LogContentBrowser: Native class hierarchy populated in 0.0451 seconds. Added 2572 classes and 603 folders.
[2018.09.15-08.30.45:943][  0]LogContentBrowser: Native class hierarchy updated for 'WidgetCarousel' in 0.0005 seconds. Added 0 classes and 0 folders.
[2018.09.15-08.30.48:991][  0]LogContentBrowser: Native class hierarchy updated for 'AddContentDialog' in 0.0004 seconds. Added 0 classes and 0 folders.
[2018.09.15-08.30.49:058][  0]LogContentBrowser: Native class hierarchy updated for 'SceneOutliner' in 0.0005 seconds. Added 1 classes and 2 folders.
[2018.09.15-08.30.50:198][  0]LogSlate: Took 0.098566 seconds to synchronously load lazily loaded font '../../../Engine/Content/Slate/Fonts/Roboto-Regular.ttf' (155K)
[2018.09.15-08.30.50:289][  0]LogSlate: Took 0.060233 seconds to synchronously load lazily loaded font '../../../Engine/Content/Slate/Fonts/Roboto-Bold.ttf' (160K)
[2018.09.15-08.30.50:408][  0]LogSlate: Took 0.024083 seconds to synchronously load lazily loaded font '../../../Engine/Content/Editor/Slate/Fonts/FontAwesome.ttf' (139K)
[2018.09.15-08.30.53:523][  0]LogRenderer: Reallocating scene render targets to support 1208x576 Format 10 NumSamples 1 (Frame:1).
[2018.09.15-08.30.56:840][  0]LogSlate: Took 0.063514 seconds to synchronously load lazily loaded font '../../../Engine/Content/Slate/Fonts/Roboto-Light.ttf' (167K)
[2018.09.15-08.30.58:027][  0]LogContentBrowser: Native class hierarchy updated for 'HierarchicalLODOutliner' in 0.0006 seconds. Added 0 classes and 0 folders.
[2018.09.15-08.30.58:027][  0]LogLoad: (Engine Initialization) Total time: 315.27 seconds
[2018.09.15-08.30.58:027][  0]LogLoad: (Engine Initialization) Total Blueprint compile time: 0.00 seconds
[2018.09.15-08.31.04:045][  0]LogContentStreaming: Texture pool size now 1000 MB
[2018.09.15-08.31.07:189][  2]LogSlate: Took 0.002138 seconds to synchronously load lazily loaded font '../../../Engine/Content/Slate/Fonts/Roboto-Light.ttf' (167K)
[2018.09.15-08.31.07:902][  6]LogAssetRegistry: Asset discovery search completed in 202.2527 seconds
[2018.09.15-08.31.07:952][  6]LogCollectionManager: Rebuilt the object cache for 0 collections in 0.000000 seconds (found 0 objects)
[2018.09.15-08.31.07:952][  6]LogCollectionManager: Fixed up redirectors for 0 collections in 0.011102 seconds (updated 0 objects)
[2018.09.15-08.31.11:845][ 17]LogSlate: Window 'Warhammer - Unreal Editor' being destroyed
[2018.09.15-08.31.11:846][ 17]LogWindowsTextInputMethodSystem: Display: IME system now deactivated.
[2018.09.15-08.31.14:635][ 18]Cmd: QUIT_EDITOR
[2018.09.15-08.31.15:780][ 18]LogExit: Preparing to exit.
[2018.09.15-08.31.18:960][ 18]LogExit: Editor shut down
[2018.09.15-08.31.18:962][ 18]LogExit: Transaction tracking system shut down
[2018.09.15-08.31.25:291][ 18]LogExit: Object subsystem successfully closed.
[2018.09.15-08.31.26:181][ 18]LogShaderCompilers: Display: Shaders left to compile 0
[2018.09.15-08.31.26:223][ 18]LogD3D11RHI: Shutdown
[2018.09.15-08.31.26:223][ 18]LogD3D11RHI: CleanupD3DDevice
[2018.09.15-08.31.26:268][ 18]LogD3D11RHI: ~FD3D11DynamicRHI
[2018.09.15-08.31.29:586][ 18]LogModuleManager: Shutting down and abandoning module HierarchicalLODOutliner (610)
[2018.09.15-08.31.29:586][ 18]LogModuleManager: Shutting down and abandoning module SceneOutliner (608)
[2018.09.15-08.31.29:596][ 18]LogModuleManager: Shutting down and abandoning module AddContentDialog (606)
[2018.09.15-08.31.29:687][ 18]LogModuleManager: Shutting down and abandoning module WidgetCarousel (605)
[2018.09.15-08.31.29:687][ 18]LogModuleManager: Shutting down and abandoning module EditorWidgets (602)
[2018.09.15-08.31.29:687][ 18]LogModuleManager: Shutting down and abandoning module CollectionManager (600)
[2018.09.15-08.31.29:765][ 18]LogModuleManager: Shutting down and abandoning module StatsViewer (598)
[2018.09.15-08.31.29:818][ 18]LogModuleManager: Shutting down and abandoning module FoliageEdit (596)
[2018.09.15-08.31.29:829][ 18]LogModuleManager: Shutting down and abandoning module LandscapeEditor (594)
[2018.09.15-08.31.30:067][ 18]LogModuleManager: Shutting down and abandoning module MeshPaintMode (592)
[2018.09.15-08.31.30:125][ 18]LogModuleManager: Shutting down and abandoning module SceneDepthPickerMode (590)
[2018.09.15-08.31.30:126][ 18]LogModuleManager: Shutting down and abandoning module ActorPickerMode (588)
[2018.09.15-08.31.30:126][ 18]LogModuleManager: Shutting down and abandoning module GeometryMode (586)
[2018.09.15-08.31.30:126][ 18]LogModuleManager: Shutting down and abandoning module TextureAlignMode (584)
[2018.09.15-08.31.30:126][ 18]LogModuleManager: Shutting down and abandoning module BspMode (582)
[2018.09.15-08.31.30:126][ 18]LogModuleManager: Shutting down and abandoning module PIEPreviewDeviceProfileSelector (580)
[2018.09.15-08.31.30:182][ 18]LogModuleManager: Shutting down and abandoning module SequenceRecorderSections (578)
[2018.09.15-08.31.30:195][ 18]LogModuleManager: Shutting down and abandoning module AutomationWorker (576)
[2018.09.15-08.31.30:195][ 18]LogModuleManager: Shutting down and abandoning module AudioCaptureEditor (574)
[2018.09.15-08.31.30:196][ 18]LogModuleManager: Shutting down and abandoning module SequenceRecorder (573)
[2018.09.15-08.31.30:210][ 18]LogModuleManager: Shutting down and abandoning module MatineeToLevelSequence (570)
[2018.09.15-08.31.30:233][ 18]LogModuleManager: Shutting down and abandoning module LevelSequenceEditor (568)
[2018.09.15-08.31.30:252][ 18]LogModuleManager: Shutting down and abandoning module PlacementMode (567)
[2018.09.15-08.31.30:253][ 18]LogModuleManager: Shutting down and abandoning module MaterialEditor (566)
[2018.09.15-08.31.30:442][ 18]LogModuleManager: Shutting down and abandoning module WmfMediaFactory (562)
[2018.09.15-08.31.30:443][ 18]LogModuleManager: Shutting down and abandoning module WmfMediaEditor (560)
[2018.09.15-08.31.30:443][ 18]LogModuleManager: Shutting down and abandoning module MediaPlayerEditor (558)
[2018.09.15-08.31.30:496][ 18]LogModuleManager: Shutting down and abandoning module OpenExrWrapper (556)
[2018.09.15-08.31.30:496][ 18]LogModuleManager: Shutting down and abandoning module ImgMediaFactory (554)
[2018.09.15-08.31.30:496][ 18]LogModuleManager: Shutting down and abandoning module ImgMediaEditor (552)
[2018.09.15-08.31.30:496][ 18]LogModuleManager: Shutting down and abandoning module AvfMediaFactory (550)
[2018.09.15-08.31.30:496][ 18]LogModuleManager: Shutting down and abandoning module AvfMediaEditor (548)
[2018.09.15-08.31.30:496][ 18]LogModuleManager: Shutting down and abandoning module AndroidMediaFactory (546)
[2018.09.15-08.31.30:496][ 18]LogModuleManager: Shutting down and abandoning module AndroidMediaEditor (544)
[2018.09.15-08.31.30:496][ 18]LogModuleManager: Shutting down and abandoning module MagicLeapCameraPreviewFactory (542)
[2018.09.15-08.31.30:496][ 18]LogModuleManager: Shutting down and abandoning module MagicLeapMediaFactory (540)
[2018.09.15-08.31.30:497][ 18]LogModuleManager: Shutting down and abandoning module MagicLeapMediaEditor (538)
[2018.09.15-08.31.30:497][ 18]LogModuleManager: Shutting down and abandoning module CharacterAI (536)
[2018.09.15-08.31.30:497][ 18]LogModuleManager: Shutting down and abandoning module SmartSnapping (534)
[2018.09.15-08.31.30:497][ 18]LogModuleManager: Shutting down and abandoning module SessionServices (532)
[2018.09.15-08.31.30:497][ 18]LogModuleManager: Shutting down and abandoning module ViewportSnapping (530)
[2018.09.15-08.31.30:497][ 18]LogModuleManager: Shutting down and abandoning module ViewportInteraction (528)
[2018.09.15-08.31.30:497][ 18]LogModuleManager: Shutting down and abandoning module ClothPainter (526)
[2018.09.15-08.31.30:550][ 18]LogModuleManager: Shutting down and abandoning module SkeletalMeshEditor (525)
[2018.09.15-08.31.30:590][ 18]LogModuleManager: Shutting down and abandoning module LogVisualizer (522)
[2018.09.15-08.31.30:659][ 18]LogModuleManager: Shutting down and abandoning module IntroTutorials (520)
[2018.09.15-08.31.30:673][ 18]LogModuleManager: Shutting down and abandoning module GameProjectGeneration (519)
[2018.09.15-08.31.30:699][ 18]LogModuleManager: Shutting down and abandoning module LuminPlatformEditor (516)
[2018.09.15-08.31.30:699][ 18]LogModuleManager: Shutting down and abandoning module IOSPlatformEditor (514)
[2018.09.15-08.31.30:718][ 18]LogModuleManager: Shutting down and abandoning module HTML5PlatformEditor (512)
[2018.09.15-08.31.30:718][ 18]LogModuleManager: Shutting down and abandoning module AndroidPlatformEditor (510)
[2018.09.15-08.31.30:718][ 18]LogModuleManager: Shutting down and abandoning module AndroidDeviceDetection (509)
[2018.09.15-08.31.31:101][ 18]LogModuleManager: Shutting down and abandoning module WindowsPlatformEditor (506)
[2018.09.15-08.31.31:101][ 18]LogModuleManager: Shutting down and abandoning module LuminRuntimeSettings (504)
[2018.09.15-08.31.31:101][ 18]LogModuleManager: Shutting down and abandoning module IOSRuntimeSettings (502)
[2018.09.15-08.31.31:101][ 18]LogModuleManager: Shutting down and abandoning module AndroidRuntimeSettings (500)
[2018.09.15-08.31.31:101][ 18]LogModuleManager: Shutting down and abandoning module InputBindingEditor (498)
[2018.09.15-08.31.31:132][ 18]LogModuleManager: Shutting down and abandoning module MergeActors (496)
[2018.09.15-08.31.31:169][ 18]LogModuleManager: Shutting down and abandoning module LocalizationDashboard (494)
[2018.09.15-08.31.31:227][ 18]LogModuleManager: Shutting down and abandoning module LocalizationService (493)
[2018.09.15-08.31.31:254][ 18]LogModuleManager: Shutting down and abandoning module HardwareTargeting (490)
[2018.09.15-08.31.31:254][ 18]LogModuleManager: Shutting down and abandoning module DeviceProfileEditor (488)
[2018.09.15-08.31.31:254][ 18]LogModuleManager: Shutting down and abandoning module UndoHistory (486)
[2018.09.15-08.31.31:268][ 18]LogModuleManager: Shutting down and abandoning module XmlParser (484)
[2018.09.15-08.31.31:268][ 18]LogModuleManager: Shutting down and abandoning module Blutility (482)
[2018.09.15-08.31.31:279][ 18]LogModuleManager: Shutting down and abandoning module ProjectSettingsViewer (480)
[2018.09.15-08.31.31:279][ 18]LogModuleManager: Shutting down and abandoning module ProjectTargetPlatformEditor (479)
[2018.09.15-08.31.31:279][ 18]LogModuleManager: Shutting down and abandoning module EditorSettingsViewer (476)
[2018.09.15-08.31.31:280][ 18]LogModuleManager: Shutting down and abandoning module SettingsEditor (474)
[2018.09.15-08.31.31:336][ 18]LogModuleManager: Shutting down and abandoning module ProjectLauncher (472)
[2018.09.15-08.31.31:376][ 18]LogModuleManager: Shutting down and abandoning module SessionFrontend (470)
[2018.09.15-08.31.31:397][ 18]LogModuleManager: Shutting down and abandoning module ProfilerClient (468)
[2018.09.15-08.31.31:409][ 18]LogModuleManager: Shutting down and abandoning module DeviceManager (466)
[2018.09.15-08.31.31:456][ 18]LogModuleManager: Shutting down and abandoning module TargetDeviceServices (465)
[2018.09.15-08.31.31:511][ 18]LogModuleManager: Shutting down and abandoning module AutomationController (462)
[2018.09.15-08.31.31:571][ 18]LogModuleManager: Shutting down and abandoning module AutomationWindow (460)
[2018.09.15-08.31.31:581][ 18]LogModuleManager: Shutting down and abandoning module Layers (458)
[2018.09.15-08.31.31:681][ 18]LogModuleManager: Shutting down and abandoning module ComponentVisualizers (456)
[2018.09.15-08.31.31:681][ 18]LogModuleManager: Shutting down and abandoning module DetailCustomizations (454)
[2018.09.15-08.31.31:718][ 18]LogModuleManager: Shutting down and abandoning module PackagesDialog (452)
[2018.09.15-08.31.31:761][ 18]LogModuleManager: Shutting down and abandoning module Persona (450)
[2018.09.15-08.31.31:819][ 18]LogModuleManager: Shutting down and abandoning module AdvancedPreviewScene (449)
[2018.09.15-08.31.31:819][ 18]LogModuleManager: Shutting down and abandoning module AnimGraph (447)
[2018.09.15-08.31.31:819][ 18]LogModuleManager: Shutting down and abandoning module Kismet (444)
[2018.09.15-08.31.31:883][ 18]LogModuleManager: Shutting down and abandoning module GraphEditor (442)
[2018.09.15-08.31.31:883][ 18]LogModuleManager: Shutting down and abandoning module ClassViewer (440)
[2018.09.15-08.31.31:883][ 18]LogModuleManager: Shutting down and abandoning module Toolbox (438)
[2018.09.15-08.31.31:883][ 18]LogModuleManager: Shutting down and abandoning module ModuleUI (436)
[2018.09.15-08.31.31:896][ 18]LogModuleManager: Shutting down and abandoning module MovieSceneTools (434)
[2018.09.15-08.31.31:948][ 18]LogModuleManager: Shutting down and abandoning module OutputLog (432)
[2018.09.15-08.31.31:948][ 18]LogModuleManager: Shutting down and abandoning module GammaUI (430)
[2018.09.15-08.31.31:963][ 18]LogModuleManager: Shutting down and abandoning module Documentation (428)
[2018.09.15-08.31.31:963][ 18]LogModuleManager: Shutting down and abandoning module MovieSceneTracks (426)
[2018.09.15-08.31.31:964][ 18]LogModuleManager: Shutting down and abandoning module MovieScene (424)
[2018.09.15-08.31.31:986][ 18]LogModuleManager: Shutting down and abandoning module StreamingPauseRendering (422)
[2018.09.15-08.31.32:043][ 18]LogModuleManager: Shutting down and abandoning module LauncherPlatform (420)
[2018.09.15-08.31.32:043][ 18]LogModuleManager: Shutting down and abandoning module AnalyticsET (418)
[2018.09.15-08.31.32:043][ 18]LogModuleManager: Shutting down and abandoning module PortalServices (416)
[2018.09.15-08.31.32:043][ 18]LogModuleManager: Shutting down and abandoning module PortalRpc (414)
[2018.09.15-08.31.32:043][ 18]LogModuleManager: Shutting down and abandoning module MessagingRpc (412)
[2018.09.15-08.31.32:043][ 18]LogModuleManager: Shutting down and abandoning module AIModule (410)
[2018.09.15-08.31.32:071][ 18]LogModuleManager: Shutting down and abandoning module GameplayDebugger (409)
[2018.09.15-08.31.32:092][ 18]LogModuleManager: Shutting down and abandoning module AITestSuite (407)
[2018.09.15-08.31.32:093][ 18]LogModuleManager: Shutting down and abandoning module NavigationSystem (405)
[2018.09.15-08.31.32:093][ 18]LogModuleManager: Shutting down and abandoning module DesktopPlatform (402)
[2018.09.15-08.31.32:093][ 18]LogModuleManager: Shutting down and abandoning module ProfilerService (400)
[2018.09.15-08.31.32:215][ 18]LogModuleManager: Shutting down and abandoning module TaskGraph (398)
[2018.09.15-08.31.32:267][ 18]LogModuleManager: Shutting down and abandoning module SteamVRController (396)
[2018.09.15-08.31.32:267][ 18]LogModuleManager: Shutting down and abandoning module ProceduralMeshComponentEditor (394)
[2018.09.15-08.31.32:267][ 18]LogModuleManager: Shutting down and abandoning module ProceduralMeshComponent (392)
[2018.09.15-08.31.32:291][ 18]LogModuleManager: Shutting down and abandoning module OculusInput (390)
[2018.09.15-08.31.32:292][ 18]LogModuleManager: Shutting down and abandoning module MobilePatchingUtils (388)
[2018.09.15-08.31.32:292][ 18]LogModuleManager: Shutting down and abandoning module EditableMesh (386)
[2018.09.15-08.31.32:329][ 18]LogModuleManager: Shutting down and abandoning module CustomMeshComponent (384)
[2018.09.15-08.31.32:329][ 18]LogModuleManager: Shutting down and abandoning module CableComponent (382)
[2018.09.15-08.31.32:329][ 18]LogModuleManager: Shutting down and abandoning module AudioCapture (380)
[2018.09.15-08.31.32:329][ 18]LogModuleManager: Shutting down and abandoning module ArchVisCharacter (378)
[2018.09.15-08.31.32:330][ 18]LogModuleManager: Shutting down and abandoning module AndroidPermission (376)
[2018.09.15-08.31.32:330][ 18]LogModuleManager: Shutting down and abandoning module NUTUnrealEngine4 (374)
[2018.09.15-08.31.32:330][ 18]LogModuleManager: Shutting down and abandoning module NetcodeUnitTest (372)
[2018.09.15-08.31.32:494][ 18]LogModuleManager: Shutting down and abandoning module MediaCompositingEditor (370)
[2018.09.15-08.31.32:494][ 18]LogModuleManager: Shutting down and abandoning module MediaCompositing (368)
[2018.09.15-08.31.32:494][ 18]LogModuleManager: Shutting down and abandoning module LinearTimecode (366)
[2018.09.15-08.31.32:494][ 18]LogModuleManager: Shutting down and abandoning module ImgMedia (364)
[2018.09.15-08.31.32:539][ 18]LogModuleManager: Shutting down and abandoning module HTML5Networking (362)
[2018.09.15-08.31.32:539][ 18]LogModuleManager: Shutting down and abandoning module GeometryCacheTracks (360)
[2018.09.15-08.31.32:539][ 18]LogModuleManager: Shutting down and abandoning module GeometryCacheSequencer (358)
[2018.09.15-08.31.32:539][ 18]LogModuleManager: Shutting down and abandoning module BackChannel (356)
[2018.09.15-08.31.32:584][ 18]LogModuleManager: Shutting down and abandoning module AppleVision (354)
[2018.09.15-08.31.32:584][ 18]LogModuleManager: Shutting down and abandoning module AppleImageUtils (352)
[2018.09.15-08.31.32:584][ 18]LogModuleManager: Shutting down and abandoning module AlembicImporter (350)
[2018.09.15-08.31.32:584][ 18]LogModuleManager: Shutting down and abandoning module AlembicLibrary (349)
[2018.09.15-08.31.32:584][ 18]LogModuleManager: Shutting down and abandoning module GeometryCache (348)
[2018.09.15-08.31.32:584][ 18]LogModuleManager: Shutting down and abandoning module GeometryCacheEd (347)
[2018.09.15-08.31.32:584][ 18]LogModuleManager: Shutting down and abandoning module DatasmithContentEditor (342)
[2018.09.15-08.31.32:620][ 18]LogModuleManager: Shutting down and abandoning module DatasmithContent (340)
[2018.09.15-08.31.32:620][ 18]LogModuleManager: Shutting down and abandoning module SpeedTreeImporter (338)
[2018.09.15-08.31.32:621][ 18]LogModuleManager: Shutting down and abandoning module PluginBrowser (336)
[2018.09.15-08.31.32:737][ 18]LogModuleManager: Shutting down and abandoning module MobileLauncherProfileWizard (334)
[2018.09.15-08.31.32:769][ 18]LogModuleManager: Shutting down and abandoning module PolygonModeling (332)
[2018.09.15-08.31.32:770][ 18]LogModuleManager: Shutting down and abandoning module MeshEditor (330)
[2018.09.15-08.31.32:791][ 18]LogModuleManager: Shutting down and abandoning module CryptoKeysOpenSSL (328)
[2018.09.15-08.31.32:839][ 18]LogModuleManager: Shutting down and abandoning module CryptoKeys (326)
[2018.09.15-08.31.32:839][ 18]LogModuleManager: Shutting down and abandoning module VisualStudioSourceCodeAccess (324)
[2018.09.15-08.31.32:839][ 18]LogModuleManager: Shutting down and abandoning module VisualStudioCodeSourceCodeAccess (322)
[2018.09.15-08.31.32:839][ 18]LogModuleManager: Shutting down and abandoning module UObjectPlugin (320)
[2018.09.15-08.31.32:839][ 18]LogModuleManager: Shutting down and abandoning module SubversionSourceControl (318)
[2018.09.15-08.31.32:856][ 18]LogModuleManager: Shutting down and abandoning module PerforceSourceControl (316)
[2018.09.15-08.31.32:966][ 18]LogModuleManager: Shutting down and abandoning module GitSourceControl (314)
[2018.09.15-08.31.32:991][ 18]LogModuleManager: Shutting down and abandoning module SourceControl (313)
[2018.09.15-08.31.33:021][ 18]LogModuleManager: Shutting down and abandoning module CLionSourceCodeAccess (310)
[2018.09.15-08.31.33:021][ 18]LogModuleManager: Shutting down and abandoning module LightPropagationVolumeEditor (308)
[2018.09.15-08.31.33:021][ 18]LogModuleManager: Shutting down and abandoning module PaperTiledImporter (306)
[2018.09.15-08.31.33:021][ 18]LogModuleManager: Shutting down and abandoning module PaperSpriteSheetImporter (304)
[2018.09.15-08.31.33:021][ 18]LogModuleManager: Shutting down and abandoning module Paper2DEditor (302)
[2018.09.15-08.31.33:051][ 18]LogModuleManager: Shutting down and abandoning module MeshPaint (301)
[2018.09.15-08.31.33:073][ 18]LogModuleManager: Shutting down and abandoning module RuntimePhysXCooking (298)
[2018.09.15-08.31.33:073][ 18]LogModuleManager: Shutting down and abandoning module PhysXVehiclesEditor (296)
[2018.09.15-08.31.33:073][ 18]LogModuleManager: Shutting down and abandoning module PhysXVehicles (294)
[2018.09.15-08.31.33:073][ 18]LogModuleManager: Shutting down and abandoning module OculusEditor (292)
[2018.09.15-08.31.33:097][ 18]LogModuleManager: Shutting down and abandoning module LocationServicesBPLibrary (290)
[2018.09.15-08.31.33:097][ 18]LogModuleManager: Shutting down and abandoning module ImmediatePhysicsEditor (288)
[2018.09.15-08.31.33:098][ 18]LogModuleManager: Shutting down and abandoning module ImmediatePhysics (286)
[2018.09.15-08.31.33:115][ 18]LogModuleManager: Shutting down and abandoning module ActorSequence (284)
[2018.09.15-08.31.33:116][ 18]LogModuleManager: Shutting down and abandoning module UdpMessaging (282)
[2018.09.15-08.31.33:217][ 18]LogModuleManager: Shutting down and abandoning module TcpMessaging (280)
[2018.09.15-08.31.33:336][ 18]LogModuleManager: Shutting down and abandoning module MagicLeapAudio (278)
[2018.09.15-08.31.33:336][ 18]LogModuleManager: Shutting down and abandoning module GameplayTagsEditor (276)
[2018.09.15-08.31.33:413][ 18]LogModuleManager: Shutting down and abandoning module FacialAnimationEditor (274)
[2018.09.15-08.31.33:413][ 18]LogModuleManager: Shutting down and abandoning module FacialAnimation (272)
[2018.09.15-08.31.33:413][ 18]LogModuleManager: Shutting down and abandoning module DataValidation (270)
[2018.09.15-08.31.33:413][ 18]LogModuleManager: Shutting down and abandoning module AssetManagerEditor (268)
[2018.09.15-08.31.33:509][ 18]LogModuleManager: Shutting down and abandoning module LevelEditor (267)
[2018.09.15-08.31.33:605][ 18]LogModuleManager: Shutting down and abandoning module PixelInspectorModule (266)
[2018.09.15-08.31.33:620][ 18]LogModuleManager: Shutting down and abandoning module CommonMenuExtensions (264)
[2018.09.15-08.31.33:620][ 18]LogModuleManager: Shutting down and abandoning module MainFrame (262)
[2018.09.15-08.31.33:643][ 18]LogModuleManager: Shutting down and abandoning module HotReload (261)
[2018.09.15-08.31.33:678][ 18]LogModuleManager: Shutting down and abandoning module ContentBrowser (257)
[2018.09.15-08.31.33:682][ 18]LogModuleManager: Shutting down and abandoning module TreeMap (255)
[2018.09.15-08.31.33:748][ 18]LogModuleManager: Shutting down and abandoning module LightPropagationVolumeRuntime (252)
[2018.09.15-08.31.33:748][ 18]LogModuleManager: Shutting down and abandoning module AISupportModule (250)
[2018.09.15-08.31.33:748][ 18]LogModuleManager: Shutting down and abandoning module Paper2D (248)
[2018.09.15-08.31.33:770][ 18]LogModuleManager: Shutting down and abandoning module WindowsMoviePlayer (246)
[2018.09.15-08.31.33:806][ 18]LogModuleManager: Shutting down and abandoning module WmfMedia (244)
[2018.09.15-08.31.33:841][ 18]LogModuleManager: Shutting down and abandoning module Media (243)
[2018.09.15-08.31.33:849][ 18]LogModuleManager: Shutting down and abandoning module PacketHandler (240)
[2018.09.15-08.31.33:849][ 18]LogModuleManager: Shutting down and abandoning module ClothingSystemEditor (238)
[2018.09.15-08.31.33:849][ 18]LogModuleManager: Shutting down and abandoning module ClothingSystemRuntime (236)
[2018.09.15-08.31.33:869][ 18]LogModuleManager: Shutting down and abandoning module MediaAssets (234)
[2018.09.15-08.31.33:869][ 18]LogModuleManager: Shutting down and abandoning module Overlay (232)
[2018.09.15-08.31.33:869][ 18]LogModuleManager: Shutting down and abandoning module OverlayEditor (231)
[2018.09.15-08.31.33:869][ 18]LogModuleManager: Shutting down and abandoning module VREditor (228)
[2018.09.15-08.31.33:941][ 18]LogModuleManager: Shutting down and abandoning module StringTableEditor (226)
[2018.09.15-08.31.34:001][ 18]LogModuleManager: Shutting down and abandoning module GameplayTasksEditor (224)
[2018.09.15-08.31.34:001][ 18]LogModuleManager: Shutting down and abandoning module BehaviorTreeEditor (222)
[2018.09.15-08.31.34:111][ 18]LogModuleManager: Shutting down and abandoning module FunctionalTesting (220)
[2018.09.15-08.31.34:134][ 18]LogModuleManager: Shutting down and abandoning module CollisionAnalyzer (218)
[2018.09.15-08.31.34:171][ 18]LogModuleManager: Shutting down and abandoning module WorkspaceMenuStructure (217)
[2018.09.15-08.31.34:171][ 18]LogModuleManager: Shutting down and abandoning module UMG (214)
[2018.09.15-08.31.34:209][ 18]LogModuleManager: Shutting down and abandoning module UMGEditor (213)
[2018.09.15-08.31.34:286][ 18]LogModuleManager: Shutting down and abandoning module Sequencer (212)
[2018.09.15-08.31.34:397][ 18]LogModuleManager: Shutting down and abandoning module MessageLog (209)
[2018.09.15-08.31.34:398][ 18]LogModuleManager: Shutting down and abandoning module SlateReflector (204)
[2018.09.15-08.31.34:511][ 18]LogModuleManager: Shutting down and abandoning module Slate (202)
[2018.09.15-08.31.34:549][ 18]LogModuleManager: Shutting down and abandoning module EditorStyle (200)
[2018.09.15-08.31.34:554][ 18]LogModuleManager: Shutting down and abandoning module MRMesh (198)
[2018.09.15-08.31.34:573][ 18]LogModuleManager: Shutting down and abandoning module SourceCodeAccess (196)
[2018.09.15-08.31.34:573][ 18]LogModuleManager: Shutting down and abandoning module HeadMountedDisplay (194)
[2018.09.15-08.31.34:573][ 18]LogModuleManager: Shutting down and abandoning module XAudio2 (192)
[2018.09.15-08.31.34:573][ 18]LogModuleManager: Shutting down and abandoning module Networking (190)
[2018.09.15-08.31.34:573][ 18]LogModuleManager: Shutting down and abandoning module Core (188)
[2018.09.15-08.31.34:573][ 18]LogModuleManager: Shutting down and abandoning module LevelSequence (186)
[2018.09.15-08.31.34:573][ 18]LogModuleManager: Shutting down and abandoning module KismetCompiler (184)
[2018.09.15-08.31.34:573][ 18]LogModuleManager: Shutting down and abandoning module MeshUtilities (182)
[2018.09.15-08.31.34:623][ 18]LogModuleManager: Shutting down and abandoning module MeshMergeUtilities (181)
[2018.09.15-08.31.34:650][ 18]LogModuleManager: Shutting down and abandoning module MeshReductionInterface (180)
[2018.09.15-08.31.34:650][ 18]LogModuleManager: Shutting down and abandoning module SimplygonSwarm (179)
[2018.09.15-08.31.34:677][ 18]LogModuleManager: Shutting down and abandoning module ProxyLODMeshReduction (177)
[2018.09.15-08.31.34:702][ 18]LogModuleManager: Shutting down and abandoning module SimplygonMeshReduction (175)
[2018.09.15-08.31.34:702][ 18]LogModuleManager: Shutting down and abandoning module QuadricMeshReduction (173)
[2018.09.15-08.31.34:732][ 18]LogModuleManager: Shutting down and abandoning module MaterialBaking (169)
[2018.09.15-08.31.34:745][ 18]LogModuleManager: Shutting down and abandoning module DirectoryWatcher (165)
[2018.09.15-08.31.34:746][ 18]LogModuleManager: Shutting down and abandoning module DerivedDataCache (162)
[2018.09.15-08.31.34:816][ 18]LogDerivedDataCache: Shutdown
[2018.09.15-08.31.34:816][ 18]LogModuleManager: Shutting down and abandoning module XGEController (160)
[2018.09.15-08.31.34:816][ 18]LogXGEController: Cleaning working directory: C:/Users/Андрей/AppData/Local/Temp/UnrealXGEWorkingDir/
[2018.09.15-08.31.34:841][ 18]LogModuleManager: Shutting down and abandoning module TargetPlatform (158)
[2018.09.15-08.31.34:841][ 18]LogModuleManager: Shutting down and abandoning module VulkanShaderFormat (157)
[2018.09.15-08.31.34:858][ 18]LogModuleManager: Shutting down and abandoning module ShaderFormatVectorVM (155)
[2018.09.15-08.31.34:878][ 18]LogModuleManager: Shutting down and abandoning module ShaderFormatOpenGL (153)
[2018.09.15-08.31.34:902][ 18]LogModuleManager: Shutting down and abandoning module ShaderFormatD3D (151)
[2018.09.15-08.31.34:902][ 18]LogModuleManager: Shutting down and abandoning module MetalShaderFormat (149)
[2018.09.15-08.31.34:937][ 18]LogModuleManager: Shutting down and abandoning module TextureFormatUncompressed (147)
[2018.09.15-08.31.34:937][ 18]LogModuleManager: Shutting down and abandoning module TextureFormatPVR (145)
[2018.09.15-08.31.34:937][ 18]LogModuleManager: Shutting down and abandoning module TextureFormatDXT (143)
[2018.09.15-08.31.34:989][ 18]LogModuleManager: Shutting down and abandoning module TextureFormatIntelISPCTexComp (141)
[2018.09.15-08.31.35:024][ 18]LogModuleManager: Shutting down and abandoning module TextureFormatASTC (139)
[2018.09.15-08.31.35:024][ 18]LogModuleManager: Shutting down and abandoning module ImageWrapper (138)
[2018.09.15-08.31.35:024][ 18]LogModuleManager: Shutting down and abandoning module TextureFormatAndroid (135)
[2018.09.15-08.31.35:024][ 18]LogModuleManager: Shutting down and abandoning module AudioFormatOpus (133)
[2018.09.15-08.31.35:024][ 18]LogModuleManager: Shutting down and abandoning module AudioFormatOgg (131)
[2018.09.15-08.31.35:024][ 18]LogModuleManager: Shutting down and abandoning module AudioFormatADPCM (129)
[2018.09.15-08.31.35:024][ 18]LogModuleManager: Shutting down and abandoning module LuminTargetPlatform (127)
[2018.09.15-08.31.35:024][ 18]LogModuleManager: Shutting down and abandoning module LinuxTargetPlatform (125)
[2018.09.15-08.31.35:024][ 18]LogModuleManager: Shutting down and abandoning module LinuxServerTargetPlatform (123)
[2018.09.15-08.31.35:024][ 18]LogModuleManager: Shutting down and abandoning module LinuxNoEditorTargetPlatform (121)
[2018.09.15-08.31.35:038][ 18]LogModuleManager: Shutting down and abandoning module LinuxClientTargetPlatform (119)
[2018.09.15-08.31.35:070][ 18]LogModuleManager: Shutting down and abandoning module TVOSTargetPlatform (117)
[2018.09.15-08.31.35:072][ 18]LogModuleManager: Shutting down and abandoning module Messaging (115)
[2018.09.15-08.31.35:072][ 18]LogModuleManager: Shutting down and abandoning module IOSTargetPlatform (113)
[2018.09.15-08.31.35:073][ 18]LogModuleManager: Shutting down and abandoning module HTML5TargetPlatform (111)
[2018.09.15-08.31.35:073][ 18]LogModuleManager: Shutting down and abandoning module AndroidTargetPlatform (109)
[2018.09.15-08.31.35:152][ 18]LogModuleManager: Shutting down and abandoning module WindowsTargetPlatform (107)
[2018.09.15-08.31.35:153][ 18]LogModuleManager: Shutting down and abandoning module WindowsServerTargetPlatform (105)
[2018.09.15-08.31.35:153][ 18]LogModuleManager: Shutting down and abandoning module WindowsNoEditorTargetPlatform (103)
[2018.09.15-08.31.35:153][ 18]LogModuleManager: Shutting down and abandoning module WindowsClientTargetPlatform (101)
[2018.09.15-08.31.35:153][ 18]LogModuleManager: Shutting down and abandoning module MacTargetPlatform (99)
[2018.09.15-08.31.35:153][ 18]LogModuleManager: Shutting down and abandoning module MacServerTargetPlatform (97)
[2018.09.15-08.31.35:153][ 18]LogModuleManager: Shutting down and abandoning module MacNoEditorTargetPlatform (95)
[2018.09.15-08.31.35:153][ 18]LogModuleManager: Shutting down and abandoning module MacClientTargetPlatform (93)
[2018.09.15-08.31.35:153][ 18]LogModuleManager: Shutting down and abandoning module AllDesktopTargetPlatform (91)
[2018.09.15-08.31.35:153][ 18]LogModuleManager: Shutting down and abandoning module InputCore (88)
[2018.09.15-08.31.35:153][ 18]LogModuleManager: Shutting down and abandoning module Settings (86)
[2018.09.15-08.31.35:153][ 18]LogModuleManager: Shutting down and abandoning module PhysXCooking (84)
[2018.09.15-08.31.35:153][ 18]LogModuleManager: Shutting down and abandoning module SteamVR (82)
[2018.09.15-08.31.35:153][ 18]LogModuleManager: Shutting down and abandoning module OculusHMD (80)
[2018.09.15-08.31.35:221][ 18]LogModuleManager: Shutting down and abandoning module ExampleDeviceProfileSelector (78)
[2018.09.15-08.31.35:222][ 18]LogModuleManager: Shutting down and abandoning module LauncherChunkInstaller (76)
[2018.09.15-08.31.35:222][ 18]LogModuleManager: Shutting down and abandoning module OnlineBlueprintSupport (74)
[2018.09.15-08.31.35:222][ 18]LogModuleManager: Shutting down and abandoning module OnlineSubsystem (70)
[2018.09.15-08.31.35:267][ 18]LogModuleManager: Shutting down and abandoning module XMPP (65)
[2018.09.15-08.31.35:358][ 18]LogModuleManager: Shutting down and abandoning module WebSockets (64)
[2018.09.15-08.31.35:493][ 18]LogModuleManager: Shutting down and abandoning module HTTP (61)
[2018.09.15-08.31.35:493][ 18]LogHttp: Display: Http module shutting down, but needs to wait on 1 outstanding Http requests:
[2018.09.15-08.31.35:493][ 18]LogHttp: Display: 	verb=[POST] url=[https://datarouter.ol.epicgames.com/datarouter/api/v1/public/data?SessionID=%7B58D6C9A1-4B8E-486F-3520-6BBF410B2F30%7D&AppID=UEEditor.Rocket.Release&AppVersion=4.20.2-4302132%2B%2B%2BUE4%2BRelease-4.20&UserID=f4ac65e044630a98ec620b9606adfa3a%7Ccec6d2080c8b49f3b7d752523df8e451%7C15d354fd-8471-443b-ab78-eb750ff49c48&AppEnvironment=datacollector-binary&UploadType=eteventstream] status=Processing
[2018.09.15-08.31.35:506][ 18]LogModuleManager: Shutting down and abandoning module SSL (60)
[2018.09.15-08.31.35:841][ 18]LogModuleManager: Shutting down and abandoning module MagicLeapEmulator (56)
[2018.09.15-08.31.35:841][ 18]LogModuleManager: Shutting down and abandoning module MagicLeapPrivileges (54)
[2018.09.15-08.31.35:841][ 18]LogModuleManager: Shutting down and abandoning module MagicLeapIdentity (52)
[2018.09.15-08.31.35:841][ 18]LogModuleManager: Shutting down and abandoning module MagicLeapHelperVulkan (50)
[2018.09.15-08.31.35:841][ 18]LogModuleManager: Shutting down and abandoning module MagicLeapHelperOpenGL (48)
[2018.09.15-08.31.35:841][ 18]LogModuleManager: Shutting down and abandoning module MagicLeapSecureStorage (46)
[2018.09.15-08.31.35:841][ 18]LogModuleManager: Shutting down and abandoning module MagicLeapGestures (44)
[2018.09.15-08.31.35:841][ 18]LogModuleManager: Shutting down and abandoning module MagicLeapEyeTracker (42)
[2018.09.15-08.31.35:841][ 18]LogModuleManager: Shutting down and abandoning module MagicLeapController (40)
[2018.09.15-08.31.35:842][ 18]LogSlate: Slate User Destroyed.  User Index 0, Is Virtual User: 0
[2018.09.15-08.31.35:842][ 18]LogModuleManager: Shutting down and abandoning module MagicLeap (38)
[2018.09.15-08.31.35:842][ 18]LogModuleManager: Shutting down and abandoning module AnimationModifiers (36)
[2018.09.15-08.31.35:874][ 18]LogModuleManager: Shutting down and abandoning module PropertyEditor (35)
[2018.09.15-08.31.35:875][ 18]LogModuleManager: Shutting down and abandoning module AudioEditor (32)
[2018.09.15-08.31.35:921][ 18]LogModuleManager: Shutting down and abandoning module TextureCompressor (30)
[2018.09.15-08.31.36:037][ 18]LogModuleManager: Shutting down and abandoning module ShaderCore (28)
[2018.09.15-08.31.36:037][ 18]LogModuleManager: Shutting down and abandoning module Landscape (26)
[2018.09.15-08.31.36:037][ 18]LogModuleManager: Shutting down and abandoning module SlateRHIRenderer (24)
[2018.09.15-08.31.36:071][ 18]LogModuleManager: Shutting down and abandoning module OpenGLDrv (22)
[2018.09.15-08.31.36:092][ 18]LogModuleManager: Shutting down and abandoning module D3D11RHI (20)
[2018.09.15-08.31.36:092][ 18]LogModuleManager: Shutting down and abandoning module AnimGraphRuntime (18)
[2018.09.15-08.31.36:124][ 18]LogModuleManager: Shutting down and abandoning module Renderer (16)
[2018.09.15-08.31.36:124][ 18]LogModuleManager: Shutting down and abandoning module Engine (14)
[2018.09.15-08.31.36:124][ 18]LogModuleManager: Shutting down and abandoning module CoreUObject (12)
[2018.09.15-08.31.36:124][ 18]LogModuleManager: Shutting down and abandoning module NetworkFile (10)
[2018.09.15-08.31.36:130][ 18]LogModuleManager: Shutting down and abandoning module CookedIterativeFile (8)
[2018.09.15-08.31.36:130][ 18]LogModuleManager: Shutting down and abandoning module StreamingFile (6)
[2018.09.15-08.31.36:156][ 18]LogModuleManager: Shutting down and abandoning module SandboxFile (4)
[2018.09.15-08.31.36:156][ 18]LogModuleManager: Shutting down and abandoning module PakFile (2)
[2018.09.15-08.31.36:195][ 18]LogExit: Exiting.
[2018.09.15-08.31.36:215][ 18]Log file closed, 09/15/18 13:31:36
