Log file open, 09/07/18 01:00:11
LogWindows: Failed to load 'aqProf.dll' (GetLastError=126)
LogWindows: File 'aqProf.dll' does not exist
LogWindows: Failed to load 'VtuneApi.dll' (GetLastError=126)
LogWindows: File 'VtuneApi.dll' does not exist
LogWindows: Failed to load 'VtuneApi32e.dll' (GetLastError=126)
LogWindows: File 'VtuneApi32e.dll' does not exist
LogInit: Display: Running engine for game: Warhammer
LogPlatformFile: Not using cached read wrapper
LogTaskGraph: Started task graph with 5 named threads and 11 total threads with 3 sets of task threads.
LogStats: Stats thread started at 3.210529
LogD3D11RHI: Loaded GFSDK_Aftermath_Lib.x64.dll
LogICUInternationalization: Display: ICU TimeZone Detection - Raw Offset: +6:00, Platform Override: ''
LogPluginManager: Mounting plugin Paper2D
LogPluginManager: Mounting plugin AISupport
LogPluginManager: Mounting plugin LightPropagationVolume
LogPluginManager: Mounting plugin CLionSourceCodeAccess
LogPluginManager: Mounting plugin CodeLiteSourceCodeAccess
LogPluginManager: Mounting plugin GitSourceControl
LogPluginManager: Mounting plugin KDevelopSourceCodeAccess
LogPluginManager: Mounting plugin NullSourceCodeAccess
LogPluginManager: Mounting plugin PerforceSourceControl
LogPluginManager: Mounting plugin SubversionSourceControl
LogPluginManager: Mounting plugin UObjectPlugin
LogPluginManager: Mounting plugin VisualStudioCodeSourceCodeAccess
LogPluginManager: Mounting plugin VisualStudioSourceCodeAccess
LogPluginManager: Mounting plugin XCodeSourceCodeAccess
LogPluginManager: Mounting plugin AssetManagerEditor
LogPluginManager: Mounting plugin CryptoKeys
LogPluginManager: Mounting plugin DataValidation
LogPluginManager: Mounting plugin FacialAnimation
LogPluginManager: Mounting plugin GameplayTagsEditor
LogPluginManager: Mounting plugin MacGraphicsSwitching
LogPluginManager: Mounting plugin MeshEditor
LogPluginManager: Mounting plugin MobileLauncherProfileWizard
LogPluginManager: Mounting plugin PluginBrowser
LogPluginManager: Mounting plugin SpeedTreeImporter
LogPluginManager: Mounting plugin DatasmithContent
LogPluginManager: Mounting plugin AlembicImporter
LogPluginManager: Mounting plugin AppleImageUtils
LogPluginManager: Mounting plugin AppleVision
LogPluginManager: Mounting plugin BackChannel
LogPluginManager: Mounting plugin CharacterAI
LogPluginManager: Mounting plugin GeometryCache
LogPluginManager: Mounting plugin HTML5Networking
LogPluginManager: Mounting plugin ProxyLODPlugin
LogPluginManager: Mounting plugin MagicLeap
LogPluginManager: Mounting plugin MagicLeapEmulator
LogPluginManager: Mounting plugin MagicLeapMedia
LogPluginManager: Mounting plugin AndroidMedia
LogPluginManager: Mounting plugin AvfMedia
LogPluginManager: Mounting plugin ImgMedia
LogPluginManager: Mounting plugin LinearTimecode
LogPluginManager: Mounting plugin MediaCompositing
LogPluginManager: Mounting plugin MediaPlayerEditor
LogPluginManager: Mounting plugin WmfMedia
LogPluginManager: Mounting plugin TcpMessaging
LogPluginManager: Mounting plugin UdpMessaging
LogPluginManager: Mounting plugin ActorSequence
LogPluginManager: Mounting plugin LevelSequenceEditor
LogPluginManager: Mounting plugin MatineeToLevelSequence
LogPluginManager: Mounting plugin NetcodeUnitTest
LogPluginManager: Mounting plugin NUTUnrealEngine4
LogPluginManager: Mounting plugin OnlineSubsystemGooglePlay
LogPluginManager: Mounting plugin OnlineSubsystemIOS
LogPluginManager: Mounting plugin OnlineSubsystem
LogPluginManager: Mounting plugin OnlineSubsystemNull
LogPluginManager: Mounting plugin OnlineSubsystemUtils
LogPluginManager: Mounting plugin LauncherChunkInstaller
LogPluginManager: Mounting plugin AndroidDeviceProfileSelector
LogPluginManager: Mounting plugin AndroidMoviePlayer
LogPluginManager: Mounting plugin AndroidPermission
LogPluginManager: Mounting plugin AppleMoviePlayer
LogPluginManager: Mounting plugin ArchVisCharacter
LogPluginManager: Mounting plugin AudioCapture
LogPluginManager: Mounting plugin CableComponent
LogPluginManager: Mounting plugin CustomMeshComponent
LogPluginManager: Mounting plugin EditableMesh
LogPluginManager: Mounting plugin ExampleDeviceProfileSelector
LogPluginManager: Mounting plugin GoogleCloudMessaging
LogPluginManager: Mounting plugin ImmediatePhysics
LogPluginManager: Mounting plugin IOSDeviceProfileSelector
LogPluginManager: Mounting plugin LinuxDeviceProfileSelector
LogPluginManager: Mounting plugin LocationServicesBPLibrary
LogPluginManager: Mounting plugin MobilePatchingUtils
LogPluginManager: Mounting plugin OculusVR
LogPluginManager: Plugin shader directory ../../../Engine/Plugins/Runtime/Oculus/OculusVR/Shaders found
LogPluginManager: Mapping shader source directory ../../../Engine/Plugins/Runtime/Oculus/OculusVR/Shaders to virtual directory /Plugin/OculusVR
LogPluginManager: Mounting plugin PhysXVehicles
LogPluginManager: Mounting plugin ProceduralMeshComponent
LogPluginManager: Mounting plugin RuntimePhysXCooking
LogPluginManager: Mounting plugin SteamVR
LogPluginManager: Mounting plugin WindowsMoviePlayer
LogStreaming: Display: Took  0.351s to configure plugins.
LogInit: Using libcurl 7.55.1-DEV
LogInit:  - built for x86_64-pc-win32
LogInit:  - supports SSL with OpenSSL/1.0.2h
LogInit:  - supports HTTP deflate (compression) using libz 1.2.8
LogInit:  - other features:
LogInit:      CURL_VERSION_SSL
LogInit:      CURL_VERSION_LIBZ
LogInit:      CURL_VERSION_IPV6
LogInit:      CURL_VERSION_ASYNCHDNS
LogInit:      CURL_VERSION_LARGEFILE
LogInit:      CURL_VERSION_IDN
LogInit:  CurlRequestOptions (configurable via config and command line):
LogInit:  - bVerifyPeer = false  - Libcurl will NOT verify peer certificate
LogInit:  - bUseHttpProxy = false  - Libcurl will NOT use HTTP proxy
LogInit:  - bDontReuseConnections = false  - Libcurl will reuse connections
LogInit:  - CertBundlePath = nullptr  - Libcurl will use whatever was configured at build time.
LogInit:  - MaxHostConnections = 16  - Libcurl will limit the number of connections to a host
LogInit:  - LocalHostAddr = Default
LogInit:  - BufferSize = 65536
LogInit: WinSock: version 1.1 (2.2), MaxSocks=32767, MaxUdp=65467
LogInit: Build: ++UE4+Release-4.20-CL-4302132
LogInit: Engine Version: 4.20.2-4302132+++UE4+Release-4.20
LogInit: Compatible Engine Version: 4.20.0-4212847+++UE4+Release-4.20
LogInit: Net CL: 4212847
LogInit: OS: Windows 10 (), CPU:        Intel(R) Core(TM) i5-3230M CPU @ 2.60GHz, GPU: Intel(R) HD Graphics 4000
LogInit: Compiled (64-bit): Aug 21 2018 02:06:06
LogInit: Compiled with Visual C++: 19.13.26129.00
LogInit: Build Configuration: Development
LogInit: Branch Name: ++UE4+Release-4.20
LogInit: Command Line:  
LogInit: Base Directory: C:/Program Files/Epic Games/UE_4.20/Engine/Binaries/Win64/
LogInit: Installed Engine Build: 1
LogDevObjectVersion: Number of dev versions registered: 20
LogDevObjectVersion:   Dev-Blueprints (B0D832E4-1F89-4F0D-ACCF-7EB736FD4AA2): 10
LogDevObjectVersion:   Dev-Build (E1C64328-A22C-4D53-A36C-8E866417BD8C): 0
LogDevObjectVersion:   Dev-Core (375EC13C-06E4-48FB-B500-84F0262A717E): 2
LogDevObjectVersion:   Dev-Editor (E4B068ED-F494-42E9-A231-DA0B2E46BB41): 24
LogDevObjectVersion:   Dev-Framework (CFFC743F-43B0-4480-9391-14DF171D2073): 34
LogDevObjectVersion:   Dev-Mobile (B02B49B5-BB20-44E9-A304-32B752E40360): 2
LogDevObjectVersion:   Dev-Networking (A4E4105C-59A1-49B5-A7C5-40C4547EDFEE): 0
LogDevObjectVersion:   Dev-Online (39C831C9-5AE6-47DC-9A44-9C173E1C8E7C): 0
LogDevObjectVersion:   Dev-Physics (78F01B33-EBEA-4F98-B9B4-84EACCB95AA2): 0
LogDevObjectVersion:   Dev-Platform (6631380F-2D4D-43E0-8009-CF276956A95A): 0
LogDevObjectVersion:   Dev-Rendering (12F88B9F-8875-4AFC-A67C-D90C383ABD29): 26
LogDevObjectVersion:   Dev-Sequencer (7B5AE74C-D270-4C10-A958-57980B212A5A): 9
LogDevObjectVersion:   Dev-VR (D7296918-1DD6-4BDD-9DE2-64A83CC13884): 2
LogDevObjectVersion:   Dev-LoadTimes (C2A15278-BFE7-4AFE-6C17-90FF531DF755): 1
LogDevObjectVersion:   Private-Geometry (6EACA3D4-40EC-4CC1-B786-8BED09428FC5): 3
LogDevObjectVersion:   Dev-AnimPhys (29E575DD-E0A3-4627-9D10-D276232CDCEA): 17
LogDevObjectVersion:   Dev-ReflectionCapture (6B266CEC-1EC7-4B8F-A30B-E4D90942FC07): 1
LogDevObjectVersion:   Dev-Automation (0DF73D61-A23F-47EA-B727-89E90C41499A): 1
LogDevObjectVersion:   FortniteMain (601D1886-AC64-4F84-AA16-D3DE0DEAC7D6): 12
LogDevObjectVersion:   Dev-Enterprise (9DFFBCD6-494F-0158-E221-12823C92A888): 1
LogStreaming: Display: Took  0.000s to delete old logs.
LogInit: Presizing for max 8388607 objects, including 0 objects not considered by GC, pre-allocating 0 bytes for permanent pool.
LogInit: Object subsystem initialized
[2018.09.06-20.00.14:954][  0]LogInit: Selected Device Profile: [Windows]
[2018.09.06-20.00.14:954][  0]LogInit: Applying CVar settings loaded from the selected device profile: [Windows]
[2018.09.06-20.00.15:063][  0]LogHAL: Display: Platform has ~ 8 GB [8473120768 / 8589934592 / 8], which maps to Default [LargestMinGB=32, LargerMinGB=12, DefaultMinGB=8, SmallerMinGB=6, SmallestMinGB=0)
[2018.09.06-20.00.15:066][  0]LogInit: Setting Device Profile CVar: [[r.Vulkan.UseRealUBs:1]]
[2018.09.06-20.00.15:066][  0]LogInit: Going up to parent DeviceProfile []
[2018.09.06-20.00.15:113][  0]LogInit: Computer: MSI
[2018.09.06-20.00.15:114][  0]LogInit: User: Андрей
[2018.09.06-20.00.15:114][  0]LogInit: CPU Page size=4096, Cores=2
[2018.09.06-20.00.15:114][  0]LogInit: High frequency timer resolution =2.533320 MHz
[2018.09.06-20.00.15:114][  0]LogMemory: Memory total: Physical=7.9GB (8GB approx)
[2018.09.06-20.00.15:116][  0]LogMemory: Platform Memory Stats for Windows
[2018.09.06-20.00.15:116][  0]LogMemory: Process Physical Memory: 100.52 MB used, 100.52 MB peak
[2018.09.06-20.00.15:116][  0]LogMemory: Process Virtual Memory: 84.49 MB used, 84.49 MB peak
[2018.09.06-20.00.15:116][  0]LogMemory: Physical Memory: 4875.88 MB used,  3204.71 MB free, 8080.60 MB total
[2018.09.06-20.00.15:116][  0]LogMemory: Virtual Memory: 4621.36 MB used,  3204.71 MB free, 134217728.00 MB total
[2018.09.06-20.00.16:578][  0]LogInit: Using OS detected language (ru-RU).
[2018.09.06-20.00.16:578][  0]LogInit: Using OS detected locale (ru-RU).
[2018.09.06-20.00.16:613][  0]LogTextLocalizationManager: No specific localization for 'ru-RU' exists, so the 'ru' localization will be used.
[2018.09.06-20.00.16:733][  0]LogStreaming: Display: Took  0.155s to InitEngineTextLocalization.
[2018.09.06-20.00.16:733][  0]LogInit: Setting process to per monitor DPI aware
[2018.09.06-20.00.17:569][  0]LogSlate: New Slate User Created.  User Index 0, Is Virtual User: 0
[2018.09.06-20.00.17:569][  0]LogSlate: Slate User Registered.  User Index 0, Is Virtual User: 0
[2018.09.06-20.00.31:239][  0]LogHMD: Failed to initialize OpenVR with code 110
[2018.09.06-20.00.31:251][  0]LogD3D11RHI: D3D11 adapters:
[2018.09.06-20.00.31:705][  0]LogD3D11RHI:    0. 'NVIDIA GeForce GTX 660M' (Feature Level 11_0)
[2018.09.06-20.00.31:705][  0]LogD3D11RHI:       2007/0/4040 MB DedicatedVideo/DedicatedSystem/SharedSystem, Outputs:1, VendorId:0x10de
[2018.09.06-20.00.31:713][  0]LogD3D11RHI:    1. 'Intel(R) HD Graphics 4000' (Feature Level 11_0)
[2018.09.06-20.00.31:713][  0]LogD3D11RHI:       32/0/1760 MB DedicatedVideo/DedicatedSystem/SharedSystem, Outputs:0, VendorId:0x8086
[2018.09.06-20.00.31:716][  0]LogD3D11RHI:    2. 'Microsoft Basic Render Driver' (Feature Level 11_0)
[2018.09.06-20.00.31:716][  0]LogD3D11RHI:       0/0/4040 MB DedicatedVideo/DedicatedSystem/SharedSystem, Outputs:0, VendorId:0x1414
[2018.09.06-20.00.31:716][  0]LogD3D11RHI: Chosen D3D11 Adapter: 0
[2018.09.06-20.00.31:751][  0]LogD3D11RHI: Creating new Direct3DDevice
[2018.09.06-20.00.31:751][  0]LogD3D11RHI:     GPU DeviceId: 0xfd4 (for the marketing name, search the web for "GPU Device Id")
[2018.09.06-20.00.31:767][  0]LogWindows: EnumDisplayDevices:
[2018.09.06-20.00.31:767][  0]LogWindows:    0. 'Intel(R) HD Graphics 4000' (P:1 D:1)
[2018.09.06-20.00.31:767][  0]LogWindows:    1. 'Intel(R) HD Graphics 4000' (P:0 D:0)
[2018.09.06-20.00.31:768][  0]LogWindows:    2. 'Intel(R) HD Graphics 4000' (P:0 D:0)
[2018.09.06-20.00.31:768][  0]LogWindows: DebugString: PrimaryIsNotTheChoosenAdapter PrimaryIsNotTheChoosenAdapter PrimaryIsNotTheChoosenAdapter FoundDriverCount:0 
[2018.09.06-20.00.31:768][  0]LogD3D11RHI:     Adapter Name: NVIDIA GeForce GTX 660M
[2018.09.06-20.00.31:768][  0]LogD3D11RHI:   Driver Version: Unknown (internal:Unknown, unified:Unknown)
[2018.09.06-20.00.31:768][  0]LogD3D11RHI:      Driver Date: Unknown
[2018.09.06-20.00.31:768][  0]LogRHI: Texture pool is 1405 MB (70% of 2007 MB)
[2018.09.06-20.00.31:857][  0]LogD3D11RHI: Async texture creation enabled
[2018.09.06-20.00.32:110][  0]LogD3D11RHI: GPU Timing Frequency: 1000.000000 (Debug: 2 6)
[2018.09.06-20.00.32:211][  0]LogShaderCompilers: Guid format shader working directory is 14 characters bigger than the processId version (D:/Unreal/UnrealProject/Warhammer/Intermediate/Shaders/WorkingDirectory/6248/).
[2018.09.06-20.00.32:212][  0]LogShaderCompilers: Cleaned the shader compiler working directory 'C:/Users/Андрей/AppData/Local/Temp/UnrealShaderWorkingDir/A88827144BFEBB6B7E59B5B9CC23E1F7/'.
[2018.09.06-20.00.34:285][  0]LogTemp: Display: Loaded TP AllDesktopTargetPlatform
[2018.09.06-20.00.34:386][  0]LogTemp: Display: Loaded TP MacClientTargetPlatform
[2018.09.06-20.00.34:482][  0]LogTemp: Display: Loaded TP MacNoEditorTargetPlatform
[2018.09.06-20.00.34:517][  0]LogTemp: Display: Loaded TP MacServerTargetPlatform
[2018.09.06-20.00.34:571][  0]LogTemp: Display: Loaded TP MacTargetPlatform
[2018.09.06-20.00.34:614][  0]LogTemp: Display: Loaded TP WindowsClientTargetPlatform
[2018.09.06-20.00.34:650][  0]LogTemp: Display: Loaded TP WindowsNoEditorTargetPlatform
[2018.09.06-20.00.34:709][  0]LogTemp: Display: Loaded TP WindowsServerTargetPlatform
[2018.09.06-20.00.34:757][  0]LogTemp: Display: Loaded TP WindowsTargetPlatform
[2018.09.06-20.00.35:159][  0]LogTemp: Display: Loaded TP AndroidTargetPlatform
[2018.09.06-20.00.35:159][  0]LogTemp: Display: Loaded TP AndroidTargetPlatform
[2018.09.06-20.00.35:159][  0]LogTemp: Display: Loaded TP AndroidTargetPlatform
[2018.09.06-20.00.35:159][  0]LogTemp: Display: Loaded TP AndroidTargetPlatform
[2018.09.06-20.00.35:159][  0]LogTemp: Display: Loaded TP AndroidTargetPlatform
[2018.09.06-20.00.35:159][  0]LogTemp: Display: Loaded TP AndroidTargetPlatform
[2018.09.06-20.00.35:159][  0]LogTemp: Display: Loaded TP AndroidTargetPlatform
[2018.09.06-20.00.35:159][  0]LogTemp: Display: Loaded TP AndroidTargetPlatform
[2018.09.06-20.00.35:159][  0]LogTemp: Display: Loaded TP AndroidTargetPlatform
[2018.09.06-20.00.35:159][  0]LogTemp: Display: Loaded TP AndroidTargetPlatform
[2018.09.06-20.00.35:159][  0]LogTemp: Display: Loaded TP AndroidTargetPlatform
[2018.09.06-20.00.35:159][  0]LogTemp: Display: Loaded TP AndroidTargetPlatform
[2018.09.06-20.00.35:159][  0]LogTemp: Display: Loaded TP AndroidTargetPlatform
[2018.09.06-20.00.35:159][  0]LogTemp: Display: Loaded TP AndroidTargetPlatform
[2018.09.06-20.00.35:159][  0]LogTemp: Display: Loaded TP AndroidTargetPlatform
[2018.09.06-20.00.35:159][  0]LogTemp: Display: Loaded TP AndroidTargetPlatform
[2018.09.06-20.00.35:159][  0]LogTemp: Display: Loaded TP AndroidTargetPlatform
[2018.09.06-20.00.35:159][  0]LogTemp: Display: Loaded TP AndroidTargetPlatform
[2018.09.06-20.00.35:178][  0]LogTemp: Display: Loaded TP HTML5TargetPlatform
[2018.09.06-20.00.35:479][  0]LogTemp: Display: Loaded TP IOSTargetPlatform
[2018.09.06-20.00.35:479][  0]LogTemp: Display: Loaded TP IOSTargetPlatform
[2018.09.06-20.00.35:576][  0]LogTemp: Display: Loaded TP TVOSTargetPlatform
[2018.09.06-20.00.35:576][  0]LogTemp: Display: Loaded TP TVOSTargetPlatform
[2018.09.06-20.00.35:653][  0]LogTemp: Display: Loaded TP LinuxClientTargetPlatform
[2018.09.06-20.00.35:735][  0]LogTemp: Display: Loaded TP LinuxNoEditorTargetPlatform
[2018.09.06-20.00.35:791][  0]LogTemp: Display: Loaded TP LinuxServerTargetPlatform
[2018.09.06-20.00.35:896][  0]LogTemp: Display: Loaded TP LinuxTargetPlatform
[2018.09.06-20.00.35:931][  0]LogTemp: Display: Loaded TP LuminTargetPlatform
[2018.09.06-20.00.35:931][  0]LogTargetPlatformManager: Display: Building Assets For Windows
[2018.09.06-20.00.37:616][  0]LogXGEController: Cleaning working directory: C:/Users/Андрей/AppData/Local/Temp/UnrealXGEWorkingDir/
[2018.09.06-20.00.37:617][  0]LogXGEController: Cannot use XGE Controller as Incredibuild is not installed on this machine.
[2018.09.06-20.00.37:617][  0]LogShaderCompilers: Cannot use XGE Shader Compiler as Incredibuild is not installed on this machine.
[2018.09.06-20.00.37:617][  0]LogShaderCompilers: Display: Using Local Shader Compiler.
[2018.09.06-20.00.46:645][  0]LogDerivedDataCache: Display: Max Cache Size: 512 MB
[2018.09.06-20.00.47:442][  0]LogDerivedDataCache: Loaded boot cache 0.80s 71MB C:/Users/Андрей/AppData/Local/UnrealEngine/4.20/DerivedDataCache/Boot.ddc.
[2018.09.06-20.00.47:443][  0]LogDerivedDataCache: Display: Loaded Boot cache: C:/Users/Андрей/AppData/Local/UnrealEngine/4.20/DerivedDataCache/Boot.ddc
[2018.09.06-20.00.47:443][  0]LogDerivedDataCache: FDerivedDataBackendGraph:  Pak pak cache file D:/Unreal/UnrealProject/Warhammer/DerivedDataCache/DDC.ddp not found, will not use a pak cache.
[2018.09.06-20.00.47:443][  0]LogDerivedDataCache: Unable to find inner node Pak for hierarchical cache Hierarchy.
[2018.09.06-20.00.47:443][  0]LogDerivedDataCache: FDerivedDataBackendGraph:  CompressedPak pak cache file D:/Unreal/UnrealProject/Warhammer/DerivedDataCache/Compressed.ddp not found, will not use a pak cache.
[2018.09.06-20.00.47:443][  0]LogDerivedDataCache: Unable to find inner node CompressedPak for hierarchical cache Hierarchy.
[2018.09.06-20.00.47:530][  0]LogDerivedDataCache: Display: Pak cache opened for reading ../../../Engine/DerivedDataCache/Compressed.ddp.
[2018.09.06-20.00.47:543][  0]LogDerivedDataCache: Using Local data cache path C:/Users/Андрей/AppData/Local/UnrealEngine/Common/DerivedDataCache: Writable
[2018.09.06-20.00.47:543][  0]LogDerivedDataCache: Shared data cache path not found in *engine.ini, will not use an Shared cache.
[2018.09.06-20.00.47:543][  0]LogDerivedDataCache: Unable to find inner node Shared for hierarchical cache Hierarchy.
[2018.09.06-20.00.47:688][  0]LogMaterial: Verifying Global Shaders for PCD3D_SM5
[2018.09.06-20.00.47:782][  0]LogSlate: Using FreeType 2.6.0
[2018.09.06-20.00.47:870][  0]LogSlate: SlateFontServices - WITH_FREETYPE: 1, WITH_HARFBUZZ: 1
[2018.09.06-20.00.49:948][  0]LogAssetRegistry: FAssetRegistry took 0.0385 seconds to start up
[2018.09.06-20.00.58:168][  0]LogInit: Selected Device Profile: [Windows]
[2018.09.06-20.01.01:056][  0]LogSimplygon: Simplygon DLL not present - disabling.
[2018.09.06-20.01.01:259][  0]LogMeshReduction: Using SimplygonSwarm for distributed automatic mesh merging
[2018.09.06-20.01.01:260][  0]LogMeshReduction: Using ProxyLODMeshReduction for automatic mesh merging
[2018.09.06-20.01.01:285][  0]LogMeshReduction: Using QuadricMeshReduction for automatic static mesh reduction
[2018.09.06-20.01.01:285][  0]LogMeshReduction: No automatic skeletal mesh reduction module available
[2018.09.06-20.01.01:714][  0]LogNetVersion: Warhammer 1.0.0, NetCL: 4212847, EngineNetVer: 5, GameNetVer: 0 (Checksum: 587221285)
[2018.09.06-20.01.08:135][  0]LogPackageLocalizationCache: Processed 11 localized package path(s) for 2 prioritized culture(s) in 0.222903 seconds
[2018.09.06-20.01.08:501][  0]LogUObjectArray: 38425 objects as part of root set at end of initial load.
[2018.09.06-20.01.08:501][  0]LogUObjectAllocator: 6690864 out of 0 bytes used by permanent object pool.
[2018.09.06-20.01.08:513][  0]LogUObjectArray: CloseDisregardForGC: 0/0 objects in disregard for GC pool
[2018.09.06-20.01.39:210][  0]LogTcpMessaging: Initializing TcpMessaging bridge
[2018.09.06-20.01.39:294][  0]LogUdpMessaging: Initializing bridge on interface 0.0.0.0:0 to multicast group 230.0.0.1:6666.
[2018.09.06-20.01.41:937][  0]SourceControl: Source control is disabled
[2018.09.06-20.01.41:937][  0]SourceControl: Source control is disabled
[2018.09.06-20.01.42:228][  0]SourceControl: Source control is disabled
[2018.09.06-20.01.42:370][  0]SourceControl: Source control is disabled
[2018.09.06-20.01.45:029][  0]LogAndroidPermission: UAndroidPermissionCallbackProxy::GetInstance
[2018.09.06-20.01.45:401][  0]LogOcInput: OculusInput pre-init called
[2018.09.06-20.01.46:456][  0]LogEngine: Initializing Engine...
[2018.09.06-20.01.46:535][  0]LogHMD: Failed to initialize OpenVR with code 110
[2018.09.06-20.01.46:579][  0]LogStats: UGameplayTagsManager::ConstructGameplayTagTree: ImportINI prefixes -  0.001 s
[2018.09.06-20.01.46:579][  0]LogStats: UGameplayTagsManager::ConstructGameplayTagTree: Construct from data asset -  0.000 s
[2018.09.06-20.01.46:580][  0]LogStats: UGameplayTagsManager::ConstructGameplayTagTree: ImportINI -  0.001 s
[2018.09.06-20.01.46:581][  0]LogStats: UGameplayTagsManager::ConstructGameplayTagTree: GameplayTagTreeChangedEvent.Broadcast -  0.000 s
[2018.09.06-20.01.47:800][  0]LogInit: Initializing FReadOnlyCVARCache
[2018.09.06-20.01.48:116][  0]LogAIModule: Creating AISystem for world Untitled
[2018.09.06-20.01.48:291][  0]LogInit: XAudio2 using 'Динамики (Realtek High Definition Audio)' : 2 channels at 48 kHz using 32 bits per sample (channel mask 0x3)
[2018.09.06-20.01.48:339][  0]LogInit: FAudioDevice initialized.
[2018.09.06-20.01.48:363][  0]LogNetVersion: Set ProjectVersion to 1.0.0.0. Version Checksum will be recalculated on next use.
[2018.09.06-20.01.48:573][  0]LogDerivedDataCache: Saved boot cache 0.21s 71MB C:/Users/Андрей/AppData/Local/UnrealEngine/4.20/DerivedDataCache/Boot.ddc.
[2018.09.06-20.01.48:578][  0]LogInit: Texture streaming: Enabled
[2018.09.06-20.01.49:631][  0]LogEngineSessionManager: EngineSessionManager initialized
[2018.09.06-20.01.49:868][  0]LogInit: Transaction tracking system initialized
[2018.09.06-20.01.50:987][  0]BlueprintLog: New page: Editor Load
[2018.09.06-20.01.53:337][  0]LocalizationService: Localization service is disabled
[2018.09.06-20.01.59:828][  0]LogFileCache: Scanning file cache for directory 'D:/Unreal/UnrealProject/Warhammer/Content/' took 0.02s
[2018.09.06-20.01.59:828][  0]LogCook: Display: Max memory allowance for cook 16384mb min free memory 0mb
[2018.09.06-20.01.59:851][  0]LogCook: Display: Mobile HDR setting 1
[2018.09.06-20.01.59:906][  0]LogGameplayTags: Display: UGameplayTagsManager::DoneAddingNativeTags. DelegateIsBound: 0
[2018.09.06-20.01.59:906][  0]LogStats: UGameplayTagsManager::ConstructGameplayTagTree: ImportINI prefixes -  0.000 s
[2018.09.06-20.01.59:906][  0]LogStats: UGameplayTagsManager::ConstructGameplayTagTree: Construct from data asset -  0.000 s
[2018.09.06-20.01.59:906][  0]LogStats: UGameplayTagsManager::ConstructGameplayTagTree: ImportINI -  0.000 s
[2018.09.06-20.01.59:906][  0]LogStats: UGameplayTagsManager::ConstructGameplayTagTree: GameplayTagTreeChangedEvent.Broadcast -  0.000 s
[2018.09.06-20.02.06:159][  0]SourceControl: Source control is disabled
[2018.09.06-20.02.06:180][  0]Cmd: MAP LOAD FILE="../../../Engine/Content/Maps/Templates/Template_Default.umap" TEMPLATE=1 SHOWPROGRESS=1 FEATURELEVEL=3
[2018.09.06-20.02.06:215][  0]LightingResults: New page: Lighting Build
[2018.09.06-20.02.06:310][  0]MapCheck: New page: Map Check
[2018.09.06-20.02.06:310][  0]LightingResults: New page: Lighting Build
[2018.09.06-20.02.08:447][  0]LogAIModule: Creating AISystem for world Untitled_1
[2018.09.06-20.02.09:209][  0]LogEditorServer: Finished looking for orphan Actors (0.000 secs)
[2018.09.06-20.02.09:354][  0]Cmd: MAP CHECKDEP NOCLEARLOG
[2018.09.06-20.02.09:499][  0]MapCheck: Map check complete: 0 Error(s), 0 Warning(s), took 144,992ms to complete.
[2018.09.06-20.02.09:500][  0]LogFileHelpers: Loading map 'Template_Default' took 3.332
[2018.09.06-20.02.10:275][  0]LogWindowsTextInputMethodSystem: Display: IME system now deactivated.
[2018.09.06-20.02.10:847][  0]LogSlate: Updating window title bar state: overlay mode, drag disabled, window buttons hidden, title bar hidden
[2018.09.06-20.02.10:860][  0]LogSlate: Updating window title bar state: overlay mode, drag disabled, window buttons hidden, title bar hidden
[2018.09.06-20.02.10:872][  0]LogSlate: Updating window title bar state: overlay mode, drag disabled, window buttons hidden, title bar hidden
[2018.09.06-20.02.10:886][  0]LogSlate: Updating window title bar state: overlay mode, drag disabled, window buttons hidden, title bar hidden
[2018.09.06-20.02.11:049][  0]LogCollectionManager: Loaded 0 collections in 0.002335 seconds
[2018.09.06-20.02.11:150][  0]LogFileCache: Scanning file cache for directory 'D:/Unreal/UnrealProject/Warhammer/Saved/Collections/' took 0.01s
[2018.09.06-20.02.11:150][  0]LogFileCache: Scanning file cache for directory 'D:/Unreal/UnrealProject/Warhammer/Content/Developers/Андрей/Collections/' took 0.01s
[2018.09.06-20.02.11:150][  0]LogFileCache: Scanning file cache for directory 'D:/Unreal/UnrealProject/Warhammer/Content/Collections/' took 0.01s
[2018.09.06-20.02.11:150][  0]LogCollectionManager: Rebuilt the GUID cache for 0 collections in 0.000000 seconds
[2018.09.06-20.02.11:167][  0]LogContentBrowser: Native class hierarchy populated in 0.0142 seconds. Added 2572 classes and 603 folders.
[2018.09.06-20.02.11:204][  0]LogContentBrowser: Native class hierarchy updated for 'WidgetCarousel' in 0.0003 seconds. Added 0 classes and 0 folders.
[2018.09.06-20.02.13:288][  0]LogContentBrowser: Native class hierarchy updated for 'AddContentDialog' in 0.0004 seconds. Added 0 classes and 0 folders.
[2018.09.06-20.02.13:358][  0]LogContentBrowser: Native class hierarchy updated for 'SceneOutliner' in 0.0004 seconds. Added 1 classes and 2 folders.
[2018.09.06-20.02.13:831][  0]LogSlate: Took 0.061037 seconds to synchronously load lazily loaded font '../../../Engine/Content/Slate/Fonts/Roboto-Regular.ttf' (155K)
[2018.09.06-20.02.13:888][  0]LogSlate: Took 0.052169 seconds to synchronously load lazily loaded font '../../../Engine/Content/Slate/Fonts/Roboto-Bold.ttf' (160K)
[2018.09.06-20.02.13:919][  0]LogSlate: Took 0.017465 seconds to synchronously load lazily loaded font '../../../Engine/Content/Editor/Slate/Fonts/FontAwesome.ttf' (139K)
[2018.09.06-20.02.14:413][  0]LogRenderer: Reallocating scene render targets to support 1208x576 Format 10 NumSamples 1 (Frame:1).
[2018.09.06-20.02.15:583][  0]LogContentBrowser: Native class hierarchy updated for 'HierarchicalLODOutliner' in 0.0004 seconds. Added 0 classes and 0 folders.
[2018.09.06-20.02.15:583][  0]LogLoad: (Engine Initialization) Total time: 136.32 seconds
[2018.09.06-20.02.15:583][  0]LogLoad: (Engine Initialization) Total Blueprint compile time: 0.00 seconds
[2018.09.06-20.02.15:812][  0]LogContentStreaming: Texture pool size now 1000 MB
[2018.09.06-20.02.16:420][  4]LogAssetRegistry: Asset discovery search completed in 86.4943 seconds
[2018.09.06-20.02.16:422][  4]LogCollectionManager: Rebuilt the object cache for 0 collections in 0.000000 seconds (found 0 objects)
[2018.09.06-20.02.16:422][  4]LogCollectionManager: Fixed up redirectors for 0 collections in 0.000151 seconds (updated 0 objects)
[2018.09.06-20.02.19:999][203]LogSlate: Took 0.025413 seconds to synchronously load lazily loaded font '../../../Engine/Content/Slate/Fonts/Roboto-Light.ttf' (167K)
[2018.09.06-20.02.33:394][372]LogSlate: FSceneViewport::OnFocusLost() reason 0
[2018.09.06-20.02.40:100][754]LogSlate: Took 0.000321 seconds to synchronously load lazily loaded font '../../../Engine/Content/Slate/Fonts/Roboto-Light.ttf' (167K)
[2018.09.06-20.02.40:121][754]LogAssetEditorManager: Opening Asset editor for BlendSpace /Game/Code/Characters/Movement.Movement
[2018.09.06-20.02.40:746][754]LogContentBrowser: Native class hierarchy updated for 'SkeletonEditor' in 0.0003 seconds. Added 1 classes and 2 folders.
[2018.09.06-20.02.41:679][754]LogActorComponent: RegisterComponentWithWorld: (/Engine/Transient.World_0:PersistentLevel.AnimationEditorPreviewActor_0.DebugSkelMeshComponent_0) Already registered. Aborting.
[2018.09.06-20.02.41:732][754]LogContentBrowser: Native class hierarchy updated for 'PinnedCommandList' in 0.0004 seconds. Added 1 classes and 0 folders.
[2018.09.06-20.02.42:450][754]LogSkeletalMesh: USkeletalMeshComponent::InitArticulated : Bodies already created (/Engine/Transient.World_0:PersistentLevel.AnimationEditorPreviewActor_0.DebugSkelMeshComponent_0) - call TermArticulated first.
[2018.09.06-20.02.44:496][754]LogContentBrowser: Native class hierarchy updated for 'ClothingSystemEditorInterface' in 0.0003 seconds. Added 1 classes and 0 folders.
[2018.09.06-20.02.44:576][754]LogContentBrowser: Verbose: The majority of assets in the view are of type: AnimSequence
[2018.09.06-20.03.11:631][838]Cmd: MAP LOAD FILE="D:/Unreal/UnrealProject/Warhammer/Content/warhammer.umap" TEMPLATE=0 SHOWPROGRESS=1 FEATURELEVEL=3
[2018.09.06-20.03.11:652][838]LightingResults: New page: Lighting Build
[2018.09.06-20.03.11:655][838]LoadErrors: New page: Loading map: warhammer.umap
[2018.09.06-20.03.11:719][838]MapCheck: New page: Map Check
[2018.09.06-20.03.11:719][838]LightingResults: New page: Lighting Build
[2018.09.06-20.03.12:264][838]LogAIModule: Creating AISystem for world warhammer
[2018.09.06-20.03.12:387][838]LogEditorServer: Finished looking for orphan Actors (0.000 secs)
[2018.09.06-20.03.12:531][838]Cmd: MAP CHECKDEP NOCLEARLOG
[2018.09.06-20.03.12:630][838]MapCheck: Map check complete: 0 Error(s), 0 Warning(s), took 99,615ms to complete.
[2018.09.06-20.03.12:631][838]LogFileHelpers: Loading map 'warhammer' took 1.014
[2018.09.06-20.03.12:633][838]LogSlate: Window 'Open Level' being destroyed
[2018.09.06-20.03.18:568][ 11]LogAssetEditorManager: Opening Asset editor for AnimSequence /Game/3D/Models/Characters/Astartes_Anim_running.Astartes_Anim_running
[2018.09.06-20.05.36:495][924]Cmd: TRANSACTION UNDO
[2018.09.06-20.05.36:496][924]LogEditorTransaction: Undo Edit Sky Light Intensity
[2018.09.06-20.05.36:717][924]LogActorComponent: RegisterComponentWithWorld: (/Engine/Transient.World_0:PersistentLevel.AnimationEditorPreviewActor_0.DebugSkelMeshComponent_0) Already registered. Aborting.
[2018.09.06-20.05.37:750][956]Cmd: TRANSACTION UNDO
[2018.09.06-20.05.37:750][956]LogEditorTransaction: Undo Edit Rotation Speed
[2018.09.06-20.05.37:932][956]LogActorComponent: RegisterComponentWithWorld: (/Engine/Transient.World_0:PersistentLevel.AnimationEditorPreviewActor_0.DebugSkelMeshComponent_0) Already registered. Aborting.
[2018.09.06-20.05.38:585][977]Cmd: TRANSACTION UNDO
[2018.09.06-20.05.38:585][977]LogEditorTransaction: Undo Edit Rotation Speed
[2018.09.06-20.05.38:779][977]LogActorComponent: RegisterComponentWithWorld: (/Engine/Transient.World_0:PersistentLevel.AnimationEditorPreviewActor_0.DebugSkelMeshComponent_0) Already registered. Aborting.
[2018.09.06-20.05.39:259][992]Cmd: TRANSACTION UNDO
[2018.09.06-20.05.39:259][992]LogEditorTransaction: Undo Edit Delete Existing Morph Target Curves
[2018.09.06-20.05.39:460][992]LogActorComponent: RegisterComponentWithWorld: (/Engine/Transient.World_0:PersistentLevel.AnimationEditorPreviewActor_0.DebugSkelMeshComponent_0) Already registered. Aborting.
[2018.09.06-20.05.39:712][999]Cmd: TRANSACTION UNDO
[2018.09.06-20.05.39:713][999]LogEditorTransaction: Undo Edit Delete Existing Morph Target Curves
[2018.09.06-20.05.39:879][999]LogActorComponent: RegisterComponentWithWorld: (/Engine/Transient.World_0:PersistentLevel.AnimationEditorPreviewActor_0.DebugSkelMeshComponent_0) Already registered. Aborting.
[2018.09.06-20.07.09:952][ 43]LogAnimationCompression: Building Anim DDC data for AnimSequence /Game/3D/Models/Characters/Astartes_Anim_running.Astartes_Anim_running
[2018.09.06-20.07.09:963][ 43]LogAnimationCompression: Recompressing (AnimSequence /Engine/Transient.Astartes_Anim_running) using current/default (AnimCompress_BitwiseCompressOnly_1) bFirstRecompressUsingCurrentOrDefault(1) bTryAlternateCompressor(1) IsCompressedDataValid(0)
[2018.09.06-20.07.09:979][ 43]LogAnimationCompression: Compressing Astartes_Anim_running (AnimSequence /Engine/Transient.Astartes_Anim_running)
	Skeleton: astartes_Skeleton
	Original Size: 12292   MaxDiff: 0.000000
[2018.09.06-20.07.09:979][ 43]LogAnimationCompression: Original Key Encoding: AKF_ConstantKeyLerp
	Original Rotation Format: ACF_Float96NoW
	Original Translation Format: ACF_None
	NumFrames: 60
	SequenceLength: 2.458333 (24.4 fps)
[2018.09.06-20.07.09:980][ 43]LogAnimationCompression: Recompressed using current/default
	Recompress Size: 12292   MaxDiff: 0.067414
	Recompress Scheme: AnimCompress_BitwiseCompressOnly
[2018.09.06-20.07.10:082][ 43]LogAnimationCompression: - Progressive_PerTrack - bytes saved(3196) (26.0%) from previous(3196) MaxError(4.76) bLowersError(0) 
[2018.09.06-20.07.10:082][ 43]LogAnimationCompression:     bReducesErrorBelowThreshold(0) bHasAcceptableErrorAndSavesSpace(0) bLowersErrorAndSavesSameOrBetter(0)
[2018.09.06-20.07.10:083][ 43]LogAnimationCompression:     WinningCompressorError(0.067414) MasterTolerance(1.000000) bForceBelowThreshold(0) bErrorUnderThreshold(0)
[2018.09.06-20.07.10:083][ 43]LogAnimationCompression: 	Standard bitwise compressor too aggressive, lower default settings.
[2018.09.06-20.07.10:085][ 43]LogAnimationCompression: - BitwiseACF_Float96 - bytes saved(0) (0.0%) from previous(0) MaxError(0.07) bLowersError(0) 
[2018.09.06-20.07.10:085][ 43]LogAnimationCompression:     bReducesErrorBelowThreshold(0) bHasAcceptableErrorAndSavesSpace(0) bLowersErrorAndSavesSameOrBetter(0)
[2018.09.06-20.07.10:085][ 43]LogAnimationCompression:     WinningCompressorError(0.067414) MasterTolerance(1.000000) bForceBelowThreshold(0) bErrorUnderThreshold(1)
[2018.09.06-20.07.10:087][ 43]LogAnimationCompression: - BitwiseACF_Fixed48 - bytes saved(2160) (17.6%) from previous(2160) MaxError(10.46) bLowersError(0) 
[2018.09.06-20.07.10:087][ 43]LogAnimationCompression:     bReducesErrorBelowThreshold(0) bHasAcceptableErrorAndSavesSpace(0) bLowersErrorAndSavesSameOrBetter(0)
[2018.09.06-20.07.10:088][ 43]LogAnimationCompression:     WinningCompressorError(0.067414) MasterTolerance(1.000000) bForceBelowThreshold(0) bErrorUnderThreshold(0)
[2018.09.06-20.07.10:089][ 43]LogAnimationCompression: - HalfOddACF_Float96 - bytes saved(3960) (32.2%) from previous(3960) MaxError(59.90) bLowersError(0) 
[2018.09.06-20.07.10:089][ 43]LogAnimationCompression:     bReducesErrorBelowThreshold(0) bHasAcceptableErrorAndSavesSpace(0) bLowersErrorAndSavesSameOrBetter(0)
[2018.09.06-20.07.10:089][ 43]LogAnimationCompression:     WinningCompressorError(0.067414) MasterTolerance(1.000000) bForceBelowThreshold(0) bErrorUnderThreshold(0)
[2018.09.06-20.07.10:092][ 43]LogAnimationCompression: - HalfOddACF_Fixed48 - bytes saved(5040) (41.0%) from previous(5040) MaxError(59.88) bLowersError(0) 
[2018.09.06-20.07.10:092][ 43]LogAnimationCompression:     bReducesErrorBelowThreshold(0) bHasAcceptableErrorAndSavesSpace(0) bLowersErrorAndSavesSameOrBetter(0)
[2018.09.06-20.07.10:092][ 43]LogAnimationCompression:     WinningCompressorError(0.067414) MasterTolerance(1.000000) bForceBelowThreshold(0) bErrorUnderThreshold(0)
[2018.09.06-20.07.10:095][ 43]LogAnimationCompression: - HalfEvenACF_Float96 - bytes saved(3960) (32.2%) from previous(3960) MaxError(43.08) bLowersError(0) 
[2018.09.06-20.07.10:095][ 43]LogAnimationCompression:     bReducesErrorBelowThreshold(0) bHasAcceptableErrorAndSavesSpace(0) bLowersErrorAndSavesSameOrBetter(0)
[2018.09.06-20.07.10:095][ 43]LogAnimationCompression:     WinningCompressorError(0.067414) MasterTolerance(1.000000) bForceBelowThreshold(0) bErrorUnderThreshold(0)
[2018.09.06-20.07.10:097][ 43]LogAnimationCompression: - HalfEvenACF_Fixed48 - bytes saved(5040) (41.0%) from previous(5040) MaxError(43.06) bLowersError(0) 
[2018.09.06-20.07.10:097][ 43]LogAnimationCompression:     bReducesErrorBelowThreshold(0) bHasAcceptableErrorAndSavesSpace(0) bLowersErrorAndSavesSameOrBetter(0)
[2018.09.06-20.07.10:097][ 43]LogAnimationCompression:     WinningCompressorError(0.067414) MasterTolerance(1.000000) bForceBelowThreshold(0) bErrorUnderThreshold(0)
[2018.09.06-20.07.10:152][ 43]LogAnimationCompression: - LinearACF_Float96 - bytes saved(1720) (14.0%) from previous(1720) MaxError(0.08) bLowersError(0) (**Best so far**)
[2018.09.06-20.07.10:152][ 43]LogAnimationCompression:     bReducesErrorBelowThreshold(0) bHasAcceptableErrorAndSavesSpace(1) bLowersErrorAndSavesSameOrBetter(0)
[2018.09.06-20.07.10:152][ 43]LogAnimationCompression:     WinningCompressorError(0.067414) MasterTolerance(1.000000) bForceBelowThreshold(0) bErrorUnderThreshold(1)
[2018.09.06-20.07.10:188][ 43]LogAnimationCompression: - LinearACF_Fixed48 - bytes saved(1952) (15.9%) from previous(232) MaxError(14.29) bLowersError(0) 
[2018.09.06-20.07.10:188][ 43]LogAnimationCompression:     bReducesErrorBelowThreshold(0) bHasAcceptableErrorAndSavesSpace(0) bLowersErrorAndSavesSameOrBetter(0)
[2018.09.06-20.07.10:188][ 43]LogAnimationCompression:     WinningCompressorError(0.084659) MasterTolerance(1.000000) bForceBelowThreshold(0) bErrorUnderThreshold(0)
[2018.09.06-20.07.10:190][ 43]LogAnimationCompression: - Bitwise_PerTrack - bytes saved(3920) (31.9%) from previous(2200) MaxError(5.76) bLowersError(0) 
[2018.09.06-20.07.10:191][ 43]LogAnimationCompression:     bReducesErrorBelowThreshold(0) bHasAcceptableErrorAndSavesSpace(0) bLowersErrorAndSavesSameOrBetter(0)
[2018.09.06-20.07.10:191][ 43]LogAnimationCompression:     WinningCompressorError(0.084659) MasterTolerance(1.000000) bForceBelowThreshold(0) bErrorUnderThreshold(0)
[2018.09.06-20.07.10:224][ 43]LogAnimationCompression: - Linear_PerTrack - bytes saved(3696) (30.1%) from previous(1976) MaxError(4.76) bLowersError(0) 
[2018.09.06-20.07.10:224][ 43]LogAnimationCompression:     bReducesErrorBelowThreshold(0) bHasAcceptableErrorAndSavesSpace(0) bLowersErrorAndSavesSameOrBetter(0)
[2018.09.06-20.07.10:224][ 43]LogAnimationCompression:     WinningCompressorError(0.084659) MasterTolerance(1.000000) bForceBelowThreshold(0) bErrorUnderThreshold(0)
[2018.09.06-20.07.10:244][ 43]LogAnimationCompression: - Adaptive1_LinPerTrackNoRT - bytes saved(3524) (28.7%) from previous(1804) MaxError(4.76) bLowersError(0) 
[2018.09.06-20.07.10:244][ 43]LogAnimationCompression:     bReducesErrorBelowThreshold(0) bHasAcceptableErrorAndSavesSpace(0) bLowersErrorAndSavesSameOrBetter(0)
[2018.09.06-20.07.10:244][ 43]LogAnimationCompression:     WinningCompressorError(0.084659) MasterTolerance(1.000000) bForceBelowThreshold(0) bErrorUnderThreshold(0)
[2018.09.06-20.07.10:279][ 43]LogAnimationCompression: - Adaptive1_LinPerTrack - bytes saved(3416) (27.8%) from previous(1696) MaxError(4.76) bLowersError(0) 
[2018.09.06-20.07.10:279][ 43]LogAnimationCompression:     bReducesErrorBelowThreshold(0) bHasAcceptableErrorAndSavesSpace(0) bLowersErrorAndSavesSameOrBetter(0)
[2018.09.06-20.07.10:279][ 43]LogAnimationCompression:     WinningCompressorError(0.084659) MasterTolerance(1.000000) bForceBelowThreshold(0) bErrorUnderThreshold(0)
[2018.09.06-20.07.10:312][ 43]LogAnimationCompression: - Linear_PerTrackExp1 - bytes saved(3496) (28.4%) from previous(1776) MaxError(4.76) bLowersError(0) 
[2018.09.06-20.07.10:312][ 43]LogAnimationCompression:     bReducesErrorBelowThreshold(0) bHasAcceptableErrorAndSavesSpace(0) bLowersErrorAndSavesSameOrBetter(0)
[2018.09.06-20.07.10:312][ 43]LogAnimationCompression:     WinningCompressorError(0.084659) MasterTolerance(1.000000) bForceBelowThreshold(0) bErrorUnderThreshold(0)
[2018.09.06-20.07.10:343][ 43]LogAnimationCompression: - Linear_PerTrackExp2 - bytes saved(3416) (27.8%) from previous(1696) MaxError(4.76) bLowersError(0) 
[2018.09.06-20.07.10:343][ 43]LogAnimationCompression:     bReducesErrorBelowThreshold(0) bHasAcceptableErrorAndSavesSpace(0) bLowersErrorAndSavesSameOrBetter(0)
[2018.09.06-20.07.10:343][ 43]LogAnimationCompression:     WinningCompressorError(0.084659) MasterTolerance(1.000000) bForceBelowThreshold(0) bErrorUnderThreshold(0)
[2018.09.06-20.07.10:346][ 43]LogAnimationCompression: - Downsample20Hz_PerTrack - bytes saved(4836) (39.3%) from previous(3116) MaxError(25.66) bLowersError(0) 
[2018.09.06-20.07.10:346][ 43]LogAnimationCompression:     bReducesErrorBelowThreshold(0) bHasAcceptableErrorAndSavesSpace(0) bLowersErrorAndSavesSameOrBetter(0)
[2018.09.06-20.07.10:346][ 43]LogAnimationCompression:     WinningCompressorError(0.084659) MasterTolerance(1.000000) bForceBelowThreshold(0) bErrorUnderThreshold(0)
[2018.09.06-20.07.10:349][ 43]LogAnimationCompression: - Downsample15Hz_PerTrack - bytes saved(6064) (49.3%) from previous(4344) MaxError(28.01) bLowersError(0) 
[2018.09.06-20.07.10:349][ 43]LogAnimationCompression:     bReducesErrorBelowThreshold(0) bHasAcceptableErrorAndSavesSpace(0) bLowersErrorAndSavesSameOrBetter(0)
[2018.09.06-20.07.10:349][ 43]LogAnimationCompression:     WinningCompressorError(0.084659) MasterTolerance(1.000000) bForceBelowThreshold(0) bErrorUnderThreshold(0)
[2018.09.06-20.07.10:351][ 43]LogAnimationCompression: - Downsample10Hz_PerTrack - bytes saved(6852) (55.7%) from previous(5132) MaxError(29.49) bLowersError(0) 
[2018.09.06-20.07.10:351][ 43]LogAnimationCompression:     bReducesErrorBelowThreshold(0) bHasAcceptableErrorAndSavesSpace(0) bLowersErrorAndSavesSameOrBetter(0)
[2018.09.06-20.07.10:351][ 43]LogAnimationCompression:     WinningCompressorError(0.084659) MasterTolerance(1.000000) bForceBelowThreshold(0) bErrorUnderThreshold(0)
[2018.09.06-20.07.10:354][ 43]LogAnimationCompression: - Downsample5Hz_PerTrack - bytes saved(8012) (65.2%) from previous(6292) MaxError(60.67) bLowersError(0) 
[2018.09.06-20.07.10:354][ 43]LogAnimationCompression:     bReducesErrorBelowThreshold(0) bHasAcceptableErrorAndSavesSpace(0) bLowersErrorAndSavesSameOrBetter(0)
[2018.09.06-20.07.10:354][ 43]LogAnimationCompression:     WinningCompressorError(0.084659) MasterTolerance(1.000000) bForceBelowThreshold(0) bErrorUnderThreshold(0)
[2018.09.06-20.07.10:372][ 43]LogAnimationCompression: - Adaptive1_15Hz_LinPerTrack - bytes saved(4852) (39.5%) from previous(3132) MaxError(44.32) bLowersError(0) 
[2018.09.06-20.07.10:373][ 43]LogAnimationCompression:     bReducesErrorBelowThreshold(0) bHasAcceptableErrorAndSavesSpace(0) bLowersErrorAndSavesSameOrBetter(0)
[2018.09.06-20.07.10:373][ 43]LogAnimationCompression:     WinningCompressorError(0.084659) MasterTolerance(1.000000) bForceBelowThreshold(0) bErrorUnderThreshold(0)
[2018.09.06-20.07.10:391][ 43]LogAnimationCompression: - Adaptive1_10Hz_LinPerTrack - bytes saved(6180) (50.3%) from previous(4460) MaxError(43.00) bLowersError(0) 
[2018.09.06-20.07.10:391][ 43]LogAnimationCompression:     bReducesErrorBelowThreshold(0) bHasAcceptableErrorAndSavesSpace(0) bLowersErrorAndSavesSameOrBetter(0)
[2018.09.06-20.07.10:391][ 43]LogAnimationCompression:     WinningCompressorError(0.084659) MasterTolerance(1.000000) bForceBelowThreshold(0) bErrorUnderThreshold(0)
[2018.09.06-20.07.10:405][ 43]LogAnimationCompression: - Adaptive1_5Hz_LinPerTrack - bytes saved(7460) (60.7%) from previous(5740) MaxError(65.19) bLowersError(0) 
[2018.09.06-20.07.10:405][ 43]LogAnimationCompression:     bReducesErrorBelowThreshold(0) bHasAcceptableErrorAndSavesSpace(0) bLowersErrorAndSavesSameOrBetter(0)
[2018.09.06-20.07.10:405][ 43]LogAnimationCompression:     WinningCompressorError(0.084659) MasterTolerance(1.000000) bForceBelowThreshold(0) bErrorUnderThreshold(0)
[2018.09.06-20.07.10:529][ 43]LogAnimationCompression: - Adaptive2_15Hz_LinPerTrack - bytes saved(3416) (27.8%) from previous(1696) MaxError(4.76) bLowersError(0) 
[2018.09.06-20.07.10:529][ 43]LogAnimationCompression:     bReducesErrorBelowThreshold(0) bHasAcceptableErrorAndSavesSpace(0) bLowersErrorAndSavesSameOrBetter(0)
[2018.09.06-20.07.10:529][ 43]LogAnimationCompression:     WinningCompressorError(0.084659) MasterTolerance(1.000000) bForceBelowThreshold(0) bErrorUnderThreshold(0)
[2018.09.06-20.07.10:655][ 43]LogAnimationCompression: - Adaptive2_10Hz_LinPerTrack - bytes saved(3416) (27.8%) from previous(1696) MaxError(4.76) bLowersError(0) 
[2018.09.06-20.07.10:655][ 43]LogAnimationCompression:     bReducesErrorBelowThreshold(0) bHasAcceptableErrorAndSavesSpace(0) bLowersErrorAndSavesSameOrBetter(0)
[2018.09.06-20.07.10:655][ 43]LogAnimationCompression:     WinningCompressorError(0.084659) MasterTolerance(1.000000) bForceBelowThreshold(0) bErrorUnderThreshold(0)
[2018.09.06-20.07.10:748][ 43]LogAnimationCompression: - Adaptive2_PerTrack - bytes saved(3196) (26.0%) from previous(1476) MaxError(4.76) bLowersError(0) 
[2018.09.06-20.07.10:748][ 43]LogAnimationCompression:     bReducesErrorBelowThreshold(0) bHasAcceptableErrorAndSavesSpace(0) bLowersErrorAndSavesSameOrBetter(0)
[2018.09.06-20.07.10:748][ 43]LogAnimationCompression:     WinningCompressorError(0.084659) MasterTolerance(1.000000) bForceBelowThreshold(0) bErrorUnderThreshold(0)
[2018.09.06-20.07.10:872][ 43]LogAnimationCompression: - Adaptive2_LinPerTrack - bytes saved(3416) (27.8%) from previous(1696) MaxError(4.76) bLowersError(0) 
[2018.09.06-20.07.10:872][ 43]LogAnimationCompression:     bReducesErrorBelowThreshold(0) bHasAcceptableErrorAndSavesSpace(0) bLowersErrorAndSavesSameOrBetter(0)
[2018.09.06-20.07.10:872][ 43]LogAnimationCompression:     WinningCompressorError(0.084659) MasterTolerance(1.000000) bForceBelowThreshold(0) bErrorUnderThreshold(0)
[2018.09.06-20.07.10:982][ 43]LogAnimationCompression: - Adaptive2_LinPerTrackNoRT - bytes saved(4436) (36.1%) from previous(2716) MaxError(4.76) bLowersError(0) 
[2018.09.06-20.07.10:982][ 43]LogAnimationCompression:     bReducesErrorBelowThreshold(0) bHasAcceptableErrorAndSavesSpace(0) bLowersErrorAndSavesSameOrBetter(0)
[2018.09.06-20.07.10:982][ 43]LogAnimationCompression:     WinningCompressorError(0.084659) MasterTolerance(1.000000) bForceBelowThreshold(0) bErrorUnderThreshold(0)
[2018.09.06-20.07.10:982][ 43]LogAnimationCompression:   Recompressing(Astartes_Anim_running) with compressor('LinearACF_Float96') saved 1720 bytes (12292 -> 12292 -> 10572) (max diff=0.084659)

[2018.09.06-20.07.10:982][ 43]LogAnimationCompression: Compression Stats Summary [Recompressions(1) Bytes saved(1720) before(12292) now(10572) savings(14.0%) Uncompressed(180000) TotalRatio(17:1)]
[2018.09.06-20.07.10:982][ 43]LogAnimationCompression: 		Default compressor wins:                      0
[2018.09.06-20.07.10:982][ 43]LogAnimationCompression: 		Wins for '              BitwiseACF_Float96':    0		0.000000	0 bytes
[2018.09.06-20.07.10:982][ 43]LogAnimationCompression: 		Wins for '              BitwiseACF_Fixed48':    0		0.000000	0 bytes
[2018.09.06-20.07.10:983][ 43]LogAnimationCompression: 		Wins for '              HalfOddACF_Float96':    0		0.000000	0 bytes
[2018.09.06-20.07.10:983][ 43]LogAnimationCompression: 		Wins for '              HalfOddACF_Fixed48':    0		0.000000	0 bytes
[2018.09.06-20.07.10:983][ 43]LogAnimationCompression: 		Wins for '             HalfEvenACF_Float96':    0		0.000000	0 bytes
[2018.09.06-20.07.10:983][ 43]LogAnimationCompression: 		Wins for '             HalfEvenACF_Fixed48':    0		0.000000	0 bytes
[2018.09.06-20.07.10:983][ 43]LogAnimationCompression: 		Wins for '               LinearACF_Float96':    1		0.084659	1720 bytes
[2018.09.06-20.07.10:983][ 43]LogAnimationCompression: 		Wins for '               LinearACF_Fixed48':    0		0.000000	0 bytes
[2018.09.06-20.07.10:983][ 43]LogAnimationCompression: 		Wins for '            Progressive_PerTrack':    0		0.000000	0 bytes
[2018.09.06-20.07.10:983][ 43]LogAnimationCompression: 		Wins for '                Bitwise_PerTrack':    0		0.000000	0 bytes
[2018.09.06-20.07.10:983][ 43]LogAnimationCompression: 		Wins for '                 Linear_PerTrack':    0		0.000000	0 bytes
[2018.09.06-20.07.10:983][ 43]LogAnimationCompression: 		Wins for '       Adaptive1_LinPerTrackNoRT':    0		0.000000	0 bytes
[2018.09.06-20.07.10:983][ 43]LogAnimationCompression: 		Wins for '           Adaptive1_LinPerTrack':    0		0.000000	0 bytes
[2018.09.06-20.07.10:983][ 43]LogAnimationCompression: 		Wins for '             Linear_PerTrackExp1':    0		0.000000	0 bytes
[2018.09.06-20.07.10:983][ 43]LogAnimationCompression: 		Wins for '             Linear_PerTrackExp2':    0		0.000000	0 bytes
[2018.09.06-20.07.10:983][ 43]LogAnimationCompression: 		Wins for '         Downsample20Hz_PerTrack':    0		0.000000	0 bytes
[2018.09.06-20.07.10:983][ 43]LogAnimationCompression: 		Wins for '         Downsample15Hz_PerTrack':    0		0.000000	0 bytes
[2018.09.06-20.07.10:983][ 43]LogAnimationCompression: 		Wins for '         Downsample10Hz_PerTrack':    0		0.000000	0 bytes
[2018.09.06-20.07.10:983][ 43]LogAnimationCompression: 		Wins for '          Downsample5Hz_PerTrack':    0		0.000000	0 bytes
[2018.09.06-20.07.10:983][ 43]LogAnimationCompression: 		Wins for '      Adaptive1_15Hz_LinPerTrack':    0		0.000000	0 bytes
[2018.09.06-20.07.10:983][ 43]LogAnimationCompression: 		Wins for '      Adaptive1_10Hz_LinPerTrack':    0		0.000000	0 bytes
[2018.09.06-20.07.10:983][ 43]LogAnimationCompression: 		Wins for '       Adaptive1_5Hz_LinPerTrack':    0		0.000000	0 bytes
[2018.09.06-20.07.10:983][ 43]LogAnimationCompression: 		Wins for '      Adaptive2_15Hz_LinPerTrack':    0		0.000000	0 bytes
[2018.09.06-20.07.10:983][ 43]LogAnimationCompression: 		Wins for '      Adaptive2_10Hz_LinPerTrack':    0		0.000000	0 bytes
[2018.09.06-20.07.10:983][ 43]LogAnimationCompression: 		Wins for '              Adaptive2_PerTrack':    0		0.000000	0 bytes
[2018.09.06-20.07.10:983][ 43]LogAnimationCompression: 		Wins for '           Adaptive2_LinPerTrack':    0		0.000000	0 bytes
[2018.09.06-20.07.10:983][ 43]LogAnimationCompression: 		Wins for '       Adaptive2_LinPerTrackNoRT':    0		0.000000	0 bytes
[2018.09.06-20.07.12:542][ 43]LogSlate: Window 'Message' being destroyed
[2018.09.06-20.07.12:550][ 43]LogSlate: Window 'Animation Compression' being destroyed
[2018.09.06-20.07.20:939][342]Cmd: TRANSACTION UNDO
[2018.09.06-20.07.20:939][342]LogEditorTransaction: Undo Set Class
[2018.09.06-20.07.20:940][342]LogActorComponent: RegisterComponentWithWorld: (/Engine/Transient.World_0:PersistentLevel.AnimationEditorPreviewActor_0.DebugSkelMeshComponent_0) Already registered. Aborting.
[2018.09.06-20.07.20:977][342]LogPhysics: Warning: Initialising Body : Scale3D is (nearly) zero: Component: '/Engine/Transient.World_0:PersistentLevel.AnimationEditorPreviewActor_0.DebugSkelMeshComponent_0' Bone: '_Astartes' 
[2018.09.06-20.07.20:977][342]LogPhysics: Warning: Initialising Body : Scale3D is (nearly) zero: Component: '/Engine/Transient.World_0:PersistentLevel.AnimationEditorPreviewActor_0.DebugSkelMeshComponent_0' Bone: 'Body' 
[2018.09.06-20.07.20:977][342]LogPhysics: Warning: Initialising Body : Scale3D is (nearly) zero: Component: '/Engine/Transient.World_0:PersistentLevel.AnimationEditorPreviewActor_0.DebugSkelMeshComponent_0' Bone: 'Leg_1_L' 
[2018.09.06-20.07.20:977][342]LogPhysics: Warning: Initialising Body : Scale3D is (nearly) zero: Component: '/Engine/Transient.World_0:PersistentLevel.AnimationEditorPreviewActor_0.DebugSkelMeshComponent_0' Bone: 'Leg_1_R' 
[2018.09.06-20.07.22:827][408]Cmd: TRANSACTION UNDO
[2018.09.06-20.07.22:827][408]LogEditorTransaction: Undo Delete Curve
[2018.09.06-20.07.22:841][408]LogActorComponent: RegisterComponentWithWorld: (/Engine/Transient.World_0:PersistentLevel.AnimationEditorPreviewActor_0.DebugSkelMeshComponent_0) Already registered. Aborting.
[2018.09.06-20.07.34:742][840]LogSlate: FSceneViewport::OnFocusLost() reason 0
[2018.09.06-20.07.34:887][842]LogEditorFactories: Performing atomic reimport of [C:/Users/Андрей/Desktop/astartes.fbx]
[2018.09.06-20.07.35:463][842]LogFbx: Loading FBX Scene from C:/Users/Андрей/Desktop/astartes.fbx
[2018.09.06-20.07.36:016][842]LogFbx: FBX Scene Loaded Succesfully
[2018.09.06-20.07.36:090][842]LogFbx: =================================================
[2018.09.06-20.07.36:090][842]LogFbx: Dumping Node START [astartes] 
[2018.09.06-20.07.36:090][842]LogFbx: 	Total Deformer Count -1502943080.
[2018.09.06-20.07.36:090][842]LogFbx: 		[Node 1] _Astartes (Type Skin).
[2018.09.06-20.07.36:090][842]LogFbx: =================================================
[2018.09.06-20.07.36:091][842]LogFbx: 	Attribute (Cube) Type (4).
[2018.09.06-20.07.36:091][842]LogFbx: 		[Node Attribute Child 1] astartes (Type Mesh).
[2018.09.06-20.07.36:091][842]LogFbx: Dumping Node END [astartes]
[2018.09.06-20.07.36:092][842]LogFbx: =================================================
[2018.09.06-20.07.36:092][842]LogFbx: Dumping Node START [astartes] 
[2018.09.06-20.07.36:092][842]LogFbx: 	Total Deformer Count -1502943248.
[2018.09.06-20.07.36:092][842]LogFbx: 		[Node 1] _Astartes (Type Skin).
[2018.09.06-20.07.36:092][842]LogFbx: =================================================
[2018.09.06-20.07.36:092][842]LogFbx: 	Attribute (Cube) Type (4).
[2018.09.06-20.07.36:092][842]LogFbx: 		[Node Attribute Child 1] astartes (Type Mesh).
[2018.09.06-20.07.36:092][842]LogFbx: Dumping Node END [astartes]
[2018.09.06-20.07.36:170][842]LogFbx: Parsing AnimStack _Astartes|running
[2018.09.06-20.07.36:247][842]LogAnimationCompression: Building Anim DDC data for AnimSequence /Game/3D/Models/Characters/Astartes_Anim_running.Astartes_Anim_running
[2018.09.06-20.07.36:257][842]LogAnimationCompression: Compression Requested for Empty Animation AnimSequence_0
[2018.09.06-20.07.36:433][842]LogEditorFactories: -- imported successfully
[2018.09.06-20.07.42:213][ 39]Cmd: TRANSACTION UNDO
[2018.09.06-20.07.42:213][ 39]LogEditorTransaction: Undo Edit Sky Light Intensity
[2018.09.06-20.07.42:216][ 39]LogActorComponent: RegisterComponentWithWorld: (/Engine/Transient.World_0:PersistentLevel.AnimationEditorPreviewActor_0.DebugSkelMeshComponent_0) Already registered. Aborting.
[2018.09.06-20.07.43:541][ 85]Cmd: TRANSACTION UNDO
[2018.09.06-20.07.43:541][ 85]LogEditorTransaction: Undo Edit Preserve Local Transform
[2018.09.06-20.07.43:543][ 85]LogActorComponent: RegisterComponentWithWorld: (/Engine/Transient.World_0:PersistentLevel.AnimationEditorPreviewActor_0.DebugSkelMeshComponent_0) Already registered. Aborting.
[2018.09.06-20.08.10:137][798]LogSlate: Window 'Create a New Animation Asset' being destroyed
[2018.09.06-20.08.10:197][798]LogAnimationCompression: Building Anim DDC data for AnimSequence /Game/3D/Models/Characters/astartes_Skeleton_Sequence.astartes_Skeleton_Sequence
[2018.09.06-20.08.10:197][798]LogAnimationCompression: Recompressing (AnimSequence /Engine/Transient.astartes_Skeleton_Sequence) using current/default (AnimCompress_BitwiseCompressOnly_0) bFirstRecompressUsingCurrentOrDefault(1) bTryAlternateCompressor(0) IsCompressedDataValid(0)
[2018.09.06-20.08.30:429][580]Cmd: TRANSACTION UNDO
[2018.09.06-20.08.30:429][580]LogEditorTransaction: Undo Edit Orbit Pitch
[2018.09.06-20.08.30:431][580]LogActorComponent: RegisterComponentWithWorld: (/Engine/Transient.World_0:PersistentLevel.AnimationEditorPreviewActor_0.DebugSkelMeshComponent_0) Already registered. Aborting.
[2018.09.06-20.08.30:843][592]Cmd: TRANSACTION UNDO
[2018.09.06-20.08.30:843][592]LogEditorTransaction: Undo Edit Preserve Local Transform
[2018.09.06-20.08.30:846][592]LogActorComponent: RegisterComponentWithWorld: (/Engine/Transient.World_0:PersistentLevel.AnimationEditorPreviewActor_0.DebugSkelMeshComponent_0) Already registered. Aborting.
[2018.09.06-20.08.31:270][608]Cmd: TRANSACTION UNDO
[2018.09.06-20.08.31:270][608]LogEditorTransaction: Undo Edit Preserve Local Transform
[2018.09.06-20.08.31:273][608]LogActorComponent: RegisterComponentWithWorld: (/Engine/Transient.World_0:PersistentLevel.AnimationEditorPreviewActor_0.DebugSkelMeshComponent_0) Already registered. Aborting.
[2018.09.06-20.08.32:013][635]Cmd: TRANSACTION UNDO
[2018.09.06-20.08.32:013][635]LogEditorTransaction: Undo Edit Preserve Local Transform
[2018.09.06-20.08.32:016][635]LogActorComponent: RegisterComponentWithWorld: (/Engine/Transient.World_0:PersistentLevel.AnimationEditorPreviewActor_0.DebugSkelMeshComponent_0) Already registered. Aborting.
[2018.09.06-20.08.32:489][653]Cmd: TRANSACTION UNDO
[2018.09.06-20.08.32:489][653]LogEditorTransaction: Undo Edit Animation Length
[2018.09.06-20.08.32:493][653]LogActorComponent: RegisterComponentWithWorld: (/Engine/Transient.World_0:PersistentLevel.AnimationEditorPreviewActor_0.DebugSkelMeshComponent_0) Already registered. Aborting.
[2018.09.06-20.08.33:069][675]Cmd: TRANSACTION UNDO
[2018.09.06-20.08.33:069][675]LogEditorTransaction: Undo Edit Animation Length
[2018.09.06-20.08.33:072][675]LogActorComponent: RegisterComponentWithWorld: (/Engine/Transient.World_0:PersistentLevel.AnimationEditorPreviewActor_0.DebugSkelMeshComponent_0) Already registered. Aborting.
[2018.09.06-20.08.33:651][695]Cmd: TRANSACTION UNDO
[2018.09.06-20.08.33:651][695]LogEditorTransaction: Undo Edit Animation Length
[2018.09.06-20.08.33:654][695]LogActorComponent: RegisterComponentWithWorld: (/Engine/Transient.World_0:PersistentLevel.AnimationEditorPreviewActor_0.DebugSkelMeshComponent_0) Already registered. Aborting.
[2018.09.06-20.08.51:479][899]LogWindowsTextInputMethodSystem: Display: IME system now deactivated.
[2018.09.06-20.08.51:479][899]LogWindowsTextInputMethodSystem: Display: IME system now deactivated.
[2018.09.06-20.08.53:747][979]LogSlate: Window 'astartes_Skeleton_Sequence*' being destroyed
[2018.09.06-20.08.53:751][979]LogSlate: Window 'astartes_Skeleton_Sequence*' being destroyed
[2018.09.06-20.08.56:332][ 30]LogSlate: Window 'Save Content' being destroyed
[2018.09.06-20.08.56:607][ 30]LogSlate: Window 'Warhammer - Unreal Editor' being destroyed
[2018.09.06-20.08.57:077][ 31]Cmd: QUIT_EDITOR
[2018.09.06-20.08.57:645][ 31]LogWindowsTextInputMethodSystem: Display: IME system now deactivated.
[2018.09.06-20.08.57:785][ 31]LogExit: Preparing to exit.
[2018.09.06-20.08.59:487][ 31]LogExit: Editor shut down
[2018.09.06-20.08.59:487][ 31]LogExit: Transaction tracking system shut down
[2018.09.06-20.09.02:812][ 31]LogExit: Object subsystem successfully closed.
[2018.09.06-20.09.02:986][ 31]LogShaderCompilers: Display: Shaders left to compile 0
[2018.09.06-20.09.03:013][ 31]LogD3D11RHI: Shutdown
[2018.09.06-20.09.03:013][ 31]LogD3D11RHI: CleanupD3DDevice
[2018.09.06-20.09.03:110][ 31]LogD3D11RHI: ~FD3D11DynamicRHI
[2018.09.06-20.09.04:462][ 31]LogModuleManager: Shutting down and abandoning module ClothingSystemEditorInterface (620)
[2018.09.06-20.09.04:462][ 31]LogModuleManager: Shutting down and abandoning module PinnedCommandList (618)
[2018.09.06-20.09.04:462][ 31]LogModuleManager: Shutting down and abandoning module SkeletonEditor (616)
[2018.09.06-20.09.04:462][ 31]LogModuleManager: Shutting down and abandoning module AnimationEditor (614)
[2018.09.06-20.09.04:462][ 31]LogModuleManager: Shutting down and abandoning module HierarchicalLODOutliner (612)
[2018.09.06-20.09.04:462][ 31]LogModuleManager: Shutting down and abandoning module SceneOutliner (610)
[2018.09.06-20.09.04:462][ 31]LogModuleManager: Shutting down and abandoning module AddContentDialog (608)
[2018.09.06-20.09.04:469][ 31]LogModuleManager: Shutting down and abandoning module WidgetCarousel (607)
[2018.09.06-20.09.04:469][ 31]LogModuleManager: Shutting down and abandoning module EditorWidgets (604)
[2018.09.06-20.09.04:469][ 31]LogModuleManager: Shutting down and abandoning module CollectionManager (602)
[2018.09.06-20.09.04:481][ 31]LogModuleManager: Shutting down and abandoning module HierarchicalLODUtilities (600)
[2018.09.06-20.09.04:488][ 31]LogModuleManager: Shutting down and abandoning module StatsViewer (598)
[2018.09.06-20.09.04:515][ 31]LogModuleManager: Shutting down and abandoning module FoliageEdit (596)
[2018.09.06-20.09.04:526][ 31]LogModuleManager: Shutting down and abandoning module LandscapeEditor (594)
[2018.09.06-20.09.04:554][ 31]LogModuleManager: Shutting down and abandoning module MeshPaintMode (592)
[2018.09.06-20.09.04:567][ 31]LogModuleManager: Shutting down and abandoning module SceneDepthPickerMode (590)
[2018.09.06-20.09.04:567][ 31]LogModuleManager: Shutting down and abandoning module ActorPickerMode (588)
[2018.09.06-20.09.04:567][ 31]LogModuleManager: Shutting down and abandoning module GeometryMode (586)
[2018.09.06-20.09.04:567][ 31]LogModuleManager: Shutting down and abandoning module TextureAlignMode (584)
[2018.09.06-20.09.04:567][ 31]LogModuleManager: Shutting down and abandoning module BspMode (582)
[2018.09.06-20.09.04:567][ 31]LogModuleManager: Shutting down and abandoning module PIEPreviewDeviceProfileSelector (580)
[2018.09.06-20.09.04:590][ 31]LogModuleManager: Shutting down and abandoning module SequenceRecorderSections (578)
[2018.09.06-20.09.04:604][ 31]LogModuleManager: Shutting down and abandoning module AutomationWorker (576)
[2018.09.06-20.09.04:605][ 31]LogModuleManager: Shutting down and abandoning module AudioCaptureEditor (574)
[2018.09.06-20.09.04:605][ 31]LogModuleManager: Shutting down and abandoning module SequenceRecorder (573)
[2018.09.06-20.09.04:619][ 31]LogModuleManager: Shutting down and abandoning module MatineeToLevelSequence (570)
[2018.09.06-20.09.04:631][ 31]LogModuleManager: Shutting down and abandoning module LevelSequenceEditor (568)
[2018.09.06-20.09.04:658][ 31]LogModuleManager: Shutting down and abandoning module PlacementMode (567)
[2018.09.06-20.09.04:659][ 31]LogModuleManager: Shutting down and abandoning module MaterialEditor (566)
[2018.09.06-20.09.04:819][ 31]LogModuleManager: Shutting down and abandoning module WmfMediaFactory (562)
[2018.09.06-20.09.04:819][ 31]LogModuleManager: Shutting down and abandoning module WmfMediaEditor (560)
[2018.09.06-20.09.04:819][ 31]LogModuleManager: Shutting down and abandoning module MediaPlayerEditor (558)
[2018.09.06-20.09.04:898][ 31]LogModuleManager: Shutting down and abandoning module OpenExrWrapper (556)
[2018.09.06-20.09.04:899][ 31]LogModuleManager: Shutting down and abandoning module ImgMediaFactory (554)
[2018.09.06-20.09.04:899][ 31]LogModuleManager: Shutting down and abandoning module ImgMediaEditor (552)
[2018.09.06-20.09.04:899][ 31]LogModuleManager: Shutting down and abandoning module AvfMediaFactory (550)
[2018.09.06-20.09.04:899][ 31]LogModuleManager: Shutting down and abandoning module AvfMediaEditor (548)
[2018.09.06-20.09.04:899][ 31]LogModuleManager: Shutting down and abandoning module AndroidMediaFactory (546)
[2018.09.06-20.09.04:899][ 31]LogModuleManager: Shutting down and abandoning module AndroidMediaEditor (544)
[2018.09.06-20.09.04:899][ 31]LogModuleManager: Shutting down and abandoning module MagicLeapCameraPreviewFactory (542)
[2018.09.06-20.09.04:899][ 31]LogModuleManager: Shutting down and abandoning module MagicLeapMediaFactory (540)
[2018.09.06-20.09.04:899][ 31]LogModuleManager: Shutting down and abandoning module MagicLeapMediaEditor (538)
[2018.09.06-20.09.04:899][ 31]LogModuleManager: Shutting down and abandoning module CharacterAI (536)
[2018.09.06-20.09.04:899][ 31]LogModuleManager: Shutting down and abandoning module SmartSnapping (534)
[2018.09.06-20.09.04:899][ 31]LogModuleManager: Shutting down and abandoning module SessionServices (532)
[2018.09.06-20.09.04:899][ 31]LogModuleManager: Shutting down and abandoning module ViewportSnapping (530)
[2018.09.06-20.09.04:899][ 31]LogModuleManager: Shutting down and abandoning module ViewportInteraction (528)
[2018.09.06-20.09.04:899][ 31]LogModuleManager: Shutting down and abandoning module ClothPainter (526)
[2018.09.06-20.09.05:002][ 31]LogModuleManager: Shutting down and abandoning module SkeletalMeshEditor (525)
[2018.09.06-20.09.05:053][ 31]LogModuleManager: Shutting down and abandoning module LogVisualizer (522)
[2018.09.06-20.09.05:069][ 31]LogModuleManager: Shutting down and abandoning module IntroTutorials (520)
[2018.09.06-20.09.05:094][ 31]LogModuleManager: Shutting down and abandoning module GameProjectGeneration (519)
[2018.09.06-20.09.05:120][ 31]LogModuleManager: Shutting down and abandoning module LuminPlatformEditor (516)
[2018.09.06-20.09.05:120][ 31]LogModuleManager: Shutting down and abandoning module IOSPlatformEditor (514)
[2018.09.06-20.09.05:128][ 31]LogModuleManager: Shutting down and abandoning module HTML5PlatformEditor (512)
[2018.09.06-20.09.05:128][ 31]LogModuleManager: Shutting down and abandoning module AndroidPlatformEditor (510)
[2018.09.06-20.09.05:128][ 31]LogModuleManager: Shutting down and abandoning module AndroidDeviceDetection (509)
[2018.09.06-20.09.06:092][ 31]LogModuleManager: Shutting down and abandoning module WindowsPlatformEditor (506)
[2018.09.06-20.09.06:092][ 31]LogModuleManager: Shutting down and abandoning module LuminRuntimeSettings (504)
[2018.09.06-20.09.06:092][ 31]LogModuleManager: Shutting down and abandoning module IOSRuntimeSettings (502)
[2018.09.06-20.09.06:092][ 31]LogModuleManager: Shutting down and abandoning module AndroidRuntimeSettings (500)
[2018.09.06-20.09.06:092][ 31]LogModuleManager: Shutting down and abandoning module InputBindingEditor (498)
[2018.09.06-20.09.06:105][ 31]LogModuleManager: Shutting down and abandoning module MergeActors (496)
[2018.09.06-20.09.06:110][ 31]LogModuleManager: Shutting down and abandoning module LocalizationDashboard (494)
[2018.09.06-20.09.06:123][ 31]LogModuleManager: Shutting down and abandoning module LocalizationService (493)
[2018.09.06-20.09.06:129][ 31]LogModuleManager: Shutting down and abandoning module HardwareTargeting (490)
[2018.09.06-20.09.06:129][ 31]LogModuleManager: Shutting down and abandoning module DeviceProfileEditor (488)
[2018.09.06-20.09.06:129][ 31]LogModuleManager: Shutting down and abandoning module UndoHistory (486)
[2018.09.06-20.09.06:142][ 31]LogModuleManager: Shutting down and abandoning module XmlParser (484)
[2018.09.06-20.09.06:142][ 31]LogModuleManager: Shutting down and abandoning module Blutility (482)
[2018.09.06-20.09.06:153][ 31]LogModuleManager: Shutting down and abandoning module ProjectSettingsViewer (480)
[2018.09.06-20.09.06:153][ 31]LogModuleManager: Shutting down and abandoning module ProjectTargetPlatformEditor (479)
[2018.09.06-20.09.06:153][ 31]LogModuleManager: Shutting down and abandoning module EditorSettingsViewer (476)
[2018.09.06-20.09.06:153][ 31]LogModuleManager: Shutting down and abandoning module SettingsEditor (474)
[2018.09.06-20.09.06:166][ 31]LogModuleManager: Shutting down and abandoning module ProjectLauncher (472)
[2018.09.06-20.09.06:184][ 31]LogModuleManager: Shutting down and abandoning module SessionFrontend (470)
[2018.09.06-20.09.06:194][ 31]LogModuleManager: Shutting down and abandoning module ProfilerClient (468)
[2018.09.06-20.09.06:206][ 31]LogModuleManager: Shutting down and abandoning module DeviceManager (466)
[2018.09.06-20.09.06:220][ 31]LogModuleManager: Shutting down and abandoning module TargetDeviceServices (465)
[2018.09.06-20.09.06:275][ 31]LogModuleManager: Shutting down and abandoning module AutomationController (462)
[2018.09.06-20.09.06:279][ 31]LogModuleManager: Shutting down and abandoning module AutomationWindow (460)
[2018.09.06-20.09.06:288][ 31]LogModuleManager: Shutting down and abandoning module Layers (458)
[2018.09.06-20.09.06:323][ 31]LogModuleManager: Shutting down and abandoning module ComponentVisualizers (456)
[2018.09.06-20.09.06:323][ 31]LogModuleManager: Shutting down and abandoning module DetailCustomizations (454)
[2018.09.06-20.09.06:328][ 31]LogModuleManager: Shutting down and abandoning module PackagesDialog (452)
[2018.09.06-20.09.06:329][ 31]LogModuleManager: Shutting down and abandoning module Persona (450)
[2018.09.06-20.09.06:340][ 31]LogModuleManager: Shutting down and abandoning module AdvancedPreviewScene (449)
[2018.09.06-20.09.06:340][ 31]LogModuleManager: Shutting down and abandoning module AnimGraph (447)
[2018.09.06-20.09.06:340][ 31]LogModuleManager: Shutting down and abandoning module Kismet (444)
[2018.09.06-20.09.06:359][ 31]LogModuleManager: Shutting down and abandoning module GraphEditor (442)
[2018.09.06-20.09.06:359][ 31]LogModuleManager: Shutting down and abandoning module ClassViewer (440)
[2018.09.06-20.09.06:362][ 31]LogModuleManager: Shutting down and abandoning module Toolbox (438)
[2018.09.06-20.09.06:362][ 31]LogModuleManager: Shutting down and abandoning module ModuleUI (436)
[2018.09.06-20.09.06:372][ 31]LogModuleManager: Shutting down and abandoning module MovieSceneTools (434)
[2018.09.06-20.09.06:380][ 31]LogModuleManager: Shutting down and abandoning module OutputLog (432)
[2018.09.06-20.09.06:380][ 31]LogModuleManager: Shutting down and abandoning module GammaUI (430)
[2018.09.06-20.09.06:385][ 31]LogModuleManager: Shutting down and abandoning module Documentation (428)
[2018.09.06-20.09.06:385][ 31]LogModuleManager: Shutting down and abandoning module MovieSceneTracks (426)
[2018.09.06-20.09.06:385][ 31]LogModuleManager: Shutting down and abandoning module MovieScene (424)
[2018.09.06-20.09.06:396][ 31]LogModuleManager: Shutting down and abandoning module StreamingPauseRendering (422)
[2018.09.06-20.09.06:405][ 31]LogModuleManager: Shutting down and abandoning module LauncherPlatform (420)
[2018.09.06-20.09.06:405][ 31]LogModuleManager: Shutting down and abandoning module AnalyticsET (418)
[2018.09.06-20.09.06:405][ 31]LogModuleManager: Shutting down and abandoning module PortalServices (416)
[2018.09.06-20.09.06:405][ 31]LogModuleManager: Shutting down and abandoning module PortalRpc (414)
[2018.09.06-20.09.06:405][ 31]LogModuleManager: Shutting down and abandoning module MessagingRpc (412)
[2018.09.06-20.09.06:405][ 31]LogModuleManager: Shutting down and abandoning module AIModule (410)
[2018.09.06-20.09.06:426][ 31]LogModuleManager: Shutting down and abandoning module GameplayDebugger (409)
[2018.09.06-20.09.06:447][ 31]LogModuleManager: Shutting down and abandoning module AITestSuite (407)
[2018.09.06-20.09.06:461][ 31]LogModuleManager: Shutting down and abandoning module NavigationSystem (405)
[2018.09.06-20.09.06:461][ 31]LogModuleManager: Shutting down and abandoning module DesktopPlatform (402)
[2018.09.06-20.09.06:461][ 31]LogModuleManager: Shutting down and abandoning module ProfilerService (400)
[2018.09.06-20.09.06:487][ 31]LogModuleManager: Shutting down and abandoning module TaskGraph (398)
[2018.09.06-20.09.06:508][ 31]LogModuleManager: Shutting down and abandoning module SteamVRController (396)
[2018.09.06-20.09.06:508][ 31]LogModuleManager: Shutting down and abandoning module ProceduralMeshComponentEditor (394)
[2018.09.06-20.09.06:508][ 31]LogModuleManager: Shutting down and abandoning module ProceduralMeshComponent (392)
[2018.09.06-20.09.06:513][ 31]LogModuleManager: Shutting down and abandoning module OculusInput (390)
[2018.09.06-20.09.06:513][ 31]LogModuleManager: Shutting down and abandoning module MobilePatchingUtils (388)
[2018.09.06-20.09.06:513][ 31]LogModuleManager: Shutting down and abandoning module EditableMesh (386)
[2018.09.06-20.09.06:516][ 31]LogModuleManager: Shutting down and abandoning module CustomMeshComponent (384)
[2018.09.06-20.09.06:517][ 31]LogModuleManager: Shutting down and abandoning module CableComponent (382)
[2018.09.06-20.09.06:517][ 31]LogModuleManager: Shutting down and abandoning module AudioCapture (380)
[2018.09.06-20.09.06:517][ 31]LogModuleManager: Shutting down and abandoning module ArchVisCharacter (378)
[2018.09.06-20.09.06:517][ 31]LogModuleManager: Shutting down and abandoning module AndroidPermission (376)
[2018.09.06-20.09.06:517][ 31]LogModuleManager: Shutting down and abandoning module NUTUnrealEngine4 (374)
[2018.09.06-20.09.06:517][ 31]LogModuleManager: Shutting down and abandoning module NetcodeUnitTest (372)
[2018.09.06-20.09.06:538][ 31]LogModuleManager: Shutting down and abandoning module MediaCompositingEditor (370)
[2018.09.06-20.09.06:538][ 31]LogModuleManager: Shutting down and abandoning module MediaCompositing (368)
[2018.09.06-20.09.06:538][ 31]LogModuleManager: Shutting down and abandoning module LinearTimecode (366)
[2018.09.06-20.09.06:538][ 31]LogModuleManager: Shutting down and abandoning module ImgMedia (364)
[2018.09.06-20.09.06:556][ 31]LogModuleManager: Shutting down and abandoning module HTML5Networking (362)
[2018.09.06-20.09.06:556][ 31]LogModuleManager: Shutting down and abandoning module GeometryCacheTracks (360)
[2018.09.06-20.09.06:556][ 31]LogModuleManager: Shutting down and abandoning module GeometryCacheSequencer (358)
[2018.09.06-20.09.06:556][ 31]LogModuleManager: Shutting down and abandoning module BackChannel (356)
[2018.09.06-20.09.06:561][ 31]LogModuleManager: Shutting down and abandoning module AppleVision (354)
[2018.09.06-20.09.06:561][ 31]LogModuleManager: Shutting down and abandoning module AppleImageUtils (352)
[2018.09.06-20.09.06:561][ 31]LogModuleManager: Shutting down and abandoning module AlembicImporter (350)
[2018.09.06-20.09.06:561][ 31]LogModuleManager: Shutting down and abandoning module AlembicLibrary (349)
[2018.09.06-20.09.06:561][ 31]LogModuleManager: Shutting down and abandoning module GeometryCache (348)
[2018.09.06-20.09.06:561][ 31]LogModuleManager: Shutting down and abandoning module GeometryCacheEd (347)
[2018.09.06-20.09.06:561][ 31]LogModuleManager: Shutting down and abandoning module DatasmithContentEditor (342)
[2018.09.06-20.09.06:573][ 31]LogModuleManager: Shutting down and abandoning module DatasmithContent (340)
[2018.09.06-20.09.06:574][ 31]LogModuleManager: Shutting down and abandoning module SpeedTreeImporter (338)
[2018.09.06-20.09.06:574][ 31]LogModuleManager: Shutting down and abandoning module PluginBrowser (336)
[2018.09.06-20.09.06:614][ 31]LogModuleManager: Shutting down and abandoning module MobileLauncherProfileWizard (334)
[2018.09.06-20.09.06:626][ 31]LogModuleManager: Shutting down and abandoning module PolygonModeling (332)
[2018.09.06-20.09.06:626][ 31]LogModuleManager: Shutting down and abandoning module MeshEditor (330)
[2018.09.06-20.09.06:637][ 31]LogModuleManager: Shutting down and abandoning module CryptoKeysOpenSSL (328)
[2018.09.06-20.09.06:640][ 31]LogModuleManager: Shutting down and abandoning module CryptoKeys (326)
[2018.09.06-20.09.06:640][ 31]LogModuleManager: Shutting down and abandoning module VisualStudioSourceCodeAccess (324)
[2018.09.06-20.09.06:640][ 31]LogModuleManager: Shutting down and abandoning module VisualStudioCodeSourceCodeAccess (322)
[2018.09.06-20.09.06:640][ 31]LogModuleManager: Shutting down and abandoning module UObjectPlugin (320)
[2018.09.06-20.09.06:640][ 31]LogModuleManager: Shutting down and abandoning module SubversionSourceControl (318)
[2018.09.06-20.09.06:646][ 31]LogModuleManager: Shutting down and abandoning module PerforceSourceControl (316)
[2018.09.06-20.09.06:656][ 31]LogModuleManager: Shutting down and abandoning module GitSourceControl (314)
[2018.09.06-20.09.06:680][ 31]LogModuleManager: Shutting down and abandoning module SourceControl (313)
[2018.09.06-20.09.06:690][ 31]LogModuleManager: Shutting down and abandoning module CLionSourceCodeAccess (310)
[2018.09.06-20.09.06:690][ 31]LogModuleManager: Shutting down and abandoning module LightPropagationVolumeEditor (308)
[2018.09.06-20.09.06:690][ 31]LogModuleManager: Shutting down and abandoning module PaperTiledImporter (306)
[2018.09.06-20.09.06:690][ 31]LogModuleManager: Shutting down and abandoning module PaperSpriteSheetImporter (304)
[2018.09.06-20.09.06:690][ 31]LogModuleManager: Shutting down and abandoning module Paper2DEditor (302)
[2018.09.06-20.09.06:706][ 31]LogModuleManager: Shutting down and abandoning module MeshPaint (301)
[2018.09.06-20.09.06:719][ 31]LogModuleManager: Shutting down and abandoning module RuntimePhysXCooking (298)
[2018.09.06-20.09.06:719][ 31]LogModuleManager: Shutting down and abandoning module PhysXVehiclesEditor (296)
[2018.09.06-20.09.06:719][ 31]LogModuleManager: Shutting down and abandoning module PhysXVehicles (294)
[2018.09.06-20.09.06:719][ 31]LogModuleManager: Shutting down and abandoning module OculusEditor (292)
[2018.09.06-20.09.06:732][ 31]LogModuleManager: Shutting down and abandoning module LocationServicesBPLibrary (290)
[2018.09.06-20.09.06:732][ 31]LogModuleManager: Shutting down and abandoning module ImmediatePhysicsEditor (288)
[2018.09.06-20.09.06:732][ 31]LogModuleManager: Shutting down and abandoning module ImmediatePhysics (286)
[2018.09.06-20.09.06:739][ 31]LogModuleManager: Shutting down and abandoning module ActorSequence (284)
[2018.09.06-20.09.06:739][ 31]LogModuleManager: Shutting down and abandoning module UdpMessaging (282)
[2018.09.06-20.09.06:840][ 31]LogModuleManager: Shutting down and abandoning module TcpMessaging (280)
[2018.09.06-20.09.06:959][ 31]LogModuleManager: Shutting down and abandoning module MagicLeapAudio (278)
[2018.09.06-20.09.06:959][ 31]LogModuleManager: Shutting down and abandoning module GameplayTagsEditor (276)
[2018.09.06-20.09.06:969][ 31]LogModuleManager: Shutting down and abandoning module FacialAnimationEditor (274)
[2018.09.06-20.09.06:969][ 31]LogModuleManager: Shutting down and abandoning module FacialAnimation (272)
[2018.09.06-20.09.06:969][ 31]LogModuleManager: Shutting down and abandoning module DataValidation (270)
[2018.09.06-20.09.06:969][ 31]LogModuleManager: Shutting down and abandoning module AssetManagerEditor (268)
[2018.09.06-20.09.06:978][ 31]LogModuleManager: Shutting down and abandoning module LevelEditor (267)
[2018.09.06-20.09.07:010][ 31]LogModuleManager: Shutting down and abandoning module PixelInspectorModule (266)
[2018.09.06-20.09.07:023][ 31]LogModuleManager: Shutting down and abandoning module CommonMenuExtensions (264)
[2018.09.06-20.09.07:026][ 31]LogModuleManager: Shutting down and abandoning module MainFrame (262)
[2018.09.06-20.09.07:035][ 31]LogModuleManager: Shutting down and abandoning module HotReload (261)
[2018.09.06-20.09.07:048][ 31]LogModuleManager: Shutting down and abandoning module ContentBrowser (257)
[2018.09.06-20.09.07:052][ 31]LogModuleManager: Shutting down and abandoning module TreeMap (255)
[2018.09.06-20.09.07:062][ 31]LogModuleManager: Shutting down and abandoning module LightPropagationVolumeRuntime (252)
[2018.09.06-20.09.07:062][ 31]LogModuleManager: Shutting down and abandoning module AISupportModule (250)
[2018.09.06-20.09.07:062][ 31]LogModuleManager: Shutting down and abandoning module Paper2D (248)
[2018.09.06-20.09.07:074][ 31]LogModuleManager: Shutting down and abandoning module WindowsMoviePlayer (246)
[2018.09.06-20.09.07:087][ 31]LogModuleManager: Shutting down and abandoning module WmfMedia (244)
[2018.09.06-20.09.07:100][ 31]LogModuleManager: Shutting down and abandoning module Media (243)
[2018.09.06-20.09.07:107][ 31]LogModuleManager: Shutting down and abandoning module PacketHandler (240)
[2018.09.06-20.09.07:107][ 31]LogModuleManager: Shutting down and abandoning module ClothingSystemEditor (238)
[2018.09.06-20.09.07:107][ 31]LogModuleManager: Shutting down and abandoning module ClothingSystemRuntime (236)
[2018.09.06-20.09.07:114][ 31]LogModuleManager: Shutting down and abandoning module MediaAssets (234)
[2018.09.06-20.09.07:114][ 31]LogModuleManager: Shutting down and abandoning module Overlay (232)
[2018.09.06-20.09.07:114][ 31]LogModuleManager: Shutting down and abandoning module OverlayEditor (231)
[2018.09.06-20.09.07:114][ 31]LogModuleManager: Shutting down and abandoning module VREditor (228)
[2018.09.06-20.09.07:123][ 31]LogModuleManager: Shutting down and abandoning module StringTableEditor (226)
[2018.09.06-20.09.07:138][ 31]LogModuleManager: Shutting down and abandoning module GameplayTasksEditor (224)
[2018.09.06-20.09.07:138][ 31]LogModuleManager: Shutting down and abandoning module BehaviorTreeEditor (222)
[2018.09.06-20.09.07:183][ 31]LogModuleManager: Shutting down and abandoning module FunctionalTesting (220)
[2018.09.06-20.09.07:193][ 31]LogModuleManager: Shutting down and abandoning module CollisionAnalyzer (218)
[2018.09.06-20.09.07:231][ 31]LogModuleManager: Shutting down and abandoning module WorkspaceMenuStructure (217)
[2018.09.06-20.09.07:231][ 31]LogModuleManager: Shutting down and abandoning module UMG (214)
[2018.09.06-20.09.07:235][ 31]LogModuleManager: Shutting down and abandoning module UMGEditor (213)
[2018.09.06-20.09.07:268][ 31]LogModuleManager: Shutting down and abandoning module Sequencer (212)
[2018.09.06-20.09.07:300][ 31]LogModuleManager: Shutting down and abandoning module MessageLog (209)
[2018.09.06-20.09.07:300][ 31]LogModuleManager: Shutting down and abandoning module SlateReflector (204)
[2018.09.06-20.09.07:349][ 31]LogModuleManager: Shutting down and abandoning module Slate (202)
[2018.09.06-20.09.07:349][ 31]LogModuleManager: Shutting down and abandoning module EditorStyle (200)
[2018.09.06-20.09.07:351][ 31]LogModuleManager: Shutting down and abandoning module MRMesh (198)
[2018.09.06-20.09.07:356][ 31]LogModuleManager: Shutting down and abandoning module SourceCodeAccess (196)
[2018.09.06-20.09.07:356][ 31]LogModuleManager: Shutting down and abandoning module HeadMountedDisplay (194)
[2018.09.06-20.09.07:356][ 31]LogModuleManager: Shutting down and abandoning module XAudio2 (192)
[2018.09.06-20.09.07:356][ 31]LogModuleManager: Shutting down and abandoning module Networking (190)
[2018.09.06-20.09.07:356][ 31]LogModuleManager: Shutting down and abandoning module Core (188)
[2018.09.06-20.09.07:356][ 31]LogModuleManager: Shutting down and abandoning module LevelSequence (186)
[2018.09.06-20.09.07:356][ 31]LogModuleManager: Shutting down and abandoning module KismetCompiler (184)
[2018.09.06-20.09.07:356][ 31]LogModuleManager: Shutting down and abandoning module MeshUtilities (182)
[2018.09.06-20.09.07:367][ 31]LogModuleManager: Shutting down and abandoning module MeshMergeUtilities (181)
[2018.09.06-20.09.07:378][ 31]LogModuleManager: Shutting down and abandoning module MeshReductionInterface (180)
[2018.09.06-20.09.07:378][ 31]LogModuleManager: Shutting down and abandoning module SimplygonSwarm (179)
[2018.09.06-20.09.07:382][ 31]LogModuleManager: Shutting down and abandoning module ProxyLODMeshReduction (177)
[2018.09.06-20.09.07:418][ 31]LogModuleManager: Shutting down and abandoning module SimplygonMeshReduction (175)
[2018.09.06-20.09.07:418][ 31]LogModuleManager: Shutting down and abandoning module QuadricMeshReduction (173)
[2018.09.06-20.09.07:481][ 31]LogModuleManager: Shutting down and abandoning module MaterialBaking (169)
[2018.09.06-20.09.07:505][ 31]LogModuleManager: Shutting down and abandoning module DirectoryWatcher (165)
[2018.09.06-20.09.07:505][ 31]LogModuleManager: Shutting down and abandoning module DerivedDataCache (162)
[2018.09.06-20.09.07:551][ 31]LogDerivedDataCache: Shutdown
[2018.09.06-20.09.07:551][ 31]LogModuleManager: Shutting down and abandoning module XGEController (160)
[2018.09.06-20.09.07:551][ 31]LogXGEController: Cleaning working directory: C:/Users/Андрей/AppData/Local/Temp/UnrealXGEWorkingDir/
[2018.09.06-20.09.07:558][ 31]LogModuleManager: Shutting down and abandoning module TargetPlatform (158)
[2018.09.06-20.09.07:558][ 31]LogModuleManager: Shutting down and abandoning module VulkanShaderFormat (157)
[2018.09.06-20.09.07:596][ 31]LogModuleManager: Shutting down and abandoning module ShaderFormatVectorVM (155)
[2018.09.06-20.09.07:628][ 31]LogModuleManager: Shutting down and abandoning module ShaderFormatOpenGL (153)
[2018.09.06-20.09.07:650][ 31]LogModuleManager: Shutting down and abandoning module ShaderFormatD3D (151)
[2018.09.06-20.09.07:650][ 31]LogModuleManager: Shutting down and abandoning module MetalShaderFormat (149)
[2018.09.06-20.09.07:687][ 31]LogModuleManager: Shutting down and abandoning module TextureFormatUncompressed (147)
[2018.09.06-20.09.07:687][ 31]LogModuleManager: Shutting down and abandoning module TextureFormatPVR (145)
[2018.09.06-20.09.07:687][ 31]LogModuleManager: Shutting down and abandoning module TextureFormatDXT (143)
[2018.09.06-20.09.07:716][ 31]LogModuleManager: Shutting down and abandoning module TextureFormatIntelISPCTexComp (141)
[2018.09.06-20.09.07:739][ 31]LogModuleManager: Shutting down and abandoning module TextureFormatASTC (139)
[2018.09.06-20.09.07:739][ 31]LogModuleManager: Shutting down and abandoning module ImageWrapper (138)
[2018.09.06-20.09.07:739][ 31]LogModuleManager: Shutting down and abandoning module TextureFormatAndroid (135)
[2018.09.06-20.09.07:739][ 31]LogModuleManager: Shutting down and abandoning module AudioFormatOpus (133)
[2018.09.06-20.09.07:739][ 31]LogModuleManager: Shutting down and abandoning module AudioFormatOgg (131)
[2018.09.06-20.09.07:739][ 31]LogModuleManager: Shutting down and abandoning module AudioFormatADPCM (129)
[2018.09.06-20.09.07:739][ 31]LogModuleManager: Shutting down and abandoning module LuminTargetPlatform (127)
[2018.09.06-20.09.07:739][ 31]LogModuleManager: Shutting down and abandoning module LinuxTargetPlatform (125)
[2018.09.06-20.09.07:740][ 31]LogModuleManager: Shutting down and abandoning module LinuxServerTargetPlatform (123)
[2018.09.06-20.09.07:740][ 31]LogModuleManager: Shutting down and abandoning module LinuxNoEditorTargetPlatform (121)
[2018.09.06-20.09.07:765][ 31]LogModuleManager: Shutting down and abandoning module LinuxClientTargetPlatform (119)
[2018.09.06-20.09.07:830][ 31]LogModuleManager: Shutting down and abandoning module TVOSTargetPlatform (117)
[2018.09.06-20.09.07:832][ 31]LogModuleManager: Shutting down and abandoning module Messaging (115)
[2018.09.06-20.09.07:832][ 31]LogModuleManager: Shutting down and abandoning module IOSTargetPlatform (113)
[2018.09.06-20.09.07:834][ 31]LogModuleManager: Shutting down and abandoning module HTML5TargetPlatform (111)
[2018.09.06-20.09.07:834][ 31]LogModuleManager: Shutting down and abandoning module AndroidTargetPlatform (109)
[2018.09.06-20.09.07:888][ 31]LogModuleManager: Shutting down and abandoning module WindowsTargetPlatform (107)
[2018.09.06-20.09.07:888][ 31]LogModuleManager: Shutting down and abandoning module WindowsServerTargetPlatform (105)
[2018.09.06-20.09.07:888][ 31]LogModuleManager: Shutting down and abandoning module WindowsNoEditorTargetPlatform (103)
[2018.09.06-20.09.07:888][ 31]LogModuleManager: Shutting down and abandoning module WindowsClientTargetPlatform (101)
[2018.09.06-20.09.07:888][ 31]LogModuleManager: Shutting down and abandoning module MacTargetPlatform (99)
[2018.09.06-20.09.07:888][ 31]LogModuleManager: Shutting down and abandoning module MacServerTargetPlatform (97)
[2018.09.06-20.09.07:888][ 31]LogModuleManager: Shutting down and abandoning module MacNoEditorTargetPlatform (95)
[2018.09.06-20.09.07:888][ 31]LogModuleManager: Shutting down and abandoning module MacClientTargetPlatform (93)
[2018.09.06-20.09.07:888][ 31]LogModuleManager: Shutting down and abandoning module AllDesktopTargetPlatform (91)
[2018.09.06-20.09.07:888][ 31]LogModuleManager: Shutting down and abandoning module InputCore (88)
[2018.09.06-20.09.07:888][ 31]LogModuleManager: Shutting down and abandoning module Settings (86)
[2018.09.06-20.09.07:888][ 31]LogModuleManager: Shutting down and abandoning module PhysXCooking (84)
[2018.09.06-20.09.07:888][ 31]LogModuleManager: Shutting down and abandoning module SteamVR (82)
[2018.09.06-20.09.07:948][ 31]LogModuleManager: Shutting down and abandoning module OculusHMD (80)
[2018.09.06-20.09.08:013][ 31]LogModuleManager: Shutting down and abandoning module ExampleDeviceProfileSelector (78)
[2018.09.06-20.09.08:013][ 31]LogModuleManager: Shutting down and abandoning module LauncherChunkInstaller (76)
[2018.09.06-20.09.08:013][ 31]LogModuleManager: Shutting down and abandoning module OnlineBlueprintSupport (74)
[2018.09.06-20.09.08:013][ 31]LogModuleManager: Shutting down and abandoning module OnlineSubsystem (70)
[2018.09.06-20.09.08:159][ 31]LogModuleManager: Shutting down and abandoning module XMPP (65)
[2018.09.06-20.09.08:230][ 31]LogModuleManager: Shutting down and abandoning module WebSockets (64)
[2018.09.06-20.09.08:275][ 31]LogModuleManager: Shutting down and abandoning module HTTP (61)
[2018.09.06-20.09.08:292][ 31]LogHttp: Display: Http module shutting down, but needs to wait on 1 outstanding Http requests:
[2018.09.06-20.09.08:292][ 31]LogHttp: Display: 	verb=[POST] url=[https://datarouter.ol.epicgames.com/datarouter/api/v1/public/data?SessionID=%7B3E163EA1-4841-B38C-913D-4E84A65702F4%7D&AppID=UEEditor.Rocket.Release&AppVersion=4.20.2-4302132%2B%2B%2BUE4%2BRelease-4.20&UserID=f4ac65e044630a98ec620b9606adfa3a%7Ccec6d2080c8b49f3b7d752523df8e451%7C15d354fd-8471-443b-ab78-eb750ff49c48&AppEnvironment=datacollector-binary&UploadType=eteventstream] status=Processing
[2018.09.06-20.09.08:310][ 31]LogModuleManager: Shutting down and abandoning module SSL (60)
[2018.09.06-20.09.08:345][ 31]LogModuleManager: Shutting down and abandoning module MagicLeapEmulator (56)
[2018.09.06-20.09.08:346][ 31]LogModuleManager: Shutting down and abandoning module MagicLeapPrivileges (54)
[2018.09.06-20.09.08:346][ 31]LogModuleManager: Shutting down and abandoning module MagicLeapIdentity (52)
[2018.09.06-20.09.08:346][ 31]LogModuleManager: Shutting down and abandoning module MagicLeapHelperVulkan (50)
[2018.09.06-20.09.08:346][ 31]LogModuleManager: Shutting down and abandoning module MagicLeapHelperOpenGL (48)
[2018.09.06-20.09.08:346][ 31]LogModuleManager: Shutting down and abandoning module MagicLeapSecureStorage (46)
[2018.09.06-20.09.08:346][ 31]LogModuleManager: Shutting down and abandoning module MagicLeapGestures (44)
[2018.09.06-20.09.08:346][ 31]LogModuleManager: Shutting down and abandoning module MagicLeapEyeTracker (42)
[2018.09.06-20.09.08:346][ 31]LogModuleManager: Shutting down and abandoning module MagicLeapController (40)
[2018.09.06-20.09.08:346][ 31]LogSlate: Slate User Destroyed.  User Index 0, Is Virtual User: 0
[2018.09.06-20.09.08:346][ 31]LogModuleManager: Shutting down and abandoning module MagicLeap (38)
[2018.09.06-20.09.08:363][ 31]LogModuleManager: Shutting down and abandoning module AnimationModifiers (36)
[2018.09.06-20.09.08:402][ 31]LogModuleManager: Shutting down and abandoning module PropertyEditor (35)
[2018.09.06-20.09.08:424][ 31]LogModuleManager: Shutting down and abandoning module AudioEditor (32)
[2018.09.06-20.09.08:506][ 31]LogModuleManager: Shutting down and abandoning module TextureCompressor (30)
[2018.09.06-20.09.08:532][ 31]LogModuleManager: Shutting down and abandoning module ShaderCore (28)
[2018.09.06-20.09.08:532][ 31]LogModuleManager: Shutting down and abandoning module Landscape (26)
[2018.09.06-20.09.08:532][ 31]LogModuleManager: Shutting down and abandoning module SlateRHIRenderer (24)
[2018.09.06-20.09.08:582][ 31]LogModuleManager: Shutting down and abandoning module OpenGLDrv (22)
[2018.09.06-20.09.08:620][ 31]LogModuleManager: Shutting down and abandoning module D3D11RHI (20)
[2018.09.06-20.09.08:620][ 31]LogModuleManager: Shutting down and abandoning module AnimGraphRuntime (18)
[2018.09.06-20.09.08:656][ 31]LogModuleManager: Shutting down and abandoning module Renderer (16)
[2018.09.06-20.09.08:656][ 31]LogModuleManager: Shutting down and abandoning module Engine (14)
[2018.09.06-20.09.08:656][ 31]LogModuleManager: Shutting down and abandoning module CoreUObject (12)
[2018.09.06-20.09.08:656][ 31]LogModuleManager: Shutting down and abandoning module NetworkFile (10)
[2018.09.06-20.09.08:679][ 31]LogModuleManager: Shutting down and abandoning module CookedIterativeFile (8)
[2018.09.06-20.09.08:679][ 31]LogModuleManager: Shutting down and abandoning module StreamingFile (6)
[2018.09.06-20.09.08:695][ 31]LogModuleManager: Shutting down and abandoning module SandboxFile (4)
[2018.09.06-20.09.08:695][ 31]LogModuleManager: Shutting down and abandoning module PakFile (2)
[2018.09.06-20.09.08:759][ 31]LogExit: Exiting.
[2018.09.06-20.09.08:777][ 31]Log file closed, 09/07/18 01:09:08
