Log file open, 08/27/18 16:02:39
LogWindows: Failed to load 'aqProf.dll' (GetLastError=126)
LogWindows: File 'aqProf.dll' does not exist
LogWindows: Failed to load 'VtuneApi.dll' (GetLastError=126)
LogWindows: File 'VtuneApi.dll' does not exist
LogWindows: Failed to load 'VtuneApi32e.dll' (GetLastError=126)
LogWindows: File 'VtuneApi32e.dll' does not exist
LogInit: Display: Running engine for game: Warhammer
LogPlatformFile: Not using cached read wrapper
LogTaskGraph: Started task graph with 5 named threads and 11 total threads with 3 sets of task threads.
LogStats: Stats thread started at 0.652218
LogD3D11RHI: Loaded GFSDK_Aftermath_Lib.x64.dll
LogICUInternationalization: Display: ICU TimeZone Detection - Raw Offset: +6:00, Platform Override: ''
LogPluginManager: Mounting plugin Paper2D
LogPluginManager: Mounting plugin AISupport
LogPluginManager: Mounting plugin LightPropagationVolume
LogPluginManager: Mounting plugin CLionSourceCodeAccess
LogPluginManager: Mounting plugin CodeLiteSourceCodeAccess
LogPluginManager: Mounting plugin GitSourceControl
LogPluginManager: Mounting plugin KDevelopSourceCodeAccess
LogPluginManager: Mounting plugin NullSourceCodeAccess
LogPluginManager: Mounting plugin PerforceSourceControl
LogPluginManager: Mounting plugin SubversionSourceControl
LogPluginManager: Mounting plugin UObjectPlugin
LogPluginManager: Mounting plugin VisualStudioCodeSourceCodeAccess
LogPluginManager: Mounting plugin VisualStudioSourceCodeAccess
LogPluginManager: Mounting plugin XCodeSourceCodeAccess
LogPluginManager: Mounting plugin AssetManagerEditor
LogPluginManager: Mounting plugin CryptoKeys
LogPluginManager: Mounting plugin DataValidation
LogPluginManager: Mounting plugin FacialAnimation
LogPluginManager: Mounting plugin GameplayTagsEditor
LogPluginManager: Mounting plugin MacGraphicsSwitching
LogPluginManager: Mounting plugin MeshEditor
LogPluginManager: Mounting plugin MobileLauncherProfileWizard
LogPluginManager: Mounting plugin PluginBrowser
LogPluginManager: Mounting plugin SpeedTreeImporter
LogPluginManager: Mounting plugin DatasmithContent
LogPluginManager: Mounting plugin AlembicImporter
LogPluginManager: Mounting plugin AppleImageUtils
LogPluginManager: Mounting plugin AppleVision
LogPluginManager: Mounting plugin BackChannel
LogPluginManager: Mounting plugin CharacterAI
LogPluginManager: Mounting plugin GeometryCache
LogPluginManager: Mounting plugin HTML5Networking
LogPluginManager: Mounting plugin ProxyLODPlugin
LogPluginManager: Mounting plugin MagicLeap
LogPluginManager: Mounting plugin MagicLeapEmulator
LogPluginManager: Mounting plugin MagicLeapMedia
LogPluginManager: Mounting plugin AndroidMedia
LogPluginManager: Mounting plugin AvfMedia
LogPluginManager: Mounting plugin ImgMedia
LogPluginManager: Mounting plugin LinearTimecode
LogPluginManager: Mounting plugin MediaCompositing
LogPluginManager: Mounting plugin MediaPlayerEditor
LogPluginManager: Mounting plugin WmfMedia
LogPluginManager: Mounting plugin TcpMessaging
LogPluginManager: Mounting plugin UdpMessaging
LogPluginManager: Mounting plugin ActorSequence
LogPluginManager: Mounting plugin LevelSequenceEditor
LogPluginManager: Mounting plugin MatineeToLevelSequence
LogPluginManager: Mounting plugin NetcodeUnitTest
LogPluginManager: Mounting plugin NUTUnrealEngine4
LogPluginManager: Mounting plugin OnlineSubsystemGooglePlay
LogPluginManager: Mounting plugin OnlineSubsystemIOS
LogPluginManager: Mounting plugin OnlineSubsystem
LogPluginManager: Mounting plugin OnlineSubsystemNull
LogPluginManager: Mounting plugin OnlineSubsystemUtils
LogPluginManager: Mounting plugin LauncherChunkInstaller
LogPluginManager: Mounting plugin AndroidDeviceProfileSelector
LogPluginManager: Mounting plugin AndroidMoviePlayer
LogPluginManager: Mounting plugin AndroidPermission
LogPluginManager: Mounting plugin AppleMoviePlayer
LogPluginManager: Mounting plugin ArchVisCharacter
LogPluginManager: Mounting plugin AudioCapture
LogPluginManager: Mounting plugin CableComponent
LogPluginManager: Mounting plugin CustomMeshComponent
LogPluginManager: Mounting plugin EditableMesh
LogPluginManager: Mounting plugin ExampleDeviceProfileSelector
LogPluginManager: Mounting plugin GoogleCloudMessaging
LogPluginManager: Mounting plugin ImmediatePhysics
LogPluginManager: Mounting plugin IOSDeviceProfileSelector
LogPluginManager: Mounting plugin LinuxDeviceProfileSelector
LogPluginManager: Mounting plugin LocationServicesBPLibrary
LogPluginManager: Mounting plugin MobilePatchingUtils
LogPluginManager: Mounting plugin OculusVR
LogPluginManager: Plugin shader directory ../../../Engine/Plugins/Runtime/Oculus/OculusVR/Shaders found
LogPluginManager: Mapping shader source directory ../../../Engine/Plugins/Runtime/Oculus/OculusVR/Shaders to virtual directory /Plugin/OculusVR
LogPluginManager: Mounting plugin PhysXVehicles
LogPluginManager: Mounting plugin ProceduralMeshComponent
LogPluginManager: Mounting plugin RuntimePhysXCooking
LogPluginManager: Mounting plugin SteamVR
LogPluginManager: Mounting plugin WindowsMoviePlayer
LogStreaming: Display: Took  0.369s to configure plugins.
LogInit: Using libcurl 7.55.1-DEV
LogInit:  - built for x86_64-pc-win32
LogInit:  - supports SSL with OpenSSL/1.0.2h
LogInit:  - supports HTTP deflate (compression) using libz 1.2.8
LogInit:  - other features:
LogInit:      CURL_VERSION_SSL
LogInit:      CURL_VERSION_LIBZ
LogInit:      CURL_VERSION_IPV6
LogInit:      CURL_VERSION_ASYNCHDNS
LogInit:      CURL_VERSION_LARGEFILE
LogInit:      CURL_VERSION_IDN
LogInit:  CurlRequestOptions (configurable via config and command line):
LogInit:  - bVerifyPeer = false  - Libcurl will NOT verify peer certificate
LogInit:  - bUseHttpProxy = false  - Libcurl will NOT use HTTP proxy
LogInit:  - bDontReuseConnections = false  - Libcurl will reuse connections
LogInit:  - CertBundlePath = nullptr  - Libcurl will use whatever was configured at build time.
LogInit:  - MaxHostConnections = 16  - Libcurl will limit the number of connections to a host
LogInit:  - LocalHostAddr = Default
LogInit:  - BufferSize = 65536
LogInit: WinSock: version 1.1 (2.2), MaxSocks=32767, MaxUdp=65467
LogInit: Build: ++UE4+Release-4.20-CL-4302132
LogInit: Engine Version: 4.20.2-4302132+++UE4+Release-4.20
LogInit: Compatible Engine Version: 4.20.0-4212847+++UE4+Release-4.20
LogInit: Net CL: 4212847
LogInit: OS: Windows 10 (), CPU:        Intel(R) Core(TM) i5-3230M CPU @ 2.60GHz, GPU: Intel(R) HD Graphics 4000
LogInit: Compiled (64-bit): Aug 21 2018 02:06:06
LogInit: Compiled with Visual C++: 19.13.26129.00
LogInit: Build Configuration: Development
LogInit: Branch Name: ++UE4+Release-4.20
LogInit: Command Line:  
LogInit: Base Directory: C:/Program Files/Epic Games/UE_4.20/Engine/Binaries/Win64/
LogInit: Installed Engine Build: 1
LogDevObjectVersion: Number of dev versions registered: 20
LogDevObjectVersion:   Dev-Blueprints (B0D832E4-1F89-4F0D-ACCF-7EB736FD4AA2): 10
LogDevObjectVersion:   Dev-Build (E1C64328-A22C-4D53-A36C-8E866417BD8C): 0
LogDevObjectVersion:   Dev-Core (375EC13C-06E4-48FB-B500-84F0262A717E): 2
LogDevObjectVersion:   Dev-Editor (E4B068ED-F494-42E9-A231-DA0B2E46BB41): 24
LogDevObjectVersion:   Dev-Framework (CFFC743F-43B0-4480-9391-14DF171D2073): 34
LogDevObjectVersion:   Dev-Mobile (B02B49B5-BB20-44E9-A304-32B752E40360): 2
LogDevObjectVersion:   Dev-Networking (A4E4105C-59A1-49B5-A7C5-40C4547EDFEE): 0
LogDevObjectVersion:   Dev-Online (39C831C9-5AE6-47DC-9A44-9C173E1C8E7C): 0
LogDevObjectVersion:   Dev-Physics (78F01B33-EBEA-4F98-B9B4-84EACCB95AA2): 0
LogDevObjectVersion:   Dev-Platform (6631380F-2D4D-43E0-8009-CF276956A95A): 0
LogDevObjectVersion:   Dev-Rendering (12F88B9F-8875-4AFC-A67C-D90C383ABD29): 26
LogDevObjectVersion:   Dev-Sequencer (7B5AE74C-D270-4C10-A958-57980B212A5A): 9
LogDevObjectVersion:   Dev-VR (D7296918-1DD6-4BDD-9DE2-64A83CC13884): 2
LogDevObjectVersion:   Dev-LoadTimes (C2A15278-BFE7-4AFE-6C17-90FF531DF755): 1
LogDevObjectVersion:   Private-Geometry (6EACA3D4-40EC-4CC1-B786-8BED09428FC5): 3
LogDevObjectVersion:   Dev-AnimPhys (29E575DD-E0A3-4627-9D10-D276232CDCEA): 17
LogDevObjectVersion:   Dev-ReflectionCapture (6B266CEC-1EC7-4B8F-A30B-E4D90942FC07): 1
LogDevObjectVersion:   Dev-Automation (0DF73D61-A23F-47EA-B727-89E90C41499A): 1
LogDevObjectVersion:   FortniteMain (601D1886-AC64-4F84-AA16-D3DE0DEAC7D6): 12
LogDevObjectVersion:   Dev-Enterprise (9DFFBCD6-494F-0158-E221-12823C92A888): 1
LogStreaming: Display: Took  0.003s to delete old logs.
LogInit: Presizing for max 8388607 objects, including 0 objects not considered by GC, pre-allocating 0 bytes for permanent pool.
LogInit: Object subsystem initialized
[2018.08.27-11.02.42:825][  0]LogInit: Selected Device Profile: [Windows]
[2018.08.27-11.02.42:825][  0]LogInit: Applying CVar settings loaded from the selected device profile: [Windows]
[2018.08.27-11.02.42:901][  0]LogHAL: Display: Platform has ~ 8 GB [8473120768 / 8589934592 / 8], which maps to Default [LargestMinGB=32, LargerMinGB=12, DefaultMinGB=8, SmallerMinGB=6, SmallestMinGB=0)
[2018.08.27-11.02.42:901][  0]LogInit: Setting Device Profile CVar: [[r.Vulkan.UseRealUBs:1]]
[2018.08.27-11.02.42:901][  0]LogInit: Going up to parent DeviceProfile []
[2018.08.27-11.02.42:917][  0]LogInit: Computer: MSI
[2018.08.27-11.02.42:917][  0]LogInit: User: Андрей
[2018.08.27-11.02.42:918][  0]LogInit: CPU Page size=4096, Cores=2
[2018.08.27-11.02.42:918][  0]LogInit: High frequency timer resolution =2.533316 MHz
[2018.08.27-11.02.42:918][  0]LogMemory: Memory total: Physical=7.9GB (8GB approx)
[2018.08.27-11.02.42:918][  0]LogMemory: Platform Memory Stats for Windows
[2018.08.27-11.02.42:919][  0]LogMemory: Process Physical Memory: 100.62 MB used, 100.62 MB peak
[2018.08.27-11.02.42:919][  0]LogMemory: Process Virtual Memory: 84.32 MB used, 84.32 MB peak
[2018.08.27-11.02.42:919][  0]LogMemory: Physical Memory: 4641.56 MB used,  3439.04 MB free, 8080.60 MB total
[2018.08.27-11.02.42:919][  0]LogMemory: Virtual Memory: 4621.36 MB used,  3439.04 MB free, 134217728.00 MB total
[2018.08.27-11.02.43:769][  0]LogInit: Using OS detected language (ru-RU).
[2018.08.27-11.02.43:769][  0]LogInit: Using OS detected locale (ru-RU).
[2018.08.27-11.02.43:774][  0]LogTextLocalizationManager: No specific localization for 'ru-RU' exists, so the 'ru' localization will be used.
[2018.08.27-11.02.43:856][  0]LogStreaming: Display: Took  0.087s to InitEngineTextLocalization.
[2018.08.27-11.02.43:857][  0]LogInit: Setting process to per monitor DPI aware
[2018.08.27-11.02.44:186][  0]LogSlate: New Slate User Created.  User Index 0, Is Virtual User: 0
[2018.08.27-11.02.44:186][  0]LogSlate: Slate User Registered.  User Index 0, Is Virtual User: 0
[2018.08.27-11.02.53:915][  0]LogHMD: Failed to initialize OpenVR with code 110
[2018.08.27-11.02.53:915][  0]LogD3D11RHI: D3D11 adapters:
[2018.08.27-11.02.54:149][  0]LogD3D11RHI:    0. 'NVIDIA GeForce GTX 660M' (Feature Level 11_0)
[2018.08.27-11.02.54:149][  0]LogD3D11RHI:       2007/0/4040 MB DedicatedVideo/DedicatedSystem/SharedSystem, Outputs:1, VendorId:0x10de
[2018.08.27-11.02.54:164][  0]LogD3D11RHI:    1. 'Intel(R) HD Graphics 4000' (Feature Level 11_0)
[2018.08.27-11.02.54:164][  0]LogD3D11RHI:       32/0/1760 MB DedicatedVideo/DedicatedSystem/SharedSystem, Outputs:0, VendorId:0x8086
[2018.08.27-11.02.54:168][  0]LogD3D11RHI:    2. 'Microsoft Basic Render Driver' (Feature Level 11_0)
[2018.08.27-11.02.54:168][  0]LogD3D11RHI:       0/0/4040 MB DedicatedVideo/DedicatedSystem/SharedSystem, Outputs:0, VendorId:0x1414
[2018.08.27-11.02.54:169][  0]LogD3D11RHI: Chosen D3D11 Adapter: 0
[2018.08.27-11.02.54:236][  0]LogD3D11RHI: Creating new Direct3DDevice
[2018.08.27-11.02.54:236][  0]LogD3D11RHI:     GPU DeviceId: 0xfd4 (for the marketing name, search the web for "GPU Device Id")
[2018.08.27-11.02.54:236][  0]LogWindows: EnumDisplayDevices:
[2018.08.27-11.02.54:237][  0]LogWindows:    0. 'Intel(R) HD Graphics 4000' (P:1 D:1)
[2018.08.27-11.02.54:238][  0]LogWindows:    1. 'Intel(R) HD Graphics 4000' (P:0 D:0)
[2018.08.27-11.02.54:239][  0]LogWindows:    2. 'Intel(R) HD Graphics 4000' (P:0 D:0)
[2018.08.27-11.02.54:240][  0]LogWindows: DebugString: PrimaryIsNotTheChoosenAdapter PrimaryIsNotTheChoosenAdapter PrimaryIsNotTheChoosenAdapter FoundDriverCount:0 
[2018.08.27-11.02.54:240][  0]LogD3D11RHI:     Adapter Name: NVIDIA GeForce GTX 660M
[2018.08.27-11.02.54:240][  0]LogD3D11RHI:   Driver Version: Unknown (internal:Unknown, unified:Unknown)
[2018.08.27-11.02.54:240][  0]LogD3D11RHI:      Driver Date: Unknown
[2018.08.27-11.02.54:240][  0]LogRHI: Texture pool is 1405 MB (70% of 2007 MB)
[2018.08.27-11.02.54:404][  0]LogD3D11RHI: Async texture creation enabled
[2018.08.27-11.02.54:446][  0]LogD3D11RHI: GPU Timing Frequency: 1000.000000 (Debug: 2 2)
[2018.08.27-11.02.54:449][  0]LogShaderCompilers: Guid format shader working directory is 14 characters bigger than the processId version (D:/Unreal/UnrealProject/Warhammer/Intermediate/Shaders/WorkingDirectory/7852/).
[2018.08.27-11.02.54:449][  0]LogShaderCompilers: Cleaned the shader compiler working directory 'C:/Users/Андрей/AppData/Local/Temp/UnrealShaderWorkingDir/2F8D989544E4A7D85110E09369ECDD23/'.
[2018.08.27-11.02.56:761][  0]LogTemp: Display: Loaded TP AllDesktopTargetPlatform
[2018.08.27-11.02.56:877][  0]LogTemp: Display: Loaded TP MacClientTargetPlatform
[2018.08.27-11.02.56:991][  0]LogTemp: Display: Loaded TP MacNoEditorTargetPlatform
[2018.08.27-11.02.57:120][  0]LogTemp: Display: Loaded TP MacServerTargetPlatform
[2018.08.27-11.02.57:268][  0]LogTemp: Display: Loaded TP MacTargetPlatform
[2018.08.27-11.02.57:381][  0]LogTemp: Display: Loaded TP WindowsClientTargetPlatform
[2018.08.27-11.02.57:476][  0]LogTemp: Display: Loaded TP WindowsNoEditorTargetPlatform
[2018.08.27-11.02.57:572][  0]LogTemp: Display: Loaded TP WindowsServerTargetPlatform
[2018.08.27-11.02.57:639][  0]LogTemp: Display: Loaded TP WindowsTargetPlatform
[2018.08.27-11.02.58:144][  0]LogTemp: Display: Loaded TP AndroidTargetPlatform
[2018.08.27-11.02.58:145][  0]LogTemp: Display: Loaded TP AndroidTargetPlatform
[2018.08.27-11.02.58:145][  0]LogTemp: Display: Loaded TP AndroidTargetPlatform
[2018.08.27-11.02.58:145][  0]LogTemp: Display: Loaded TP AndroidTargetPlatform
[2018.08.27-11.02.58:145][  0]LogTemp: Display: Loaded TP AndroidTargetPlatform
[2018.08.27-11.02.58:145][  0]LogTemp: Display: Loaded TP AndroidTargetPlatform
[2018.08.27-11.02.58:145][  0]LogTemp: Display: Loaded TP AndroidTargetPlatform
[2018.08.27-11.02.58:145][  0]LogTemp: Display: Loaded TP AndroidTargetPlatform
[2018.08.27-11.02.58:145][  0]LogTemp: Display: Loaded TP AndroidTargetPlatform
[2018.08.27-11.02.58:145][  0]LogTemp: Display: Loaded TP AndroidTargetPlatform
[2018.08.27-11.02.58:145][  0]LogTemp: Display: Loaded TP AndroidTargetPlatform
[2018.08.27-11.02.58:145][  0]LogTemp: Display: Loaded TP AndroidTargetPlatform
[2018.08.27-11.02.58:145][  0]LogTemp: Display: Loaded TP AndroidTargetPlatform
[2018.08.27-11.02.58:145][  0]LogTemp: Display: Loaded TP AndroidTargetPlatform
[2018.08.27-11.02.58:145][  0]LogTemp: Display: Loaded TP AndroidTargetPlatform
[2018.08.27-11.02.58:145][  0]LogTemp: Display: Loaded TP AndroidTargetPlatform
[2018.08.27-11.02.58:145][  0]LogTemp: Display: Loaded TP AndroidTargetPlatform
[2018.08.27-11.02.58:145][  0]LogTemp: Display: Loaded TP AndroidTargetPlatform
[2018.08.27-11.02.58:235][  0]LogTemp: Display: Loaded TP HTML5TargetPlatform
[2018.08.27-11.02.58:578][  0]LogTemp: Display: Loaded TP IOSTargetPlatform
[2018.08.27-11.02.58:578][  0]LogTemp: Display: Loaded TP IOSTargetPlatform
[2018.08.27-11.02.58:744][  0]LogTemp: Display: Loaded TP TVOSTargetPlatform
[2018.08.27-11.02.58:744][  0]LogTemp: Display: Loaded TP TVOSTargetPlatform
[2018.08.27-11.02.58:856][  0]LogTemp: Display: Loaded TP LinuxClientTargetPlatform
[2018.08.27-11.02.58:985][  0]LogTemp: Display: Loaded TP LinuxNoEditorTargetPlatform
[2018.08.27-11.02.59:084][  0]LogTemp: Display: Loaded TP LinuxServerTargetPlatform
[2018.08.27-11.02.59:223][  0]LogTemp: Display: Loaded TP LinuxTargetPlatform
[2018.08.27-11.02.59:310][  0]LogTemp: Display: Loaded TP LuminTargetPlatform
[2018.08.27-11.02.59:311][  0]LogTargetPlatformManager: Display: Building Assets For Windows
[2018.08.27-11.03.00:792][  0]LogXGEController: Cleaning working directory: C:/Users/Андрей/AppData/Local/Temp/UnrealXGEWorkingDir/
[2018.08.27-11.03.00:793][  0]LogXGEController: Cannot use XGE Controller as Incredibuild is not installed on this machine.
[2018.08.27-11.03.00:793][  0]LogShaderCompilers: Cannot use XGE Shader Compiler as Incredibuild is not installed on this machine.
[2018.08.27-11.03.00:793][  0]LogShaderCompilers: Display: Using Local Shader Compiler.
[2018.08.27-11.03.09:059][  0]LogDerivedDataCache: Display: Max Cache Size: 512 MB
[2018.08.27-11.03.09:545][  0]LogDerivedDataCache: Loaded boot cache 0.49s 71MB C:/Users/Андрей/AppData/Local/UnrealEngine/4.20/DerivedDataCache/Boot.ddc.
[2018.08.27-11.03.09:546][  0]LogDerivedDataCache: Display: Loaded Boot cache: C:/Users/Андрей/AppData/Local/UnrealEngine/4.20/DerivedDataCache/Boot.ddc
[2018.08.27-11.03.09:547][  0]LogDerivedDataCache: FDerivedDataBackendGraph:  Pak pak cache file D:/Unreal/UnrealProject/Warhammer/DerivedDataCache/DDC.ddp not found, will not use a pak cache.
[2018.08.27-11.03.09:547][  0]LogDerivedDataCache: Unable to find inner node Pak for hierarchical cache Hierarchy.
[2018.08.27-11.03.09:547][  0]LogDerivedDataCache: FDerivedDataBackendGraph:  CompressedPak pak cache file D:/Unreal/UnrealProject/Warhammer/DerivedDataCache/Compressed.ddp not found, will not use a pak cache.
[2018.08.27-11.03.09:547][  0]LogDerivedDataCache: Unable to find inner node CompressedPak for hierarchical cache Hierarchy.
[2018.08.27-11.03.09:635][  0]LogDerivedDataCache: Display: Pak cache opened for reading ../../../Engine/DerivedDataCache/Compressed.ddp.
[2018.08.27-11.03.09:650][  0]LogDerivedDataCache: Using Local data cache path C:/Users/Андрей/AppData/Local/UnrealEngine/Common/DerivedDataCache: Writable
[2018.08.27-11.03.09:650][  0]LogDerivedDataCache: Shared data cache path not found in *engine.ini, will not use an Shared cache.
[2018.08.27-11.03.09:650][  0]LogDerivedDataCache: Unable to find inner node Shared for hierarchical cache Hierarchy.
[2018.08.27-11.03.09:728][  0]LogMaterial: Verifying Global Shaders for PCD3D_SM5
[2018.08.27-11.03.09:733][  0]LogSlate: Using FreeType 2.6.0
[2018.08.27-11.03.09:792][  0]LogSlate: SlateFontServices - WITH_FREETYPE: 1, WITH_HARFBUZZ: 1
[2018.08.27-11.03.12:349][  0]LogAssetRegistry: FAssetRegistry took 0.0459 seconds to start up
[2018.08.27-11.03.14:299][  0]LogInit: Selected Device Profile: [Windows]
[2018.08.27-11.03.15:791][  0]LogSimplygon: Simplygon DLL not present - disabling.
[2018.08.27-11.03.15:974][  0]LogMeshReduction: Using SimplygonSwarm for distributed automatic mesh merging
[2018.08.27-11.03.15:974][  0]LogMeshReduction: Using ProxyLODMeshReduction for automatic mesh merging
[2018.08.27-11.03.15:974][  0]LogMeshReduction: Using QuadricMeshReduction for automatic static mesh reduction
[2018.08.27-11.03.15:974][  0]LogMeshReduction: No automatic skeletal mesh reduction module available
[2018.08.27-11.03.16:122][  0]LogNetVersion: Warhammer 1.0.0, NetCL: 4212847, EngineNetVer: 5, GameNetVer: 0 (Checksum: 587221285)
[2018.08.27-11.03.20:402][  0]LogPackageLocalizationCache: Processed 11 localized package path(s) for 2 prioritized culture(s) in 0.475384 seconds
[2018.08.27-11.03.20:433][  0]LogUObjectArray: 38425 objects as part of root set at end of initial load.
[2018.08.27-11.03.20:433][  0]LogUObjectAllocator: 6690864 out of 0 bytes used by permanent object pool.
[2018.08.27-11.03.20:433][  0]LogUObjectArray: CloseDisregardForGC: 0/0 objects in disregard for GC pool
[2018.08.27-11.03.52:512][  0]LogTcpMessaging: Initializing TcpMessaging bridge
[2018.08.27-11.03.52:596][  0]LogUdpMessaging: Initializing bridge on interface 0.0.0.0:0 to multicast group 230.0.0.1:6666.
[2018.08.27-11.03.54:166][  0]SourceControl: Source control is disabled
[2018.08.27-11.03.54:166][  0]SourceControl: Source control is disabled
[2018.08.27-11.03.54:246][  0]SourceControl: Source control is disabled
[2018.08.27-11.03.54:322][  0]SourceControl: Source control is disabled
[2018.08.27-11.03.57:023][  0]LogAndroidPermission: UAndroidPermissionCallbackProxy::GetInstance
[2018.08.27-11.03.57:542][  0]LogOcInput: OculusInput pre-init called
[2018.08.27-11.03.58:122][  0]LogEngine: Initializing Engine...
[2018.08.27-11.03.58:125][  0]LogHMD: Failed to initialize OpenVR with code 110
[2018.08.27-11.03.58:134][  0]LogStats: UGameplayTagsManager::ConstructGameplayTagTree: ImportINI prefixes -  0.000 s
[2018.08.27-11.03.58:134][  0]LogStats: UGameplayTagsManager::ConstructGameplayTagTree: Construct from data asset -  0.000 s
[2018.08.27-11.03.58:134][  0]LogStats: UGameplayTagsManager::ConstructGameplayTagTree: ImportINI -  0.000 s
[2018.08.27-11.03.58:135][  0]LogStats: UGameplayTagsManager::ConstructGameplayTagTree: GameplayTagTreeChangedEvent.Broadcast -  0.000 s
[2018.08.27-11.03.59:569][  0]LogInit: Initializing FReadOnlyCVARCache
[2018.08.27-11.03.59:695][  0]LogAIModule: Creating AISystem for world Untitled
[2018.08.27-11.03.59:718][  0]LogInit: XAudio2 using 'Динамики (Realtek High Definition Audio)' : 2 channels at 48 kHz using 32 bits per sample (channel mask 0x3)
[2018.08.27-11.03.59:777][  0]LogInit: FAudioDevice initialized.
[2018.08.27-11.03.59:779][  0]LogNetVersion: Set ProjectVersion to 1.0.0.0. Version Checksum will be recalculated on next use.
[2018.08.27-11.04.00:086][  0]LogDerivedDataCache: Saved boot cache 0.31s 71MB C:/Users/Андрей/AppData/Local/UnrealEngine/4.20/DerivedDataCache/Boot.ddc.
[2018.08.27-11.04.00:102][  0]LogInit: Texture streaming: Enabled
[2018.08.27-11.04.00:420][  0]LogEngineSessionManager: EngineSessionManager initialized
[2018.08.27-11.04.00:542][  0]LogInit: Transaction tracking system initialized
[2018.08.27-11.04.01:107][  0]BlueprintLog: New page: Editor Load
[2018.08.27-11.04.03:126][  0]LocalizationService: Localization service is disabled
[2018.08.27-11.04.07:034][  0]LogCook: Display: Max memory allowance for cook 16384mb min free memory 0mb
[2018.08.27-11.04.07:034][  0]LogCook: Display: Mobile HDR setting 1
[2018.08.27-11.04.07:034][  0]LogGameplayTags: Display: UGameplayTagsManager::DoneAddingNativeTags. DelegateIsBound: 0
[2018.08.27-11.04.07:034][  0]LogStats: UGameplayTagsManager::ConstructGameplayTagTree: ImportINI prefixes -  0.000 s
[2018.08.27-11.04.07:034][  0]LogStats: UGameplayTagsManager::ConstructGameplayTagTree: Construct from data asset -  0.000 s
[2018.08.27-11.04.07:035][  0]LogStats: UGameplayTagsManager::ConstructGameplayTagTree: ImportINI -  0.000 s
[2018.08.27-11.04.07:035][  0]LogStats: UGameplayTagsManager::ConstructGameplayTagTree: GameplayTagTreeChangedEvent.Broadcast -  0.000 s
[2018.08.27-11.04.07:486][  0]LogFileCache: Scanning file cache for directory 'D:/Unreal/UnrealProject/Warhammer/Content/' took 0.03s
[2018.08.27-11.04.10:125][  0]SourceControl: Source control is disabled
[2018.08.27-11.04.10:126][  0]Cmd: MAP LOAD FILE="../../../Engine/Content/Maps/Templates/Template_Default.umap" TEMPLATE=1 SHOWPROGRESS=1 FEATURELEVEL=3
[2018.08.27-11.04.10:142][  0]LightingResults: New page: Lighting Build
[2018.08.27-11.04.10:154][  0]MapCheck: New page: Map Check
[2018.08.27-11.04.10:154][  0]LightingResults: New page: Lighting Build
[2018.08.27-11.04.11:418][  0]LogAIModule: Creating AISystem for world Untitled_1
[2018.08.27-11.04.11:480][  0]LogEditorServer: Finished looking for orphan Actors (0.000 secs)
[2018.08.27-11.04.11:589][  0]Cmd: MAP CHECKDEP NOCLEARLOG
[2018.08.27-11.04.11:913][  0]MapCheck: Map check complete: 0 Error(s), 0 Warning(s), took 323,393ms to complete.
[2018.08.27-11.04.11:914][  0]LogFileHelpers: Loading map 'Template_Default' took 1.788
[2018.08.27-11.04.12:266][  0]LogSlate: Updating window title bar state: overlay mode, drag disabled, window buttons hidden, title bar hidden
[2018.08.27-11.04.12:300][  0]LogSlate: Updating window title bar state: overlay mode, drag disabled, window buttons hidden, title bar hidden
[2018.08.27-11.04.12:338][  0]LogSlate: Updating window title bar state: overlay mode, drag disabled, window buttons hidden, title bar hidden
[2018.08.27-11.04.12:376][  0]LogSlate: Updating window title bar state: overlay mode, drag disabled, window buttons hidden, title bar hidden
[2018.08.27-11.04.12:478][  0]LogCollectionManager: Loaded 0 collections in 0.008954 seconds
[2018.08.27-11.04.12:542][  0]LogFileCache: Scanning file cache for directory 'D:/Unreal/UnrealProject/Warhammer/Saved/Collections/' took 0.01s
[2018.08.27-11.04.12:542][  0]LogFileCache: Scanning file cache for directory 'D:/Unreal/UnrealProject/Warhammer/Content/Developers/Андрей/Collections/' took 0.01s
[2018.08.27-11.04.12:542][  0]LogFileCache: Scanning file cache for directory 'D:/Unreal/UnrealProject/Warhammer/Content/Collections/' took 0.02s
[2018.08.27-11.04.12:542][  0]LogCollectionManager: Rebuilt the GUID cache for 0 collections in 0.000002 seconds
[2018.08.27-11.04.12:583][  0]LogContentBrowser: Native class hierarchy populated in 0.0402 seconds. Added 2572 classes and 603 folders.
[2018.08.27-11.04.12:615][  0]LogContentBrowser: Native class hierarchy updated for 'WidgetCarousel' in 0.0007 seconds. Added 0 classes and 0 folders.
[2018.08.27-11.04.14:424][  0]LogContentBrowser: Native class hierarchy updated for 'AddContentDialog' in 0.0007 seconds. Added 0 classes and 0 folders.
[2018.08.27-11.04.14:512][  0]LogContentBrowser: Native class hierarchy updated for 'SceneOutliner' in 0.0010 seconds. Added 1 classes and 2 folders.
[2018.08.27-11.04.14:596][  0]LogSlate: Took 0.019535 seconds to synchronously load lazily loaded font '../../../Engine/Content/Slate/Fonts/Roboto-Regular.ttf' (155K)
[2018.08.27-11.04.14:618][  0]LogSlate: Took 0.013932 seconds to synchronously load lazily loaded font '../../../Engine/Content/Slate/Fonts/Roboto-Bold.ttf' (160K)
[2018.08.27-11.04.14:680][  0]LogSlate: Took 0.040409 seconds to synchronously load lazily loaded font '../../../Engine/Content/Editor/Slate/Fonts/FontAwesome.ttf' (139K)
[2018.08.27-11.04.15:305][  0]LogRenderer: Reallocating scene render targets to support 1208x576 Format 10 NumSamples 1 (Frame:1).
[2018.08.27-11.04.15:784][  0]LogContentBrowser: Native class hierarchy updated for 'HierarchicalLODOutliner' in 0.0010 seconds. Added 0 classes and 0 folders.
[2018.08.27-11.04.15:784][  0]LogLoad: (Engine Initialization) Total time: 105.75 seconds
[2018.08.27-11.04.15:785][  0]LogLoad: (Engine Initialization) Total Blueprint compile time: 0.00 seconds
[2018.08.27-11.04.15:850][  0]LogContentStreaming: Texture pool size now 1000 MB
[2018.08.27-11.04.16:301][  5]LogAssetRegistry: Asset discovery search completed in 63.9767 seconds
[2018.08.27-11.04.16:309][  5]LogCollectionManager: Rebuilt the object cache for 0 collections in 0.000001 seconds (found 0 objects)
[2018.08.27-11.04.16:309][  5]LogCollectionManager: Fixed up redirectors for 0 collections in 0.000188 seconds (updated 0 objects)
[2018.08.27-11.04.19:992][ 16]LogSlate: Took 0.013068 seconds to synchronously load lazily loaded font '../../../Engine/Content/Slate/Fonts/Roboto-Light.ttf' (167K)
[2018.08.27-11.07.27:286][837]LogSlate: FSceneViewport::OnFocusLost() reason 0
[2018.08.27-11.08.32:180][675]LogTemp: Repeating last play command: Selected Viewport
[2018.08.27-11.08.32:233][675]LogPlayLevel: PlayLevel: No blueprints needed recompiling
[2018.08.27-11.08.32:249][675]PIE: New page: PIE session: Untitled_1 (27 авг. 2018 г., 22:08:32)
[2018.08.27-11.08.32:250][675]LogPlayLevel: Creating play world package: /Temp/UEDPIE_0_Untitled_1
[2018.08.27-11.08.32:259][675]LogPlayLevel: PIE: StaticDuplicateObject took: (0.009028s)
[2018.08.27-11.08.32:262][675]LogAIModule: Creating AISystem for world Untitled_1
[2018.08.27-11.08.32:263][675]LogPlayLevel: PIE: World Init took: (0.003964s)
[2018.08.27-11.08.32:263][675]LogPlayLevel: PIE: Created PIE world by copying editor world from /Temp/Untitled_1.Untitled_1 to /Temp/UEDPIE_0_Untitled_1.Untitled_1 (0.013527s)
[2018.08.27-11.08.32:328][675]LogInit: XAudio2 using 'Динамики (Realtek High Definition Audio)' : 2 channels at 48 kHz using 32 bits per sample (channel mask 0x3)
[2018.08.27-11.08.32:357][675]LogInit: FAudioDevice initialized.
[2018.08.27-11.08.32:417][675]LogLoad: Game class is 'GameModeBase'
[2018.08.27-11.08.32:425][675]LogWorld: Bringing World /Temp/UEDPIE_0_Untitled_1.Untitled_1 up for play (max tick rate 60) at 2018.08.27-16.08.32
[2018.08.27-11.08.32:426][675]LogWorld: Bringing up level for play took: 0.002494
[2018.08.27-11.08.32:465][675]LogContentBrowser: Native class hierarchy updated for 'MovieSceneCapture' in 0.0008 seconds. Added 10 classes and 0 folders.
[2018.08.27-11.08.32:469][675]PIE: Play in editor start time for /Temp/UEDPIE_0_Untitled_1 -0,12
[2018.08.27-11.08.36:422][798]LogSlate: Updating window title bar state: overlay mode, drag disabled, window buttons hidden, title bar hidden
[2018.08.27-11.08.36:493][798]LogPlayLevel: Display: Shutting down PIE online subsystems
[2018.08.27-11.08.36:556][798]LogSlate: Updating window title bar state: overlay mode, drag disabled, window buttons hidden, title bar hidden
[2018.08.27-11.08.36:597][799]LogPlayLevel: Display: Destroying online subsystem :Context_1
[2018.08.27-11.08.40:561][911]LogSlate: FSceneViewport::OnFocusLost() reason 2
[2018.08.27-11.08.42:343][959]LogSlate: FSceneViewport::OnFocusLost() reason 2
[2018.08.27-11.08.44:866][ 25]Cmd: MAP LOAD FILE="D:/Unreal/UnrealProject/Warhammer/Content/warhammer.umap" TEMPLATE=0 SHOWPROGRESS=1 FEATURELEVEL=3
[2018.08.27-11.08.44:885][ 25]LogSlate: Took 0.001569 seconds to synchronously load lazily loaded font '../../../Engine/Content/Slate/Fonts/Roboto-Light.ttf' (167K)
[2018.08.27-11.08.44:924][ 25]LightingResults: New page: Lighting Build
[2018.08.27-11.08.44:929][ 25]LoadErrors: New page: Loading map: warhammer.umap
[2018.08.27-11.08.44:934][ 25]MapCheck: New page: Map Check
[2018.08.27-11.08.44:935][ 25]LightingResults: New page: Lighting Build
[2018.08.27-11.08.45:266][ 25]LogAIModule: Creating AISystem for world warhammer
[2018.08.27-11.08.45:298][ 25]LogEditorServer: Finished looking for orphan Actors (0.000 secs)
[2018.08.27-11.08.45:454][ 25]Cmd: MAP CHECKDEP NOCLEARLOG
[2018.08.27-11.08.45:707][ 25]MapCheck: Map check complete: 0 Error(s), 0 Warning(s), took 252,54ms to complete.
[2018.08.27-11.08.45:707][ 25]LogFileHelpers: Loading map 'warhammer' took 0.846
[2018.08.27-11.08.45:711][ 25]LogSlate: Window 'Open Level' being destroyed
[2018.08.27-11.08.48:103][ 83]LogSlate: FSceneViewport::OnFocusLost() reason 0
[2018.08.27-11.08.48:250][ 87]LogTemp: Repeating last play command: Selected Viewport
[2018.08.27-11.08.48:321][ 87]LogPlayLevel: PlayLevel: No blueprints needed recompiling
[2018.08.27-11.08.48:323][ 87]PIE: New page: PIE session: warhammer (27 авг. 2018 г., 22:08:48)
[2018.08.27-11.08.48:323][ 87]LogPlayLevel: Creating play world package: /Game/UEDPIE_0_warhammer
[2018.08.27-11.08.48:349][ 87]LogPlayLevel: PIE: StaticDuplicateObject took: (0.025600s)
[2018.08.27-11.08.48:352][ 87]LogAIModule: Creating AISystem for world warhammer
[2018.08.27-11.08.48:353][ 87]LogPlayLevel: PIE: World Init took: (0.003608s)
[2018.08.27-11.08.48:353][ 87]LogPlayLevel: PIE: Created PIE world by copying editor world from /Game/warhammer.warhammer to /Game/UEDPIE_0_warhammer.warhammer (0.030110s)
[2018.08.27-11.08.48:418][ 87]LogInit: XAudio2 using 'Динамики (Realtek High Definition Audio)' : 2 channels at 48 kHz using 32 bits per sample (channel mask 0x3)
[2018.08.27-11.08.48:442][ 87]LogInit: FAudioDevice initialized.
[2018.08.27-11.08.48:485][ 87]LogLoad: Game class is 'GameModeBase'
[2018.08.27-11.08.48:489][ 87]LogWorld: Bringing World /Game/UEDPIE_0_warhammer.warhammer up for play (max tick rate 60) at 2018.08.27-16.08.48
[2018.08.27-11.08.48:490][ 87]LogWorld: Bringing up level for play took: 0.003405
[2018.08.27-11.08.48:506][ 87]PIE: Play in editor start time for /Game/UEDPIE_0_warhammer -0,083
[2018.08.27-11.09.07:830][625]LogSlate: Updating window title bar state: overlay mode, drag disabled, window buttons hidden, title bar hidden
[2018.08.27-11.09.07:908][625]LogPlayLevel: Display: Shutting down PIE online subsystems
[2018.08.27-11.09.07:972][625]LogSlate: Updating window title bar state: overlay mode, drag disabled, window buttons hidden, title bar hidden
[2018.08.27-11.09.08:021][626]LogPlayLevel: Display: Destroying online subsystem :Context_2
[2018.08.27-11.09.09:972][675]LogSlate: FSceneViewport::OnFocusLost() reason 0
[2018.08.27-11.09.11:471][701]LogAssetEditorManager: Opening Asset editor for Blueprint /Game/Code/Characters/NewBlueprint.NewBlueprint
[2018.08.27-11.09.13:821][701]LogContentBrowser: Native class hierarchy updated for 'BlueprintGraph' in 0.0026 seconds. Added 116 classes and 0 folders.
[2018.08.27-11.09.17:497][701]LogSlate: Took 0.013107 seconds to synchronously load lazily loaded font '../../../Engine/Content/Slate/Fonts/Roboto-BoldCondensed.ttf' (158K)
[2018.08.27-11.09.17:923][702]LogSlate: Took 0.017995 seconds to synchronously load lazily loaded font '../../../Engine/Content/Slate/Fonts/Roboto-Italic.ttf' (157K)
[2018.08.27-11.10.21:288][481]LogSlate: FSceneViewport::OnFocusLost() reason 0
[2018.08.27-11.10.21:396][483]LogSlate: Window 'NewBlueprint' being destroyed
[2018.08.27-11.10.21:460][483]LogSlate: Window 'NewBlueprint' being destroyed
[2018.08.27-11.10.27:989][637]LogSlate: FSceneViewport::OnFocusLost() reason 0
[2018.08.27-11.10.28:090][640]LogTemp: Repeating last play command: Selected Viewport
[2018.08.27-11.10.28:150][640]LogPlayLevel: PlayLevel: No blueprints needed recompiling
[2018.08.27-11.10.28:151][640]PIE: New page: PIE session: warhammer (27 авг. 2018 г., 22:10:28)
[2018.08.27-11.10.28:151][640]LogPlayLevel: Creating play world package: /Game/UEDPIE_0_warhammer
[2018.08.27-11.10.28:162][640]LogPlayLevel: PIE: StaticDuplicateObject took: (0.011007s)
[2018.08.27-11.10.28:169][640]LogAIModule: Creating AISystem for world warhammer
[2018.08.27-11.10.28:171][640]LogPlayLevel: PIE: World Init took: (0.008186s)
[2018.08.27-11.10.28:171][640]LogPlayLevel: PIE: Created PIE world by copying editor world from /Game/warhammer.warhammer to /Game/UEDPIE_0_warhammer.warhammer (0.020309s)
[2018.08.27-11.10.28:278][640]LogInit: XAudio2 using 'Динамики (Realtek High Definition Audio)' : 2 channels at 48 kHz using 32 bits per sample (channel mask 0x3)
[2018.08.27-11.10.28:307][640]LogInit: FAudioDevice initialized.
[2018.08.27-11.10.28:355][640]LogLoad: Game class is 'GameModeBase'
[2018.08.27-11.10.28:359][640]LogWorld: Bringing World /Game/UEDPIE_0_warhammer.warhammer up for play (max tick rate 60) at 2018.08.27-16.10.28
[2018.08.27-11.10.28:362][640]LogWorld: Bringing up level for play took: 0.004354
[2018.08.27-11.10.28:377][640]PIE: Play in editor start time for /Game/UEDPIE_0_warhammer -0,212
[2018.08.27-11.10.38:059][906]LogSlate: Updating window title bar state: overlay mode, drag disabled, window buttons hidden, title bar hidden
[2018.08.27-11.10.38:126][906]LogPlayLevel: Display: Shutting down PIE online subsystems
[2018.08.27-11.10.38:210][906]LogSlate: Updating window title bar state: overlay mode, drag disabled, window buttons hidden, title bar hidden
[2018.08.27-11.10.38:288][907]LogPlayLevel: Display: Destroying online subsystem :Context_5
[2018.08.27-11.12.51:744][386]LogSlate: FSceneViewport::OnFocusLost() reason 0
[2018.08.27-11.12.57:346][510]LogAssetEditorManager: Opening Asset editor for StaticMesh /Game/3D/Models/Weapons/guns/Bolter/bolter.bolter
[2018.08.27-11.13.35:945][ 50]LogSlate: FSceneViewport::OnFocusLost() reason 0
[2018.08.27-11.13.36:081][ 52]LogSlate: Window 'bolter' being destroyed
[2018.08.27-11.13.36:155][ 52]LogSlate: Window 'bolter' being destroyed
[2018.08.27-11.18.14:803][460]LogEditorViewport: Clicking on Actor (LMB): StaticMeshActor (Floor)
[2018.08.27-11.18.16:499][488]LogSlate: FSceneViewport::OnFocusLost() reason 0
[2018.08.27-11.18.16:587][490]LogTemp: Repeating last play command: Selected Viewport
[2018.08.27-11.18.16:652][490]LogPlayLevel: PlayLevel: No blueprints needed recompiling
[2018.08.27-11.18.16:652][490]PIE: New page: PIE session: warhammer (27 авг. 2018 г., 22:18:16)
[2018.08.27-11.18.16:653][490]LogPlayLevel: Creating play world package: /Game/UEDPIE_0_warhammer
[2018.08.27-11.18.16:676][490]LogPlayLevel: PIE: StaticDuplicateObject took: (0.022394s)
[2018.08.27-11.18.16:683][490]LogAIModule: Creating AISystem for world warhammer
[2018.08.27-11.18.16:684][490]LogPlayLevel: PIE: World Init took: (0.007703s)
[2018.08.27-11.18.16:684][490]LogPlayLevel: PIE: Created PIE world by copying editor world from /Game/warhammer.warhammer to /Game/UEDPIE_0_warhammer.warhammer (0.031036s)
[2018.08.27-11.18.16:807][490]LogInit: XAudio2 using 'Динамики (Realtek High Definition Audio)' : 2 channels at 48 kHz using 32 bits per sample (channel mask 0x3)
[2018.08.27-11.18.16:847][490]LogInit: FAudioDevice initialized.
[2018.08.27-11.18.16:896][490]LogLoad: Game class is 'GameModeBase'
[2018.08.27-11.18.16:901][490]LogWorld: Bringing World /Game/UEDPIE_0_warhammer.warhammer up for play (max tick rate 0) at 2018.08.27-16.18.16
[2018.08.27-11.18.16:903][490]LogWorld: Bringing up level for play took: 0.004448
[2018.08.27-11.18.16:920][490]PIE: Play in editor start time for /Game/UEDPIE_0_warhammer 0,331
[2018.08.27-11.18.41:122][119]LogSlate: Updating window title bar state: overlay mode, drag disabled, window buttons hidden, title bar hidden
[2018.08.27-11.18.41:193][119]LogPlayLevel: Display: Shutting down PIE online subsystems
[2018.08.27-11.18.41:308][119]LogSlate: Updating window title bar state: overlay mode, drag disabled, window buttons hidden, title bar hidden
[2018.08.27-11.18.41:396][120]LogPlayLevel: Display: Destroying online subsystem :Context_9
[2018.08.27-11.24.03:371][143]LogSlate: FSceneViewport::OnFocusLost() reason 0
[2018.08.27-11.24.06:507][202]LogAssetEditorManager: Opening Asset editor for Blueprint /Game/Code/Characters/NewBlueprint.NewBlueprint
[2018.08.27-11.25.02:453][226]LogSlate: FSceneViewport::OnFocusLost() reason 0
[2018.08.27-11.27.24:805][740]LogSlate: FSceneViewport::OnFocusLost() reason 0
[2018.08.27-11.27.25:418][744]LogSlate: Window 'NewBlueprint' being destroyed
[2018.08.27-11.27.25:575][744]LogSlate: Window 'Warhammer - Unreal Editor' being destroyed
[2018.08.27-11.27.26:083][745]Cmd: QUIT_EDITOR
[2018.08.27-11.27.26:878][745]LogWindowsTextInputMethodSystem: Display: IME system now deactivated.
[2018.08.27-11.27.26:936][745]LogExit: Preparing to exit.
[2018.08.27-11.27.27:684][745]LogExit: Editor shut down
[2018.08.27-11.27.27:685][745]LogExit: Transaction tracking system shut down
[2018.08.27-11.27.28:539][745]LogExit: Object subsystem successfully closed.
[2018.08.27-11.27.28:570][745]LogShaderCompilers: Display: Shaders left to compile 0
[2018.08.27-11.27.28:578][745]LogD3D11RHI: Shutdown
[2018.08.27-11.27.28:578][745]LogD3D11RHI: CleanupD3DDevice
[2018.08.27-11.27.28:585][745]LogD3D11RHI: ~FD3D11DynamicRHI
[2018.08.27-11.27.28:954][745]LogModuleManager: Shutting down and abandoning module StaticMeshEditor (620)
[2018.08.27-11.27.28:954][745]LogModuleManager: Shutting down and abandoning module BlueprintGraph (618)
[2018.08.27-11.27.28:954][745]LogModuleManager: Shutting down and abandoning module MovieSceneCapture (616)
[2018.08.27-11.27.28:954][745]LogModuleManager: Shutting down and abandoning module Voice (614)
[2018.08.27-11.27.28:954][745]LogModuleManager: Shutting down and abandoning module HierarchicalLODOutliner (612)
[2018.08.27-11.27.28:955][745]LogModuleManager: Shutting down and abandoning module SceneOutliner (610)
[2018.08.27-11.27.28:955][745]LogModuleManager: Shutting down and abandoning module AddContentDialog (608)
[2018.08.27-11.27.28:956][745]LogModuleManager: Shutting down and abandoning module WidgetCarousel (607)
[2018.08.27-11.27.28:956][745]LogModuleManager: Shutting down and abandoning module EditorWidgets (604)
[2018.08.27-11.27.28:956][745]LogModuleManager: Shutting down and abandoning module CollectionManager (602)
[2018.08.27-11.27.28:957][745]LogModuleManager: Shutting down and abandoning module HierarchicalLODUtilities (600)
[2018.08.27-11.27.28:957][745]LogModuleManager: Shutting down and abandoning module StatsViewer (598)
[2018.08.27-11.27.28:957][745]LogModuleManager: Shutting down and abandoning module FoliageEdit (596)
[2018.08.27-11.27.28:958][745]LogModuleManager: Shutting down and abandoning module LandscapeEditor (594)
[2018.08.27-11.27.28:958][745]LogModuleManager: Shutting down and abandoning module MeshPaintMode (592)
[2018.08.27-11.27.28:958][745]LogModuleManager: Shutting down and abandoning module SceneDepthPickerMode (590)
[2018.08.27-11.27.28:958][745]LogModuleManager: Shutting down and abandoning module ActorPickerMode (588)
[2018.08.27-11.27.28:959][745]LogModuleManager: Shutting down and abandoning module GeometryMode (586)
[2018.08.27-11.27.28:959][745]LogModuleManager: Shutting down and abandoning module TextureAlignMode (584)
[2018.08.27-11.27.28:959][745]LogModuleManager: Shutting down and abandoning module BspMode (582)
[2018.08.27-11.27.28:959][745]LogModuleManager: Shutting down and abandoning module PIEPreviewDeviceProfileSelector (580)
[2018.08.27-11.27.28:960][745]LogModuleManager: Shutting down and abandoning module SequenceRecorderSections (578)
[2018.08.27-11.27.28:960][745]LogModuleManager: Shutting down and abandoning module AutomationWorker (576)
[2018.08.27-11.27.28:960][745]LogModuleManager: Shutting down and abandoning module AudioCaptureEditor (574)
[2018.08.27-11.27.28:960][745]LogModuleManager: Shutting down and abandoning module SequenceRecorder (573)
[2018.08.27-11.27.28:960][745]LogModuleManager: Shutting down and abandoning module MatineeToLevelSequence (570)
[2018.08.27-11.27.28:960][745]LogModuleManager: Shutting down and abandoning module LevelSequenceEditor (568)
[2018.08.27-11.27.28:961][745]LogModuleManager: Shutting down and abandoning module PlacementMode (567)
[2018.08.27-11.27.28:961][745]LogModuleManager: Shutting down and abandoning module MaterialEditor (566)
[2018.08.27-11.27.28:961][745]LogModuleManager: Shutting down and abandoning module WmfMediaFactory (562)
[2018.08.27-11.27.28:961][745]LogModuleManager: Shutting down and abandoning module WmfMediaEditor (560)
[2018.08.27-11.27.28:961][745]LogModuleManager: Shutting down and abandoning module MediaPlayerEditor (558)
[2018.08.27-11.27.28:967][745]LogModuleManager: Shutting down and abandoning module OpenExrWrapper (556)
[2018.08.27-11.27.28:967][745]LogModuleManager: Shutting down and abandoning module ImgMediaFactory (554)
[2018.08.27-11.27.28:968][745]LogModuleManager: Shutting down and abandoning module ImgMediaEditor (552)
[2018.08.27-11.27.28:968][745]LogModuleManager: Shutting down and abandoning module AvfMediaFactory (550)
[2018.08.27-11.27.28:968][745]LogModuleManager: Shutting down and abandoning module AvfMediaEditor (548)
[2018.08.27-11.27.28:968][745]LogModuleManager: Shutting down and abandoning module AndroidMediaFactory (546)
[2018.08.27-11.27.28:968][745]LogModuleManager: Shutting down and abandoning module AndroidMediaEditor (544)
[2018.08.27-11.27.28:968][745]LogModuleManager: Shutting down and abandoning module MagicLeapCameraPreviewFactory (542)
[2018.08.27-11.27.28:968][745]LogModuleManager: Shutting down and abandoning module MagicLeapMediaFactory (540)
[2018.08.27-11.27.28:969][745]LogModuleManager: Shutting down and abandoning module MagicLeapMediaEditor (538)
[2018.08.27-11.27.28:969][745]LogModuleManager: Shutting down and abandoning module CharacterAI (536)
[2018.08.27-11.27.28:969][745]LogModuleManager: Shutting down and abandoning module SmartSnapping (534)
[2018.08.27-11.27.28:969][745]LogModuleManager: Shutting down and abandoning module SessionServices (532)
[2018.08.27-11.27.28:969][745]LogModuleManager: Shutting down and abandoning module ViewportSnapping (530)
[2018.08.27-11.27.28:970][745]LogModuleManager: Shutting down and abandoning module ViewportInteraction (528)
[2018.08.27-11.27.28:970][745]LogModuleManager: Shutting down and abandoning module ClothPainter (526)
[2018.08.27-11.27.28:970][745]LogModuleManager: Shutting down and abandoning module SkeletalMeshEditor (525)
[2018.08.27-11.27.28:970][745]LogModuleManager: Shutting down and abandoning module LogVisualizer (522)
[2018.08.27-11.27.28:971][745]LogModuleManager: Shutting down and abandoning module IntroTutorials (520)
[2018.08.27-11.27.28:971][745]LogModuleManager: Shutting down and abandoning module GameProjectGeneration (519)
[2018.08.27-11.27.28:971][745]LogModuleManager: Shutting down and abandoning module LuminPlatformEditor (516)
[2018.08.27-11.27.28:971][745]LogModuleManager: Shutting down and abandoning module IOSPlatformEditor (514)
[2018.08.27-11.27.28:972][745]LogModuleManager: Shutting down and abandoning module HTML5PlatformEditor (512)
[2018.08.27-11.27.28:972][745]LogModuleManager: Shutting down and abandoning module AndroidPlatformEditor (510)
[2018.08.27-11.27.28:972][745]LogModuleManager: Shutting down and abandoning module AndroidDeviceDetection (509)
[2018.08.27-11.27.29:709][745]LogModuleManager: Shutting down and abandoning module WindowsPlatformEditor (506)
[2018.08.27-11.27.29:709][745]LogModuleManager: Shutting down and abandoning module LuminRuntimeSettings (504)
[2018.08.27-11.27.29:709][745]LogModuleManager: Shutting down and abandoning module IOSRuntimeSettings (502)
[2018.08.27-11.27.29:709][745]LogModuleManager: Shutting down and abandoning module AndroidRuntimeSettings (500)
[2018.08.27-11.27.29:709][745]LogModuleManager: Shutting down and abandoning module InputBindingEditor (498)
[2018.08.27-11.27.29:710][745]LogModuleManager: Shutting down and abandoning module MergeActors (496)
[2018.08.27-11.27.29:710][745]LogModuleManager: Shutting down and abandoning module LocalizationDashboard (494)
[2018.08.27-11.27.29:710][745]LogModuleManager: Shutting down and abandoning module LocalizationService (493)
[2018.08.27-11.27.29:710][745]LogModuleManager: Shutting down and abandoning module HardwareTargeting (490)
[2018.08.27-11.27.29:710][745]LogModuleManager: Shutting down and abandoning module DeviceProfileEditor (488)
[2018.08.27-11.27.29:710][745]LogModuleManager: Shutting down and abandoning module UndoHistory (486)
[2018.08.27-11.27.29:711][745]LogModuleManager: Shutting down and abandoning module XmlParser (484)
[2018.08.27-11.27.29:711][745]LogModuleManager: Shutting down and abandoning module Blutility (482)
[2018.08.27-11.27.29:711][745]LogModuleManager: Shutting down and abandoning module ProjectSettingsViewer (480)
[2018.08.27-11.27.29:711][745]LogModuleManager: Shutting down and abandoning module ProjectTargetPlatformEditor (479)
[2018.08.27-11.27.29:711][745]LogModuleManager: Shutting down and abandoning module EditorSettingsViewer (476)
[2018.08.27-11.27.29:712][745]LogModuleManager: Shutting down and abandoning module SettingsEditor (474)
[2018.08.27-11.27.29:712][745]LogModuleManager: Shutting down and abandoning module ProjectLauncher (472)
[2018.08.27-11.27.29:712][745]LogModuleManager: Shutting down and abandoning module SessionFrontend (470)
[2018.08.27-11.27.29:712][745]LogModuleManager: Shutting down and abandoning module ProfilerClient (468)
[2018.08.27-11.27.29:712][745]LogModuleManager: Shutting down and abandoning module DeviceManager (466)
[2018.08.27-11.27.29:712][745]LogModuleManager: Shutting down and abandoning module TargetDeviceServices (465)
[2018.08.27-11.27.29:767][745]LogModuleManager: Shutting down and abandoning module AutomationController (462)
[2018.08.27-11.27.29:767][745]LogModuleManager: Shutting down and abandoning module AutomationWindow (460)
[2018.08.27-11.27.29:767][745]LogModuleManager: Shutting down and abandoning module Layers (458)
[2018.08.27-11.27.29:767][745]LogModuleManager: Shutting down and abandoning module ComponentVisualizers (456)
[2018.08.27-11.27.29:767][745]LogModuleManager: Shutting down and abandoning module DetailCustomizations (454)
[2018.08.27-11.27.29:768][745]LogModuleManager: Shutting down and abandoning module PackagesDialog (452)
[2018.08.27-11.27.29:768][745]LogModuleManager: Shutting down and abandoning module Persona (450)
[2018.08.27-11.27.29:768][745]LogModuleManager: Shutting down and abandoning module AdvancedPreviewScene (449)
[2018.08.27-11.27.29:768][745]LogModuleManager: Shutting down and abandoning module AnimGraph (447)
[2018.08.27-11.27.29:768][745]LogModuleManager: Shutting down and abandoning module Kismet (444)
[2018.08.27-11.27.29:784][745]LogModuleManager: Shutting down and abandoning module GraphEditor (442)
[2018.08.27-11.27.29:785][745]LogModuleManager: Shutting down and abandoning module ClassViewer (440)
[2018.08.27-11.27.29:785][745]LogModuleManager: Shutting down and abandoning module Toolbox (438)
[2018.08.27-11.27.29:785][745]LogModuleManager: Shutting down and abandoning module ModuleUI (436)
[2018.08.27-11.27.29:785][745]LogModuleManager: Shutting down and abandoning module MovieSceneTools (434)
[2018.08.27-11.27.29:785][745]LogModuleManager: Shutting down and abandoning module OutputLog (432)
[2018.08.27-11.27.29:785][745]LogModuleManager: Shutting down and abandoning module GammaUI (430)
[2018.08.27-11.27.29:786][745]LogModuleManager: Shutting down and abandoning module Documentation (428)
[2018.08.27-11.27.29:786][745]LogModuleManager: Shutting down and abandoning module MovieSceneTracks (426)
[2018.08.27-11.27.29:786][745]LogModuleManager: Shutting down and abandoning module MovieScene (424)
[2018.08.27-11.27.29:786][745]LogModuleManager: Shutting down and abandoning module StreamingPauseRendering (422)
[2018.08.27-11.27.29:786][745]LogModuleManager: Shutting down and abandoning module LauncherPlatform (420)
[2018.08.27-11.27.29:786][745]LogModuleManager: Shutting down and abandoning module AnalyticsET (418)
[2018.08.27-11.27.29:786][745]LogModuleManager: Shutting down and abandoning module PortalServices (416)
[2018.08.27-11.27.29:786][745]LogModuleManager: Shutting down and abandoning module PortalRpc (414)
[2018.08.27-11.27.29:786][745]LogModuleManager: Shutting down and abandoning module MessagingRpc (412)
[2018.08.27-11.27.29:786][745]LogModuleManager: Shutting down and abandoning module AIModule (410)
[2018.08.27-11.27.29:787][745]LogModuleManager: Shutting down and abandoning module GameplayDebugger (409)
[2018.08.27-11.27.29:787][745]LogModuleManager: Shutting down and abandoning module AITestSuite (407)
[2018.08.27-11.27.29:787][745]LogModuleManager: Shutting down and abandoning module NavigationSystem (405)
[2018.08.27-11.27.29:787][745]LogModuleManager: Shutting down and abandoning module DesktopPlatform (402)
[2018.08.27-11.27.29:787][745]LogModuleManager: Shutting down and abandoning module ProfilerService (400)
[2018.08.27-11.27.29:911][745]LogModuleManager: Shutting down and abandoning module TaskGraph (398)
[2018.08.27-11.27.29:912][745]LogModuleManager: Shutting down and abandoning module SteamVRController (396)
[2018.08.27-11.27.29:913][745]LogModuleManager: Shutting down and abandoning module ProceduralMeshComponentEditor (394)
[2018.08.27-11.27.29:913][745]LogModuleManager: Shutting down and abandoning module ProceduralMeshComponent (392)
[2018.08.27-11.27.29:913][745]LogModuleManager: Shutting down and abandoning module OculusInput (390)
[2018.08.27-11.27.29:913][745]LogModuleManager: Shutting down and abandoning module MobilePatchingUtils (388)
[2018.08.27-11.27.29:914][745]LogModuleManager: Shutting down and abandoning module EditableMesh (386)
[2018.08.27-11.27.29:914][745]LogModuleManager: Shutting down and abandoning module CustomMeshComponent (384)
[2018.08.27-11.27.29:914][745]LogModuleManager: Shutting down and abandoning module CableComponent (382)
[2018.08.27-11.27.29:914][745]LogModuleManager: Shutting down and abandoning module AudioCapture (380)
[2018.08.27-11.27.29:915][745]LogModuleManager: Shutting down and abandoning module ArchVisCharacter (378)
[2018.08.27-11.27.29:915][745]LogModuleManager: Shutting down and abandoning module AndroidPermission (376)
[2018.08.27-11.27.29:915][745]LogModuleManager: Shutting down and abandoning module NUTUnrealEngine4 (374)
[2018.08.27-11.27.29:915][745]LogModuleManager: Shutting down and abandoning module NetcodeUnitTest (372)
[2018.08.27-11.27.29:915][745]LogModuleManager: Shutting down and abandoning module MediaCompositingEditor (370)
[2018.08.27-11.27.29:915][745]LogModuleManager: Shutting down and abandoning module MediaCompositing (368)
[2018.08.27-11.27.29:915][745]LogModuleManager: Shutting down and abandoning module LinearTimecode (366)
[2018.08.27-11.27.29:916][745]LogModuleManager: Shutting down and abandoning module ImgMedia (364)
[2018.08.27-11.27.29:926][745]LogModuleManager: Shutting down and abandoning module HTML5Networking (362)
[2018.08.27-11.27.29:926][745]LogModuleManager: Shutting down and abandoning module GeometryCacheTracks (360)
[2018.08.27-11.27.29:926][745]LogModuleManager: Shutting down and abandoning module GeometryCacheSequencer (358)
[2018.08.27-11.27.29:926][745]LogModuleManager: Shutting down and abandoning module BackChannel (356)
[2018.08.27-11.27.29:926][745]LogModuleManager: Shutting down and abandoning module AppleVision (354)
[2018.08.27-11.27.29:926][745]LogModuleManager: Shutting down and abandoning module AppleImageUtils (352)
[2018.08.27-11.27.29:927][745]LogModuleManager: Shutting down and abandoning module AlembicImporter (350)
[2018.08.27-11.27.29:927][745]LogModuleManager: Shutting down and abandoning module AlembicLibrary (349)
[2018.08.27-11.27.29:927][745]LogModuleManager: Shutting down and abandoning module GeometryCache (348)
[2018.08.27-11.27.29:927][745]LogModuleManager: Shutting down and abandoning module GeometryCacheEd (347)
[2018.08.27-11.27.29:927][745]LogModuleManager: Shutting down and abandoning module DatasmithContentEditor (342)
[2018.08.27-11.27.29:927][745]LogModuleManager: Shutting down and abandoning module DatasmithContent (340)
[2018.08.27-11.27.29:928][745]LogModuleManager: Shutting down and abandoning module SpeedTreeImporter (338)
[2018.08.27-11.27.29:928][745]LogModuleManager: Shutting down and abandoning module PluginBrowser (336)
[2018.08.27-11.27.29:929][745]LogModuleManager: Shutting down and abandoning module MobileLauncherProfileWizard (334)
[2018.08.27-11.27.29:929][745]LogModuleManager: Shutting down and abandoning module PolygonModeling (332)
[2018.08.27-11.27.29:929][745]LogModuleManager: Shutting down and abandoning module MeshEditor (330)
[2018.08.27-11.27.29:929][745]LogModuleManager: Shutting down and abandoning module CryptoKeysOpenSSL (328)
[2018.08.27-11.27.29:930][745]LogModuleManager: Shutting down and abandoning module CryptoKeys (326)
[2018.08.27-11.27.29:930][745]LogModuleManager: Shutting down and abandoning module VisualStudioSourceCodeAccess (324)
[2018.08.27-11.27.29:930][745]LogModuleManager: Shutting down and abandoning module VisualStudioCodeSourceCodeAccess (322)
[2018.08.27-11.27.29:930][745]LogModuleManager: Shutting down and abandoning module UObjectPlugin (320)
[2018.08.27-11.27.29:930][745]LogModuleManager: Shutting down and abandoning module SubversionSourceControl (318)
[2018.08.27-11.27.29:930][745]LogModuleManager: Shutting down and abandoning module PerforceSourceControl (316)
[2018.08.27-11.27.29:931][745]LogModuleManager: Shutting down and abandoning module GitSourceControl (314)
[2018.08.27-11.27.29:931][745]LogModuleManager: Shutting down and abandoning module SourceControl (313)
[2018.08.27-11.27.29:931][745]LogModuleManager: Shutting down and abandoning module CLionSourceCodeAccess (310)
[2018.08.27-11.27.29:931][745]LogModuleManager: Shutting down and abandoning module LightPropagationVolumeEditor (308)
[2018.08.27-11.27.29:931][745]LogModuleManager: Shutting down and abandoning module PaperTiledImporter (306)
[2018.08.27-11.27.29:931][745]LogModuleManager: Shutting down and abandoning module PaperSpriteSheetImporter (304)
[2018.08.27-11.27.29:931][745]LogModuleManager: Shutting down and abandoning module Paper2DEditor (302)
[2018.08.27-11.27.29:931][745]LogModuleManager: Shutting down and abandoning module MeshPaint (301)
[2018.08.27-11.27.29:932][745]LogModuleManager: Shutting down and abandoning module RuntimePhysXCooking (298)
[2018.08.27-11.27.29:932][745]LogModuleManager: Shutting down and abandoning module PhysXVehiclesEditor (296)
[2018.08.27-11.27.29:932][745]LogModuleManager: Shutting down and abandoning module PhysXVehicles (294)
[2018.08.27-11.27.29:932][745]LogModuleManager: Shutting down and abandoning module OculusEditor (292)
[2018.08.27-11.27.29:932][745]LogModuleManager: Shutting down and abandoning module LocationServicesBPLibrary (290)
[2018.08.27-11.27.29:932][745]LogModuleManager: Shutting down and abandoning module ImmediatePhysicsEditor (288)
[2018.08.27-11.27.29:932][745]LogModuleManager: Shutting down and abandoning module ImmediatePhysics (286)
[2018.08.27-11.27.29:933][745]LogModuleManager: Shutting down and abandoning module ActorSequence (284)
[2018.08.27-11.27.29:933][745]LogModuleManager: Shutting down and abandoning module UdpMessaging (282)
[2018.08.27-11.27.30:034][745]LogModuleManager: Shutting down and abandoning module TcpMessaging (280)
[2018.08.27-11.27.30:135][745]LogModuleManager: Shutting down and abandoning module MagicLeapAudio (278)
[2018.08.27-11.27.30:135][745]LogModuleManager: Shutting down and abandoning module GameplayTagsEditor (276)
[2018.08.27-11.27.30:135][745]LogModuleManager: Shutting down and abandoning module FacialAnimationEditor (274)
[2018.08.27-11.27.30:135][745]LogModuleManager: Shutting down and abandoning module FacialAnimation (272)
[2018.08.27-11.27.30:135][745]LogModuleManager: Shutting down and abandoning module DataValidation (270)
[2018.08.27-11.27.30:135][745]LogModuleManager: Shutting down and abandoning module AssetManagerEditor (268)
[2018.08.27-11.27.30:136][745]LogModuleManager: Shutting down and abandoning module LevelEditor (267)
[2018.08.27-11.27.30:138][745]LogModuleManager: Shutting down and abandoning module PixelInspectorModule (266)
[2018.08.27-11.27.30:139][745]LogModuleManager: Shutting down and abandoning module CommonMenuExtensions (264)
[2018.08.27-11.27.30:139][745]LogModuleManager: Shutting down and abandoning module MainFrame (262)
[2018.08.27-11.27.30:140][745]LogModuleManager: Shutting down and abandoning module HotReload (261)
[2018.08.27-11.27.30:141][745]LogModuleManager: Shutting down and abandoning module ContentBrowser (257)
[2018.08.27-11.27.30:146][745]LogModuleManager: Shutting down and abandoning module TreeMap (255)
[2018.08.27-11.27.30:146][745]LogModuleManager: Shutting down and abandoning module LightPropagationVolumeRuntime (252)
[2018.08.27-11.27.30:146][745]LogModuleManager: Shutting down and abandoning module AISupportModule (250)
[2018.08.27-11.27.30:146][745]LogModuleManager: Shutting down and abandoning module Paper2D (248)
[2018.08.27-11.27.30:146][745]LogModuleManager: Shutting down and abandoning module WindowsMoviePlayer (246)
[2018.08.27-11.27.30:147][745]LogModuleManager: Shutting down and abandoning module WmfMedia (244)
[2018.08.27-11.27.30:153][745]LogModuleManager: Shutting down and abandoning module Media (243)
[2018.08.27-11.27.30:160][745]LogModuleManager: Shutting down and abandoning module PacketHandler (240)
[2018.08.27-11.27.30:160][745]LogModuleManager: Shutting down and abandoning module ClothingSystemEditor (238)
[2018.08.27-11.27.30:160][745]LogModuleManager: Shutting down and abandoning module ClothingSystemRuntime (236)
[2018.08.27-11.27.30:160][745]LogModuleManager: Shutting down and abandoning module MediaAssets (234)
[2018.08.27-11.27.30:160][745]LogModuleManager: Shutting down and abandoning module Overlay (232)
[2018.08.27-11.27.30:160][745]LogModuleManager: Shutting down and abandoning module OverlayEditor (231)
[2018.08.27-11.27.30:161][745]LogModuleManager: Shutting down and abandoning module VREditor (228)
[2018.08.27-11.27.30:161][745]LogModuleManager: Shutting down and abandoning module StringTableEditor (226)
[2018.08.27-11.27.30:161][745]LogModuleManager: Shutting down and abandoning module GameplayTasksEditor (224)
[2018.08.27-11.27.30:161][745]LogModuleManager: Shutting down and abandoning module BehaviorTreeEditor (222)
[2018.08.27-11.27.30:161][745]LogModuleManager: Shutting down and abandoning module FunctionalTesting (220)
[2018.08.27-11.27.30:161][745]LogModuleManager: Shutting down and abandoning module CollisionAnalyzer (218)
[2018.08.27-11.27.30:161][745]LogModuleManager: Shutting down and abandoning module WorkspaceMenuStructure (217)
[2018.08.27-11.27.30:161][745]LogModuleManager: Shutting down and abandoning module UMG (214)
[2018.08.27-11.27.30:161][745]LogModuleManager: Shutting down and abandoning module UMGEditor (213)
[2018.08.27-11.27.30:162][745]LogModuleManager: Shutting down and abandoning module Sequencer (212)
[2018.08.27-11.27.30:162][745]LogModuleManager: Shutting down and abandoning module MessageLog (209)
[2018.08.27-11.27.30:162][745]LogModuleManager: Shutting down and abandoning module SlateReflector (204)
[2018.08.27-11.27.30:163][745]LogModuleManager: Shutting down and abandoning module Slate (202)
[2018.08.27-11.27.30:163][745]LogModuleManager: Shutting down and abandoning module EditorStyle (200)
[2018.08.27-11.27.30:169][745]LogModuleManager: Shutting down and abandoning module MRMesh (198)
[2018.08.27-11.27.30:169][745]LogModuleManager: Shutting down and abandoning module SourceCodeAccess (196)
[2018.08.27-11.27.30:170][745]LogModuleManager: Shutting down and abandoning module HeadMountedDisplay (194)
[2018.08.27-11.27.30:170][745]LogModuleManager: Shutting down and abandoning module XAudio2 (192)
[2018.08.27-11.27.30:170][745]LogModuleManager: Shutting down and abandoning module Networking (190)
[2018.08.27-11.27.30:170][745]LogModuleManager: Shutting down and abandoning module Core (188)
[2018.08.27-11.27.30:170][745]LogModuleManager: Shutting down and abandoning module LevelSequence (186)
[2018.08.27-11.27.30:170][745]LogModuleManager: Shutting down and abandoning module KismetCompiler (184)
[2018.08.27-11.27.30:170][745]LogModuleManager: Shutting down and abandoning module MeshUtilities (182)
[2018.08.27-11.27.30:170][745]LogModuleManager: Shutting down and abandoning module MeshMergeUtilities (181)
[2018.08.27-11.27.30:170][745]LogModuleManager: Shutting down and abandoning module MeshReductionInterface (180)
[2018.08.27-11.27.30:171][745]LogModuleManager: Shutting down and abandoning module SimplygonSwarm (179)
[2018.08.27-11.27.30:171][745]LogModuleManager: Shutting down and abandoning module ProxyLODMeshReduction (177)
[2018.08.27-11.27.30:171][745]LogModuleManager: Shutting down and abandoning module SimplygonMeshReduction (175)
[2018.08.27-11.27.30:171][745]LogModuleManager: Shutting down and abandoning module QuadricMeshReduction (173)
[2018.08.27-11.27.30:171][745]LogModuleManager: Shutting down and abandoning module MaterialBaking (169)
[2018.08.27-11.27.30:171][745]LogModuleManager: Shutting down and abandoning module DirectoryWatcher (165)
[2018.08.27-11.27.30:171][745]LogModuleManager: Shutting down and abandoning module DerivedDataCache (162)
[2018.08.27-11.27.30:267][745]LogDerivedDataCache: Shutdown
[2018.08.27-11.27.30:267][745]LogModuleManager: Shutting down and abandoning module XGEController (160)
[2018.08.27-11.27.30:268][745]LogXGEController: Cleaning working directory: C:/Users/Андрей/AppData/Local/Temp/UnrealXGEWorkingDir/
[2018.08.27-11.27.30:268][745]LogModuleManager: Shutting down and abandoning module TargetPlatform (158)
[2018.08.27-11.27.30:268][745]LogModuleManager: Shutting down and abandoning module VulkanShaderFormat (157)
[2018.08.27-11.27.30:268][745]LogModuleManager: Shutting down and abandoning module ShaderFormatVectorVM (155)
[2018.08.27-11.27.30:268][745]LogModuleManager: Shutting down and abandoning module ShaderFormatOpenGL (153)
[2018.08.27-11.27.30:268][745]LogModuleManager: Shutting down and abandoning module ShaderFormatD3D (151)
[2018.08.27-11.27.30:268][745]LogModuleManager: Shutting down and abandoning module MetalShaderFormat (149)
[2018.08.27-11.27.30:268][745]LogModuleManager: Shutting down and abandoning module TextureFormatUncompressed (147)
[2018.08.27-11.27.30:268][745]LogModuleManager: Shutting down and abandoning module TextureFormatPVR (145)
[2018.08.27-11.27.30:268][745]LogModuleManager: Shutting down and abandoning module TextureFormatDXT (143)
[2018.08.27-11.27.30:269][745]LogModuleManager: Shutting down and abandoning module TextureFormatIntelISPCTexComp (141)
[2018.08.27-11.27.30:269][745]LogModuleManager: Shutting down and abandoning module TextureFormatASTC (139)
[2018.08.27-11.27.30:269][745]LogModuleManager: Shutting down and abandoning module ImageWrapper (138)
[2018.08.27-11.27.30:269][745]LogModuleManager: Shutting down and abandoning module TextureFormatAndroid (135)
[2018.08.27-11.27.30:269][745]LogModuleManager: Shutting down and abandoning module AudioFormatOpus (133)
[2018.08.27-11.27.30:269][745]LogModuleManager: Shutting down and abandoning module AudioFormatOgg (131)
[2018.08.27-11.27.30:269][745]LogModuleManager: Shutting down and abandoning module AudioFormatADPCM (129)
[2018.08.27-11.27.30:269][745]LogModuleManager: Shutting down and abandoning module LuminTargetPlatform (127)
[2018.08.27-11.27.30:269][745]LogModuleManager: Shutting down and abandoning module LinuxTargetPlatform (125)
[2018.08.27-11.27.30:269][745]LogModuleManager: Shutting down and abandoning module LinuxServerTargetPlatform (123)
[2018.08.27-11.27.30:269][745]LogModuleManager: Shutting down and abandoning module LinuxNoEditorTargetPlatform (121)
[2018.08.27-11.27.30:269][745]LogModuleManager: Shutting down and abandoning module LinuxClientTargetPlatform (119)
[2018.08.27-11.27.30:269][745]LogModuleManager: Shutting down and abandoning module TVOSTargetPlatform (117)
[2018.08.27-11.27.30:271][745]LogModuleManager: Shutting down and abandoning module Messaging (115)
[2018.08.27-11.27.30:271][745]LogModuleManager: Shutting down and abandoning module IOSTargetPlatform (113)
[2018.08.27-11.27.30:274][745]LogModuleManager: Shutting down and abandoning module HTML5TargetPlatform (111)
[2018.08.27-11.27.30:274][745]LogModuleManager: Shutting down and abandoning module AndroidTargetPlatform (109)
[2018.08.27-11.27.30:294][745]LogModuleManager: Shutting down and abandoning module WindowsTargetPlatform (107)
[2018.08.27-11.27.30:294][745]LogModuleManager: Shutting down and abandoning module WindowsServerTargetPlatform (105)
[2018.08.27-11.27.30:294][745]LogModuleManager: Shutting down and abandoning module WindowsNoEditorTargetPlatform (103)
[2018.08.27-11.27.30:294][745]LogModuleManager: Shutting down and abandoning module WindowsClientTargetPlatform (101)
[2018.08.27-11.27.30:294][745]LogModuleManager: Shutting down and abandoning module MacTargetPlatform (99)
[2018.08.27-11.27.30:294][745]LogModuleManager: Shutting down and abandoning module MacServerTargetPlatform (97)
[2018.08.27-11.27.30:294][745]LogModuleManager: Shutting down and abandoning module MacNoEditorTargetPlatform (95)
[2018.08.27-11.27.30:294][745]LogModuleManager: Shutting down and abandoning module MacClientTargetPlatform (93)
[2018.08.27-11.27.30:295][745]LogModuleManager: Shutting down and abandoning module AllDesktopTargetPlatform (91)
[2018.08.27-11.27.30:295][745]LogModuleManager: Shutting down and abandoning module InputCore (88)
[2018.08.27-11.27.30:295][745]LogModuleManager: Shutting down and abandoning module Settings (86)
[2018.08.27-11.27.30:295][745]LogModuleManager: Shutting down and abandoning module PhysXCooking (84)
[2018.08.27-11.27.30:295][745]LogModuleManager: Shutting down and abandoning module SteamVR (82)
[2018.08.27-11.27.30:295][745]LogModuleManager: Shutting down and abandoning module OculusHMD (80)
[2018.08.27-11.27.30:296][745]LogModuleManager: Shutting down and abandoning module ExampleDeviceProfileSelector (78)
[2018.08.27-11.27.30:296][745]LogModuleManager: Shutting down and abandoning module LauncherChunkInstaller (76)
[2018.08.27-11.27.30:296][745]LogModuleManager: Shutting down and abandoning module OnlineBlueprintSupport (74)
[2018.08.27-11.27.30:296][745]LogModuleManager: Shutting down and abandoning module OnlineSubsystem (70)
[2018.08.27-11.27.30:299][745]LogModuleManager: Shutting down and abandoning module XMPP (65)
[2018.08.27-11.27.30:299][745]LogModuleManager: Shutting down and abandoning module WebSockets (64)
[2018.08.27-11.27.30:312][745]LogModuleManager: Shutting down and abandoning module HTTP (61)
[2018.08.27-11.27.30:312][745]LogHttp: Display: Http module shutting down, but needs to wait on 1 outstanding Http requests:
[2018.08.27-11.27.30:313][745]LogHttp: Display: 	verb=[POST] url=[https://datarouter.ol.epicgames.com/datarouter/api/v1/public/data?SessionID=%7B2F56C4FC-4631-1FEC-1A37-148552F445A5%7D&AppID=UEEditor.Rocket.Release&AppVersion=4.20.2-4302132%2B%2B%2BUE4%2BRelease-4.20&UserID=f4ac65e044630a98ec620b9606adfa3a%7Ccec6d2080c8b49f3b7d752523df8e451%7C15d354fd-8471-443b-ab78-eb750ff49c48&AppEnvironment=datacollector-binary&UploadType=eteventstream] status=Processing
[2018.08.27-11.27.30:344][745]LogModuleManager: Shutting down and abandoning module SSL (60)
[2018.08.27-11.27.30:348][745]LogModuleManager: Shutting down and abandoning module MagicLeapEmulator (56)
[2018.08.27-11.27.30:349][745]LogModuleManager: Shutting down and abandoning module MagicLeapPrivileges (54)
[2018.08.27-11.27.30:349][745]LogModuleManager: Shutting down and abandoning module MagicLeapIdentity (52)
[2018.08.27-11.27.30:349][745]LogModuleManager: Shutting down and abandoning module MagicLeapHelperVulkan (50)
[2018.08.27-11.27.30:349][745]LogModuleManager: Shutting down and abandoning module MagicLeapHelperOpenGL (48)
[2018.08.27-11.27.30:349][745]LogModuleManager: Shutting down and abandoning module MagicLeapSecureStorage (46)
[2018.08.27-11.27.30:349][745]LogModuleManager: Shutting down and abandoning module MagicLeapGestures (44)
[2018.08.27-11.27.30:349][745]LogModuleManager: Shutting down and abandoning module MagicLeapEyeTracker (42)
[2018.08.27-11.27.30:349][745]LogModuleManager: Shutting down and abandoning module MagicLeapController (40)
[2018.08.27-11.27.30:350][745]LogSlate: Slate User Destroyed.  User Index 0, Is Virtual User: 0
[2018.08.27-11.27.30:350][745]LogModuleManager: Shutting down and abandoning module MagicLeap (38)
[2018.08.27-11.27.30:350][745]LogModuleManager: Shutting down and abandoning module AnimationModifiers (36)
[2018.08.27-11.27.30:350][745]LogModuleManager: Shutting down and abandoning module PropertyEditor (35)
[2018.08.27-11.27.30:351][745]LogModuleManager: Shutting down and abandoning module AudioEditor (32)
[2018.08.27-11.27.30:351][745]LogModuleManager: Shutting down and abandoning module TextureCompressor (30)
[2018.08.27-11.27.30:351][745]LogModuleManager: Shutting down and abandoning module ShaderCore (28)
[2018.08.27-11.27.30:351][745]LogModuleManager: Shutting down and abandoning module Landscape (26)
[2018.08.27-11.27.30:352][745]LogModuleManager: Shutting down and abandoning module SlateRHIRenderer (24)
[2018.08.27-11.27.30:353][745]LogModuleManager: Shutting down and abandoning module OpenGLDrv (22)
[2018.08.27-11.27.30:353][745]LogModuleManager: Shutting down and abandoning module D3D11RHI (20)
[2018.08.27-11.27.30:353][745]LogModuleManager: Shutting down and abandoning module AnimGraphRuntime (18)
[2018.08.27-11.27.30:353][745]LogModuleManager: Shutting down and abandoning module Renderer (16)
[2018.08.27-11.27.30:353][745]LogModuleManager: Shutting down and abandoning module Engine (14)
[2018.08.27-11.27.30:354][745]LogModuleManager: Shutting down and abandoning module CoreUObject (12)
[2018.08.27-11.27.30:354][745]LogModuleManager: Shutting down and abandoning module NetworkFile (10)
[2018.08.27-11.27.30:354][745]LogModuleManager: Shutting down and abandoning module CookedIterativeFile (8)
[2018.08.27-11.27.30:354][745]LogModuleManager: Shutting down and abandoning module StreamingFile (6)
[2018.08.27-11.27.30:354][745]LogModuleManager: Shutting down and abandoning module SandboxFile (4)
[2018.08.27-11.27.30:354][745]LogModuleManager: Shutting down and abandoning module PakFile (2)
[2018.08.27-11.27.30:362][745]LogExit: Exiting.
[2018.08.27-11.27.30:372][745]Log file closed, 08/27/18 16:27:30
