Log file open, 01/06/19 22:22:15
LogWindows: Failed to load 'aqProf.dll' (GetLastError=126)
LogWindows: File 'aqProf.dll' does not exist
LogWindows: Failed to load 'VtuneApi.dll' (GetLastError=126)
LogWindows: File 'VtuneApi.dll' does not exist
LogWindows: Failed to load 'VtuneApi32e.dll' (GetLastError=126)
LogWindows: File 'VtuneApi32e.dll' does not exist
LogInit: Display: Running engine for game: WarhammerOnline
LogPlatformFile: Not using cached read wrapper
LogTaskGraph: Started task graph with 5 named threads and 11 total threads with 3 sets of task threads.
LogStats: Stats thread started at 0.363299
LogD3D11RHI: Loaded GFSDK_Aftermath_Lib.x64.dll
LogICUInternationalization: Display: ICU TimeZone Detection - Raw Offset: +6:00, Platform Override: ''
LogPluginManager: Mounting plugin Paper2D
LogPluginManager: Mounting plugin AdvancedSessions
LogPluginManager: Mounting plugin AdvancedSteamSessions
LogPluginManager: Mounting plugin AISupport
LogPluginManager: Mounting plugin LightPropagationVolume
LogPluginManager: Mounting plugin CLionSourceCodeAccess
LogPluginManager: Mounting plugin CodeLiteSourceCodeAccess
LogPluginManager: Mounting plugin GitSourceControl
LogPluginManager: Mounting plugin KDevelopSourceCodeAccess
LogPluginManager: Mounting plugin NullSourceCodeAccess
LogPluginManager: Mounting plugin PerforceSourceControl
LogPluginManager: Mounting plugin SubversionSourceControl
LogPluginManager: Mounting plugin UObjectPlugin
LogPluginManager: Mounting plugin VisualStudioCodeSourceCodeAccess
LogPluginManager: Mounting plugin VisualStudioSourceCodeAccess
LogPluginManager: Mounting plugin XCodeSourceCodeAccess
LogPluginManager: Mounting plugin AssetManagerEditor
LogPluginManager: Mounting plugin CryptoKeys
LogPluginManager: Mounting plugin DataValidation
LogPluginManager: Mounting plugin FacialAnimation
LogPluginManager: Mounting plugin GameplayTagsEditor
LogPluginManager: Mounting plugin MacGraphicsSwitching
LogPluginManager: Mounting plugin MeshEditor
LogPluginManager: Mounting plugin MobileLauncherProfileWizard
LogPluginManager: Mounting plugin PluginBrowser
LogPluginManager: Mounting plugin SpeedTreeImporter
LogPluginManager: Mounting plugin DatasmithContent
LogPluginManager: Mounting plugin AlembicImporter
LogPluginManager: Mounting plugin AppleImageUtils
LogPluginManager: Mounting plugin AppleVision
LogPluginManager: Mounting plugin BackChannel
LogPluginManager: Mounting plugin CharacterAI
LogPluginManager: Mounting plugin GeometryCache
LogPluginManager: Mounting plugin HTML5Networking
LogPluginManager: Mounting plugin ProxyLODPlugin
LogPluginManager: Mounting plugin MagicLeap
LogPluginManager: Mounting plugin MagicLeapEmulator
LogPluginManager: Mounting plugin MagicLeapMedia
LogPluginManager: Mounting plugin AndroidMedia
LogPluginManager: Mounting plugin AvfMedia
LogPluginManager: Mounting plugin ImgMedia
LogPluginManager: Mounting plugin LinearTimecode
LogPluginManager: Mounting plugin MediaCompositing
LogPluginManager: Mounting plugin MediaPlayerEditor
LogPluginManager: Mounting plugin WmfMedia
LogPluginManager: Mounting plugin TcpMessaging
LogPluginManager: Mounting plugin UdpMessaging
LogPluginManager: Mounting plugin ActorSequence
LogPluginManager: Mounting plugin LevelSequenceEditor
LogPluginManager: Mounting plugin MatineeToLevelSequence
LogPluginManager: Mounting plugin NetcodeUnitTest
LogPluginManager: Mounting plugin NUTUnrealEngine4
LogPluginManager: Mounting plugin OnlineSubsystem
LogPluginManager: Mounting plugin OnlineSubsystemNull
LogPluginManager: Mounting plugin OnlineSubsystemSteam
LogPluginManager: Mounting plugin OnlineSubsystemUtils
LogPluginManager: Mounting plugin LauncherChunkInstaller
LogPluginManager: Mounting plugin AndroidDeviceProfileSelector
LogPluginManager: Mounting plugin AndroidMoviePlayer
LogPluginManager: Mounting plugin AndroidPermission
LogPluginManager: Mounting plugin AppleMoviePlayer
LogPluginManager: Mounting plugin ArchVisCharacter
LogPluginManager: Mounting plugin AudioCapture
LogPluginManager: Mounting plugin CableComponent
LogPluginManager: Mounting plugin CustomMeshComponent
LogPluginManager: Mounting plugin EditableMesh
LogPluginManager: Mounting plugin ExampleDeviceProfileSelector
LogPluginManager: Mounting plugin GoogleCloudMessaging
LogPluginManager: Mounting plugin ImmediatePhysics
LogPluginManager: Mounting plugin IOSDeviceProfileSelector
LogPluginManager: Mounting plugin LinuxDeviceProfileSelector
LogPluginManager: Mounting plugin LocationServicesBPLibrary
LogPluginManager: Mounting plugin MobilePatchingUtils
LogPluginManager: Mounting plugin OculusVR
LogPluginManager: Plugin shader directory ../../../Engine/Plugins/Runtime/Oculus/OculusVR/Shaders found
LogPluginManager: Mapping shader source directory ../../../Engine/Plugins/Runtime/Oculus/OculusVR/Shaders to virtual directory /Plugin/OculusVR
LogPluginManager: Mounting plugin PhysXVehicles
LogPluginManager: Mounting plugin ProceduralMeshComponent
LogPluginManager: Mounting plugin RuntimePhysXCooking
LogPluginManager: Mounting plugin WindowsMoviePlayer
LogStreaming: Display: Took  0.128s to configure plugins.
LogInit: Using libcurl 7.55.1-DEV
LogInit:  - built for x86_64-pc-win32
LogInit:  - supports SSL with OpenSSL/1.0.2h
LogInit:  - supports HTTP deflate (compression) using libz 1.2.8
LogInit:  - other features:
LogInit:      CURL_VERSION_SSL
LogInit:      CURL_VERSION_LIBZ
LogInit:      CURL_VERSION_IPV6
LogInit:      CURL_VERSION_ASYNCHDNS
LogInit:      CURL_VERSION_LARGEFILE
LogInit:      CURL_VERSION_IDN
LogInit:  CurlRequestOptions (configurable via config and command line):
LogInit:  - bVerifyPeer = false  - Libcurl will NOT verify peer certificate
LogInit:  - bUseHttpProxy = false  - Libcurl will NOT use HTTP proxy
LogInit:  - bDontReuseConnections = false  - Libcurl will reuse connections
LogInit:  - CertBundlePath = nullptr  - Libcurl will use whatever was configured at build time.
LogInit:  - MaxHostConnections = 16  - Libcurl will limit the number of connections to a host
LogInit:  - LocalHostAddr = Default
LogInit:  - BufferSize = 65536
LogOnline: Display: STEAM: Loading Steam SDK 1.39
LogInit: WinSock: version 1.1 (2.2), MaxSocks=32767, MaxUdp=65467
LogInit: Build: ++UE4+Release-4.20-CL-0
LogInit: Engine Version: 4.20.3-0+++UE4+Release-4.20
LogInit: Compatible Engine Version: 4.20.0-0+++UE4+Release-4.20
LogInit: Net CL: 0
LogInit: OS: Windows 10 (), CPU:        Intel(R) Core(TM) i5-3230M CPU @ 2.60GHz, GPU: Intel(R) HD Graphics 4000
LogInit: Compiled (64-bit): Sep 30 2018 14:13:00
LogInit: Compiled with Visual C++: 19.15.26730.00
LogInit: Build Configuration: Development
LogInit: Branch Name: ++UE4+Release-4.20
LogInit: Command Line:  /Game/Maps/MainMenu -game -PIEVIACONSOLE -ResX=1280 -ResY=720  -Multiprocess -messaging -SessionName="Play in Standalone Game" -windowed 
LogInit: Base Directory: D:/Engine/UnrealEngine-4.20/Engine/Binaries/Win64/
LogInit: Installed Engine Build: 0
LogDevObjectVersion: Number of dev versions registered: 20
LogDevObjectVersion:   Dev-Blueprints (B0D832E4-1F89-4F0D-ACCF-7EB736FD4AA2): 10
LogDevObjectVersion:   Dev-Build (E1C64328-A22C-4D53-A36C-8E866417BD8C): 0
LogDevObjectVersion:   Dev-Core (375EC13C-06E4-48FB-B500-84F0262A717E): 2
LogDevObjectVersion:   Dev-Editor (E4B068ED-F494-42E9-A231-DA0B2E46BB41): 24
LogDevObjectVersion:   Dev-Framework (CFFC743F-43B0-4480-9391-14DF171D2073): 34
LogDevObjectVersion:   Dev-Mobile (B02B49B5-BB20-44E9-A304-32B752E40360): 2
LogDevObjectVersion:   Dev-Networking (A4E4105C-59A1-49B5-A7C5-40C4547EDFEE): 0
LogDevObjectVersion:   Dev-Online (39C831C9-5AE6-47DC-9A44-9C173E1C8E7C): 0
LogDevObjectVersion:   Dev-Physics (78F01B33-EBEA-4F98-B9B4-84EACCB95AA2): 0
LogDevObjectVersion:   Dev-Platform (6631380F-2D4D-43E0-8009-CF276956A95A): 0
LogDevObjectVersion:   Dev-Rendering (12F88B9F-8875-4AFC-A67C-D90C383ABD29): 26
LogDevObjectVersion:   Dev-Sequencer (7B5AE74C-D270-4C10-A958-57980B212A5A): 9
LogDevObjectVersion:   Dev-VR (D7296918-1DD6-4BDD-9DE2-64A83CC13884): 2
LogDevObjectVersion:   Dev-LoadTimes (C2A15278-BFE7-4AFE-6C17-90FF531DF755): 1
LogDevObjectVersion:   Private-Geometry (6EACA3D4-40EC-4CC1-B786-8BED09428FC5): 3
LogDevObjectVersion:   Dev-AnimPhys (29E575DD-E0A3-4627-9D10-D276232CDCEA): 17
LogDevObjectVersion:   Dev-ReflectionCapture (6B266CEC-1EC7-4B8F-A30B-E4D90942FC07): 1
LogDevObjectVersion:   Dev-Automation (0DF73D61-A23F-47EA-B727-89E90C41499A): 1
LogDevObjectVersion:   FortniteMain (601D1886-AC64-4F84-AA16-D3DE0DEAC7D6): 12
LogDevObjectVersion:   Dev-Enterprise (9DFFBCD6-494F-0158-E221-12823C92A888): 1
LogStreaming: Display: Took  0.005s to delete old logs.
LogInit: Presizing for max 8388607 objects, including 0 objects not considered by GC, pre-allocating 0 bytes for permanent pool.
LogInit: Object subsystem initialized
[2019.01.06-17.22.17:061][  0]LogInit: Selected Device Profile: [Windows]
[2019.01.06-17.22.17:061][  0]LogInit: Applying CVar settings loaded from the selected device profile: [Windows]
[2019.01.06-17.22.17:091][  0]LogHAL: Display: Platform has ~ 8 GB [8473120768 / 8589934592 / 8], which maps to Default [LargestMinGB=32, LargerMinGB=12, DefaultMinGB=8, SmallerMinGB=6, SmallestMinGB=0)
[2019.01.06-17.22.17:091][  0]LogInit: Setting Device Profile CVar: [[r.Vulkan.UseRealUBs:1]]
[2019.01.06-17.22.17:091][  0]LogInit: Going up to parent DeviceProfile []
[2019.01.06-17.22.17:091][  0]LogInit: Computer: DESKTOP-O8P7830
[2019.01.06-17.22.17:092][  0]LogInit: User: Andre
[2019.01.06-17.22.17:092][  0]LogInit: CPU Page size=4096, Cores=2
[2019.01.06-17.22.17:092][  0]LogInit: High frequency timer resolution =2.533314 MHz
[2019.01.06-17.22.17:092][  0]LogMemory: Memory total: Physical=7.9GB (8GB approx)
[2019.01.06-17.22.17:092][  0]LogMemory: Platform Memory Stats for Windows
[2019.01.06-17.22.17:092][  0]LogMemory: Process Physical Memory: 126.12 MB used, 126.12 MB peak
[2019.01.06-17.22.17:092][  0]LogMemory: Process Virtual Memory: 97.36 MB used, 97.36 MB peak
[2019.01.06-17.22.17:092][  0]LogMemory: Physical Memory: 6493.48 MB used,  1587.11 MB free, 8080.60 MB total
[2019.01.06-17.22.17:092][  0]LogMemory: Virtual Memory: 4728.50 MB used,  1587.11 MB free, 134217728.00 MB total
[2019.01.06-17.22.17:196][  0]LogInit: Using OS detected language (ru-RU).
[2019.01.06-17.22.17:196][  0]LogInit: Using OS detected locale (ru-RU).
[2019.01.06-17.22.17:197][  0]LogTextLocalizationManager: No specific localization for 'ru-RU' exists, so the 'ru' localization will be used.
[2019.01.06-17.22.17:212][  0]LogStreaming: Display: Took  0.016s to InitEngineTextLocalization.
[2019.01.06-17.22.17:272][  0]LogSlate: New Slate User Created.  User Index 0, Is Virtual User: 0
[2019.01.06-17.22.17:272][  0]LogSlate: Slate User Registered.  User Index 0, Is Virtual User: 0
[2019.01.06-17.22.17:336][  0]LogD3D11RHI: D3D11 adapters:
[2019.01.06-17.22.17:502][  0]LogD3D11RHI:    0. 'NVIDIA GeForce GTX 660M' (Feature Level 11_0)
[2019.01.06-17.22.17:502][  0]LogD3D11RHI:       2007/0/4040 MB DedicatedVideo/DedicatedSystem/SharedSystem, Outputs:1, VendorId:0x10de
[2019.01.06-17.22.17:513][  0]LogD3D11RHI:    1. 'Intel(R) HD Graphics 4000' (Feature Level 11_0)
[2019.01.06-17.22.17:513][  0]LogD3D11RHI:       32/0/1760 MB DedicatedVideo/DedicatedSystem/SharedSystem, Outputs:0, VendorId:0x8086
[2019.01.06-17.22.17:519][  0]LogD3D11RHI:    2. 'Microsoft Basic Render Driver' (Feature Level 11_0)
[2019.01.06-17.22.17:519][  0]LogD3D11RHI:       0/0/4040 MB DedicatedVideo/DedicatedSystem/SharedSystem, Outputs:0, VendorId:0x1414
[2019.01.06-17.22.17:519][  0]LogD3D11RHI: Chosen D3D11 Adapter: 0
[2019.01.06-17.22.17:578][  0]LogD3D11RHI: Creating new Direct3DDevice
[2019.01.06-17.22.17:579][  0]LogD3D11RHI:     GPU DeviceId: 0xfd4 (for the marketing name, search the web for "GPU Device Id")
[2019.01.06-17.22.17:579][  0]LogWindows: EnumDisplayDevices:
[2019.01.06-17.22.17:579][  0]LogWindows:    0. 'Intel(R) HD Graphics 4000' (P:1 D:1)
[2019.01.06-17.22.17:580][  0]LogWindows:    1. 'Intel(R) HD Graphics 4000' (P:0 D:0)
[2019.01.06-17.22.17:580][  0]LogWindows:    2. 'Intel(R) HD Graphics 4000' (P:0 D:0)
[2019.01.06-17.22.17:581][  0]LogWindows: DebugString: PrimaryIsNotTheChoosenAdapter PrimaryIsNotTheChoosenAdapter PrimaryIsNotTheChoosenAdapter FoundDriverCount:0 
[2019.01.06-17.22.17:581][  0]LogD3D11RHI:     Adapter Name: NVIDIA GeForce GTX 660M
[2019.01.06-17.22.17:581][  0]LogD3D11RHI:   Driver Version: Unknown (internal:Unknown, unified:Unknown)
[2019.01.06-17.22.17:581][  0]LogD3D11RHI:      Driver Date: Unknown
[2019.01.06-17.22.17:581][  0]LogRHI: Texture pool is 1405 MB (70% of 2007 MB)
[2019.01.06-17.22.17:692][  0]LogD3D11RHI: Async texture creation enabled
[2019.01.06-17.22.17:715][  0]LogD3D11RHI: GPU Timing Frequency: 1000.000000 (Debug: 2 2)
[2019.01.06-17.22.17:717][  0]LogShaderCompilers: Guid format shader working directory is -5 characters bigger than the processId version (../../../../../Unreal/UnrealProject/WarhammerOnline/Intermediate/Shaders/WorkingDirectory/4648/).
[2019.01.06-17.22.17:717][  0]LogShaderCompilers: Cleaned the shader compiler working directory 'C:/Users/Andre/AppData/Local/Temp/UnrealShaderWorkingDir/AA0A20944CE1ABFD9CE3718C335E2C61/'.
[2019.01.06-17.22.18:406][  0]LogTemp: Display: Loaded TP WindowsClientTargetPlatform
[2019.01.06-17.22.18:425][  0]LogTemp: Display: Loaded TP WindowsNoEditorTargetPlatform
[2019.01.06-17.22.18:441][  0]LogTemp: Display: Loaded TP WindowsServerTargetPlatform
[2019.01.06-17.22.18:462][  0]LogTemp: Display: Loaded TP WindowsTargetPlatform
[2019.01.06-17.22.18:462][  0]LogTargetPlatformManager: Display: Building Assets For Windows
[2019.01.06-17.22.18:559][  0]LogXGEController: Cannot use XGE Controller as Incredibuild is not installed on this machine.
[2019.01.06-17.22.18:560][  0]LogShaderCompilers: Cannot use XGE Shader Compiler as Incredibuild is not installed on this machine.
[2019.01.06-17.22.18:560][  0]LogShaderCompilers: Display: Using Local Shader Compiler.
[2019.01.06-17.22.19:717][  0]LogDerivedDataCache: Display: Max Cache Size: 512 MB
[2019.01.06-17.22.19:841][  0]LogDerivedDataCache: Loaded boot cache 0.12s 71MB ../../../../../Unreal/UnrealProject/WarhammerOnline/DerivedDataCache/Boot.ddc.
[2019.01.06-17.22.19:842][  0]LogDerivedDataCache: Display: Loaded Boot cache: ../../../../../Unreal/UnrealProject/WarhammerOnline/DerivedDataCache/Boot.ddc
[2019.01.06-17.22.19:843][  0]LogDerivedDataCache: FDerivedDataBackendGraph:  Pak pak cache file ../../../../../Unreal/UnrealProject/WarhammerOnline/DerivedDataCache/DDC.ddp not found, will not use a pak cache.
[2019.01.06-17.22.19:843][  0]LogDerivedDataCache: Unable to find inner node Pak for hierarchical cache Hierarchy.
[2019.01.06-17.22.19:843][  0]LogDerivedDataCache: FDerivedDataBackendGraph:  EnginePak pak cache file ../../../Engine/DerivedDataCache/DDC.ddp not found, will not use a pak cache.
[2019.01.06-17.22.19:843][  0]LogDerivedDataCache: Unable to find inner node EnginePak for hierarchical cache Hierarchy.
[2019.01.06-17.22.19:855][  0]LogDerivedDataCache: Using Local data cache path ../../../Engine/DerivedDataCache: Writable
[2019.01.06-17.22.19:855][  0]LogDerivedDataCache: Shared data cache path not found in *engine.ini, will not use an Shared cache.
[2019.01.06-17.22.19:855][  0]LogDerivedDataCache: Unable to find inner node Shared for hierarchical cache Hierarchy.
[2019.01.06-17.22.19:885][  0]LogMaterial: Verifying Global Shaders for PCD3D_SM5
[2019.01.06-17.22.19:887][  0]LogSlate: Using FreeType 2.6.0
[2019.01.06-17.22.19:911][  0]LogSlate: SlateFontServices - WITH_FREETYPE: 1, WITH_HARFBUZZ: 1
[2019.01.06-17.22.22:628][  0]LogInit: Using OS detected language (ru-RU).
[2019.01.06-17.22.22:628][  0]LogInit: Using OS detected locale (ru-RU).
[2019.01.06-17.22.22:628][  0]LogTextLocalizationManager: No localization for 'ru-RU' exists, so 'en' will be used for the language.
[2019.01.06-17.22.22:629][  0]LogTextLocalizationManager: No localization for 'ru-RU' exists, so 'en' will be used for the locale.
[2019.01.06-17.22.23:195][  0]LogStreaming: Display: Took  0.567s to InitGameTextLocalization.
[2019.01.06-17.22.23:205][  0]LogAssetRegistry: FAssetRegistry took 0.0043 seconds to start up
[2019.01.06-17.22.23:559][  0]LogPackageLocalizationCache: Processed 10 localized package path(s) for 1 prioritized culture(s) in 0.017156 seconds
[2019.01.06-17.22.23:691][  0]LogInit: Selected Device Profile: [Windows]
[2019.01.06-17.22.23:911][  0]LogMeshReduction: Using ProxyLODMeshReduction for automatic mesh merging
[2019.01.06-17.22.23:911][  0]LogMeshReduction: Using QuadricMeshReduction for automatic static mesh reduction
[2019.01.06-17.22.23:911][  0]LogMeshReduction: No automatic skeletal mesh reduction module available
[2019.01.06-17.22.23:911][  0]LogMeshReduction: No distributed automatic mesh merging module available
[2019.01.06-17.22.23:911][  0]LogMeshMerging: No distributed automatic mesh merging module available
[2019.01.06-17.22.23:934][  0]LogNetVersion: WarhammerOnline 1.0.0, NetCL: 0, EngineNetVer: 5, GameNetVer: 0 (Checksum: 4240001505)
[2019.01.06-17.22.24:915][  0]LogMoviePlayer: Initializing movie player
[2019.01.06-17.22.25:337][  0]LogTcpMessaging: Initializing TcpMessaging bridge
[2019.01.06-17.22.25:352][  0]LogUdpMessaging: Initializing bridge on interface 0.0.0.0:0 to multicast group 230.0.0.1:6666.
[2019.01.06-17.22.25:479][  0]SourceControl: Source control is disabled
[2019.01.06-17.22.25:479][  0]SourceControl: Source control is disabled
[2019.01.06-17.22.25:482][  0]SourceControl: Source control is disabled
[2019.01.06-17.22.25:686][  0]LogAndroidPermission: UAndroidPermissionCallbackProxy::GetInstance
[2019.01.06-17.22.25:880][  0]LogOcInput: OculusInput pre-init called
[2019.01.06-17.22.25:901][  0]LogUObjectArray: 42755 objects as part of root set at end of initial load.
[2019.01.06-17.22.25:901][  0]LogUObjectAllocator: 7543088 out of 0 bytes used by permanent object pool.
[2019.01.06-17.22.25:901][  0]LogUObjectArray: CloseDisregardForGC: 0/0 objects in disregard for GC pool
[2019.01.06-17.22.26:062][  0]LogEngine: Initializing Engine...
[2019.01.06-17.22.26:077][  0]LogStats: UGameplayTagsManager::ConstructGameplayTagTree: ImportINI prefixes -  0.000 s
[2019.01.06-17.22.26:077][  0]LogStats: UGameplayTagsManager::ConstructGameplayTagTree: Construct from data asset -  0.000 s
[2019.01.06-17.22.26:077][  0]LogStats: UGameplayTagsManager::ConstructGameplayTagTree: ImportINI -  0.000 s
[2019.01.06-17.22.26:077][  0]LogStats: UGameplayTagsManager::ConstructGameplayTagTree: GameplayTagTreeChangedEvent.Broadcast -  0.000 s
[2019.01.06-17.22.26:410][  0]LogInit: Initializing FReadOnlyCVARCache
[2019.01.06-17.22.26:446][  0]LogInit: XAudio2 using 'Динамики (2- Устройство с поддержкой High Definition Audio)' : 2 channels at 48 kHz using 16 bits per sample (channel mask 0x3)
[2019.01.06-17.22.26:478][  0]LogInit: FAudioDevice initialized.
[2019.01.06-17.22.26:490][  0]LogNetVersion: Set ProjectVersion to 1.0.0.0. Version Checksum will be recalculated on next use.
[2019.01.06-17.22.26:491][  0]LogInit: Texture streaming: Enabled
[2019.01.06-17.22.27:620][  0]LogSlate: Updating window title bar state: overlay mode, drag disabled, window buttons hidden, title bar hidden
[2019.01.06-17.22.27:621][  0]LogInit: Display: Game Engine Initialized.
[2019.01.06-17.22.27:621][  0]LogGameplayTags: Display: UGameplayTagsManager::DoneAddingNativeTags. DelegateIsBound: 0
[2019.01.06-17.22.27:621][  0]LogStats: UGameplayTagsManager::ConstructGameplayTagTree: ImportINI prefixes -  0.000 s
[2019.01.06-17.22.27:621][  0]LogStats: UGameplayTagsManager::ConstructGameplayTagTree: Construct from data asset -  0.000 s
[2019.01.06-17.22.27:621][  0]LogStats: UGameplayTagsManager::ConstructGameplayTagTree: ImportINI -  0.000 s
[2019.01.06-17.22.27:621][  0]LogStats: UGameplayTagsManager::ConstructGameplayTagTree: GameplayTagTreeChangedEvent.Broadcast -  0.000 s
[2019.01.06-17.22.27:707][  0]LogInit: Display: Starting Game.
[2019.01.06-17.22.27:707][  0]LogNet: Browse: /Game/Maps/MainMenu?Name=Player
[2019.01.06-17.22.27:707][  0]LogLoad: LoadMap: /Game/Maps/MainMenu?Name=Player
[2019.01.06-17.22.28:186][  0]LogAIModule: Creating AISystem for world MainMenu
[2019.01.06-17.22.28:186][  0]LogLoad: Game class is 'GameModeBase'
[2019.01.06-17.22.28:188][  0]LogWorld: Bringing World /Game/Maps/MainMenu.MainMenu up for play (max tick rate 0) at 2019.01.06-22.22.28
[2019.01.06-17.22.28:188][  0]LogWorld: Bringing up level for play took: 0.000795
[2019.01.06-17.22.28:189][  0]LogGameMode: FindPlayerStart: PATHS NOT DEFINED or NO PLAYERSTART with positive rating
[2019.01.06-17.22.28:200][  0]LogLoad: Took 0.492464 seconds to LoadMap(/Game/Maps/MainMenu)
[2019.01.06-17.22.28:326][  0]LogRenderer: Reallocating scene render targets to support 1280x720 Format 10 NumSamples 1 (Frame:1).
[2019.01.06-17.22.28:326][  0]LogLoad: (Engine Initialization) Total time: 14.38 seconds
[2019.01.06-17.22.28:326][  0]LogLoad: (Engine Initialization) Total Blueprint compile time: 0.00 seconds
[2019.01.06-17.22.28:344][  0]LogWindowsTextInputMethodSystem: Display: IME system now deactivated.
[2019.01.06-17.22.28:348][  0]LogContentStreaming: Texture pool size now 1000 MB
[2019.01.06-17.22.31:816][195]LogSlate: FSceneViewport::OnFocusLost() reason 0
[2019.01.06-17.22.32:594][243]LogSlate: Took 0.000729 seconds to synchronously load lazily loaded font '../../../Engine/Content/Slate/Fonts/Roboto-Regular.ttf' (155K)
[2019.01.06-17.22.35:142][402]LogOnline: Warning: STEAM: Empty session setting PASSWORD  : OnlineService of type String
[2019.01.06-17.22.35:165][402]LogOnlineSession: Verbose: OSS: dumping NamedSession: 
[2019.01.06-17.22.35:166][402]LogOnlineSession: Verbose: OSS: 	SessionName: GameSession
[2019.01.06-17.22.35:166][402]LogOnlineSession: Verbose: OSS: 	HostingPlayerNum: 0
[2019.01.06-17.22.35:166][402]LogOnlineSession: Verbose: OSS: 	SessionState: Pending
[2019.01.06-17.22.35:166][402]LogOnlineSession: Verbose: OSS: 	RegisteredPlayers: 
[2019.01.06-17.22.35:166][402]LogOnlineSession: Verbose: OSS: 	    0 registered players
[2019.01.06-17.22.35:166][402]LogOnlineSession: Verbose: OSS: dumping Session: 
[2019.01.06-17.22.35:166][402]LogOnlineSession: Verbose: OSS: 	OwningPlayerName: ???????????????????? ??????????
[2019.01.06-17.22.35:166][402]LogOnlineSession: Verbose: OSS: 	OwningPlayerId: Безмозглый Билли [0x11000010713DAC9]
[2019.01.06-17.22.35:166][402]LogOnlineSession: Verbose: OSS: 	NumOpenPrivateConnections: 0
[2019.01.06-17.22.35:166][402]LogOnlineSession: Verbose: OSS: 	NumOpenPublicConnections: 1
[2019.01.06-17.22.35:166][402]LogOnlineSession: Verbose: OSS: 	SessionInfo: HostIP: INVALID SteamP2P: 76561198079007433:7777 Type: Lobby session SessionId: Lobby [0x1860000018E8BC8]
[2019.01.06-17.22.35:166][402]LogOnlineSession: Verbose: OSS: dumping SessionSettings: 
[2019.01.06-17.22.35:166][402]LogOnlineSession: Verbose: OSS: 	NumPublicConnections: 2
[2019.01.06-17.22.35:166][402]LogOnlineSession: Verbose: OSS: 	NumPrivateConnections: 0
[2019.01.06-17.22.35:166][402]LogOnlineSession: Verbose: OSS: 	bIsLanMatch: false
[2019.01.06-17.22.35:166][402]LogOnlineSession: Verbose: OSS: 	bIsDedicated: false
[2019.01.06-17.22.35:166][402]LogOnlineSession: Verbose: OSS: 	bUsesStats: false
[2019.01.06-17.22.35:166][402]LogOnlineSession: Verbose: OSS: 	bShouldAdvertise: true
[2019.01.06-17.22.35:166][402]LogOnlineSession: Verbose: OSS: 	bAllowJoinInProgress: true
[2019.01.06-17.22.35:166][402]LogOnlineSession: Verbose: OSS: 	bAllowInvites: true
[2019.01.06-17.22.35:166][402]LogOnlineSession: Verbose: OSS: 	bUsesPresence: true
[2019.01.06-17.22.35:166][402]LogOnlineSession: Verbose: OSS: 	bAllowJoinViaPresence: true
[2019.01.06-17.22.35:166][402]LogOnlineSession: Verbose: OSS: 	bAllowJoinViaPresenceFriendsOnly: false
[2019.01.06-17.22.35:166][402]LogOnlineSession: Verbose: OSS: 	BuildUniqueId: 0x00000000
[2019.01.06-17.22.35:166][402]LogOnlineSession: Verbose: OSS: 	Settings:
[2019.01.06-17.22.35:166][402]LogOnlineSession: Verbose: OSS: 		NAME=фывыф : OnlineService
[2019.01.06-17.22.35:166][402]LogOnlineSession: Verbose: OSS: 		MAP=Map1 : OnlineService
[2019.01.06-17.22.35:166][402]LogOnlineSession: Verbose: OSS: 		MODE=DeathMatch : OnlineService
[2019.01.06-17.22.35:166][402]LogOnlineSession: Verbose: OSS: 		LAN=false : OnlineService
[2019.01.06-17.22.35:166][402]LogOnlineSession: Verbose: OSS: 		ISPASSWORD=false : OnlineService
[2019.01.06-17.22.35:166][402]LogOnlineSession: Verbose: OSS: 		PASSWORD= : OnlineService
[2019.01.06-17.22.35:307][402]LogPackageName: SearchForPackageOnDisk took   0.140s to resolve Lobby.umap.
[2019.01.06-17.22.35:435][402]LogPackageName: SearchForPackageOnDisk took   0.127s to resolve Lobby.umap.
[2019.01.06-17.22.35:435][402]LogNet: Browse: /Game/Maps/Lobby?listen
[2019.01.06-17.22.35:435][402]LogLoad: LoadMap: /Game/Maps/Lobby?listen
[2019.01.06-17.22.36:292][402]LogBlueprint: Warning: USimpleConstructionScript::FixupRootNodeParentReferences() - Couldn't find native parent component 'Arrow' for 'Astartes' in BlueprintGeneratedClass 'Character_Astartes_C' (it may have been removed)
[2019.01.06-17.22.36:344][402]LogAIModule: Creating AISystem for world Lobby
[2019.01.06-17.22.36:345][402]LogLoad: Game class is 'GameModeLobby_C'
[2019.01.06-17.22.36:345][402]LogTemp: Display: ParseSettings for GameNetDriver
[2019.01.06-17.22.36:345][402]LogTemp: Display: ParseSettings for SteamNetDriver_0
[2019.01.06-17.22.36:345][402]LogTemp: Display: ParseSettings for GameNetDriver
[2019.01.06-17.22.36:346][402]LogNet: ReplicationDriverClass is null! Not using ReplicationDriver.
[2019.01.06-17.22.36:346][402]LogNet: Display: SteamNetDriver_0 bound to port 7777
[2019.01.06-17.22.36:346][402]PacketHandlerLog: Loaded PacketHandler component: Engine.EngineHandlerComponentFactory (StatelessConnectHandlerComponent)
[2019.01.06-17.22.36:346][402]LogNet: GameNetDriver SteamNetDriver_0 IpNetDriver listening on port 7777
[2019.01.06-17.22.36:350][402]LogWorld: Bringing World /Game/Maps/Lobby.Lobby up for play (max tick rate 0) at 2019.01.06-22.22.36
[2019.01.06-17.22.36:350][402]LogWorld: Bringing up level for play took: 0.002903
[2019.01.06-17.22.36:356][402]LogBlueprintUserMessages: [Character_Astartes_C_0] i am born
[2019.01.06-17.22.36:358][402]LogLoad: Took 0.922541 seconds to LoadMap(/Game/Maps/Lobby)
[2019.01.06-17.22.36:807][417]LogScript: Warning: Accessed None trying to read property Game_UI_WB
	LobbyPlayerController_C /Game/Maps/Lobby.Lobby:PersistentLevel.LobbyPlayerController_C_0
	Function /Game/Blueprints/game_modes/LobbyPlayerController.LobbyPlayerController_C:ExecuteUbergraph_LobbyPlayerController:1C9E
[2019.01.06-17.22.36:807][417]LogScript: Warning: Script call stack:
	Function /Game/Blueprints/game_modes/GameModeLobby.GameModeLobby_C:ExecuteUbergraph_GameModeLobby
	Function /Game/Blueprints/game_modes/GameModeLobby.GameModeLobby_C:Update_Score_Board
	Function /Game/Blueprints/game_modes/GameModeLobby.GameModeLobby_C:ExecuteUbergraph_GameModeLobby
	Function /Game/Blueprints/game_modes/LobbyPlayerController.LobbyPlayerController_C:Set_Server_Data
	Function /Game/Blueprints/game_modes/LobbyPlayerController.LobbyPlayerController_C:ExecuteUbergraph_LobbyPlayerController

[2019.01.06-17.22.36:807][417]LogScript: Warning: Accessed None
	LobbyPlayerController_C /Game/Maps/Lobby.Lobby:PersistentLevel.LobbyPlayerController_C_0
	Function /Game/Blueprints/game_modes/LobbyPlayerController.LobbyPlayerController_C:ExecuteUbergraph_LobbyPlayerController:1CB3
[2019.01.06-17.22.36:807][417]LogScript: Warning: Script call stack:
	Function /Game/Blueprints/game_modes/GameModeLobby.GameModeLobby_C:ExecuteUbergraph_GameModeLobby
	Function /Game/Blueprints/game_modes/GameModeLobby.GameModeLobby_C:Update_Score_Board
	Function /Game/Blueprints/game_modes/GameModeLobby.GameModeLobby_C:ExecuteUbergraph_GameModeLobby
	Function /Game/Blueprints/game_modes/LobbyPlayerController.LobbyPlayerController_C:Set_Server_Data
	Function /Game/Blueprints/game_modes/LobbyPlayerController.LobbyPlayerController_C:ExecuteUbergraph_LobbyPlayerController

[2019.01.06-17.22.36:807][417]LogScript: Warning: Accessed None trying to read property Game_UI_WB
	LobbyPlayerController_C /Game/Maps/Lobby.Lobby:PersistentLevel.LobbyPlayerController_C_0
	Function /Game/Blueprints/game_modes/LobbyPlayerController.LobbyPlayerController_C:ExecuteUbergraph_LobbyPlayerController:1AEF
[2019.01.06-17.22.36:807][417]LogScript: Warning: Script call stack:
	Function /Game/Blueprints/game_modes/GameModeLobby.GameModeLobby_C:ExecuteUbergraph_GameModeLobby
	Function /Game/Blueprints/game_modes/GameModeLobby.GameModeLobby_C:Update_Score_Board
	Function /Game/Blueprints/game_modes/GameModeLobby.GameModeLobby_C:ExecuteUbergraph_GameModeLobby
	Function /Game/Blueprints/game_modes/LobbyPlayerController.LobbyPlayerController_C:Clear_Score_Board
	Function /Game/Blueprints/game_modes/LobbyPlayerController.LobbyPlayerController_C:ExecuteUbergraph_LobbyPlayerController

[2019.01.06-17.22.36:807][417]LogScript: Warning: Accessed None
	LobbyPlayerController_C /Game/Maps/Lobby.Lobby:PersistentLevel.LobbyPlayerController_C_0
	Function /Game/Blueprints/game_modes/LobbyPlayerController.LobbyPlayerController_C:ExecuteUbergraph_LobbyPlayerController:1B04
[2019.01.06-17.22.36:807][417]LogScript: Warning: Script call stack:
	Function /Game/Blueprints/game_modes/GameModeLobby.GameModeLobby_C:ExecuteUbergraph_GameModeLobby
	Function /Game/Blueprints/game_modes/GameModeLobby.GameModeLobby_C:Update_Score_Board
	Function /Game/Blueprints/game_modes/GameModeLobby.GameModeLobby_C:ExecuteUbergraph_GameModeLobby
	Function /Game/Blueprints/game_modes/LobbyPlayerController.LobbyPlayerController_C:Clear_Score_Board
	Function /Game/Blueprints/game_modes/LobbyPlayerController.LobbyPlayerController_C:ExecuteUbergraph_LobbyPlayerController

[2019.01.06-17.22.36:807][417]LogScript: Warning: Accessed None trying to read property Game_UI_WB
	LobbyPlayerController_C /Game/Maps/Lobby.Lobby:PersistentLevel.LobbyPlayerController_C_0
	Function /Game/Blueprints/game_modes/LobbyPlayerController.LobbyPlayerController_C:ExecuteUbergraph_LobbyPlayerController:1B2A
[2019.01.06-17.22.36:807][417]LogScript: Warning: Script call stack:
	Function /Game/Blueprints/game_modes/GameModeLobby.GameModeLobby_C:ExecuteUbergraph_GameModeLobby
	Function /Game/Blueprints/game_modes/GameModeLobby.GameModeLobby_C:Update_Score_Board
	Function /Game/Blueprints/game_modes/GameModeLobby.GameModeLobby_C:ExecuteUbergraph_GameModeLobby
	Function /Game/Blueprints/game_modes/LobbyPlayerController.LobbyPlayerController_C:Add_Player_To_Score_Board
	Function /Game/Blueprints/game_modes/LobbyPlayerController.LobbyPlayerController_C:ExecuteUbergraph_LobbyPlayerController

[2019.01.06-17.22.36:807][417]LogScript: Warning: Accessed None
	LobbyPlayerController_C /Game/Maps/Lobby.Lobby:PersistentLevel.LobbyPlayerController_C_0
	Function /Game/Blueprints/game_modes/LobbyPlayerController.LobbyPlayerController_C:ExecuteUbergraph_LobbyPlayerController:1B3F
[2019.01.06-17.22.36:807][417]LogScript: Warning: Script call stack:
	Function /Game/Blueprints/game_modes/GameModeLobby.GameModeLobby_C:ExecuteUbergraph_GameModeLobby
	Function /Game/Blueprints/game_modes/GameModeLobby.GameModeLobby_C:Update_Score_Board
	Function /Game/Blueprints/game_modes/GameModeLobby.GameModeLobby_C:ExecuteUbergraph_GameModeLobby
	Function /Game/Blueprints/game_modes/LobbyPlayerController.LobbyPlayerController_C:Add_Player_To_Score_Board
	Function /Game/Blueprints/game_modes/LobbyPlayerController.LobbyPlayerController_C:ExecuteUbergraph_LobbyPlayerController

[2019.01.06-17.23.33:243][910]LogSlate: Window 'WarhammerOnline (64-bit Development PCD3D_SM5) ' being destroyed
[2019.01.06-17.23.33:244][910]LogWindowsTextInputMethodSystem: Display: IME system now deactivated.
[2019.01.06-17.23.33:246][910]LogWindowsTextInputMethodSystem: Display: IME system now deactivated.
[2019.01.06-17.23.33:248][910]LogScript: Warning: Accessed None trying to read property Lobby
	LobbyPlayerController_C /Game/Maps/Lobby.Lobby:PersistentLevel.LobbyPlayerController_C_0
	Function /Game/Blueprints/game_modes/LobbyPlayerController.LobbyPlayerController_C:ExecuteUbergraph_LobbyPlayerController:1757
[2019.01.06-17.23.33:248][910]LogScript: Warning: Script call stack:
	Function /Game/Blueprints/game_modes/GameModeLobby.GameModeLobby_C:K2_OnLogout
	Function /Game/Blueprints/game_modes/GameModeLobby.GameModeLobby_C:ExecuteUbergraph_GameModeLobby
	Function /Game/Blueprints/game_modes/GameModeLobby.GameModeLobby_C:Send_Server_Mesage
	Function /Game/Blueprints/game_modes/GameModeLobby.GameModeLobby_C:ExecuteUbergraph_GameModeLobby
	Function /Game/Blueprints/game_modes/LobbyPlayerController.LobbyPlayerController_C:Add_Mesage_From_Server_To_Eache_Player
	Function /Game/Blueprints/game_modes/LobbyPlayerController.LobbyPlayerController_C:ExecuteUbergraph_LobbyPlayerController
	Function /Game/Blueprints/game_modes/LobbyPlayerController.LobbyPlayerController_C:Add_Mesage_To_Chat
	Function /Game/Blueprints/game_modes/LobbyPlayerController.LobbyPlayerController_C:ExecuteUbergraph_LobbyPlayerController

[2019.01.06-17.23.33:248][910]LogScript: Warning: Accessed None
	LobbyPlayerController_C /Game/Maps/Lobby.Lobby:PersistentLevel.LobbyPlayerController_C_0
	Function /Game/Blueprints/game_modes/LobbyPlayerController.LobbyPlayerController_C:ExecuteUbergraph_LobbyPlayerController:176C
[2019.01.06-17.23.33:248][910]LogScript: Warning: Script call stack:
	Function /Game/Blueprints/game_modes/GameModeLobby.GameModeLobby_C:K2_OnLogout
	Function /Game/Blueprints/game_modes/GameModeLobby.GameModeLobby_C:ExecuteUbergraph_GameModeLobby
	Function /Game/Blueprints/game_modes/GameModeLobby.GameModeLobby_C:Send_Server_Mesage
	Function /Game/Blueprints/game_modes/GameModeLobby.GameModeLobby_C:ExecuteUbergraph_GameModeLobby
	Function /Game/Blueprints/game_modes/LobbyPlayerController.LobbyPlayerController_C:Add_Mesage_From_Server_To_Eache_Player
	Function /Game/Blueprints/game_modes/LobbyPlayerController.LobbyPlayerController_C:ExecuteUbergraph_LobbyPlayerController
	Function /Game/Blueprints/game_modes/LobbyPlayerController.LobbyPlayerController_C:Add_Mesage_To_Chat
	Function /Game/Blueprints/game_modes/LobbyPlayerController.LobbyPlayerController_C:ExecuteUbergraph_LobbyPlayerController

[2019.01.06-17.23.33:249][910]LogSlate: Updating window title bar state: overlay mode, drag disabled, window buttons hidden, title bar hidden
[2019.01.06-17.23.33:249][910]LogEngine: All Windows Closed
[2019.01.06-17.23.33:249][910]LogWindows: FPlatformMisc::RequestExit(0)
[2019.01.06-17.23.33:258][911]LogNet: World NetDriver shutdown SteamNetDriver_0 [GameNetDriver]
[2019.01.06-17.23.33:258][911]LogNet: DestroyNamedNetDriver SteamNetDriver_0 [GameNetDriver]
[2019.01.06-17.23.33:258][911]LogExit: GameNetDriver SteamNetDriver_0 shut down
[2019.01.06-17.23.34:104][911]LogExit: Preparing to exit.
[2019.01.06-17.23.34:104][911]LogMoviePlayer: Shutting down movie player
[2019.01.06-17.23.34:415][911]LogSlate: Updating window title bar state: overlay mode, drag disabled, window buttons hidden, title bar hidden
[2019.01.06-17.23.34:430][911]LogExit: Game engine shut down
[2019.01.06-17.23.34:721][911]LogExit: Object subsystem successfully closed.
[2019.01.06-17.23.34:743][911]LogShaderCompilers: Display: Shaders left to compile 0
[2019.01.06-17.23.34:749][911]LogD3D11RHI: Shutdown
[2019.01.06-17.23.34:749][911]LogD3D11RHI: CleanupD3DDevice
[2019.01.06-17.23.34:751][911]LogD3D11RHI: ~FD3D11DynamicRHI
[2019.01.06-17.23.34:769][911]LogModuleManager: Shutting down and abandoning module SequenceRecorderSections (374)
[2019.01.06-17.23.34:769][911]LogModuleManager: Shutting down and abandoning module SequenceRecorder (372)
[2019.01.06-17.23.34:770][911]LogModuleManager: Shutting down and abandoning module AutomationController (370)
[2019.01.06-17.23.34:770][911]LogModuleManager: Shutting down and abandoning module AutomationWorker (368)
[2019.01.06-17.23.34:770][911]LogModuleManager: Shutting down and abandoning module AIModule (366)
[2019.01.06-17.23.34:770][911]LogModuleManager: Shutting down and abandoning module GameplayDebugger (365)
[2019.01.06-17.23.34:770][911]LogModuleManager: Shutting down and abandoning module AITestSuite (363)
[2019.01.06-17.23.34:770][911]LogModuleManager: Shutting down and abandoning module NavigationSystem (361)
[2019.01.06-17.23.34:770][911]LogModuleManager: Shutting down and abandoning module WmfMediaFactory (358)
[2019.01.06-17.23.34:770][911]LogModuleManager: Shutting down and abandoning module OpenExrWrapper (356)
[2019.01.06-17.23.34:770][911]LogModuleManager: Shutting down and abandoning module ImgMediaFactory (354)
[2019.01.06-17.23.34:770][911]LogModuleManager: Shutting down and abandoning module AvfMediaFactory (352)
[2019.01.06-17.23.34:770][911]LogModuleManager: Shutting down and abandoning module MagicLeapCameraPreviewFactory (350)
[2019.01.06-17.23.34:770][911]LogModuleManager: Shutting down and abandoning module MagicLeapMediaFactory (348)
[2019.01.06-17.23.34:770][911]LogModuleManager: Shutting down and abandoning module CharacterAI (346)
[2019.01.06-17.23.34:770][911]LogModuleManager: Shutting down and abandoning module SessionServices (344)
[2019.01.06-17.23.34:770][911]LogModuleManager: Shutting down and abandoning module MovieSceneCapture (342)
[2019.01.06-17.23.34:770][911]LogModuleManager: Shutting down and abandoning module MovieSceneTracks (340)
[2019.01.06-17.23.34:770][911]LogModuleManager: Shutting down and abandoning module MovieScene (338)
[2019.01.06-17.23.34:770][911]LogModuleManager: Shutting down and abandoning module StreamingPauseRendering (336)
[2019.01.06-17.23.34:770][911]LogModuleManager: Shutting down and abandoning module PortalServices (334)
[2019.01.06-17.23.34:770][911]LogModuleManager: Shutting down and abandoning module PortalRpc (332)
[2019.01.06-17.23.34:771][911]LogModuleManager: Shutting down and abandoning module MessagingRpc (330)
[2019.01.06-17.23.34:771][911]LogModuleManager: Shutting down and abandoning module ProfilerService (328)
[2019.01.06-17.23.34:938][911]LogModuleManager: Shutting down and abandoning module TaskGraph (326)
[2019.01.06-17.23.34:938][911]LogModuleManager: Shutting down and abandoning module ProceduralMeshComponent (324)
[2019.01.06-17.23.34:938][911]LogModuleManager: Shutting down and abandoning module OculusInput (322)
[2019.01.06-17.23.34:938][911]LogModuleManager: Shutting down and abandoning module MobilePatchingUtils (320)
[2019.01.06-17.23.34:938][911]LogModuleManager: Shutting down and abandoning module EditableMesh (318)
[2019.01.06-17.23.34:938][911]LogModuleManager: Shutting down and abandoning module CustomMeshComponent (316)
[2019.01.06-17.23.34:938][911]LogModuleManager: Shutting down and abandoning module CableComponent (314)
[2019.01.06-17.23.34:938][911]LogModuleManager: Shutting down and abandoning module AudioCapture (312)
[2019.01.06-17.23.34:938][911]LogModuleManager: Shutting down and abandoning module ArchVisCharacter (310)
[2019.01.06-17.23.34:938][911]LogModuleManager: Shutting down and abandoning module AndroidPermission (308)
[2019.01.06-17.23.34:938][911]LogModuleManager: Shutting down and abandoning module NUTUnrealEngine4 (304)
[2019.01.06-17.23.34:938][911]LogModuleManager: Shutting down and abandoning module NetcodeUnitTest (302)
[2019.01.06-17.23.34:938][911]LogModuleManager: Shutting down and abandoning module MediaCompositing (300)
[2019.01.06-17.23.34:938][911]LogModuleManager: Shutting down and abandoning module LinearTimecode (298)
[2019.01.06-17.23.34:938][911]LogModuleManager: Shutting down and abandoning module ImgMedia (296)
[2019.01.06-17.23.34:941][911]LogModuleManager: Shutting down and abandoning module HTML5Networking (294)
[2019.01.06-17.23.34:941][911]LogModuleManager: Shutting down and abandoning module GeometryCacheTracks (292)
[2019.01.06-17.23.34:941][911]LogModuleManager: Shutting down and abandoning module GeometryCacheSequencer (291)
[2019.01.06-17.23.34:941][911]LogModuleManager: Shutting down and abandoning module GeometryCache (288)
[2019.01.06-17.23.34:942][911]LogModuleManager: Shutting down and abandoning module GeometryCacheEd (287)
[2019.01.06-17.23.34:942][911]LogModuleManager: Shutting down and abandoning module BackChannel (284)
[2019.01.06-17.23.34:942][911]LogModuleManager: Shutting down and abandoning module AppleVision (282)
[2019.01.06-17.23.34:942][911]LogModuleManager: Shutting down and abandoning module AppleImageUtils (280)
[2019.01.06-17.23.34:942][911]LogModuleManager: Shutting down and abandoning module DatasmithContent (278)
[2019.01.06-17.23.34:942][911]LogModuleManager: Shutting down and abandoning module CryptoKeysOpenSSL (276)
[2019.01.06-17.23.34:942][911]LogModuleManager: Shutting down and abandoning module CryptoKeys (274)
[2019.01.06-17.23.34:942][911]LogModuleManager: Shutting down and abandoning module VisualStudioSourceCodeAccess (272)
[2019.01.06-17.23.34:942][911]LogModuleManager: Shutting down and abandoning module HotReload (271)
[2019.01.06-17.23.34:943][911]LogModuleManager: Shutting down and abandoning module DirectoryWatcher (270)
[2019.01.06-17.23.34:943][911]LogModuleManager: Shutting down and abandoning module VisualStudioCodeSourceCodeAccess (266)
[2019.01.06-17.23.34:943][911]LogModuleManager: Shutting down and abandoning module UObjectPlugin (264)
[2019.01.06-17.23.34:943][911]LogModuleManager: Shutting down and abandoning module SubversionSourceControl (262)
[2019.01.06-17.23.34:943][911]LogModuleManager: Shutting down and abandoning module PerforceSourceControl (260)
[2019.01.06-17.23.34:943][911]LogModuleManager: Shutting down and abandoning module SourceControl (259)
[2019.01.06-17.23.34:943][911]LogModuleManager: Shutting down and abandoning module CLionSourceCodeAccess (256)
[2019.01.06-17.23.34:943][911]LogModuleManager: Shutting down and abandoning module WarhammerOnline (254)
[2019.01.06-17.23.34:943][911]LogModuleManager: Shutting down and abandoning module RuntimePhysXCooking (252)
[2019.01.06-17.23.34:943][911]LogModuleManager: Shutting down and abandoning module PhysXVehiclesEditor (250)
[2019.01.06-17.23.34:943][911]LogModuleManager: Shutting down and abandoning module PhysXVehicles (248)
[2019.01.06-17.23.34:943][911]LogModuleManager: Shutting down and abandoning module LocationServicesBPLibrary (246)
[2019.01.06-17.23.34:943][911]LogModuleManager: Shutting down and abandoning module ImmediatePhysicsEditor (244)
[2019.01.06-17.23.34:943][911]LogModuleManager: Shutting down and abandoning module ImmediatePhysics (242)
[2019.01.06-17.23.34:943][911]LogModuleManager: Shutting down and abandoning module ActorSequence (240)
[2019.01.06-17.23.34:943][911]LogModuleManager: Shutting down and abandoning module UdpMessaging (238)
[2019.01.06-17.23.35:044][911]LogModuleManager: Shutting down and abandoning module TcpMessaging (236)
[2019.01.06-17.23.35:377][911]LogModuleManager: Shutting down and abandoning module MagicLeapAudio (234)
[2019.01.06-17.23.35:377][911]LogModuleManager: Shutting down and abandoning module GameplayTagsEditor (232)
[2019.01.06-17.23.35:377][911]LogModuleManager: Shutting down and abandoning module FacialAnimation (230)
[2019.01.06-17.23.35:377][911]LogModuleManager: Shutting down and abandoning module DataValidation (228)
[2019.01.06-17.23.35:377][911]LogModuleManager: Shutting down and abandoning module AssetManagerEditor (226)
[2019.01.06-17.23.35:377][911]LogModuleManager: Shutting down and abandoning module TreeMap (225)
[2019.01.06-17.23.35:377][911]LogModuleManager: Shutting down and abandoning module LightPropagationVolumeRuntime (222)
[2019.01.06-17.23.35:377][911]LogModuleManager: Shutting down and abandoning module AISupportModule (220)
[2019.01.06-17.23.35:377][911]LogModuleManager: Shutting down and abandoning module AdvancedSteamSessions (218)
[2019.01.06-17.23.35:377][911]LogModuleManager: Shutting down and abandoning module AdvancedSessions (216)
[2019.01.06-17.23.35:377][911]LogModuleManager: Shutting down and abandoning module Paper2D (214)
[2019.01.06-17.23.35:378][911]LogModuleManager: Shutting down and abandoning module PIEPreviewDeviceProfileSelector (212)
[2019.01.06-17.23.35:378][911]LogModuleManager: Shutting down and abandoning module WindowsMoviePlayer (210)
[2019.01.06-17.23.35:378][911]LogModuleManager: Shutting down and abandoning module WmfMedia (208)
[2019.01.06-17.23.35:378][911]LogModuleManager: Shutting down and abandoning module Media (207)
[2019.01.06-17.23.35:385][911]LogModuleManager: Shutting down and abandoning module PacketHandler (204)
[2019.01.06-17.23.35:385][911]LogModuleManager: Shutting down and abandoning module ClothingSystemEditor (202)
[2019.01.06-17.23.35:385][911]LogModuleManager: Shutting down and abandoning module ClothingSystemRuntime (200)
[2019.01.06-17.23.35:385][911]LogModuleManager: Shutting down and abandoning module MediaAssets (198)
[2019.01.06-17.23.35:385][911]LogModuleManager: Shutting down and abandoning module Overlay (196)
[2019.01.06-17.23.35:385][911]LogModuleManager: Shutting down and abandoning module OverlayEditor (195)
[2019.01.06-17.23.35:385][911]LogModuleManager: Shutting down and abandoning module VREditor (192)
[2019.01.06-17.23.35:385][911]LogModuleManager: Shutting down and abandoning module StringTableEditor (190)
[2019.01.06-17.23.35:385][911]LogModuleManager: Shutting down and abandoning module GameplayTasksEditor (188)
[2019.01.06-17.23.35:385][911]LogModuleManager: Shutting down and abandoning module BehaviorTreeEditor (186)
[2019.01.06-17.23.35:385][911]LogModuleManager: Shutting down and abandoning module FunctionalTesting (184)
[2019.01.06-17.23.35:385][911]LogModuleManager: Shutting down and abandoning module CollisionAnalyzer (182)
[2019.01.06-17.23.35:386][911]LogModuleManager: Shutting down and abandoning module WorkspaceMenuStructure (181)
[2019.01.06-17.23.35:386][911]LogModuleManager: Shutting down and abandoning module UMG (178)
[2019.01.06-17.23.35:386][911]LogModuleManager: Shutting down and abandoning module UMGEditor (177)
[2019.01.06-17.23.35:386][911]LogModuleManager: Shutting down and abandoning module Sequencer (176)
[2019.01.06-17.23.35:386][911]LogModuleManager: Shutting down and abandoning module MessageLog (173)
[2019.01.06-17.23.35:386][911]LogModuleManager: Shutting down and abandoning module SlateReflector (168)
[2019.01.06-17.23.35:386][911]LogModuleManager: Shutting down and abandoning module Slate (166)
[2019.01.06-17.23.35:386][911]LogModuleManager: Shutting down and abandoning module EditorStyle (164)
[2019.01.06-17.23.35:387][911]LogModuleManager: Shutting down and abandoning module MRMesh (162)
[2019.01.06-17.23.35:387][911]LogModuleManager: Shutting down and abandoning module Messaging (160)
[2019.01.06-17.23.35:387][911]LogModuleManager: Shutting down and abandoning module SourceCodeAccess (158)
[2019.01.06-17.23.35:387][911]LogModuleManager: Shutting down and abandoning module HeadMountedDisplay (156)
[2019.01.06-17.23.35:387][911]LogModuleManager: Shutting down and abandoning module XAudio2 (154)
[2019.01.06-17.23.35:387][911]LogModuleManager: Shutting down and abandoning module Networking (152)
[2019.01.06-17.23.35:387][911]LogModuleManager: Shutting down and abandoning module Core (150)
[2019.01.06-17.23.35:387][911]LogModuleManager: Shutting down and abandoning module LevelSequence (148)
[2019.01.06-17.23.35:387][911]LogModuleManager: Shutting down and abandoning module KismetCompiler (146)
[2019.01.06-17.23.35:387][911]LogModuleManager: Shutting down and abandoning module MeshUtilities (144)
[2019.01.06-17.23.35:388][911]LogModuleManager: Shutting down and abandoning module MeshMergeUtilities (143)
[2019.01.06-17.23.35:388][911]LogModuleManager: Shutting down and abandoning module MeshReductionInterface (142)
[2019.01.06-17.23.35:388][911]LogModuleManager: Shutting down and abandoning module ProxyLODMeshReduction (141)
[2019.01.06-17.23.35:388][911]LogModuleManager: Shutting down and abandoning module QuadricMeshReduction (139)
[2019.01.06-17.23.35:388][911]LogModuleManager: Shutting down and abandoning module MaterialBaking (135)
[2019.01.06-17.23.35:388][911]LogModuleManager: Shutting down and abandoning module DerivedDataCache (130)
[2019.01.06-17.23.35:446][911]LogDerivedDataCache: Shutdown
[2019.01.06-17.23.35:446][911]LogModuleManager: Shutting down and abandoning module XGEController (128)
[2019.01.06-17.23.35:446][911]LogModuleManager: Shutting down and abandoning module TargetPlatform (126)
[2019.01.06-17.23.35:446][911]LogModuleManager: Shutting down and abandoning module VulkanShaderFormat (125)
[2019.01.06-17.23.35:446][911]LogModuleManager: Shutting down and abandoning module ShaderFormatVectorVM (123)
[2019.01.06-17.23.35:446][911]LogModuleManager: Shutting down and abandoning module ShaderFormatOpenGL (121)
[2019.01.06-17.23.35:446][911]LogModuleManager: Shutting down and abandoning module ShaderFormatD3D (119)
[2019.01.06-17.23.35:446][911]LogModuleManager: Shutting down and abandoning module MetalShaderFormat (117)
[2019.01.06-17.23.35:446][911]LogModuleManager: Shutting down and abandoning module TextureFormatUncompressed (115)
[2019.01.06-17.23.35:446][911]LogModuleManager: Shutting down and abandoning module TextureFormatPVR (113)
[2019.01.06-17.23.35:446][911]LogModuleManager: Shutting down and abandoning module TextureFormatDXT (111)
[2019.01.06-17.23.35:446][911]LogModuleManager: Shutting down and abandoning module TextureFormatIntelISPCTexComp (109)
[2019.01.06-17.23.35:446][911]LogModuleManager: Shutting down and abandoning module TextureFormatASTC (107)
[2019.01.06-17.23.35:446][911]LogModuleManager: Shutting down and abandoning module ImageWrapper (106)
[2019.01.06-17.23.35:446][911]LogModuleManager: Shutting down and abandoning module TextureFormatAndroid (103)
[2019.01.06-17.23.35:446][911]LogModuleManager: Shutting down and abandoning module AudioFormatOpus (101)
[2019.01.06-17.23.35:446][911]LogModuleManager: Shutting down and abandoning module AudioFormatOgg (99)
[2019.01.06-17.23.35:446][911]LogModuleManager: Shutting down and abandoning module AudioFormatADPCM (97)
[2019.01.06-17.23.35:446][911]LogModuleManager: Shutting down and abandoning module WindowsTargetPlatform (95)
[2019.01.06-17.23.35:446][911]LogModuleManager: Shutting down and abandoning module WindowsServerTargetPlatform (93)
[2019.01.06-17.23.35:446][911]LogModuleManager: Shutting down and abandoning module WindowsNoEditorTargetPlatform (91)
[2019.01.06-17.23.35:446][911]LogModuleManager: Shutting down and abandoning module WindowsClientTargetPlatform (89)
[2019.01.06-17.23.35:446][911]LogModuleManager: Shutting down and abandoning module InputCore (86)
[2019.01.06-17.23.35:446][911]LogModuleManager: Shutting down and abandoning module Settings (84)
[2019.01.06-17.23.35:446][911]LogModuleManager: Shutting down and abandoning module PhysXCooking (82)
[2019.01.06-17.23.35:446][911]LogModuleManager: Shutting down and abandoning module OculusHMD (80)
[2019.01.06-17.23.35:446][911]LogModuleManager: Shutting down and abandoning module ExampleDeviceProfileSelector (78)
[2019.01.06-17.23.35:446][911]LogModuleManager: Shutting down and abandoning module LauncherChunkInstaller (76)
[2019.01.06-17.23.35:446][911]LogModuleManager: Shutting down and abandoning module OnlineBlueprintSupport (74)
[2019.01.06-17.23.35:446][911]LogModuleManager: Shutting down and abandoning module OnlineSubsystem (70)
[2019.01.06-17.23.35:446][911]LogOnline: Display: STEAM: OnlineSubsystemSteam::Shutdown()
[2019.01.06-17.23.35:497][911]LogOnline: Display: STEAM: OnlineSubsystemSteam::Shutdown()
[2019.01.06-17.23.35:498][911]LogModuleManager: Shutting down and abandoning module XMPP (65)
[2019.01.06-17.23.35:498][911]LogModuleManager: Shutting down and abandoning module WebSockets (64)
[2019.01.06-17.23.35:520][911]LogModuleManager: Shutting down and abandoning module HTTP (61)
[2019.01.06-17.23.35:553][911]LogModuleManager: Shutting down and abandoning module SSL (60)
[2019.01.06-17.23.35:555][911]LogModuleManager: Shutting down and abandoning module MagicLeapEmulator (56)
[2019.01.06-17.23.35:555][911]LogModuleManager: Shutting down and abandoning module MagicLeapPrivileges (54)
[2019.01.06-17.23.35:555][911]LogModuleManager: Shutting down and abandoning module MagicLeapIdentity (52)
[2019.01.06-17.23.35:555][911]LogModuleManager: Shutting down and abandoning module MagicLeapHelperVulkan (50)
[2019.01.06-17.23.35:555][911]LogModuleManager: Shutting down and abandoning module MagicLeapHelperOpenGL (48)
[2019.01.06-17.23.35:555][911]LogModuleManager: Shutting down and abandoning module MagicLeapSecureStorage (46)
[2019.01.06-17.23.35:555][911]LogModuleManager: Shutting down and abandoning module MagicLeapGestures (44)
[2019.01.06-17.23.35:555][911]LogModuleManager: Shutting down and abandoning module MagicLeapEyeTracker (42)
[2019.01.06-17.23.35:555][911]LogModuleManager: Shutting down and abandoning module MagicLeapController (40)
[2019.01.06-17.23.35:555][911]LogSlate: Slate User Destroyed.  User Index 0, Is Virtual User: 0
[2019.01.06-17.23.35:555][911]LogModuleManager: Shutting down and abandoning module MagicLeap (38)
[2019.01.06-17.23.35:555][911]LogModuleManager: Shutting down and abandoning module AnimationModifiers (36)
[2019.01.06-17.23.35:555][911]LogModuleManager: Shutting down and abandoning module PropertyEditor (35)
[2019.01.06-17.23.35:555][911]LogModuleManager: Shutting down and abandoning module AudioEditor (32)
[2019.01.06-17.23.35:555][911]LogModuleManager: Shutting down and abandoning module TextureCompressor (30)
[2019.01.06-17.23.35:555][911]LogModuleManager: Shutting down and abandoning module ShaderCore (28)
[2019.01.06-17.23.35:555][911]LogModuleManager: Shutting down and abandoning module Landscape (26)
[2019.01.06-17.23.35:555][911]LogModuleManager: Shutting down and abandoning module SlateRHIRenderer (24)
[2019.01.06-17.23.35:556][911]LogModuleManager: Shutting down and abandoning module OpenGLDrv (22)
[2019.01.06-17.23.35:556][911]LogModuleManager: Shutting down and abandoning module D3D11RHI (20)
[2019.01.06-17.23.35:556][911]LogModuleManager: Shutting down and abandoning module AnimGraphRuntime (18)
[2019.01.06-17.23.35:556][911]LogModuleManager: Shutting down and abandoning module Renderer (16)
[2019.01.06-17.23.35:556][911]LogModuleManager: Shutting down and abandoning module Engine (14)
[2019.01.06-17.23.35:556][911]LogModuleManager: Shutting down and abandoning module CoreUObject (12)
[2019.01.06-17.23.35:556][911]LogModuleManager: Shutting down and abandoning module NetworkFile (10)
[2019.01.06-17.23.35:556][911]LogModuleManager: Shutting down and abandoning module CookedIterativeFile (8)
[2019.01.06-17.23.35:556][911]LogModuleManager: Shutting down and abandoning module StreamingFile (6)
[2019.01.06-17.23.35:556][911]LogModuleManager: Shutting down and abandoning module SandboxFile (4)
[2019.01.06-17.23.35:556][911]LogModuleManager: Shutting down and abandoning module PakFile (2)
[2019.01.06-17.23.35:558][911]LogExit: Exiting.
[2019.01.06-17.23.35:566][911]Log file closed, 01/06/19 22:23:35
